clang++ -std=c++14 -stdlib=libc++ -O3 -ferror-limit=2 -Weverything -Wno-c++98-compat -Wno-c++98-compat-pedantic -Wno-sign-conversion -Wno-exit-time-destructors -Wno-float-equal -Wno-global-constructors -Wno-missing-declarations -Wno-unused-parameter -Wno-padded -Wno-shadow -Wno-weak-vtables -Wno-missing-prototypes -Wno-unused-variable -ferror-limit=1 -Wno-deprecated -Wno-conversion -Wno-double-promotion -c src/direct_cuda_pattern.cc -o ./obj/direct_cuda_pattern.o -Iinclude -I/usr/local/cuda/include -I/usr/local/include -I/usr/include/c++/v1
nvcc src/cuda_pattern.cu -o ./obj/_cuda_pattern.o -Iinclude -I/usr/local/cuda/include -I/usr/local/include -I/usr/include/c++/v1 -m64 -dc -gencode arch=compute_70,code=sm_70 --relocatable-device-code true  -Xptxas -v
ptxas info    : 9754 bytes gmem
ptxas info    : Compiling entry function '_Z5ZaxpymddP7double2S0_' for 'sm_70'
ptxas info    : Function properties for _Z5ZaxpymddP7double2S0_
    0 bytes stack frame, 0 bytes spill stores, 0 bytes spill loads
ptxas info    : Used 30 registers, 392 bytes cmem[0]
ptxas info    : Function properties for cudaGetDevice
    0 bytes stack frame, 0 bytes spill stores, 0 bytes spill loads
ptxas info    : Compiling entry function '_Z5DasummP7double2Pd' for 'sm_70'
ptxas info    : Function properties for _Z5DasummP7double2Pd
    0 bytes stack frame, 0 bytes spill stores, 0 bytes spill loads
ptxas info    : Used 26 registers, 1024 bytes smem, 376 bytes cmem[0]
ptxas info    : Compiling entry function '_Z8sum_diagP7double2mdd' for 'sm_70'
ptxas info    : Function properties for _Z8sum_diagP7double2mdd
    0 bytes stack frame, 0 bytes spill stores, 0 bytes spill loads
ptxas info    : Used 10 registers, 384 bytes cmem[0]
ptxas info    : Compiling entry function '_Z5ZgemmP7double2S0_S0_md' for 'sm_70'
ptxas info    : Function properties for _Z5ZgemmP7double2S0_S0_md
    0 bytes stack frame, 0 bytes spill stores, 0 bytes spill loads
ptxas info    : Used 40 registers, 8704 bytes smem, 392 bytes cmem[0]
ptxas info    : Function properties for cudaFuncGetAttributes
    0 bytes stack frame, 0 bytes spill stores, 0 bytes spill loads
ptxas info    : Function properties for cudaOccupancyMaxActiveBlocksPerMultiprocessorWithFlags
    0 bytes stack frame, 0 bytes spill stores, 0 bytes spill loads
ptxas info    : Compiling entry function '_Z22extract_intensity_diffP7double2PdS1_mm' for 'sm_70'
ptxas info    : Function properties for _Z22extract_intensity_diffP7double2PdS1_mm
    0 bytes stack frame, 0 bytes spill stores, 0 bytes spill loads
ptxas info    : Used 24 registers, 392 bytes cmem[0], 8 bytes cmem[2]
ptxas info    : Compiling entry function '_Z9compose_aPdPmS_dP7double2m' for 'sm_70'
ptxas info    : Function properties for _Z9compose_aPdPmS_dP7double2m
    0 bytes stack frame, 0 bytes spill stores, 0 bytes spill loads
ptxas info    : Used 30 registers, 400 bytes cmem[0]
ptxas info    : Function properties for cudaOccupancyMaxActiveBlocksPerMultiprocessor
    0 bytes stack frame, 0 bytes spill stores, 0 bytes spill loads
ptxas info    : Compiling entry function '_Z5ZscalmdP7double2' for 'sm_70'
ptxas info    : Function properties for _Z5ZscalmdP7double2
    0 bytes stack frame, 0 bytes spill stores, 0 bytes spill loads
ptxas info    : Used 27 registers, 376 bytes cmem[0]
ptxas info    : Function properties for cudaMalloc
    0 bytes stack frame, 0 bytes spill stores, 0 bytes spill loads
ptxas info    : Compiling entry function '_Z38make_individual_pattern_intensity_diffPdS_PmS_dS0_S_S_mP7double2mm' for 'sm_70'
ptxas info    : Function properties for _Z38make_individual_pattern_intensity_diffPdS_PmS_dS0_S_S_mP7double2mm
    24 bytes stack frame, 0 bytes spill stores, 0 bytes spill loads
ptxas info    : Used 72 registers, 448 bytes cmem[0], 104 bytes cmem[2]
ptxas info    : Compiling entry function '_Z5ZcopymP7double2S0_' for 'sm_70'
ptxas info    : Function properties for _Z5ZcopymP7double2S0_
    0 bytes stack frame, 0 bytes spill stores, 0 bytes spill loads
ptxas info    : Used 28 registers, 376 bytes cmem[0]
ptxas info    : Function properties for cudaDeviceGetAttribute
    0 bytes stack frame, 0 bytes spill stores, 0 bytes spill loads
ptxas info    : Compiling entry function '_Z6Dznrm2mP7double2Pd' for 'sm_70'
ptxas info    : Function properties for _Z6Dznrm2mP7double2Pd
    0 bytes stack frame, 0 bytes spill stores, 0 bytes spill loads
ptxas info    : Used 28 registers, 1024 bytes smem, 376 bytes cmem[0]
ptxas info    : Compiling entry function '_Z34extract_intensity_diff_with_offsetP7double2PdS1_S1_mmdd' for 'sm_70'
ptxas info    : Function properties for _Z34extract_intensity_diff_with_offsetP7double2PdS1_S1_mmdd
    0 bytes stack frame, 0 bytes spill stores, 0 bytes spill loads
ptxas info    : Used 24 registers, 416 bytes cmem[0], 8 bytes cmem[2]
nvcc -dlink ./obj/_cuda_pattern.o -arch=sm_70 -o ./obj/cuda_pattern.o -m64 -lcudadevrt -L/usr/local/cuda/lib64  -rdc=true -Xptxas -v
clang++ -o ./bin/direct_cuda_pattern ./obj/_cuda_pattern.o ./obj/direct_cuda_pattern.o ./obj/cuda_pattern.o  -lcudadevrt -lcublas -lcudart -m64 -L/usr/local/cuda/lib64  -lc++ -lc++abi -O3 -pthread
r : 0
r : 0
r : 0
r : 0
r : 0
r : 0
r : 0
r : 0
r : 0
r : 0
r : 0
r : 0
r : 0
r : 0
r : 0
r : 0
r : 0
r : 0
r : 0
r : 0
Initial Ugs:

0    0.15736   0

2    0.000395632   -4.2553e-09

4    0.000395632   4.2553e-09

6    0.0552805   -4.93373e-09

8    0.0552805   4.93373e-09

10    0.000395632   -4.2553e-09

12    0.042788   0

14    0.000395632   4.2553e-09

16    0.042788   0

18    -0.00109974   1.61334e-10

20    -0.00109974   -1.61334e-10

22    0.042788   3.82615e-09

24    0.042788   -3.82615e-09

26    -0.00109974   4.79724e-11

28    -0.00109974   -4.79724e-11

30    -0.00109974   1.61334e-10

32    -0.00109974   -1.61334e-10

34    -0.00109974   -4.79724e-11

36    -0.00109974   4.79724e-11

38    0.0552805   -4.93373e-09

40    0.0552805   4.93373e-09
	begin step size looping index 0 and step size 3.14159
direction is 
38.419742303119619464	
48.873128122295383946	
-0.17687085573925287463	
0.028733602164265903411	
-0.17687089126638966263	
0.02872983628776637488	
-0.0030398439321288606152	
0.068078236381552414969	
-0.0030398439321288606152	
0.068078165327278838959	
-0.15590693180911330273	
0.029453701699821976945	
-6.268388332841823285	
0.92630131121040903963	
-0.15590707391766045475	
0.029450362148963904474	
-6.268388332841823285	
0.92630131121040903963	
0.0019663559669425012544	
0.0014192380604072241113	
0.0019663914940792892594	
0.0014191314789968600962	
-6.1828124842122633709	
0.92630067172194685554	
-6.1828123065765794308	
0.92630173753605049569	
-0.000233200125876464881	
0.0014191314789968600962	
-0.00023323565301325288601	
0.0014191314789968600962	
-0.00023327118015004089102	
0.0014191314789968600962	
-0.000233200125876464881	
0.0014191314789968600962	
-0.00023327118015004089102	
0.0014191314789968600962	
-0.000233200125876464881	
0.0014191314789968600962	
0.10752177814765673247	
0.068064309743931517005	
0.10752177814765673247	
0.068064309743931517005	
-0.10089493684972694609	

current_solution is 
0.15735999999999999988	
0	
0.00039563199999999998238	
-4.2552999999999970824e-09	
0.00039563199999999998238	
4.2552999999999970824e-09	
0.055280500000000003247	
-4.933729999999996362e-09	
0.055280500000000003247	
4.933729999999996362e-09	
0.00039563199999999998238	
-4.2552999999999970824e-09	
0.042787999999999999645	
0	
0.00039563199999999998238	
4.2552999999999970824e-09	
0.042787999999999999645	
0	
-0.0010997400000000000925	
1.6133400000000448061e-10	
-0.0010997400000000000925	
-1.6133400000000448061e-10	
0.042787999999999999645	
3.826149999999998828e-09	
0.042787999999999999645	
-3.826149999999998828e-09	
-0.0010997400000000000925	
4.7972399999999307964e-11	
-0.0010997400000000000925	
-4.7972399999999307964e-11	
-0.0010997400000000000925	
1.6133400000000448061e-10	
-0.0010997400000000000925	
-1.6133400000000448061e-10	
-0.0010997400000000000925	
-4.7972399999999307964e-11	
-0.0010997400000000000925	
4.7972399999999307964e-11	
0.055280500000000003247	
-4.933729999999996362e-09	
0.055280500000000003247	
4.933729999999996362e-09	
10	

trial_solution is 
120.8565401722935917	
153.53946026695589921	
-0.55526054902457688822	
0.090269269215129538386	
-0.55526066063636880799	
0.090257446875784297369	
0.045730548634764466021	
0.21387408235190444317	
0.045730548634764466021	
0.21387386899578059163	
-0.48940043961523521654	
0.092531528625885928196	
-19.649934736303841021	
2.9100613943092135116	
-0.4894008860624029511	
0.092521045628043918629	
-19.649934736303841021	
2.9100613943092135116	
0.0050777494600890158219	
0.0044586680256043622131	
0.0050778610718809520652	
0.0044583328675605535252	
-19.381090278924503423	
2.9100593891231087973	
-19.381089720865542603	
2.9100627298245669294	
-0.0018323598022697172236	
0.0044583330768669538618	
-0.0018324714140616534669	
0.0044583329809221531465	
-0.0018325830258535897102	
0.0044583331902285534831	
-0.0018323598022697172236	
0.0044583328675605535252	
-0.0018325830258535897102	
0.0044583329809221531465	
-0.0018323598022697172236	
0.0044583330768669538618	
0.39307012832958992954	
0.21383033052946542885	
0.39307012832958992954	
0.21383034039692544459	
9.6830292076084916175	

	new residual evaluated as 2.3622328726418472174e+71
	step index 0 to 1.941611038725466587 from 16.354135598999835821 to 2.3622328726418472174e+71
	begin step size looping index 1 and step size 1.941611038725466587
direction is 
38.419742303119619464	
48.873128122295383946	
-0.17687085573925287463	
0.028733602164265903411	
-0.17687089126638966263	
0.02872983628776637488	
-0.0030398439321288606152	
0.068078236381552414969	
-0.0030398439321288606152	
0.068078165327278838959	
-0.15590693180911330273	
0.029453701699821976945	
-6.268388332841823285	
0.92630131121040903963	
-0.15590707391766045475	
0.029450362148963904474	
-6.268388332841823285	
0.92630131121040903963	
0.0019663559669425012544	
0.0014192380604072241113	
0.0019663914940792892594	
0.0014191314789968600962	
-6.1828124842122633709	
0.92630067172194685554	
-6.1828123065765794308	
0.92630173753605049569	
-0.000233200125876464881	
0.0014191314789968600962	
-0.00023323565301325288601	
0.0014191314789968600962	
-0.00023327118015004089102	
0.0014191314789968600962	
-0.000233200125876464881	
0.0014191314789968600962	
-0.00023327118015004089102	
0.0014191314789968600962	
-0.000233200125876464881	
0.0014191314789968600962	
0.10752177814765673247	
0.068064309743931517005	
0.10752177814765673247	
0.068064309743931517005	
-0.10089493684972694609	

current_solution is 
0.15735999999999999988	
0	
0.00039563199999999998238	
-4.2552999999999970824e-09	
0.00039563199999999998238	
4.2552999999999970824e-09	
0.055280500000000003247	
-4.933729999999996362e-09	
0.055280500000000003247	
4.933729999999996362e-09	
0.00039563199999999998238	
-4.2552999999999970824e-09	
0.042787999999999999645	
0	
0.00039563199999999998238	
4.2552999999999970824e-09	
0.042787999999999999645	
0	
-0.0010997400000000000925	
1.6133400000000448061e-10	
-0.0010997400000000000925	
-1.6133400000000448061e-10	
0.042787999999999999645	
3.826149999999998828e-09	
0.042787999999999999645	
-3.826149999999998828e-09	
-0.0010997400000000000925	
4.7972399999999307964e-11	
-0.0010997400000000000925	
-4.7972399999999307964e-11	
-0.0010997400000000000925	
1.6133400000000448061e-10	
-0.0010997400000000000925	
-1.6133400000000448061e-10	
-0.0010997400000000000925	
-4.7972399999999307964e-11	
-0.0010997400000000000925	
4.7972399999999307964e-11	
0.055280500000000003247	
-4.933729999999996362e-09	
0.055280500000000003247	
4.933729999999996362e-09	
10	

trial_solution is 
74.753555760724836432	
94.892605059292748138	
-0.34301877393215296497	
0.055789474889184634265	
-0.34301884291203388333	
0.055782171532402675951	
0.049378305465375978145	
0.13218145032165382058	
0.049378305465375978145	
0.13218132222935191633	
-0.30231498781439297696	
0.057187628096401391109	
-12.127983982063607726	
1.7985168510320039825	
-0.30231526373391681695	
0.057181152498190973565	
-12.127983982063607726	
1.7985168510320039825	
0.002718158451479248984	
0.0027556084459999870447	
0.0027182274313602107149	
0.0027554011836891010266	
-11.961828969716155058	
1.7985156132202966273	
-11.961828624816750022	
1.7985176749644253835	
-0.0015525239386339126629	
0.0027554013929955009296	
-0.0015525929185148746106	
0.0027554012970507010816	
-0.0015526618983958363415	
0.0027554015063571009846	
-0.0015525239386339126629	
0.0027554011836891010266	
-0.0015526618983958363415	
0.0027554012970507010816	
-0.0015525239386339126629	
0.0027554013929955009296	
0.26404597135488094839	
0.13215441020831675267	
0.26404597135488094839	
0.13215442007577676842	
9.8041012768610613648	

	new residual evaluated as 3.3295284403623226939e+45
	step index 1 to 1.199981614864326751 from 16.354135598999835821 to 3.3295284403623226939e+45
	begin step size looping index 2 and step size 1.199981614864326751
direction is 
38.419742303119619464	
48.873128122295383946	
-0.17687085573925287463	
0.028733602164265903411	
-0.17687089126638966263	
0.02872983628776637488	
-0.0030398439321288606152	
0.068078236381552414969	
-0.0030398439321288606152	
0.068078165327278838959	
-0.15590693180911330273	
0.029453701699821976945	
-6.268388332841823285	
0.92630131121040903963	
-0.15590707391766045475	
0.029450362148963904474	
-6.268388332841823285	
0.92630131121040903963	
0.0019663559669425012544	
0.0014192380604072241113	
0.0019663914940792892594	
0.0014191314789968600962	
-6.1828124842122633709	
0.92630067172194685554	
-6.1828123065765794308	
0.92630173753605049569	
-0.000233200125876464881	
0.0014191314789968600962	
-0.00023323565301325288601	
0.0014191314789968600962	
-0.00023327118015004089102	
0.0014191314789968600962	
-0.000233200125876464881	
0.0014191314789968600962	
-0.00023327118015004089102	
0.0014191314789968600962	
-0.000233200125876464881	
0.0014191314789968600962	
0.10752177814765673247	
0.068064309743931517005	
0.10752177814765673247	
0.068064309743931517005	
-0.10089493684972694609	

current_solution is 
0.15735999999999999988	
0	
0.00039563199999999998238	
-4.2552999999999970824e-09	
0.00039563199999999998238	
4.2552999999999970824e-09	
0.055280500000000003247	
-4.933729999999996362e-09	
0.055280500000000003247	
4.933729999999996362e-09	
0.00039563199999999998238	
-4.2552999999999970824e-09	
0.042787999999999999645	
0	
0.00039563199999999998238	
4.2552999999999970824e-09	
0.042787999999999999645	
0	
-0.0010997400000000000925	
1.6133400000000448061e-10	
-0.0010997400000000000925	
-1.6133400000000448061e-10	
0.042787999999999999645	
3.826149999999998828e-09	
0.042787999999999999645	
-3.826149999999998828e-09	
-0.0010997400000000000925	
4.7972399999999307964e-11	
-0.0010997400000000000925	
-4.7972399999999307964e-11	
-0.0010997400000000000925	
1.6133400000000448061e-10	
-0.0010997400000000000925	
-1.6133400000000448061e-10	
-0.0010997400000000000925	
-4.7972399999999307964e-11	
-0.0010997400000000000925	
4.7972399999999307964e-11	
0.055280500000000003247	
-4.933729999999996362e-09	
0.055280500000000003247	
4.933729999999996362e-09	
10	

trial_solution is 
46.260344411568766532	
58.646855207663158183	
-0.21184614309242402741	
0.034479790070644909805	
-0.21184618572433500105	
0.034475279598681629611	
0.051632743169388491122	
0.081692627096520628593	
0.051632743169388491122	
0.081692551700158669292	
-0.18668981980084223271	
0.035343896274184542772	
-7.4791627542402361328	
1.1115445432772099732	
-0.18668999032848615505	
0.035339897385152953257	
-7.4791627542402361328	
1.1115445432772099732	
0.0012598510086097671791	
0.0017030597409383755811	
0.0012598936405207416915	
0.0017029315225374525196	
-7.3764733092083520916	
1.1115437797289624555	
-7.3764730960487971956	
1.1115450510339914825	
-0.0013795758636358046532	
0.0017029317318438524226	
-0.0013796184955467789487	
0.0017029316358990525745	
-0.0013796611274577534612	
0.0017029318452054524775	
-0.0013795758636358046532	
0.0017029315225374525196	
-0.0013796611274577534612	
0.0017029316358990525745	
-0.0013795758636358046532	
0.0017029317318438524226	
0.18430465697470901909	
0.081675915387418682179	
0.18430465697470901909	
0.081675925254878670168	
9.8789279307474302527	

	new residual evaluated as 1.0878474147675364351e+29
	step index 2 to 0.74162942386114005799 from 16.354135598999835821 to 1.0878474147675364351e+29
	begin step size looping index 3 and step size 0.74162942386114005799
direction is 
38.419742303119619464	
48.873128122295383946	
-0.17687085573925287463	
0.028733602164265903411	
-0.17687089126638966263	
0.02872983628776637488	
-0.0030398439321288606152	
0.068078236381552414969	
-0.0030398439321288606152	
0.068078165327278838959	
-0.15590693180911330273	
0.029453701699821976945	
-6.268388332841823285	
0.92630131121040903963	
-0.15590707391766045475	
0.029450362148963904474	
-6.268388332841823285	
0.92630131121040903963	
0.0019663559669425012544	
0.0014192380604072241113	
0.0019663914940792892594	
0.0014191314789968600962	
-6.1828124842122633709	
0.92630067172194685554	
-6.1828123065765794308	
0.92630173753605049569	
-0.000233200125876464881	
0.0014191314789968600962	
-0.00023323565301325288601	
0.0014191314789968600962	
-0.00023327118015004089102	
0.0014191314789968600962	
-0.000233200125876464881	
0.0014191314789968600962	
-0.00023327118015004089102	
0.0014191314789968600962	
-0.000233200125876464881	
0.0014191314789968600962	
0.10752177814765673247	
0.068064309743931517005	
0.10752177814765673247	
0.068064309743931517005	
-0.10089493684972694609	

current_solution is 
0.15735999999999999988	
0	
0.00039563199999999998238	
-4.2552999999999970824e-09	
0.00039563199999999998238	
4.2552999999999970824e-09	
0.055280500000000003247	
-4.933729999999996362e-09	
0.055280500000000003247	
4.933729999999996362e-09	
0.00039563199999999998238	
-4.2552999999999970824e-09	
0.042787999999999999645	
0	
0.00039563199999999998238	
4.2552999999999970824e-09	
0.042787999999999999645	
0	
-0.0010997400000000000925	
1.6133400000000448061e-10	
-0.0010997400000000000925	
-1.6133400000000448061e-10	
0.042787999999999999645	
3.826149999999998828e-09	
0.042787999999999999645	
-3.826149999999998828e-09	
-0.0010997400000000000925	
4.7972399999999307964e-11	
-0.0010997400000000000925	
-4.7972399999999307964e-11	
-0.0010997400000000000925	
1.6133400000000448061e-10	
-0.0010997400000000000925	
-1.6133400000000448061e-10	
-0.0010997400000000000925	
-4.7972399999999307964e-11	
-0.0010997400000000000925	
4.7972399999999307964e-11	
0.055280500000000003247	
-4.933729999999996362e-09	
0.055280500000000003247	
4.933729999999996362e-09	
10	

trial_solution is 
28.650571349156074064	
36.245749851629604166	
-0.13077699883972893069	
0.021309680563239726675	
-0.13077702518769890316	
0.021306896189021051063	
0.053026062295987497208	
0.050488818291403218808	
0.053026062295987497208	
0.050488775462923247972	
-0.11522953601355073738	
0.021843727566916854022	
-4.6060332278233735437	
0.68697230775479423137	
-0.11522964140543069667	
0.021841259368338028501	
-4.6060332278233735437	
0.68697230775479423137	
0.00035856744286948214612	
0.0010525488663956114425	
0.00035859379083946958146	
0.0010524694998176489617	
-4.5425676605078049164	
0.68697183731748445723	
-4.5425675287679556646	
0.68697262010428417067	
-0.0012726880749981081022	
0.0010524697091240488647	
-0.0012727144229680955375	
0.0010524696131792490167	
-0.0012727407709380831897	
0.0010524698224856489197	
-0.0012726880749981081022	
0.0010524694998176489617	
-0.0012727407709380831897	
0.0010524696131792490167	
-0.0012726880749981081022	
0.0010524697091240488647	
0.135021814380171995	
0.050478489887168111194	
0.135021814380171995	
0.050478499754628113061	
9.9251733461136311121	

	new residual evaluated as 11941101519689082880
	step index 3 to 0.45835219100318685959 from 16.354135598999835821 to 11941101519689082880
	begin step size looping index 4 and step size 0.45835219100318685959
direction is 
38.419742303119619464	
48.873128122295383946	
-0.17687085573925287463	
0.028733602164265903411	
-0.17687089126638966263	
0.02872983628776637488	
-0.0030398439321288606152	
0.068078236381552414969	
-0.0030398439321288606152	
0.068078165327278838959	
-0.15590693180911330273	
0.029453701699821976945	
-6.268388332841823285	
0.92630131121040903963	
-0.15590707391766045475	
0.029450362148963904474	
-6.268388332841823285	
0.92630131121040903963	
0.0019663559669425012544	
0.0014192380604072241113	
0.0019663914940792892594	
0.0014191314789968600962	
-6.1828124842122633709	
0.92630067172194685554	
-6.1828123065765794308	
0.92630173753605049569	
-0.000233200125876464881	
0.0014191314789968600962	
-0.00023323565301325288601	
0.0014191314789968600962	
-0.00023327118015004089102	
0.0014191314789968600962	
-0.000233200125876464881	
0.0014191314789968600962	
-0.00023327118015004089102	
0.0014191314789968600962	
-0.000233200125876464881	
0.0014191314789968600962	
0.10752177814765673247	
0.068064309743931517005	
0.10752177814765673247	
0.068064309743931517005	
-0.10089493684972694609	

current_solution is 
0.15735999999999999988	
0	
0.00039563199999999998238	
-4.2552999999999970824e-09	
0.00039563199999999998238	
4.2552999999999970824e-09	
0.055280500000000003247	
-4.933729999999996362e-09	
0.055280500000000003247	
4.933729999999996362e-09	
0.00039563199999999998238	
-4.2552999999999970824e-09	
0.042787999999999999645	
0	
0.00039563199999999998238	
4.2552999999999970824e-09	
0.042787999999999999645	
0	
-0.0010997400000000000925	
1.6133400000000448061e-10	
-0.0010997400000000000925	
-1.6133400000000448061e-10	
0.042787999999999999645	
3.826149999999998828e-09	
0.042787999999999999645	
-3.826149999999998828e-09	
-0.0010997400000000000925	
4.7972399999999307964e-11	
-0.0010997400000000000925	
-4.7972399999999307964e-11	
-0.0010997400000000000925	
1.6133400000000448061e-10	
-0.0010997400000000000925	
-1.6133400000000448061e-10	
-0.0010997400000000000925	
-4.7972399999999307964e-11	
-0.0010997400000000000925	
4.7972399999999307964e-11	
0.055280500000000003247	
-4.933729999999996362e-09	
0.055280500000000003247	
4.933729999999996362e-09	
10	

trial_solution is 
17.767133062412703737	
22.40110535603355757	
-0.080673512252695131486	
0.013170105252105188814	
-0.08067352853663611878	
0.013168387664960581537	
0.053887180873400997161	
0.031203803871387415791	
0.053887180873400997161	
0.03120378117096544307	
-0.071064651787291516216	
0.0135001644519676927	
-2.8303415264168636511	
0.42457223552241585285	
-0.071064716923055465392	
0.013498642272114927745	
-2.8303415264168636511	
0.42457223552241585285	
-0.00019845643425971451739	
0.00065051103587676444278	
-0.00019844015031872776558	
0.00065046186138580390414	
-2.7911176487005477931	
0.42457194623762806174	
-2.791117567280843037	
0.42457242710355769244	
-0.0012066277886376966435	
0.00065046207069220391556	
-0.0012066440725786835037	
0.00065046197474740385068	
-0.0012066603565196703639	
0.00065046218405380386209	
-0.0012066277886376966435	
0.00065046186138580390414	
-0.0012066603565196703639	
0.00065046197474740385068	
-0.0012066277886376966435	
0.00065046207069220391556	
0.10456334259453704816	
0.031197420566520570051	
0.10456334259453704816	
0.031197430433980571918	
9.9537545846337991406	

	new residual evaluated as 2647256591310.4794922
	step index 4 to 0.28327723285795325392 from 16.354135598999835821 to 2647256591310.4794922
	begin step size looping index 5 and step size 0.28327723285795325392
direction is 
38.419742303119619464	
48.873128122295383946	
-0.17687085573925287463	
0.028733602164265903411	
-0.17687089126638966263	
0.02872983628776637488	
-0.0030398439321288606152	
0.068078236381552414969	
-0.0030398439321288606152	
0.068078165327278838959	
-0.15590693180911330273	
0.029453701699821976945	
-6.268388332841823285	
0.92630131121040903963	
-0.15590707391766045475	
0.029450362148963904474	
-6.268388332841823285	
0.92630131121040903963	
0.0019663559669425012544	
0.0014192380604072241113	
0.0019663914940792892594	
0.0014191314789968600962	
-6.1828124842122633709	
0.92630067172194685554	
-6.1828123065765794308	
0.92630173753605049569	
-0.000233200125876464881	
0.0014191314789968600962	
-0.00023323565301325288601	
0.0014191314789968600962	
-0.00023327118015004089102	
0.0014191314789968600962	
-0.000233200125876464881	
0.0014191314789968600962	
-0.00023327118015004089102	
0.0014191314789968600962	
-0.000233200125876464881	
0.0014191314789968600962	
0.10752177814765673247	
0.068064309743931517005	
0.10752177814765673247	
0.068064309743931517005	
-0.10089493684972694609	

current_solution is 
0.15735999999999999988	
0	
0.00039563199999999998238	
-4.2552999999999970824e-09	
0.00039563199999999998238	
4.2552999999999970824e-09	
0.055280500000000003247	
-4.933729999999996362e-09	
0.055280500000000003247	
4.933729999999996362e-09	
0.00039563199999999998238	
-4.2552999999999970824e-09	
0.042787999999999999645	
0	
0.00039563199999999998238	
4.2552999999999970824e-09	
0.042787999999999999645	
0	
-0.0010997400000000000925	
1.6133400000000448061e-10	
-0.0010997400000000000925	
-1.6133400000000448061e-10	
0.042787999999999999645	
3.826149999999998828e-09	
0.042787999999999999645	
-3.826149999999998828e-09	
-0.0010997400000000000925	
4.7972399999999307964e-11	
-0.0010997400000000000925	
-4.7972399999999307964e-11	
-0.0010997400000000000925	
1.6133400000000448061e-10	
-0.0010997400000000000925	
-1.6133400000000448061e-10	
-0.0010997400000000000925	
-4.7972399999999307964e-11	
-0.0010997400000000000925	
4.7972399999999307964e-11	
0.055280500000000003247	
-4.933729999999996362e-09	
0.055280500000000003247	
4.933729999999996362e-09	
10	

trial_solution is 
11.04079828674337449	
13.844644495596053702	
-0.049707854587033792337	
0.0081395710558345418101	
-0.049707864651062798333	
0.0081385127793604707808	
0.054419381422586496355	
0.019285009486285809022	
0.054419381422586496355	
0.019284999225687809304	
-0.043769252226259228178	
0.0083435588596491635366	
-1.7329037014065105105	
0.26240007223237848955	
-0.043769292482375231346	
0.008342621351523100276	
-1.7329037014065105105	
0.26240007223237848955	
-0.00054271612287080332054	
0.00040203799185284714137	
-0.00054270605884180263701	
0.00040200747709784513282	
-1.7086620118072577412	
0.26239989490600645894	
-1.7086619614871128014	
0.2624001891745764703	
-0.0011658002863604113343	
0.00040200768640424509003	
-0.0011658103503894121263	
0.00040200759045944513357	
-0.0011658204144184127014	
0.00040200779976584509077	
-0.0011658002863604113343	
0.00040200747709784513282	
-0.0011658204144184127014	
0.00040200759045944513357	
-0.0011658002863604113343	
0.00040200768640424509003	
0.085738971785634943146	
0.019281064386917543679	
0.085738971785634943146	
0.019281074254377545546	
9.9714187614798319714	

	new residual evaluated as 133010438.32292248309
	step index 5 to 0.17507495814523363342 from 16.354135598999835821 to 133010438.32292248309
	begin step size looping index 6 and step size 0.17507495814523363342
direction is 
38.419742303119619464	
48.873128122295383946	
-0.17687085573925287463	
0.028733602164265903411	
-0.17687089126638966263	
0.02872983628776637488	
-0.0030398439321288606152	
0.068078236381552414969	
-0.0030398439321288606152	
0.068078165327278838959	
-0.15590693180911330273	
0.029453701699821976945	
-6.268388332841823285	
0.92630131121040903963	
-0.15590707391766045475	
0.029450362148963904474	
-6.268388332841823285	
0.92630131121040903963	
0.0019663559669425012544	
0.0014192380604072241113	
0.0019663914940792892594	
0.0014191314789968600962	
-6.1828124842122633709	
0.92630067172194685554	
-6.1828123065765794308	
0.92630173753605049569	
-0.000233200125876464881	
0.0014191314789968600962	
-0.00023323565301325288601	
0.0014191314789968600962	
-0.00023327118015004089102	
0.0014191314789968600962	
-0.000233200125876464881	
0.0014191314789968600962	
-0.00023327118015004089102	
0.0014191314789968600962	
-0.000233200125876464881	
0.0014191314789968600962	
0.10752177814765673247	
0.068064309743931517005	
0.10752177814765673247	
0.068064309743931517005	
-0.10089493684972694609	

current_solution is 
0.15735999999999999988	
0	
0.00039563199999999998238	
-4.2552999999999970824e-09	
0.00039563199999999998238	
4.2552999999999970824e-09	
0.055280500000000003247	
-4.933729999999996362e-09	
0.055280500000000003247	
4.933729999999996362e-09	
0.00039563199999999998238	
-4.2552999999999970824e-09	
0.042787999999999999645	
0	
0.00039563199999999998238	
4.2552999999999970824e-09	
0.042787999999999999645	
0	
-0.0010997400000000000925	
1.6133400000000448061e-10	
-0.0010997400000000000925	
-1.6133400000000448061e-10	
0.042787999999999999645	
3.826149999999998828e-09	
0.042787999999999999645	
-3.826149999999998828e-09	
-0.0010997400000000000925	
4.7972399999999307964e-11	
-0.0010997400000000000925	
-4.7972399999999307964e-11	
-0.0010997400000000000925	
1.6133400000000448061e-10	
-0.0010997400000000000925	
-1.6133400000000448061e-10	
-0.0010997400000000000925	
-4.7972399999999307964e-11	
-0.0010997400000000000925	
4.7972399999999307964e-11	
0.055280500000000003247	
-4.933729999999996362e-09	
0.055280500000000003247	
4.933729999999996362e-09	
10	

trial_solution is 
6.8836947756693289691	
8.5564608604375056444	
-0.030570025665661353098	
0.0050305299409706474845	
-0.030570031885573337865	
0.0050298791409001128785	
0.054748299450814497114	
0.011918789451371611041	
0.054748299450814497114	
0.011918786879007638169	
-0.026899767561032305457	
0.0051566013370185287759	
-1.0546498250103530925	
0.16217216329003739106	
-0.026899792440680251465	
0.005156025175891828724	
-1.0546498250103530925	
0.16217216329003739106	
-0.00075548031138891128932	
0.00024847320535791728039	
-0.00075547409147692511262	
0.00024845422295395879235	
-1.0396676368932900036	
0.16217205515777166625	
-1.0396676057937299653	
0.16217223410283121421	
-0.0011405675022772854017	
0.00024845443226035874955	
-0.0011405737221892716868	
0.00024845433631555879309	
-0.0011405799421012577551	
0.00024845454562195875029	
-0.0011405675022772854017	
0.00024845422295395879235	
-0.0011405799421012577551	
0.00024845433631555879309	
-0.0011405675022772854017	
0.00024845443226035874955	
0.07410487080890210132	
0.011916351245873028908	
0.07410487080890210132	
0.011916361113333027305	
9.9823358231539689456	

	new residual evaluated as 473522.21871403628029
	step index 6 to 0.10820227471271964825 from 16.354135598999835821 to 473522.21871403628029
	begin step size looping index 7 and step size 0.10820227471271964825
direction is 
38.419742303119619464	
48.873128122295383946	
-0.17687085573925287463	
0.028733602164265903411	
-0.17687089126638966263	
0.02872983628776637488	
-0.0030398439321288606152	
0.068078236381552414969	
-0.0030398439321288606152	
0.068078165327278838959	
-0.15590693180911330273	
0.029453701699821976945	
-6.268388332841823285	
0.92630131121040903963	
-0.15590707391766045475	
0.029450362148963904474	
-6.268388332841823285	
0.92630131121040903963	
0.0019663559669425012544	
0.0014192380604072241113	
0.0019663914940792892594	
0.0014191314789968600962	
-6.1828124842122633709	
0.92630067172194685554	
-6.1828123065765794308	
0.92630173753605049569	
-0.000233200125876464881	
0.0014191314789968600962	
-0.00023323565301325288601	
0.0014191314789968600962	
-0.00023327118015004089102	
0.0014191314789968600962	
-0.000233200125876464881	
0.0014191314789968600962	
-0.00023327118015004089102	
0.0014191314789968600962	
-0.000233200125876464881	
0.0014191314789968600962	
0.10752177814765673247	
0.068064309743931517005	
0.10752177814765673247	
0.068064309743931517005	
-0.10089493684972694609	

current_solution is 
0.15735999999999999988	
0	
0.00039563199999999998238	
-4.2552999999999970824e-09	
0.00039563199999999998238	
4.2552999999999970824e-09	
0.055280500000000003247	
-4.933729999999996362e-09	
0.055280500000000003247	
4.933729999999996362e-09	
0.00039563199999999998238	
-4.2552999999999970824e-09	
0.042787999999999999645	
0	
0.00039563199999999998238	
4.2552999999999970824e-09	
0.042787999999999999645	
0	
-0.0010997400000000000925	
1.6133400000000448061e-10	
-0.0010997400000000000925	
-1.6133400000000448061e-10	
0.042787999999999999645	
3.826149999999998828e-09	
0.042787999999999999645	
-3.826149999999998828e-09	
-0.0010997400000000000925	
4.7972399999999307964e-11	
-0.0010997400000000000925	
-4.7972399999999307964e-11	
-0.0010997400000000000925	
1.6133400000000448061e-10	
-0.0010997400000000000925	
-1.6133400000000448061e-10	
-0.0010997400000000000925	
-4.7972399999999307964e-11	
-0.0010997400000000000925	
4.7972399999999307964e-11	
0.055280500000000003247	
-4.933729999999996362e-09	
0.055280500000000003247	
4.933729999999996362e-09	
10	

trial_solution is 
4.3144635110740452433	
5.2881836351585489453	
-0.01874219692137244625	
0.0031090368595638952394	
-0.01874220076548946054	
0.0031086378937603587232	
0.054951581971772002488	
0.0073662151011841996498	
0.054951581971772002488	
0.0073662172804101703344	
-0.016473852665226926262	
0.0031869532673306352408	
-0.6354658763961575918	
0.10022790894234109849	
-0.016473868041694983422	
0.0031866004309312728066	
-0.6354658763961575918	
0.10022790894234109849	
-0.0008869758114818921237	
0.00015356494782892986706	
-0.00088697196736487761686	
0.00015355309280988638861	
-0.62620637491396791141	
0.10022784357438482838	
-0.62620635569338278792	
0.10022795124559527591	
-0.001124972784083126242	
0.00015355330211628640002	
-0.0011249766282001405319	
0.00015355320617148638935	
-0.0011249804723171550388	
0.00015355341547788640077	
-0.001124972784083126242	
0.00015355309280988638861	
-0.0011249804723171550388	
0.00015355320617148638935	
-0.001124972784083126242	
0.00015355330211628640002	
0.066914600976732852011	
0.0073647082073145190423	
0.066914600976732852011	
0.0073647180747745191742	
9.9890829383258630259	

	new residual evaluated as 11115.283016640443748
	step index 7 to 0.066872683432514012924 from 16.354135598999835821 to 11115.283016640443748
	begin step size looping index 8 and step size 0.066872683432514012924
direction is 
38.419742303119619464	
48.873128122295383946	
-0.17687085573925287463	
0.028733602164265903411	
-0.17687089126638966263	
0.02872983628776637488	
-0.0030398439321288606152	
0.068078236381552414969	
-0.0030398439321288606152	
0.068078165327278838959	
-0.15590693180911330273	
0.029453701699821976945	
-6.268388332841823285	
0.92630131121040903963	
-0.15590707391766045475	
0.029450362148963904474	
-6.268388332841823285	
0.92630131121040903963	
0.0019663559669425012544	
0.0014192380604072241113	
0.0019663914940792892594	
0.0014191314789968600962	
-6.1828124842122633709	
0.92630067172194685554	
-6.1828123065765794308	
0.92630173753605049569	
-0.000233200125876464881	
0.0014191314789968600962	
-0.00023323565301325288601	
0.0014191314789968600962	
-0.00023327118015004089102	
0.0014191314789968600962	
-0.000233200125876464881	
0.0014191314789968600962	
-0.00023327118015004089102	
0.0014191314789968600962	
-0.000233200125876464881	
0.0014191314789968600962	
0.10752177814765673247	
0.068064309743931517005	
0.10752177814765673247	
0.068064309743931517005	
-0.10089493684972694609	

current_solution is 
0.15735999999999999988	
0	
0.00039563199999999998238	
-4.2552999999999970824e-09	
0.00039563199999999998238	
4.2552999999999970824e-09	
0.055280500000000003247	
-4.933729999999996362e-09	
0.055280500000000003247	
4.933729999999996362e-09	
0.00039563199999999998238	
-4.2552999999999970824e-09	
0.042787999999999999645	
0	
0.00039563199999999998238	
4.2552999999999970824e-09	
0.042787999999999999645	
0	
-0.0010997400000000000925	
1.6133400000000448061e-10	
-0.0010997400000000000925	
-1.6133400000000448061e-10	
0.042787999999999999645	
3.826149999999998828e-09	
0.042787999999999999645	
-3.826149999999998828e-09	
-0.0010997400000000000925	
4.7972399999999307964e-11	
-0.0010997400000000000925	
-4.7972399999999307964e-11	
-0.0010997400000000000925	
1.6133400000000448061e-10	
-0.0010997400000000000925	
-1.6133400000000448061e-10	
-0.0010997400000000000925	
-4.7972399999999307964e-11	
-0.0010997400000000000925	
4.7972399999999307964e-11	
0.055280500000000003247	
-4.933729999999996362e-09	
0.055280500000000003247	
4.933729999999996362e-09	
10	

trial_solution is 
2.7265912645952852245	
3.2682772252789571432	
-0.011432196744288912124	
0.0019214888261067533757	
-0.011432199120083884336	
0.0019212455024397543258	
0.055077217479042497872	
0.0045525694164574130596	
0.055077217479042497872	
0.004552574532327469635	
-0.010030282895805382737	
0.0019696438143878948826	
-0.37639594861419556349	
0.061944254347696327268	
-0.01003029239898526985	
0.0019694290002605563047	
-0.37639594861419556349	
0.061944254347696327268	
-0.0009682444999070192581	
9.4908418862987500722e-05	
-0.00096824212411204747981	
9.4900968810072424764e-05	
-0.37067326197932226606	
0.061944215409536838857	
-0.37067325010034740673	
0.061944279031085985876	
-0.0011153347181941592522	
9.4901178116472436177e-05	
-0.0011153370939891310305	
9.4901082171672425511e-05	
-0.0011153394697841028087	
9.4901291478072436923e-05	
-0.0011153347181941592522	
9.4900968810072424764e-05	
-0.0011153394697841028087	
9.4901082171672425511e-05	
-0.0011153347181941592522	
9.4901178116472436177e-05	
0.062470769832169252556	
0.0045516381048285115343	
0.062470769832169252556	
0.0045516479722885116663	
9.9932528848281041434	

	new residual evaluated as 1891.0562943820370947
	step index 8 to 0.041329591280205649206 from 16.354135598999835821 to 1891.0562943820370947
	begin step size looping index 9 and step size 0.041329591280205649206
direction is 
38.419742303119619464	
48.873128122295383946	
-0.17687085573925287463	
0.028733602164265903411	
-0.17687089126638966263	
0.02872983628776637488	
-0.0030398439321288606152	
0.068078236381552414969	
-0.0030398439321288606152	
0.068078165327278838959	
-0.15590693180911330273	
0.029453701699821976945	
-6.268388332841823285	
0.92630131121040903963	
-0.15590707391766045475	
0.029450362148963904474	
-6.268388332841823285	
0.92630131121040903963	
0.0019663559669425012544	
0.0014192380604072241113	
0.0019663914940792892594	
0.0014191314789968600962	
-6.1828124842122633709	
0.92630067172194685554	
-6.1828123065765794308	
0.92630173753605049569	
-0.000233200125876464881	
0.0014191314789968600962	
-0.00023323565301325288601	
0.0014191314789968600962	
-0.00023327118015004089102	
0.0014191314789968600962	
-0.000233200125876464881	
0.0014191314789968600962	
-0.00023327118015004089102	
0.0014191314789968600962	
-0.000233200125876464881	
0.0014191314789968600962	
0.10752177814765673247	
0.068064309743931517005	
0.10752177814765673247	
0.068064309743931517005	
-0.10089493684972694609	

current_solution is 
0.15735999999999999988	
0	
0.00039563199999999998238	
-4.2552999999999970824e-09	
0.00039563199999999998238	
4.2552999999999970824e-09	
0.055280500000000003247	
-4.933729999999996362e-09	
0.055280500000000003247	
4.933729999999996362e-09	
0.00039563199999999998238	
-4.2552999999999970824e-09	
0.042787999999999999645	
0	
0.00039563199999999998238	
4.2552999999999970824e-09	
0.042787999999999999645	
0	
-0.0010997400000000000925	
1.6133400000000448061e-10	
-0.0010997400000000000925	
-1.6133400000000448061e-10	
0.042787999999999999645	
3.826149999999998828e-09	
0.042787999999999999645	
-3.826149999999998828e-09	
-0.0010997400000000000925	
4.7972399999999307964e-11	
-0.0010997400000000000925	
-4.7972399999999307964e-11	
-0.0010997400000000000925	
1.6133400000000448061e-10	
-0.0010997400000000000925	
-1.6133400000000448061e-10	
-0.0010997400000000000925	
-4.7972399999999307964e-11	
-0.0010997400000000000925	
4.7972399999999307964e-11	
0.055280500000000003247	
-4.933729999999996362e-09	
0.055280500000000003247	
4.933729999999996362e-09	
10	

trial_solution is 
1.7452322464787606293	
2.0199064098795926903	
-0.0069143681770835367997	
0.0011875437781571423438	
-0.0069143696454055797451	
0.0011873966466206050015	
0.055154864492729500924	
0.0028136407509967878253	
0.055154864492729500924	
0.0028136476818127020665	
-0.0060479377694215461989	
0.0012173051976427408383	
-0.21628192778196225765	
0.038283654594644778157	
-0.0060479436427097171131	
0.0012171756859707171059	
-0.21628192778196225765	
0.038283654594644778157	
-0.0010184713115748728497	
5.8656690299942385969e-05	
-0.0010184698432528301211	
5.8651962665813978093e-05	
-0.21274511293464581918	
0.038283631990998011341	
-0.21274510559303555501	
0.038283668388359295975	
-0.0011093780658889668654	
5.8652171972213975953e-05	
-0.001109379534211009594	
5.8652076027413978839e-05	
-0.0011093810025330525394	
5.8652285333813976699e-05	
-0.0011093780658889668654	
5.8651962665813978093e-05	
-0.0011093810025330525394	
5.8652076027413978839e-05	
-0.0011093780658889668654	
5.8652171972213975953e-05	
0.059724331144563602702	
0.0028130651687560083093	
0.059724331144563602702	
0.0028130750362160084413	
9.9958300534977588825	

	new residual evaluated as 547.189821736003978
	step index 9 to 0.025543092152308374126 from 16.354135598999835821 to 547.189821736003978
	begin step size looping index 10 and step size 0.025543092152308374126
direction is 
38.419742303119619464	
48.873128122295383946	
-0.17687085573925287463	
0.028733602164265903411	
-0.17687089126638966263	
0.02872983628776637488	
-0.0030398439321288606152	
0.068078236381552414969	
-0.0030398439321288606152	
0.068078165327278838959	
-0.15590693180911330273	
0.029453701699821976945	
-6.268388332841823285	
0.92630131121040903963	
-0.15590707391766045475	
0.029450362148963904474	
-6.268388332841823285	
0.92630131121040903963	
0.0019663559669425012544	
0.0014192380604072241113	
0.0019663914940792892594	
0.0014191314789968600962	
-6.1828124842122633709	
0.92630067172194685554	
-6.1828123065765794308	
0.92630173753605049569	
-0.000233200125876464881	
0.0014191314789968600962	
-0.00023323565301325288601	
0.0014191314789968600962	
-0.00023327118015004089102	
0.0014191314789968600962	
-0.000233200125876464881	
0.0014191314789968600962	
-0.00023327118015004089102	
0.0014191314789968600962	
-0.000233200125876464881	
0.0014191314789968600962	
0.10752177814765673247	
0.068064309743931517005	
0.10752177814765673247	
0.068064309743931517005	
-0.10089493684972694609	

current_solution is 
0.15735999999999999988	
0	
0.00039563199999999998238	
-4.2552999999999970824e-09	
0.00039563199999999998238	
4.2552999999999970824e-09	
0.055280500000000003247	
-4.933729999999996362e-09	
0.055280500000000003247	
4.933729999999996362e-09	
0.00039563199999999998238	
-4.2552999999999970824e-09	
0.042787999999999999645	
0	
0.00039563199999999998238	
4.2552999999999970824e-09	
0.042787999999999999645	
0	
-0.0010997400000000000925	
1.6133400000000448061e-10	
-0.0010997400000000000925	
-1.6133400000000448061e-10	
0.042787999999999999645	
3.826149999999998828e-09	
0.042787999999999999645	
-3.826149999999998828e-09	
-0.0010997400000000000925	
4.7972399999999307964e-11	
-0.0010997400000000000925	
-4.7972399999999307964e-11	
-0.0010997400000000000925	
1.6133400000000448061e-10	
-0.0010997400000000000925	
-1.6133400000000448061e-10	
-0.0010997400000000000925	
-4.7972399999999307964e-11	
-0.0010997400000000000925	
4.7972399999999307964e-11	
0.055280500000000003247	
-4.933729999999996362e-09	
0.055280500000000003247	
4.933729999999996362e-09	
10	

trial_solution is 
1.1387190181165247616	
1.248370815399364897	
-0.004122196567205377131	
0.00073394079264961140357	
-0.0041221974746783055302	
0.00073385311111914960317	
0.055202852986313000194	
0.0017389237317306258188	
0.055202852986313000194	
0.001738931784244768285	
-0.0035867131263838392119	
0.00075233436144515463285	
-0.11732602083223336864	
0.023660599753051556049	
-0.0035867167562755545435	
0.00075225756958983947768	
-0.11732602083223336864	
0.023660599753051556049	
-0.0010495131883321462841	
3.6251889897045120833e-05	
-0.0010495122808592174512	
3.6248844810258474473e-05	
-0.11514014904467650968	
0.02366058724468883892	
-0.11514014450731185901	
0.023660606816576702782	
-0.0011056966523051924792	
3.6249054116658472333e-05	
-0.001105697559778121529	
3.624895817185847522e-05	
-0.0011056984672510503619	
3.6249167478258473079e-05	
-0.0011056966523051924792	
3.6248844810258474473e-05	
-0.0011056984672510503619	
3.624895817185847522e-05	
-0.0011056966523051924792	
3.6249054116658472333e-05	
0.0580269386876056531	
0.0017385680023425033758	
0.0580269386876056531	
0.0017385778698025035078	
9.9974228313303452609	

	new residual evaluated as 173.98124954956384158
	step index 10 to 0.015786499127897282019 from 16.354135598999835821 to 173.98124954956384158
	begin step size looping index 11 and step size 0.015786499127897282019
direction is 
38.419742303119619464	
48.873128122295383946	
-0.17687085573925287463	
0.028733602164265903411	
-0.17687089126638966263	
0.02872983628776637488	
-0.0030398439321288606152	
0.068078236381552414969	
-0.0030398439321288606152	
0.068078165327278838959	
-0.15590693180911330273	
0.029453701699821976945	
-6.268388332841823285	
0.92630131121040903963	
-0.15590707391766045475	
0.029450362148963904474	
-6.268388332841823285	
0.92630131121040903963	
0.0019663559669425012544	
0.0014192380604072241113	
0.0019663914940792892594	
0.0014191314789968600962	
-6.1828124842122633709	
0.92630067172194685554	
-6.1828123065765794308	
0.92630173753605049569	
-0.000233200125876464881	
0.0014191314789968600962	
-0.00023323565301325288601	
0.0014191314789968600962	
-0.00023327118015004089102	
0.0014191314789968600962	
-0.000233200125876464881	
0.0014191314789968600962	
-0.00023327118015004089102	
0.0014191314789968600962	
-0.000233200125876464881	
0.0014191314789968600962	
0.10752177814765673247	
0.068064309743931517005	
0.10752177814765673247	
0.068064309743931517005	
-0.10089493684972694609	

current_solution is 
0.15735999999999999988	
0	
0.00039563199999999998238	
-4.2552999999999970824e-09	
0.00039563199999999998238	
4.2552999999999970824e-09	
0.055280500000000003247	
-4.933729999999996362e-09	
0.055280500000000003247	
4.933729999999996362e-09	
0.00039563199999999998238	
-4.2552999999999970824e-09	
0.042787999999999999645	
0	
0.00039563199999999998238	
4.2552999999999970824e-09	
0.042787999999999999645	
0	
-0.0010997400000000000925	
1.6133400000000448061e-10	
-0.0010997400000000000925	
-1.6133400000000448061e-10	
0.042787999999999999645	
3.826149999999998828e-09	
0.042787999999999999645	
-3.826149999999998828e-09	
-0.0010997400000000000925	
4.7972399999999307964e-11	
-0.0010997400000000000925	
-4.7972399999999307964e-11	
-0.0010997400000000000925	
1.6133400000000448061e-10	
-0.0010997400000000000925	
-1.6133400000000448061e-10	
-0.0010997400000000000925	
-4.7972399999999307964e-11	
-0.0010997400000000000925	
4.7972399999999307964e-11	
0.055280500000000003247	
-4.933729999999996362e-09	
0.055280500000000003247	
4.933729999999996362e-09	
10	

trial_solution is 
0.76387322836223625622	
0.7715355944802282373	
-0.0023965396098781614753	
0.00045359873020753114928	
-0.0023965401707272755878	
0.00045354779080145556872	
0.055232511506416503977	
0.0010747120855361621573	
0.055232511506416503977	
0.001074720831297934498	
-0.0020655926430377083598	
0.00046496658089758630605	
-0.056167906949728944876	
0.014623054841593230782	
-0.0020655948864341639425	
0.00046492237168087779866	
-0.056167906949728944876	
0.014623054841593230782	
-0.001068698123242726658	
2.2404961736897271215e-05	
-0.0010686975623936127624	
2.2402956521555511093e-05	
-0.054816963889969323731	
0.014623048572459180355	
-0.054816961085723751868	
0.014623057745632599136	
-0.0011034214135837744786	
2.2403165827955508953e-05	
-0.0011034219744328883743	
2.2403069883155511839e-05	
-0.00110342253528200227	
2.2403279189555509699e-05	
-0.0011034214135837744786	
2.2402956521555511093e-05	
-0.00110342253528200227	
2.2403069883155511839e-05	
-0.0011034214135837744786	
2.2403165827955508953e-05	
0.056977892456957952849	
0.0010744922326835053012	
0.056977892456957952849	
0.0010745021001435054332	
9.9984072221674118452	

	new residual evaluated as 47.507057650624759049
	step index 11 to 0.0097565930244110938424 from 16.354135598999835821 to 47.507057650624759049
	begin step size looping index 12 and step size 0.0097565930244110938424
direction is 
38.419742303119619464	
48.873128122295383946	
-0.17687085573925287463	
0.028733602164265903411	
-0.17687089126638966263	
0.02872983628776637488	
-0.0030398439321288606152	
0.068078236381552414969	
-0.0030398439321288606152	
0.068078165327278838959	
-0.15590693180911330273	
0.029453701699821976945	
-6.268388332841823285	
0.92630131121040903963	
-0.15590707391766045475	
0.029450362148963904474	
-6.268388332841823285	
0.92630131121040903963	
0.0019663559669425012544	
0.0014192380604072241113	
0.0019663914940792892594	
0.0014191314789968600962	
-6.1828124842122633709	
0.92630067172194685554	
-6.1828123065765794308	
0.92630173753605049569	
-0.000233200125876464881	
0.0014191314789968600962	
-0.00023323565301325288601	
0.0014191314789968600962	
-0.00023327118015004089102	
0.0014191314789968600962	
-0.000233200125876464881	
0.0014191314789968600962	
-0.00023327118015004089102	
0.0014191314789968600962	
-0.000233200125876464881	
0.0014191314789968600962	
0.10752177814765673247	
0.068064309743931517005	
0.10752177814765673247	
0.068064309743931517005	
-0.10089493684972694609	

current_solution is 
0.15735999999999999988	
0	
0.00039563199999999998238	
-4.2552999999999970824e-09	
0.00039563199999999998238	
4.2552999999999970824e-09	
0.055280500000000003247	
-4.933729999999996362e-09	
0.055280500000000003247	
4.933729999999996362e-09	
0.00039563199999999998238	
-4.2552999999999970824e-09	
0.042787999999999999645	
0	
0.00039563199999999998238	
4.2552999999999970824e-09	
0.042787999999999999645	
0	
-0.0010997400000000000925	
1.6133400000000448061e-10	
-0.0010997400000000000925	
-1.6133400000000448061e-10	
0.042787999999999999645	
3.826149999999998828e-09	
0.042787999999999999645	
-3.826149999999998828e-09	
-0.0010997400000000000925	
4.7972399999999307964e-11	
-0.0010997400000000000925	
-4.7972399999999307964e-11	
-0.0010997400000000000925	
1.6133400000000448061e-10	
-0.0010997400000000000925	
-1.6133400000000448061e-10	
-0.0010997400000000000925	
-4.7972399999999307964e-11	
-0.0010997400000000000925	
4.7972399999999307964e-11	
0.055280500000000003247	
-4.933729999999996362e-09	
0.055280500000000003247	
4.933729999999996362e-09	
10	

trial_solution is 
0.53220578975428867174	
0.47683522091913682628	
-0.0013300249573272155106	
0.00028033780714208019228	
-0.0013300253039510304479	
0.00028030957561769415066	
0.055250841479896499464	
0.00066420671246446392078	
0.055250841479896499464	
0.000664215886676833853	
-0.0011254884833461309239	
0.0002873635252475682648	
-0.01837011388250441718	
0.0090375449114583270016	
-0.0011254898698413908897	
0.00028733945320896174102	
-0.01837011388250441718	
0.0090375449114583270016	
-0.0010805550650894197185	
1.3847089494147852309e-05	
-0.0010805547184656047813	
1.3845726954702964077e-05	
-0.017535185154707193245	
0.0090375424983796560918	
-0.017535183421588121377	
0.0090375452447941061196	
-0.0011020152387214180931	
1.3845936261102963631e-05	
-0.0011020155853452332471	
1.3845840316302963129e-05	
-0.0011020159319690481844	
1.3846049622702962683e-05	
-0.0011020152387214180931	
1.3845726954702964077e-05	
-0.0011020159319690481844	
1.3845840316302963129e-05	
-0.0011020152387214180931	
1.3845936261102963631e-05	
0.056329546230647710436	
0.00066407083592899833393	
0.056329546230647710436	
0.00066408070338899824903	
9.9990156091629334156	

	new residual evaluated as 12.78836317400616629
		breaking with new residual
End step size.
	begin step size looping index 0 and step size 3.141592653589793116
direction is 
11.599119448565513579	
-34.935449809922758391	
0.97969407534276031768	
-0.26629917186061896617	
0.97969407422321008738	
-0.26627856044863540408	
0.038604165590912321859	
0.46082861390810148094	
0.038604165590912321859	
0.46082859390543251532	
0.70465056674769421807	
-0.2463226810820907664	
-1.609318315055055848	
-5.2481527759627111251	
0.70465153926575463394	
-0.24630734977888493753	
-1.60931827952791906	
-5.2481527759627111251	
0.0036314651211635396583	
0.019714358605363500182	
0.0036318392756501177362	
0.019741906541291685123	
-1.7428755442011660826	
-5.1947991546097886939	
-1.7428766754717917031	
-5.1947988368061857045	
0.00026057917389070103277	
0.018869644278872586135	
0.00026025831010930485388	
0.01886960875173579813	
0.0005019483021277987983	
0.017409265794064852223	
0.0005022880490278931135	
0.017409265794064852223	
0.00045389784962202207744	
0.016660495859120858647	
0.00045421983295372233592	
0.01666051362268925265	
0.20805786335177611779	
0.45961122850084595859	
0.20805786335177611779	
0.45961126402798274659	
-0.082202252885332727228	

current_solution is 
0.53220578975428867174	
0.47683522091913682628	
-0.0013300249573272155106	
0.00028033780714208019228	
-0.0013300253039510304479	
0.00028030957561769415066	
0.055250841479896499464	
0.00066420671246446392078	
0.055250841479896499464	
0.000664215886676833853	
-0.0011254884833461309239	
0.0002873635252475682648	
-0.01837011388250441718	
0.0090375449114583270016	
-0.0011254898698413908897	
0.00028733945320896174102	
-0.01837011388250441718	
0.0090375449114583270016	
-0.0010805550650894197185	
1.3847089494147852309e-05	
-0.0010805547184656047813	
1.3845726954702964077e-05	
-0.017535185154707193245	
0.0090375424983796560918	
-0.017535183421588121377	
0.0090375452447941061196	
-0.0011020152387214180931	
1.3845936261102963631e-05	
-0.0011020155853452332471	
1.3845840316302963129e-05	
-0.0011020159319690481844	
1.3846049622702962683e-05	
-0.0011020152387214180931	
1.3845726954702964077e-05	
-0.0011020159319690481844	
1.3845840316302963129e-05	
-0.0011020152387214180931	
1.3845936261102963631e-05	
0.056329546230647710436	
0.00066407083592899833393	
0.056329546230647710436	
0.00066408070338899824903	
9.9990156091629334156	

trial_solution is 
36.971914237478195275	
-109.27611725178913105	
3.0764696849049339988	
-0.8363231841672241762	
3.0764696810411389372	
-0.83625845973828094593	
0.17652940449827053682	
1.4483999947301231526	
0.17652940449827053682	
1.4483999410640977512	
2.21259955535909425	
-0.77355816177479030937	
-5.0741927097469723407	
-16.478520660969874001	
2.2126026092281931845	
-0.77351002113730760179	
-5.0741925981351796437	
-16.478520660969874001	
0.010328029081325523428	
0.061948331254338837026	
0.010329204868935681905	
0.06203487428493294209	
-5.4929401909384036884	
-16.310905318498200245	
-5.4929437431967702565	
-16.310904317342320269	
-0.00028338162034789444836	
0.059294581778619889767	
-0.00028438999027014693396	
0.059294470070883148471	
0.00047490116647751451188	
0.054706667572648914888	
0.00047596920609056076433	
0.054706667249980918399	
0.00032394621788370096815	
0.052354337236493561636	
0.00032495845160077909894	
0.052354393138334329172	
0.70996260125817656217	
1.4445753298015662214	
0.70996260125817656217	
1.4445754512808184344	
9.7407696153898424285	

	new residual evaluated as inf
	step index 0 to 1.941611038725466587 from 12.78836317400616629 to inf
	begin step size looping index 1 and step size 1.941611038725466587
direction is 
11.599119448565513579	
-34.935449809922758391	
0.97969407534276031768	
-0.26629917186061896617	
0.97969407422321008738	
-0.26627856044863540408	
0.038604165590912321859	
0.46082861390810148094	
0.038604165590912321859	
0.46082859390543251532	
0.70465056674769421807	
-0.2463226810820907664	
-1.609318315055055848	
-5.2481527759627111251	
0.70465153926575463394	
-0.24630734977888493753	
-1.60931827952791906	
-5.2481527759627111251	
0.0036314651211635396583	
0.019714358605363500182	
0.0036318392756501177362	
0.019741906541291685123	
-1.7428755442011660826	
-5.1947991546097886939	
-1.7428766754717917031	
-5.1947988368061857045	
0.00026057917389070103277	
0.018869644278872586135	
0.00026025831010930485388	
0.01886960875173579813	
0.0005019483021277987983	
0.017409265794064852223	
0.0005022880490278931135	
0.017409265794064852223	
0.00045389784962202207744	
0.016660495859120858647	
0.00045421983295372233592	
0.01666051362268925265	
0.20805786335177611779	
0.45961122850084595859	
0.20805786335177611779	
0.45961126402798274659	
-0.082202252885332727228	

current_solution is 
0.53220578975428867174	
0.47683522091913682628	
-0.0013300249573272155106	
0.00028033780714208019228	
-0.0013300253039510304479	
0.00028030957561769415066	
0.055250841479896499464	
0.00066420671246446392078	
0.055250841479896499464	
0.000664215886676833853	
-0.0011254884833461309239	
0.0002873635252475682648	
-0.01837011388250441718	
0.0090375449114583270016	
-0.0011254898698413908897	
0.00028733945320896174102	
-0.01837011388250441718	
0.0090375449114583270016	
-0.0010805550650894197185	
1.3847089494147852309e-05	
-0.0010805547184656047813	
1.3845726954702964077e-05	
-0.017535185154707193245	
0.0090375424983796560918	
-0.017535183421588121377	
0.0090375452447941061196	
-0.0011020152387214180931	
1.3845936261102963631e-05	
-0.0011020155853452332471	
1.3845840316302963129e-05	
-0.0011020159319690481844	
1.3846049622702962683e-05	
-0.0011020152387214180931	
1.3845726954702964077e-05	
-0.0011020159319690481844	
1.3845840316302963129e-05	
-0.0011020152387214180931	
1.3845936261102963631e-05	
0.056329546230647710436	
0.00066407083592899833393	
0.056329546230647710436	
0.00066408070338899824903	
9.9990156091629334156	

trial_solution is 
23.053184150584339562	
-67.354219772866386506	
1.9008548063021153407	
-0.51676907388088588746	
1.9008548037817603049	
-0.51672908276737927746	
0.13020511553199767829	
0.89541413043699036312	
0.13020511553199767829	
0.89541410077379990362	
1.3670318303581332486	
-0.4779754731521925204	
-3.1430403192164688697	
-10.180833817815443609	
1.3670337172234392487	
-0.47794572979668864532	
-3.1430402502365879513	
-10.180833817815443609	
0.0059703377009082229943	
0.038291463379060308725	
0.0059710645100133664942	
0.038344949393013132155	
-3.4015215809003462866	
-10.077241840053707378	
-3.4015237756547618275	
-10.077241220256309973	
-0.00059607183823327011384	
0.036651355564942963983	
-0.00059669517751697123426	
0.036651286489117196332	
-0.00012742756768820845143	
0.033815868691484694819	
-0.00012676721810898244121	
0.033815868368816698331	
-0.00022072285668917827461	
0.032362048511025288955	
-0.00022009699705043334669	
0.032362083096910569668	
0.46029699040809096688	
0.89305030561534426425	
0.46029699040809096688	
0.89305038446268525387	
9.8394108075526691692	

	new residual evaluated as 4.4245917044456095281e+239
	step index 1 to 1.199981614864326751 from 12.78836317400616629 to 4.4245917044456095281e+239
	begin step size looping index 2 and step size 1.199981614864326751
direction is 
11.599119448565513579	
-34.935449809922758391	
0.97969407534276031768	
-0.26629917186061896617	
0.97969407422321008738	
-0.26627856044863540408	
0.038604165590912321859	
0.46082861390810148094	
0.038604165590912321859	
0.46082859390543251532	
0.70465056674769421807	
-0.2463226810820907664	
-1.609318315055055848	
-5.2481527759627111251	
0.70465153926575463394	
-0.24630734977888493753	
-1.60931827952791906	
-5.2481527759627111251	
0.0036314651211635396583	
0.019714358605363500182	
0.0036318392756501177362	
0.019741906541291685123	
-1.7428755442011660826	
-5.1947991546097886939	
-1.7428766754717917031	
-5.1947988368061857045	
0.00026057917389070103277	
0.018869644278872586135	
0.00026025831010930485388	
0.01886960875173579813	
0.0005019483021277987983	
0.017409265794064852223	
0.0005022880490278931135	
0.017409265794064852223	
0.00045389784962202207744	
0.016660495859120858647	
0.00045421983295372233592	
0.01666051362268925265	
0.20805786335177611779	
0.45961122850084595859	
0.20805786335177611779	
0.45961126402798274659	
-0.082202252885332727228	

current_solution is 
0.53220578975428867174	
0.47683522091913682628	
-0.0013300249573272155106	
0.00028033780714208019228	
-0.0013300253039510304479	
0.00028030957561769415066	
0.055250841479896499464	
0.00066420671246446392078	
0.055250841479896499464	
0.000664215886676833853	
-0.0011254884833461309239	
0.0002873635252475682648	
-0.01837011388250441718	
0.0090375449114583270016	
-0.0011254898698413908897	
0.00028733945320896174102	
-0.01837011388250441718	
0.0090375449114583270016	
-0.0010805550650894197185	
1.3847089494147852309e-05	
-0.0010805547184656047813	
1.3845726954702964077e-05	
-0.017535185154707193245	
0.0090375424983796560918	
-0.017535183421588121377	
0.0090375452447941061196	
-0.0011020152387214180931	
1.3845936261102963631e-05	
-0.0011020155853452332471	
1.3845840316302963129e-05	
-0.0011020159319690481844	
1.3846049622702962683e-05	
-0.0011020152387214180931	
1.3845726954702964077e-05	
-0.0011020159319690481844	
1.3845840316302963129e-05	
-0.0011020152387214180931	
1.3845936261102963631e-05	
0.056329546230647710436	
0.00066407083592899833393	
0.056329546230647710436	
0.00066408070338899824903	
9.9990156091629334156	

trial_solution is 
14.4509358766481526	
-41.445062258003616762	
1.174284853645491733	
-0.3192737724791963605	
1.1742848519554283104	
-0.31924906739528408073	
0.10157513044616933717	
0.55365007100559748832	
0.10157513044616933717	
0.55365005617697482521	
0.84444223651761507465	
-0.29529532509735029189	
-1.949522504413007562	
-6.2886492982429746945	
0.8444434021349124242	
-0.29527695188740993304	
-1.9495224617810966716	
-6.2886492982429746945	
0.0032771363153278826666	
0.023670714964772677363	
0.0032775856404567106292	
0.023703770618874516612	
-2.108953795192764602	
-6.2246259359461140193	
-2.1089551509635979798	
-6.2246255518412185737	
-0.00078932502083604253601	
0.022657072149938031064	
-0.00078971039809840894684	
0.022657029422082260173	
-0.00049968719780332522106	
0.020904644930786930174	
-0.00049927881452187477911	
0.020904644608118930216	
-0.0005573468573961688332	
0.020006134565784580714	
-0.00055695979007020564745	
0.020006155977684864783	
0.30599515708073343756	
0.55218909502215118845	
0.30599515708073343756	
0.55218914752152215009	
9.9003744170001066749	

	new residual evaluated as 2.7462480061087661547e+149
	step index 2 to 0.74162942386114005799 from 12.78836317400616629 to 2.7462480061087661547e+149
	begin step size looping index 3 and step size 0.74162942386114005799
direction is 
11.599119448565513579	
-34.935449809922758391	
0.97969407534276031768	
-0.26629917186061896617	
0.97969407422321008738	
-0.26627856044863540408	
0.038604165590912321859	
0.46082861390810148094	
0.038604165590912321859	
0.46082859390543251532	
0.70465056674769421807	
-0.2463226810820907664	
-1.609318315055055848	
-5.2481527759627111251	
0.70465153926575463394	
-0.24630734977888493753	
-1.60931827952791906	
-5.2481527759627111251	
0.0036314651211635396583	
0.019714358605363500182	
0.0036318392756501177362	
0.019741906541291685123	
-1.7428755442011660826	
-5.1947991546097886939	
-1.7428766754717917031	
-5.1947988368061857045	
0.00026057917389070103277	
0.018869644278872586135	
0.00026025831010930485388	
0.01886960875173579813	
0.0005019483021277987983	
0.017409265794064852223	
0.0005022880490278931135	
0.017409265794064852223	
0.00045389784962202207744	
0.016660495859120858647	
0.00045421983295372233592	
0.01666051362268925265	
0.20805786335177611779	
0.45961122850084595859	
0.20805786335177611779	
0.45961126402798274659	
-0.082202252885332727228	

current_solution is 
0.53220578975428867174	
0.47683522091913682628	
-0.0013300249573272155106	
0.00028033780714208019228	
-0.0013300253039510304479	
0.00028030957561769415066	
0.055250841479896499464	
0.00066420671246446392078	
0.055250841479896499464	
0.000664215886676833853	
-0.0011254884833461309239	
0.0002873635252475682648	
-0.01837011388250441718	
0.0090375449114583270016	
-0.0011254898698413908897	
0.00028733945320896174102	
-0.01837011388250441718	
0.0090375449114583270016	
-0.0010805550650894197185	
1.3847089494147852309e-05	
-0.0010805547184656047813	
1.3845726954702964077e-05	
-0.017535185154707193245	
0.0090375424983796560918	
-0.017535183421588121377	
0.0090375452447941061196	
-0.0011020152387214180931	
1.3845936261102963631e-05	
-0.0011020155853452332471	
1.3845840316302963129e-05	
-0.0011020159319690481844	
1.3846049622702962683e-05	
-0.0011020152387214180931	
1.3845726954702964077e-05	
-0.0011020159319690481844	
1.3845840316302963129e-05	
-0.0011020152387214180931	
1.3845936261102963631e-05	
0.056329546230647710436	
0.00066407083592899833393	
0.056329546230647710436	
0.00066408070338899824903	
9.9990156091629334156	

trial_solution is 
9.1344540636904749675	
-25.432322293943652625	
0.72523992769929646052	
-0.1972149635945474877	
0.7252399265223813396	
-0.19719970579647752573	
0.083880826565724847521	
0.34242826614385751816	
0.083880826565724847521	
0.34242826048350200052	
0.5214641053571721363	
-0.18239278452959473142	
-1.2118879286859660649	
-3.883146974661010109	
0.52146482521868575688	
-0.18238143845606977211	
-1.2118879023379960369	
-3.883146974661010109	
0.0016126463204909214765	
0.014634595503781789097	
0.0016129241510910523848	
0.014655024501093327424	
-1.3101029708622888847	
-3.8435783616092153991	
-1.3101038081127522883	
-3.8435781231702978999	
-0.0009087620561186456709	
0.014008129351266036464	
-0.00090900036476379553457	
0.014008102907351249397	
-0.00072975630185393130633	
0.012925069810320473015	
-0.00072950364230852564676	
0.012925069487652473058	
-0.00076539193126205751737	
0.012369759785557014539	
-0.00076515244570164579231	
0.012369773055486810165	
0.21063137955800523282	
0.34152528142912219611	
0.21063137955800523282	
0.34152531764455218433	
9.93805199971549591	

	new residual evaluated as 9.8402491253177099851e+92
	step index 3 to 0.45835219100318685959 from 12.78836317400616629 to 9.8402491253177099851e+92
	begin step size looping index 4 and step size 0.45835219100318685959
direction is 
11.599119448565513579	
-34.935449809922758391	
0.97969407534276031768	
-0.26629917186061896617	
0.97969407422321008738	
-0.26627856044863540408	
0.038604165590912321859	
0.46082861390810148094	
0.038604165590912321859	
0.46082859390543251532	
0.70465056674769421807	
-0.2463226810820907664	
-1.609318315055055848	
-5.2481527759627111251	
0.70465153926575463394	
-0.24630734977888493753	
-1.60931827952791906	
-5.2481527759627111251	
0.0036314651211635396583	
0.019714358605363500182	
0.0036318392756501177362	
0.019741906541291685123	
-1.7428755442011660826	
-5.1947991546097886939	
-1.7428766754717917031	
-5.1947988368061857045	
0.00026057917389070103277	
0.018869644278872586135	
0.00026025831010930485388	
0.01886960875173579813	
0.0005019483021277987983	
0.017409265794064852223	
0.0005022880490278931135	
0.017409265794064852223	
0.00045389784962202207744	
0.016660495859120858647	
0.00045421983295372233592	
0.01666051362268925265	
0.20805786335177611779	
0.45961122850084595859	
0.20805786335177611779	
0.45961126402798274659	
-0.082202252885332727228	

current_solution is 
0.53220578975428867174	
0.47683522091913682628	
-0.0013300249573272155106	
0.00028033780714208019228	
-0.0013300253039510304479	
0.00028030957561769415066	
0.055250841479896499464	
0.00066420671246446392078	
0.055250841479896499464	
0.000664215886676833853	
-0.0011254884833461309239	
0.0002873635252475682648	
-0.01837011388250441718	
0.0090375449114583270016	
-0.0011254898698413908897	
0.00028733945320896174102	
-0.01837011388250441718	
0.0090375449114583270016	
-0.0010805550650894197185	
1.3847089494147852309e-05	
-0.0010805547184656047813	
1.3845726954702964077e-05	
-0.017535185154707193245	
0.0090375424983796560918	
-0.017535183421588121377	
0.0090375452447941061196	
-0.0011020152387214180931	
1.3845936261102963631e-05	
-0.0011020155853452332471	
1.3845840316302963129e-05	
-0.0011020159319690481844	
1.3846049622702962683e-05	
-0.0011020152387214180931	
1.3845726954702964077e-05	
-0.0011020159319690481844	
1.3845840316302963129e-05	
-0.0011020152387214180931	
1.3845936261102963631e-05	
0.056329546230647710436	
0.00066407083592899833393	
0.056329546230647710436	
0.00066408070338899824903	
9.9990156091629334156	

trial_solution is 
5.848687602711968303	
-15.535904743140827478	
0.44771490098886823628	
-0.12177847107750683353	
0.44771490012909609391	
-0.12176905202318887012	
0.072945145360340996055	
0.21188601157420444698	
0.072945145360340996055	
0.21188601158014966352	
0.32185264267709684516	
-0.11261517704250798011	
-0.7560046896095462543	
-2.3964647786705075561	
0.32185308704638537769	
-0.11260817397813126239	
-0.75600467332560528089	
-2.3964647786705075561	
0.00058393492974754212209	
0.0090499665504850390629	
0.00058410677090005389683	
0.009062591844735894131	
-0.81638600948518336153	
-2.3720100318385197724	
-0.81638652627243413207	
-2.3720098834261276188	
-0.00098257820343881484976	
0.008662788734933103349	
-0.000982725618679846551	
0.0086627723550473153397	
-0.00087194682791844199069	
0.0079934211700891637936	
-0.000871790410934767117	
0.0079934208474211638357	
-0.00089397085810315928336	
0.0076502206205438707393	
-0.0008938225830899779482	
0.0076502288584591633669	
0.15169332375337593599	
0.21132788442895811265	
0.15169332375337593599	
0.21132791058035910181	
9.9613380264475424042	

	new residual evaluated as 4.8692461685185537676e+57
	step index 4 to 0.28327723285795325392 from 12.78836317400616629 to 4.8692461685185537676e+57
	begin step size looping index 5 and step size 0.28327723285795325392
direction is 
11.599119448565513579	
-34.935449809922758391	
0.97969407534276031768	
-0.26629917186061896617	
0.97969407422321008738	
-0.26627856044863540408	
0.038604165590912321859	
0.46082861390810148094	
0.038604165590912321859	
0.46082859390543251532	
0.70465056674769421807	
-0.2463226810820907664	
-1.609318315055055848	
-5.2481527759627111251	
0.70465153926575463394	
-0.24630734977888493753	
-1.60931827952791906	
-5.2481527759627111251	
0.0036314651211635396583	
0.019714358605363500182	
0.0036318392756501177362	
0.019741906541291685123	
-1.7428755442011660826	
-5.1947991546097886939	
-1.7428766754717917031	
-5.1947988368061857045	
0.00026057917389070103277	
0.018869644278872586135	
0.00026025831010930485388	
0.01886960875173579813	
0.0005019483021277987983	
0.017409265794064852223	
0.0005022880490278931135	
0.017409265794064852223	
0.00045389784962202207744	
0.016660495859120858647	
0.00045421983295372233592	
0.01666051362268925265	
0.20805786335177611779	
0.45961122850084595859	
0.20805786335177611779	
0.45961126402798274659	
-0.082202252885332727228	

current_solution is 
0.53220578975428867174	
0.47683522091913682628	
-0.0013300249573272155106	
0.00028033780714208019228	
-0.0013300253039510304479	
0.00028030957561769415066	
0.055250841479896499464	
0.00066420671246446392078	
0.055250841479896499464	
0.000664215886676833853	
-0.0011254884833461309239	
0.0002873635252475682648	
-0.01837011388250441718	
0.0090375449114583270016	
-0.0011254898698413908897	
0.00028733945320896174102	
-0.01837011388250441718	
0.0090375449114583270016	
-0.0010805550650894197185	
1.3847089494147852309e-05	
-0.0010805547184656047813	
1.3845726954702964077e-05	
-0.017535185154707193245	
0.0090375424983796560918	
-0.017535183421588121377	
0.0090375452447941061196	
-0.0011020152387214180931	
1.3845936261102963631e-05	
-0.0011020155853452332471	
1.3845840316302963129e-05	
-0.0011020159319690481844	
1.3846049622702962683e-05	
-0.0011020152387214180931	
1.3845726954702964077e-05	
-0.0011020159319690481844	
1.3845840316302963129e-05	
-0.0011020152387214180931	
1.3845936261102963631e-05	
0.056329546230647710436	
0.00066407083592899833393	
0.056329546230647710436	
0.00066408070338899824903	
9.9990156091629334156	

trial_solution is 
3.8179722507327964465	
-9.4195823298836920401	
0.27619500175310113255	
-0.075156154709898587152	
0.27619500108933420224	
-0.075150344197670970736	
0.066186522685280357869	
0.13120646128211757575	
0.066186522685280357869	
0.13120646479002923135	
0.19848597419672919795	
-0.069490243961839212594	
-0.47425335295892445675	
-1.4776446510790444133	
0.19848624830245897854	
-0.069485925024729555677	
-0.47425334289489545769	
-1.4776446510790444133	
-5.1843674346040364079e-05	
0.005598476042790899096	
-5.1737338274606076496e-05	
0.005606278383312138236	
-0.51125214653181294544	
-1.4625307872723161129	
-0.51125246526190626373	
-1.4625306944993763381	
-0.0010281990914012488058	
0.0053591865525940375267	
-0.0010282903314291823391	
0.0053591763926202368867	
-0.00095982540590453750001	
0.0049454946898540123879	
-0.00095972847009517651441	
0.0049454943671860124299	
-0.00097343700512794641838	
0.004733385005329448364	
-0.00097334510133308582876	
0.004733390133288748608	
0.11526760203527701421	
0.1308614678360931205	
0.11526760203527701421	
0.13086148776758210754	
9.9757295824308869214	

	new residual evaluated as 5.0368704114325624887e+35
	step index 5 to 0.17507495814523363342 from 12.78836317400616629 to 5.0368704114325624887e+35
	begin step size looping index 6 and step size 0.17507495814523363342
direction is 
11.599119448565513579	
-34.935449809922758391	
0.97969407534276031768	
-0.26629917186061896617	
0.97969407422321008738	
-0.26627856044863540408	
0.038604165590912321859	
0.46082861390810148094	
0.038604165590912321859	
0.46082859390543251532	
0.70465056674769421807	
-0.2463226810820907664	
-1.609318315055055848	
-5.2481527759627111251	
0.70465153926575463394	
-0.24630734977888493753	
-1.60931827952791906	
-5.2481527759627111251	
0.0036314651211635396583	
0.019714358605363500182	
0.0036318392756501177362	
0.019741906541291685123	
-1.7428755442011660826	
-5.1947991546097886939	
-1.7428766754717917031	
-5.1947988368061857045	
0.00026057917389070103277	
0.018869644278872586135	
0.00026025831010930485388	
0.01886960875173579813	
0.0005019483021277987983	
0.017409265794064852223	
0.0005022880490278931135	
0.017409265794064852223	
0.00045389784962202207744	
0.016660495859120858647	
0.00045421983295372233592	
0.01666051362268925265	
0.20805786335177611779	
0.45961122850084595859	
0.20805786335177611779	
0.45961126402798274659	
-0.082202252885332727228	

current_solution is 
0.53220578975428867174	
0.47683522091913682628	
-0.0013300249573272155106	
0.00028033780714208019228	
-0.0013300253039510304479	
0.00028030957561769415066	
0.055250841479896499464	
0.00066420671246446392078	
0.055250841479896499464	
0.000664215886676833853	
-0.0011254884833461309239	
0.0002873635252475682648	
-0.01837011388250441718	
0.0090375449114583270016	
-0.0011254898698413908897	
0.00028733945320896174102	
-0.01837011388250441718	
0.0090375449114583270016	
-0.0010805550650894197185	
1.3847089494147852309e-05	
-0.0010805547184656047813	
1.3845726954702964077e-05	
-0.017535185154707193245	
0.0090375424983796560918	
-0.017535183421588121377	
0.0090375452447941061196	
-0.0011020152387214180931	
1.3845936261102963631e-05	
-0.0011020155853452332471	
1.3845840316302963129e-05	
-0.0011020159319690481844	
1.3846049622702962683e-05	
-0.0011020152387214180931	
1.3845726954702964077e-05	
-0.0011020159319690481844	
1.3845840316302963129e-05	
-0.0011020152387214180931	
1.3845936261102963631e-05	
0.056329546230647710436	
0.00066407083592899833393	
0.056329546230647710436	
0.00066408070338899824903	
9.9990156091629334156	

trial_solution is 
2.5629211417334616385	
-5.6394871923380005541	
0.17018987427843992877	
-0.046341978560466165482	
0.17018987373581087597	
-0.046338398249900214498	
0.062009464154957144588	
0.081343757004551361933	
0.062009464154957144588	
0.081343762676797298772	
0.12224117999702159565	
-0.042837569555421207979	
-0.30012145053312622167	
-0.90978258268000500308	
0.12224134887408505401	
-0.042834909500192738796	
-0.30012144431321424731	
-0.90978258268000500308	
-0.00044477646099583723234	
0.0034653375971882890288	
-0.00044471060929094480794	
0.0034701591883784586694	
-0.32266904810807761628	
-0.90044170206782414567	
-0.32266924443211597584	
-0.9004416436819572267	
-0.001056394350758984137	
0.0033174481186001684996	
-0.001056450872595897459	
0.0033174418027433821496	
-0.0010141373539829527835	
0.0030617725298578545717	
-0.0010140771795610085872	
0.0030617722071898541801	
-0.0010225497849442610494	
0.0029306814555307256383	
-0.0010224927204783101041	
0.0029306846614315187373	
0.092755267948746653039	
0.081130487428794015314	
0.092755267948746653039	
0.081130503516166005418	
9.9846240531795906747	

	new residual evaluated as 1.0054986364949012414e+22
	step index 6 to 0.10820227471271964825 from 12.78836317400616629 to 1.0054986364949012414e+22
	begin step size looping index 7 and step size 0.10820227471271964825
direction is 
11.599119448565513579	
-34.935449809922758391	
0.97969407534276031768	
-0.26629917186061896617	
0.97969407422321008738	
-0.26627856044863540408	
0.038604165590912321859	
0.46082861390810148094	
0.038604165590912321859	
0.46082859390543251532	
0.70465056674769421807	
-0.2463226810820907664	
-1.609318315055055848	
-5.2481527759627111251	
0.70465153926575463394	
-0.24630734977888493753	
-1.60931827952791906	
-5.2481527759627111251	
0.0036314651211635396583	
0.019714358605363500182	
0.0036318392756501177362	
0.019741906541291685123	
-1.7428755442011660826	
-5.1947991546097886939	
-1.7428766754717917031	
-5.1947988368061857045	
0.00026057917389070103277	
0.018869644278872586135	
0.00026025831010930485388	
0.01886960875173579813	
0.0005019483021277987983	
0.017409265794064852223	
0.0005022880490278931135	
0.017409265794064852223	
0.00045389784962202207744	
0.016660495859120858647	
0.00045421983295372233592	
0.01666051362268925265	
0.20805786335177611779	
0.45961122850084595859	
0.20805786335177611779	
0.45961126402798274659	
-0.082202252885332727228	

current_solution is 
0.53220578975428867174	
0.47683522091913682628	
-0.0013300249573272155106	
0.00028033780714208019228	
-0.0013300253039510304479	
0.00028030957561769415066	
0.055250841479896499464	
0.00066420671246446392078	
0.055250841479896499464	
0.000664215886676833853	
-0.0011254884833461309239	
0.0002873635252475682648	
-0.01837011388250441718	
0.0090375449114583270016	
-0.0011254898698413908897	
0.00028733945320896174102	
-0.01837011388250441718	
0.0090375449114583270016	
-0.0010805550650894197185	
1.3847089494147852309e-05	
-0.0010805547184656047813	
1.3845726954702964077e-05	
-0.017535185154707193245	
0.0090375424983796560918	
-0.017535183421588121377	
0.0090375452447941061196	
-0.0011020152387214180931	
1.3845936261102963631e-05	
-0.0011020155853452332471	
1.3845840316302963129e-05	
-0.0011020159319690481844	
1.3846049622702962683e-05	
-0.0011020152387214180931	
1.3845726954702964077e-05	
-0.0011020159319690481844	
1.3845840316302963129e-05	
-0.0011020152387214180931	
1.3845936261102963631e-05	
0.056329546230647710436	
0.00066407083592899833393	
0.056329546230647710436	
0.00066408070338899824903	
9.9990156091629334156	

trial_solution is 
1.7872568987536237017	
-3.3032599166265552704	
0.10467510251733400106	
-0.02853383834229035465	
0.10467510204957229669	
-0.028531636372153078296	
0.059427900010219712745	
0.050526910990030676762	
0.059427900010219712745	
0.050526917999908764478	
0.075119305716361467473	
-0.026365310881170445079	
-0.19250201630830268695	
-0.55882452348758115956	
0.075119409558532551641	
-0.026363676071327873246	
-0.19250201246418566225	
-0.55882452348758115956	
-0.00068762227843962263341	
0.0021469855350967578279	
-0.00068758144744926604983	
0.0021499649218883827746	
-0.20611828357844252935	
-0.5530515427061125644	
-0.2061184042513784509	
-0.55305150557262539035	
-0.0010738199793636829787	
0.0020555843702549734392	
-0.0010738550441785181273	
0.0020555804301931584338	
-0.0010477039838906329009	
0.0018975682096188614158	
-0.0010476665292555860202	
0.0018975678869508614578	
-0.0010529031521527333366	
0.0018165493901150264223	
-0.0010528676195761938177	
0.0018165514081183334154	
0.078841880317178078541	
0.050395051243228093651	
0.078841880317178078541	
0.050395064954805106339	
9.9901211384142296623	

	new residual evaluated as 28485752326667.324219
	step index 7 to 0.066872683432514012924 from 12.78836317400616629 to 28485752326667.324219
	begin step size looping index 8 and step size 0.066872683432514012924
direction is 
11.599119448565513579	
-34.935449809922758391	
0.97969407534276031768	
-0.26629917186061896617	
0.97969407422321008738	
-0.26627856044863540408	
0.038604165590912321859	
0.46082861390810148094	
0.038604165590912321859	
0.46082859390543251532	
0.70465056674769421807	
-0.2463226810820907664	
-1.609318315055055848	
-5.2481527759627111251	
0.70465153926575463394	
-0.24630734977888493753	
-1.60931827952791906	
-5.2481527759627111251	
0.0036314651211635396583	
0.019714358605363500182	
0.0036318392756501177362	
0.019741906541291685123	
-1.7428755442011660826	
-5.1947991546097886939	
-1.7428766754717917031	
-5.1947988368061857045	
0.00026057917389070103277	
0.018869644278872586135	
0.00026025831010930485388	
0.01886960875173579813	
0.0005019483021277987983	
0.017409265794064852223	
0.0005022880490278931135	
0.017409265794064852223	
0.00045389784962202207744	
0.016660495859120858647	
0.00045421983295372233592	
0.01666051362268925265	
0.20805786335177611779	
0.45961122850084595859	
0.20805786335177611779	
0.45961126402798274659	
-0.082202252885332727228	

current_solution is 
0.53220578975428867174	
0.47683522091913682628	
-0.0013300249573272155106	
0.00028033780714208019228	
-0.0013300253039510304479	
0.00028030957561769415066	
0.055250841479896499464	
0.00066420671246446392078	
0.055250841479896499464	
0.000664215886676833853	
-0.0011254884833461309239	
0.0002873635252475682648	
-0.01837011388250441718	
0.0090375449114583270016	
-0.0011254898698413908897	
0.00028733945320896174102	
-0.01837011388250441718	
0.0090375449114583270016	
-0.0010805550650894197185	
1.3847089494147852309e-05	
-0.0010805547184656047813	
1.3845726954702964077e-05	
-0.017535185154707193245	
0.0090375424983796560918	
-0.017535183421588121377	
0.0090375452447941061196	
-0.0011020152387214180931	
1.3845936261102963631e-05	
-0.0011020155853452332471	
1.3845840316302963129e-05	
-0.0011020159319690481844	
1.3846049622702962683e-05	
-0.0011020152387214180931	
1.3845726954702964077e-05	
-0.0011020159319690481844	
1.3845840316302963129e-05	
-0.0011020152387214180931	
1.3845936261102963631e-05	
0.056329546230647710436	
0.00066407083592899833393	
0.056329546230647710436	
0.00066408070338899824903	
9.9990156091629334156	

trial_solution is 
1.3078700327341268306	
-1.8593920547923097342	
0.064184746803778724988	
-0.017527802411033733404	
0.064184746382287591326	
-0.017526452302129447852	
0.057832405624633931307	
0.031481052726985161994	
0.057832405624633931307	
0.031481060563565380073	
0.045996385797314014166	
-0.016184895149003192955	
-0.12598954810732801435	
-0.34192051428096570387	
0.045996449445711136417	
-0.016183893975655911507	
-0.12598954573153303693	
-0.34192051428096570387	
-0.00083770924764563420902	
0.0013321991515856796123	
-0.00083768388030728343097	
0.0013340399934447795365	
-0.13408594968434237038	
-0.33835261686333212294	
-0.13408602360232568795	
-0.3383525928645379488	
-0.0010845896101167192514	
0.0012757096846062986051	
-0.0010846114137626125789	
0.0012757072128665269788	
-0.0010684493020613680669	
0.0011780503698616965388	
-0.0010684258890268406601	
0.0011780500471936965808	
-0.0010716625647605758972	
0.0011279779057320029126	
-0.0010716403396235343794	
0.0011279791895742884329	
0.070242933862216291874	
0.031399507021494930947	
0.070242933862216291874	
0.031399519264749903291	
9.9935185239282926517	

	new residual evaluated as 133613818.40975396335
	step index 8 to 0.041329591280205649206 from 12.78836317400616629 to 133613818.40975396335
	begin step size looping index 9 and step size 0.041329591280205649206
direction is 
11.599119448565513579	
-34.935449809922758391	
0.97969407534276031768	
-0.26629917186061896617	
0.97969407422321008738	
-0.26627856044863540408	
0.038604165590912321859	
0.46082861390810148094	
0.038604165590912321859	
0.46082859390543251532	
0.70465056674769421807	
-0.2463226810820907664	
-1.609318315055055848	
-5.2481527759627111251	
0.70465153926575463394	
-0.24630734977888493753	
-1.60931827952791906	
-5.2481527759627111251	
0.0036314651211635396583	
0.019714358605363500182	
0.0036318392756501177362	
0.019741906541291685123	
-1.7428755442011660826	
-5.1947991546097886939	
-1.7428766754717917031	
-5.1947988368061857045	
0.00026057917389070103277	
0.018869644278872586135	
0.00026025831010930485388	
0.01886960875173579813	
0.0005019483021277987983	
0.017409265794064852223	
0.0005022880490278931135	
0.017409265794064852223	
0.00045389784962202207744	
0.016660495859120858647	
0.00045421983295372233592	
0.01666051362268925265	
0.20805786335177611779	
0.45961122850084595859	
0.20805786335177611779	
0.45961126402798274659	
-0.082202252885332727228	

current_solution is 
0.53220578975428867174	
0.47683522091913682628	
-0.0013300249573272155106	
0.00028033780714208019228	
-0.0013300253039510304479	
0.00028030957561769415066	
0.055250841479896499464	
0.00066420671246446392078	
0.055250841479896499464	
0.000664215886676833853	
-0.0011254884833461309239	
0.0002873635252475682648	
-0.01837011388250441718	
0.0090375449114583270016	
-0.0011254898698413908897	
0.00028733945320896174102	
-0.01837011388250441718	
0.0090375449114583270016	
-0.0010805550650894197185	
1.3847089494147852309e-05	
-0.0010805547184656047813	
1.3845726954702964077e-05	
-0.017535185154707193245	
0.0090375424983796560918	
-0.017535183421588121377	
0.0090375452447941061196	
-0.0011020152387214180931	
1.3845936261102963631e-05	
-0.0011020155853452332471	
1.3845840316302963129e-05	
-0.0011020159319690481844	
1.3846049622702962683e-05	
-0.0011020152387214180931	
1.3845726954702964077e-05	
-0.0011020159319690481844	
1.3845840316302963129e-05	
-0.0011020152387214180931	
1.3845936261102963631e-05	
0.056329546230647710436	
0.00066407083592899833393	
0.056329546230647710436	
0.00066408070338899824903	
9.9990156091629334156	

trial_solution is 
1.0115926557737857649	
-0.96703264091510887646	
0.039160330756228066418	
-0.010725698124114542084	
0.039160330363333703541	
-0.010724874494405940359	
0.056846335865482280902	
0.019710064975509988122	
0.056846335865482280902	
0.019710073323020230185	
0.027997431435701339297	
-0.009893052206919687383	
-0.084882582083479096724	
-0.20786646429515720502	
0.027997470242980031924	
-0.0098924426424630042265	
-0.084882580615157049442	
-0.20786646429515720502	
-0.00093046809588340814289	
0.00082863347300522641019	
-0.00093045228560758729171	
0.00082977065539830666303	
-0.089567519048807386906	
-0.20566138334440076108	
-0.089567564070640898199	
-0.20566136746329327645	
-0.0010912456079683818203	
0.00079372062190977783671	
-0.0010912592157611385787	
0.00079371905764293493486	
-0.0010812706137983130183	
0.00073336388937986815139	
-0.0010812558789501634533	
0.00073336356671186819344	
-0.0010832565193612058406	
0.00070241732469932666432	
-0.0010832425186740775314	
0.00070241815480514820189	
0.064928492685609490165	
0.019659615057662168519	
0.064928492685609490165	
0.019659626393444210729	
9.9956182236488704262	

	new residual evaluated as 61580.438738543409272
	step index 9 to 0.025543092152308374126 from 12.78836317400616629 to 61580.438738543409272
	begin step size looping index 10 and step size 0.025543092152308374126
direction is 
11.599119448565513579	
-34.935449809922758391	
0.97969407534276031768	
-0.26629917186061896617	
0.97969407422321008738	
-0.26627856044863540408	
0.038604165590912321859	
0.46082861390810148094	
0.038604165590912321859	
0.46082859390543251532	
0.70465056674769421807	
-0.2463226810820907664	
-1.609318315055055848	
-5.2481527759627111251	
0.70465153926575463394	
-0.24630734977888493753	
-1.60931827952791906	
-5.2481527759627111251	
0.0036314651211635396583	
0.019714358605363500182	
0.0036318392756501177362	
0.019741906541291685123	
-1.7428755442011660826	
-5.1947991546097886939	
-1.7428766754717917031	
-5.1947988368061857045	
0.00026057917389070103277	
0.018869644278872586135	
0.00026025831010930485388	
0.01886960875173579813	
0.0005019483021277987983	
0.017409265794064852223	
0.0005022880490278931135	
0.017409265794064852223	
0.00045389784962202207744	
0.016660495859120858647	
0.00045421983295372233592	
0.01666051362268925265	
0.20805786335177611779	
0.45961122850084595859	
0.20805786335177611779	
0.45961126402798274659	
-0.082202252885332727228	

current_solution is 
0.53220578975428867174	
0.47683522091913682628	
-0.0013300249573272155106	
0.00028033780714208019228	
-0.0013300253039510304479	
0.00028030957561769415066	
0.055250841479896499464	
0.00066420671246446392078	
0.055250841479896499464	
0.000664215886676833853	
-0.0011254884833461309239	
0.0002873635252475682648	
-0.01837011388250441718	
0.0090375449114583270016	
-0.0011254898698413908897	
0.00028733945320896174102	
-0.01837011388250441718	
0.0090375449114583270016	
-0.0010805550650894197185	
1.3847089494147852309e-05	
-0.0010805547184656047813	
1.3845726954702964077e-05	
-0.017535185154707193245	
0.0090375424983796560918	
-0.017535183421588121377	
0.0090375452447941061196	
-0.0011020152387214180931	
1.3845936261102963631e-05	
-0.0011020155853452332471	
1.3845840316302963129e-05	
-0.0011020159319690481844	
1.3846049622702962683e-05	
-0.0011020152387214180931	
1.3845726954702964077e-05	
-0.0011020159319690481844	
1.3845840316302963129e-05	
-0.0011020152387214180931	
1.3845936261102963631e-05	
0.056329546230647710436	
0.00066407083592899833393	
0.056329546230647710436	
0.00066408070338899824903	
9.9990156091629334156	

trial_solution is 
0.82848316671462995942	
-0.41552419295806425348	
0.023694391090223452384	
-0.0065217664797771156271	
0.023694390715002865144	
-0.0065212682321058156737	
0.05623691123904814293	
0.012435194463939636816	
0.05623691123904814293	
0.012435203127221988728	
0.016873465878266543511	
-0.0060044794168359425651	
-0.059477079906353348682	
-0.12501650507435019266	
0.016873489332889724662	
-0.006004111879983948033	
-0.059477078998880418548	
-0.12501650507435019266	
-0.00098779621685164578464	
0.00051741276807460139658	
-0.00098778631316530102896	
0.00051811506500117597302	
-0.062053615790242183659	
-0.12365369102055182027	
-0.062053642953272952765	
-0.12365368015645064603	
-0.0010953592408697555242	
0.00049583499895762398781	
-0.0010953677833467072474	
0.00049583399553989509004	
-0.0010891946202321030161	
0.00045853253010453149914	
-0.0010891852487980955167	
0.00045853220743653148699	
-0.001090421977368418241	
0.00043940642134897913177	
-0.0010904130596708749412	
0.00043940697103024355889	
0.061643987407254512145	
0.012403962799761768243	
0.061643987407254512145	
0.012403973574694696774	
9.9969159094423556411	

	new residual evaluated as 400.29455345046852699
	step index 10 to 0.015786499127897282019 from 12.78836317400616629 to 400.29455345046852699
	begin step size looping index 11 and step size 0.015786499127897282019
direction is 
11.599119448565513579	
-34.935449809922758391	
0.97969407534276031768	
-0.26629917186061896617	
0.97969407422321008738	
-0.26627856044863540408	
0.038604165590912321859	
0.46082861390810148094	
0.038604165590912321859	
0.46082859390543251532	
0.70465056674769421807	
-0.2463226810820907664	
-1.609318315055055848	
-5.2481527759627111251	
0.70465153926575463394	
-0.24630734977888493753	
-1.60931827952791906	
-5.2481527759627111251	
0.0036314651211635396583	
0.019714358605363500182	
0.0036318392756501177362	
0.019741906541291685123	
-1.7428755442011660826	
-5.1947991546097886939	
-1.7428766754717917031	
-5.1947988368061857045	
0.00026057917389070103277	
0.018869644278872586135	
0.00026025831010930485388	
0.01886960875173579813	
0.0005019483021277987983	
0.017409265794064852223	
0.0005022880490278931135	
0.017409265794064852223	
0.00045389784962202207744	
0.016660495859120858647	
0.00045421983295372233592	
0.01666051362268925265	
0.20805786335177611779	
0.45961122850084595859	
0.20805786335177611779	
0.45961126402798274659	
-0.082202252885332727228	

current_solution is 
0.53220578975428867174	
0.47683522091913682628	
-0.0013300249573272155106	
0.00028033780714208019228	
-0.0013300253039510304479	
0.00028030957561769415066	
0.055250841479896499464	
0.00066420671246446392078	
0.055250841479896499464	
0.000664215886676833853	
-0.0011254884833461309239	
0.0002873635252475682648	
-0.01837011388250441718	
0.0090375449114583270016	
-0.0011254898698413908897	
0.00028733945320896174102	
-0.01837011388250441718	
0.0090375449114583270016	
-0.0010805550650894197185	
1.3847089494147852309e-05	
-0.0010805547184656047813	
1.3845726954702964077e-05	
-0.017535185154707193245	
0.0090375424983796560918	
-0.017535183421588121377	
0.0090375452447941061196	
-0.0011020152387214180931	
1.3845936261102963631e-05	
-0.0011020155853452332471	
1.3845840316302963129e-05	
-0.0011020159319690481844	
1.3846049622702962683e-05	
-0.0011020152387214180931	
1.3845726954702964077e-05	
-0.0011020159319690481844	
1.3845840316302963129e-05	
-0.0011020152387214180931	
1.3845936261102963631e-05	
0.056329546230647710436	
0.00066407083592899833393	
0.056329546230647710436	
0.00066408070338899824903	
9.9990156091629334156	

trial_solution is 
0.7153152788134445883	
-0.074673227037908074255	
0.014135914708677404378	
-0.0039235938371953498968	
0.014135914344379812285	
-0.0039232966866824319982	
0.055860266106330637437	
0.0079390772240348211897	
0.055860266106330637437	
0.0079390860824750750929	
0.0099984770740886696333	
-0.0036012092648361779083	
-0.0437756160596301791	
-0.073812414309348706176	
0.0099984910402489222264	
-0.0036009913092700960788	
-0.043775615498781061952	
-0.073812414309348706176	
-0.0010232269441211821852	
0.00032506779442477304548	
-0.001023220690907891044	
0.00032550131735183378962	
-0.045049088413272403431	
-0.072970149825469315941	
-0.045049104538956073751	
-0.072970142062048562459	
-0.0010979016058200443892	
0.00031173155921325695992	
-0.0010979070177596645785	
0.00031173090241934305359	
-0.0010940919255352581866	
0.0002886774088980397098	
-0.0010940858688734860296	
0.00028867708623003969764	
-0.001094850473961835784	
0.0002768567436666506329	
-0.0010948446977246204664	
0.0002768571200360076456	
0.059614051509002695395	
0.0079197230938294008867	
0.059614051509002695395	
0.0079197335221385164322	
9.9977179233694482008	

	new residual evaluated as 12.522423379989149339
		breaking with new residual
End step size.
Steepest Descent terminate with total step 2

solution:
(0.7153152788134445883,-0.074673227037908074255)	
(0.014135914708677404378,-0.0039235938371953498968)	
(0.014135914344379812285,-0.0039232966866824319982)	
(0.055860266106330637437,0.0079390772240348211897)	
(0.055860266106330637437,0.0079390860824750750929)	
(0.0099984770740886696333,-0.0036012092648361779083)	
(-0.0437756160596301791,-0.073812414309348706176)	
(0.0099984910402489222264,-0.0036009913092700960788)	
(-0.043775615498781061952,-0.073812414309348706176)	
(-0.0010232269441211821852,0.00032506779442477304548)	
(-0.001023220690907891044,0.00032550131735183378962)	
(-0.045049088413272403431,-0.072970149825469315941)	
(-0.045049104538956073751,-0.072970142062048562459)	
(-0.0010979016058200443892,0.00031173155921325695992)	
(-0.0010979070177596645785,0.00031173090241934305359)	
(-0.0010940919255352581866,0.0002886774088980397098)	
(-0.0010940858688734860296,0.00028867708623003969764)	
(-0.001094850473961835784,0.0002768567436666506329)	
(-0.0010948446977246204664,0.0002768571200360076456)	
(0.059614051509002695395,0.0079197230938294008867)	
(0.059614051509002695395,0.0079197335221385164322)	


real	0m2.076s
user	0m0.984s
sys	0m0.972s
