clang++ -std=c++14 -stdlib=libc++ -O3 -ferror-limit=2 -Weverything -Wno-c++98-compat -Wno-c++98-compat-pedantic -Wno-sign-conversion -Wno-exit-time-destructors -Wno-float-equal -Wno-global-constructors -Wno-missing-declarations -Wno-unused-parameter -Wno-padded -Wno-shadow -Wno-weak-vtables -Wno-missing-prototypes -Wno-unused-variable -ferror-limit=1 -Wno-deprecated -Wno-conversion -Wno-double-promotion -c src/direct_cuda_pattern.cc -o ./obj/direct_cuda_pattern.o -Iinclude -I/usr/local/cuda/include -I/usr/local/include -I/usr/include/c++/v1
nvcc src/cuda_pattern.cu -o ./obj/_cuda_pattern.o -Iinclude -I/usr/local/cuda/include -I/usr/local/include -I/usr/include/c++/v1 -m64 -dc -gencode arch=compute_70,code=sm_70 --relocatable-device-code true  -Xptxas -v
ptxas info    : 9754 bytes gmem
ptxas info    : Compiling entry function '_Z5ZaxpymddP7double2S0_' for 'sm_70'
ptxas info    : Function properties for _Z5ZaxpymddP7double2S0_
    0 bytes stack frame, 0 bytes spill stores, 0 bytes spill loads
ptxas info    : Used 30 registers, 392 bytes cmem[0]
ptxas info    : Function properties for cudaGetDevice
    0 bytes stack frame, 0 bytes spill stores, 0 bytes spill loads
ptxas info    : Compiling entry function '_Z5DasummP7double2Pd' for 'sm_70'
ptxas info    : Function properties for _Z5DasummP7double2Pd
    0 bytes stack frame, 0 bytes spill stores, 0 bytes spill loads
ptxas info    : Used 26 registers, 1024 bytes smem, 376 bytes cmem[0]
ptxas info    : Compiling entry function '_Z8sum_diagP7double2mdd' for 'sm_70'
ptxas info    : Function properties for _Z8sum_diagP7double2mdd
    0 bytes stack frame, 0 bytes spill stores, 0 bytes spill loads
ptxas info    : Used 10 registers, 384 bytes cmem[0]
ptxas info    : Compiling entry function '_Z5ZgemmP7double2S0_S0_md' for 'sm_70'
ptxas info    : Function properties for _Z5ZgemmP7double2S0_S0_md
    0 bytes stack frame, 0 bytes spill stores, 0 bytes spill loads
ptxas info    : Used 40 registers, 8704 bytes smem, 392 bytes cmem[0]
ptxas info    : Function properties for cudaFuncGetAttributes
    0 bytes stack frame, 0 bytes spill stores, 0 bytes spill loads
ptxas info    : Function properties for cudaOccupancyMaxActiveBlocksPerMultiprocessorWithFlags
    0 bytes stack frame, 0 bytes spill stores, 0 bytes spill loads
ptxas info    : Compiling entry function '_Z22extract_intensity_diffP7double2PdS1_mm' for 'sm_70'
ptxas info    : Function properties for _Z22extract_intensity_diffP7double2PdS1_mm
    0 bytes stack frame, 0 bytes spill stores, 0 bytes spill loads
ptxas info    : Used 24 registers, 392 bytes cmem[0], 8 bytes cmem[2]
ptxas info    : Compiling entry function '_Z9compose_aPdPmS_dP7double2m' for 'sm_70'
ptxas info    : Function properties for _Z9compose_aPdPmS_dP7double2m
    0 bytes stack frame, 0 bytes spill stores, 0 bytes spill loads
ptxas info    : Used 30 registers, 400 bytes cmem[0]
ptxas info    : Function properties for cudaOccupancyMaxActiveBlocksPerMultiprocessor
    0 bytes stack frame, 0 bytes spill stores, 0 bytes spill loads
ptxas info    : Compiling entry function '_Z5ZscalmdP7double2' for 'sm_70'
ptxas info    : Function properties for _Z5ZscalmdP7double2
    0 bytes stack frame, 0 bytes spill stores, 0 bytes spill loads
ptxas info    : Used 27 registers, 376 bytes cmem[0]
ptxas info    : Function properties for cudaMalloc
    0 bytes stack frame, 0 bytes spill stores, 0 bytes spill loads
ptxas info    : Compiling entry function '_Z38make_individual_pattern_intensity_diffPdS_PmS_dS0_S_S_mP7double2mm' for 'sm_70'
ptxas info    : Function properties for _Z38make_individual_pattern_intensity_diffPdS_PmS_dS0_S_S_mP7double2mm
    24 bytes stack frame, 0 bytes spill stores, 0 bytes spill loads
ptxas info    : Used 72 registers, 448 bytes cmem[0], 104 bytes cmem[2]
ptxas info    : Compiling entry function '_Z5ZcopymP7double2S0_' for 'sm_70'
ptxas info    : Function properties for _Z5ZcopymP7double2S0_
    0 bytes stack frame, 0 bytes spill stores, 0 bytes spill loads
ptxas info    : Used 28 registers, 376 bytes cmem[0]
ptxas info    : Function properties for cudaDeviceGetAttribute
    0 bytes stack frame, 0 bytes spill stores, 0 bytes spill loads
ptxas info    : Compiling entry function '_Z6Dznrm2mP7double2Pd' for 'sm_70'
ptxas info    : Function properties for _Z6Dznrm2mP7double2Pd
    0 bytes stack frame, 0 bytes spill stores, 0 bytes spill loads
ptxas info    : Used 28 registers, 1024 bytes smem, 376 bytes cmem[0]
ptxas info    : Compiling entry function '_Z34extract_intensity_diff_with_offsetP7double2PdS1_S1_mmdd' for 'sm_70'
ptxas info    : Function properties for _Z34extract_intensity_diff_with_offsetP7double2PdS1_S1_mmdd
    0 bytes stack frame, 0 bytes spill stores, 0 bytes spill loads
ptxas info    : Used 24 registers, 416 bytes cmem[0], 8 bytes cmem[2]
nvcc -dlink ./obj/_cuda_pattern.o -arch=sm_70 -o ./obj/cuda_pattern.o -m64 -lcudadevrt -L/usr/local/cuda/lib64  -rdc=true -Xptxas -v
clang++ -o ./bin/direct_cuda_pattern ./obj/_cuda_pattern.o ./obj/direct_cuda_pattern.o ./obj/cuda_pattern.o  -lcudadevrt -lcublas -lcudart -m64 -L/usr/local/cuda/lib64  -lc++ -lc++abi -O3 -pthread
intensity_test_push0 
0.9998922900000000169	
5.3699999999999997464e-05	
5.3709999999999999062e-05	

intensity_test_push1 
0.84424030999999999381	
0.077879210000000004266	
0.077879210000000004266	

intensity_test_push30 
0.43996691999999998357	
3.7119999999999996965e-05	
3.7119999999999996965e-05	
9.6979999999999996437e-05	
0.27993107000000000406	
0.27993112999999997248	

intensity_test_push31 
0.25223178000000001653	
8.6500000000000001909e-06	
8.6500000000000001909e-06	
0.37387442999999997983	
0.37387455000000002769	

intensity_test_push0 
0.9998922900000000169	
5.3699999999999997464e-05	
5.3709999999999999062e-05	

intensity_test_push1 
0.84424030999999999381	
0.077879210000000004266	
0.077879210000000004266	

intensity_test_push30 
0.43996691999999998357	
3.7119999999999996965e-05	
3.7119999999999996965e-05	
9.6979999999999996437e-05	
0.27993107000000000406	
0.27993112999999997248	

intensity_test_push31 
0.25223178000000001653	
8.6500000000000001909e-06	
8.6500000000000001909e-06	
0.37387442999999997983	
0.37387455000000002769	

intensity_x_0
0.9998922900000000169	
5.3699999999999997464e-05	
5.3709999999999999062e-05	

intensity_test_push0 
0.9998922900000000169	
5.3699999999999997464e-05	
5.3709999999999999062e-05	

intensity_test_push1 
0.84424030999999999381	
0.077879210000000004266	
0.077879210000000004266	

intensity_test_push30 
0.43996691999999998357	
3.7119999999999996965e-05	
3.7119999999999996965e-05	
9.6979999999999996437e-05	
0.27993107000000000406	
0.27993112999999997248	

intensity_test_push31 
0.25223178000000001653	
8.6500000000000001909e-06	
8.6500000000000001909e-06	
0.37387442999999997983	
0.37387455000000002769	

intensity_test_push0 
0.9998922900000000169	
5.3699999999999997464e-05	
5.3709999999999999062e-05	

intensity_test_push1 
0.84424030999999999381	
0.077879210000000004266	
0.077879210000000004266	

intensity_test_push30 
0.43996691999999998357	
3.7119999999999996965e-05	
3.7119999999999996965e-05	
9.6979999999999996437e-05	
0.27993107000000000406	
0.27993112999999997248	

intensity_test_push31 
0.25223178000000001653	
8.6500000000000001909e-06	
8.6500000000000001909e-06	
0.37387442999999997983	
0.37387455000000002769	

intensity_x_1
0.84424030999999999381	
0.077879210000000004266	
0.077879210000000004266	

intensity_test_push0 
0.9998922900000000169	
5.3699999999999997464e-05	
5.3709999999999999062e-05	

intensity_test_push1 
0.84424030999999999381	
0.077879210000000004266	
0.077879210000000004266	

intensity_test_push30 
0.43996691999999998357	
3.7119999999999996965e-05	
3.7119999999999996965e-05	
9.6979999999999996437e-05	
0.27993107000000000406	
0.27993112999999997248	

intensity_test_push31 
0.25223178000000001653	
8.6500000000000001909e-06	
8.6500000000000001909e-06	
0.37387442999999997983	
0.37387455000000002769	

intensity_test_push0 
0.9998922900000000169	
5.3699999999999997464e-05	
5.3709999999999999062e-05	

intensity_test_push1 
0.84424030999999999381	
0.077879210000000004266	
0.077879210000000004266	

intensity_test_push30 
0.43996691999999998357	
3.7119999999999996965e-05	
3.7119999999999996965e-05	
9.6979999999999996437e-05	
0.27993107000000000406	
0.27993112999999997248	

intensity_test_push31 
0.25223178000000001653	
8.6500000000000001909e-06	
8.6500000000000001909e-06	
0.37387442999999997983	
0.37387455000000002769	

intensity_x_2
0.85232669000000005344	
0.14767335000000000877	
4.799999999999999571e-07	

intensity_test_push0 
0.9998922900000000169	
5.3699999999999997464e-05	
5.3709999999999999062e-05	

intensity_test_push1 
0.84424030999999999381	
0.077879210000000004266	
0.077879210000000004266	

intensity_test_push30 
0.43996691999999998357	
3.7119999999999996965e-05	
3.7119999999999996965e-05	
9.6979999999999996437e-05	
0.27993107000000000406	
0.27993112999999997248	

intensity_test_push31 
0.25223178000000001653	
8.6500000000000001909e-06	
8.6500000000000001909e-06	
0.37387442999999997983	
0.37387455000000002769	

intensity_test_push0 
0.9998922900000000169	
5.3699999999999997464e-05	
5.3709999999999999062e-05	

intensity_test_push1 
0.84424030999999999381	
0.077879210000000004266	
0.077879210000000004266	

intensity_test_push30 
0.43996691999999998357	
3.7119999999999996965e-05	
3.7119999999999996965e-05	
9.6979999999999996437e-05	
0.27993107000000000406	
0.27993112999999997248	

intensity_test_push31 
0.25223178000000001653	
8.6500000000000001909e-06	
8.6500000000000001909e-06	
0.37387442999999997983	
0.37387455000000002769	

intensity_x_3
0.99998998999999999526	
5.0699999999999997388e-06	
5.0699999999999997388e-06	

intensity_test_push0 
0.9998922900000000169	
5.3699999999999997464e-05	
5.3709999999999999062e-05	

intensity_test_push1 
0.84424030999999999381	
0.077879210000000004266	
0.077879210000000004266	

intensity_test_push30 
0.43996691999999998357	
3.7119999999999996965e-05	
3.7119999999999996965e-05	
9.6979999999999996437e-05	
0.27993107000000000406	
0.27993112999999997248	

intensity_test_push31 
0.25223178000000001653	
8.6500000000000001909e-06	
8.6500000000000001909e-06	
0.37387442999999997983	
0.37387455000000002769	

intensity_test_push0 
0.9998922900000000169	
5.3699999999999997464e-05	
5.3709999999999999062e-05	

intensity_test_push1 
0.84424030999999999381	
0.077879210000000004266	
0.077879210000000004266	

intensity_test_push30 
0.43996691999999998357	
3.7119999999999996965e-05	
3.7119999999999996965e-05	
9.6979999999999996437e-05	
0.27993107000000000406	
0.27993112999999997248	

intensity_test_push31 
0.25223178000000001653	
8.6500000000000001909e-06	
8.6500000000000001909e-06	
0.37387442999999997983	
0.37387455000000002769	

intensity_x_4
0.99989234999999998532	
5.3669999999999999445e-05	
5.3669999999999999445e-05	

intensity_test_push0 
0.9998922900000000169	
5.3699999999999997464e-05	
5.3709999999999999062e-05	

intensity_test_push1 
0.84424030999999999381	
0.077879210000000004266	
0.077879210000000004266	

intensity_test_push30 
0.43996691999999998357	
3.7119999999999996965e-05	
3.7119999999999996965e-05	
9.6979999999999996437e-05	
0.27993107000000000406	
0.27993112999999997248	

intensity_test_push31 
0.25223178000000001653	
8.6500000000000001909e-06	
8.6500000000000001909e-06	
0.37387442999999997983	
0.37387455000000002769	

intensity_test_push0 
0.9998922900000000169	
5.3699999999999997464e-05	
5.3709999999999999062e-05	

intensity_test_push1 
0.84424030999999999381	
0.077879210000000004266	
0.077879210000000004266	

intensity_test_push30 
0.43996691999999998357	
3.7119999999999996965e-05	
3.7119999999999996965e-05	
9.6979999999999996437e-05	
0.27993107000000000406	
0.27993112999999997248	

intensity_test_push31 
0.25223178000000001653	
8.6500000000000001909e-06	
8.6500000000000001909e-06	
0.37387442999999997983	
0.37387455000000002769	

intensity_x_5
0.99998998999999999526	
5.0699999999999997388e-06	
5.0699999999999997388e-06	

intensity_test_push0 
0.9998922900000000169	
5.3699999999999997464e-05	
5.3709999999999999062e-05	

intensity_test_push1 
0.84424030999999999381	
0.077879210000000004266	
0.077879210000000004266	

intensity_test_push30 
0.43996691999999998357	
3.7119999999999996965e-05	
3.7119999999999996965e-05	
9.6979999999999996437e-05	
0.27993107000000000406	
0.27993112999999997248	

intensity_test_push31 
0.25223178000000001653	
8.6500000000000001909e-06	
8.6500000000000001909e-06	
0.37387442999999997983	
0.37387455000000002769	

intensity_test_push0 
0.9998922900000000169	
5.3699999999999997464e-05	
5.3709999999999999062e-05	

intensity_test_push1 
0.84424030999999999381	
0.077879210000000004266	
0.077879210000000004266	

intensity_test_push30 
0.43996691999999998357	
3.7119999999999996965e-05	
3.7119999999999996965e-05	
9.6979999999999996437e-05	
0.27993107000000000406	
0.27993112999999997248	

intensity_test_push31 
0.25223178000000001653	
8.6500000000000001909e-06	
8.6500000000000001909e-06	
0.37387442999999997983	
0.37387455000000002769	

intensity_x_6
0.83436560999999997978	
0.16375110000000001054	
0.0018835699999999999926	

intensity_test_push0 
0.9998922900000000169	
5.3699999999999997464e-05	
5.3709999999999999062e-05	

intensity_test_push1 
0.84424030999999999381	
0.077879210000000004266	
0.077879210000000004266	

intensity_test_push30 
0.43996691999999998357	
3.7119999999999996965e-05	
3.7119999999999996965e-05	
9.6979999999999996437e-05	
0.27993107000000000406	
0.27993112999999997248	

intensity_test_push31 
0.25223178000000001653	
8.6500000000000001909e-06	
8.6500000000000001909e-06	
0.37387442999999997983	
0.37387455000000002769	

intensity_test_push0 
0.9998922900000000169	
5.3699999999999997464e-05	
5.3709999999999999062e-05	

intensity_test_push1 
0.84424030999999999381	
0.077879210000000004266	
0.077879210000000004266	

intensity_test_push30 
0.43996691999999998357	
3.7119999999999996965e-05	
3.7119999999999996965e-05	
9.6979999999999996437e-05	
0.27993107000000000406	
0.27993112999999997248	

intensity_test_push31 
0.25223178000000001653	
8.6500000000000001909e-06	
8.6500000000000001909e-06	
0.37387442999999997983	
0.37387455000000002769	

intensity_x_7
0.84424030999999999381	
0.077879249999999997089	
0.077879210000000004266	

intensity_test_push0 
0.9998922900000000169	
5.3699999999999997464e-05	
5.3709999999999999062e-05	

intensity_test_push1 
0.84424030999999999381	
0.077879210000000004266	
0.077879210000000004266	

intensity_test_push30 
0.43996691999999998357	
3.7119999999999996965e-05	
3.7119999999999996965e-05	
9.6979999999999996437e-05	
0.27993107000000000406	
0.27993112999999997248	

intensity_test_push31 
0.25223178000000001653	
8.6500000000000001909e-06	
8.6500000000000001909e-06	
0.37387442999999997983	
0.37387455000000002769	

intensity_test_push0 
0.9998922900000000169	
5.3699999999999997464e-05	
5.3709999999999999062e-05	

intensity_test_push1 
0.84424030999999999381	
0.077879210000000004266	
0.077879210000000004266	

intensity_test_push30 
0.43996691999999998357	
3.7119999999999996965e-05	
3.7119999999999996965e-05	
9.6979999999999996437e-05	
0.27993107000000000406	
0.27993112999999997248	

intensity_test_push31 
0.25223178000000001653	
8.6500000000000001909e-06	
8.6500000000000001909e-06	
0.37387442999999997983	
0.37387455000000002769	

intensity_x_8
0.84424030999999999381	
0.077879210000000004266	
0.077879210000000004266	

intensity_test_push0 
0.9998922900000000169	
5.3699999999999997464e-05	
5.3709999999999999062e-05	

intensity_test_push1 
0.84424030999999999381	
0.077879210000000004266	
0.077879210000000004266	

intensity_test_push30 
0.43996691999999998357	
3.7119999999999996965e-05	
3.7119999999999996965e-05	
9.6979999999999996437e-05	
0.27993107000000000406	
0.27993112999999997248	

intensity_test_push31 
0.25223178000000001653	
8.6500000000000001909e-06	
8.6500000000000001909e-06	
0.37387442999999997983	
0.37387455000000002769	

intensity_test_push0 
0.9998922900000000169	
5.3699999999999997464e-05	
5.3709999999999999062e-05	

intensity_test_push1 
0.84424030999999999381	
0.077879210000000004266	
0.077879210000000004266	

intensity_test_push30 
0.43996691999999998357	
3.7119999999999996965e-05	
3.7119999999999996965e-05	
9.6979999999999996437e-05	
0.27993107000000000406	
0.27993112999999997248	

intensity_test_push31 
0.25223178000000001653	
8.6500000000000001909e-06	
8.6500000000000001909e-06	
0.37387442999999997983	
0.37387455000000002769	

intensity_x_9
0.25151866999999999974	
0.37424110999999998795	
0.37424105000000001953	

intensity_test_push0 
0.9998922900000000169	
5.3699999999999997464e-05	
5.3709999999999999062e-05	

intensity_test_push1 
0.84424030999999999381	
0.077879210000000004266	
0.077879210000000004266	

intensity_test_push30 
0.43996691999999998357	
3.7119999999999996965e-05	
3.7119999999999996965e-05	
9.6979999999999996437e-05	
0.27993107000000000406	
0.27993112999999997248	

intensity_test_push31 
0.25223178000000001653	
8.6500000000000001909e-06	
8.6500000000000001909e-06	
0.37387442999999997983	
0.37387455000000002769	

intensity_test_push0 
0.9998922900000000169	
5.3699999999999997464e-05	
5.3709999999999999062e-05	

intensity_test_push1 
0.84424030999999999381	
0.077879210000000004266	
0.077879210000000004266	

intensity_test_push30 
0.43996691999999998357	
3.7119999999999996965e-05	
3.7119999999999996965e-05	
9.6979999999999996437e-05	
0.27993107000000000406	
0.27993112999999997248	

intensity_test_push31 
0.25223178000000001653	
8.6500000000000001909e-06	
8.6500000000000001909e-06	
0.37387442999999997983	
0.37387455000000002769	

intensity_x_10
0.84453224999999998435	
0.077733769999999993705	
0.077733789999999997056	

intensity_test_push0 
0.9998922900000000169	
5.3699999999999997464e-05	
5.3709999999999999062e-05	

intensity_test_push1 
0.84424030999999999381	
0.077879210000000004266	
0.077879210000000004266	

intensity_test_push30 
0.43996691999999998357	
3.7119999999999996965e-05	
3.7119999999999996965e-05	
9.6979999999999996437e-05	
0.27993107000000000406	
0.27993112999999997248	

intensity_test_push31 
0.25223178000000001653	
8.6500000000000001909e-06	
8.6500000000000001909e-06	
0.37387442999999997983	
0.37387455000000002769	

intensity_test_push0 
0.9998922900000000169	
5.3699999999999997464e-05	
5.3709999999999999062e-05	

intensity_test_push1 
0.84424030999999999381	
0.077879210000000004266	
0.077879210000000004266	

intensity_test_push30 
0.43996691999999998357	
3.7119999999999996965e-05	
3.7119999999999996965e-05	
9.6979999999999996437e-05	
0.27993107000000000406	
0.27993112999999997248	

intensity_test_push31 
0.25223178000000001653	
8.6500000000000001909e-06	
8.6500000000000001909e-06	
0.37387442999999997983	
0.37387455000000002769	

intensity_x_11
0.9999898699999999474	
5.0499999999999999303e-06	
5.0499999999999999303e-06	

intensity_test_push0 
0.9998922900000000169	
5.3699999999999997464e-05	
5.3709999999999999062e-05	

intensity_test_push1 
0.84424030999999999381	
0.077879210000000004266	
0.077879210000000004266	

intensity_test_push30 
0.43996691999999998357	
3.7119999999999996965e-05	
3.7119999999999996965e-05	
9.6979999999999996437e-05	
0.27993107000000000406	
0.27993112999999997248	

intensity_test_push31 
0.25223178000000001653	
8.6500000000000001909e-06	
8.6500000000000001909e-06	
0.37387442999999997983	
0.37387455000000002769	

intensity_test_push0 
0.9998922900000000169	
5.3699999999999997464e-05	
5.3709999999999999062e-05	

intensity_test_push1 
0.84424030999999999381	
0.077879210000000004266	
0.077879210000000004266	

intensity_test_push30 
0.43996691999999998357	
3.7119999999999996965e-05	
3.7119999999999996965e-05	
9.6979999999999996437e-05	
0.27993107000000000406	
0.27993112999999997248	

intensity_test_push31 
0.25223178000000001653	
8.6500000000000001909e-06	
8.6500000000000001909e-06	
0.37387442999999997983	
0.37387455000000002769	

intensity_x_12
0.99989307000000005043	
5.3650000000000003025e-05	
5.3650000000000003025e-05	

intensity_test_push0 
0.9998922900000000169	
5.3699999999999997464e-05	
5.3709999999999999062e-05	

intensity_test_push1 
0.84424030999999999381	
0.077879210000000004266	
0.077879210000000004266	

intensity_test_push30 
0.43996691999999998357	
3.7119999999999996965e-05	
3.7119999999999996965e-05	
9.6979999999999996437e-05	
0.27993107000000000406	
0.27993112999999997248	

intensity_test_push31 
0.25223178000000001653	
8.6500000000000001909e-06	
8.6500000000000001909e-06	
0.37387442999999997983	
0.37387455000000002769	

intensity_test_push0 
0.9998922900000000169	
5.3699999999999997464e-05	
5.3709999999999999062e-05	

intensity_test_push1 
0.84424030999999999381	
0.077879210000000004266	
0.077879210000000004266	

intensity_test_push30 
0.43996691999999998357	
3.7119999999999996965e-05	
3.7119999999999996965e-05	
9.6979999999999996437e-05	
0.27993107000000000406	
0.27993112999999997248	

intensity_test_push31 
0.25223178000000001653	
8.6500000000000001909e-06	
8.6500000000000001909e-06	
0.37387442999999997983	
0.37387455000000002769	

intensity_x_13
0.9999898699999999474	
5.0499999999999999303e-06	
5.0499999999999999303e-06	

intensity_test_push0 
0.9998922900000000169	
5.3699999999999997464e-05	
5.3709999999999999062e-05	

intensity_test_push1 
0.84424030999999999381	
0.077879210000000004266	
0.077879210000000004266	

intensity_test_push30 
0.43996691999999998357	
3.7119999999999996965e-05	
3.7119999999999996965e-05	
9.6979999999999996437e-05	
0.27993107000000000406	
0.27993112999999997248	

intensity_test_push31 
0.25223178000000001653	
8.6500000000000001909e-06	
8.6500000000000001909e-06	
0.37387442999999997983	
0.37387455000000002769	

intensity_test_push0 
0.9998922900000000169	
5.3699999999999997464e-05	
5.3709999999999999062e-05	

intensity_test_push1 
0.84424030999999999381	
0.077879210000000004266	
0.077879210000000004266	

intensity_test_push30 
0.43996691999999998357	
3.7119999999999996965e-05	
3.7119999999999996965e-05	
9.6979999999999996437e-05	
0.27993107000000000406	
0.27993112999999997248	

intensity_test_push31 
0.25223178000000001653	
8.6500000000000001909e-06	
8.6500000000000001909e-06	
0.37387442999999997983	
0.37387455000000002769	

intensity_x_14
0.84453224999999998435	
0.077733780000000002319	
0.077733789999999997056	

intensity_test_push0 
0.9998922900000000169	
5.3699999999999997464e-05	
5.3709999999999999062e-05	

intensity_test_push1 
0.84424030999999999381	
0.077879210000000004266	
0.077879210000000004266	

intensity_test_push30 
0.43996691999999998357	
3.7119999999999996965e-05	
3.7119999999999996965e-05	
9.6979999999999996437e-05	
0.27993107000000000406	
0.27993112999999997248	

intensity_test_push31 
0.25223178000000001653	
8.6500000000000001909e-06	
8.6500000000000001909e-06	
0.37387442999999997983	
0.37387455000000002769	

intensity_test_push0 
0.9998922900000000169	
5.3699999999999997464e-05	
5.3709999999999999062e-05	

intensity_test_push1 
0.84424030999999999381	
0.077879210000000004266	
0.077879210000000004266	

intensity_test_push30 
0.43996691999999998357	
3.7119999999999996965e-05	
3.7119999999999996965e-05	
9.6979999999999996437e-05	
0.27993107000000000406	
0.27993112999999997248	

intensity_test_push31 
0.25223178000000001653	
8.6500000000000001909e-06	
8.6500000000000001909e-06	
0.37387442999999997983	
0.37387455000000002769	

intensity_x_15
0.25151869999999998395	
0.37424110999999998795	
0.37424105000000001953	

intensity_test_push0 
0.9998922900000000169	
5.3699999999999997464e-05	
5.3709999999999999062e-05	

intensity_test_push1 
0.84424030999999999381	
0.077879210000000004266	
0.077879210000000004266	

intensity_test_push30 
0.43996691999999998357	
3.7119999999999996965e-05	
3.7119999999999996965e-05	
9.6979999999999996437e-05	
0.27993107000000000406	
0.27993112999999997248	

intensity_test_push31 
0.25223178000000001653	
8.6500000000000001909e-06	
8.6500000000000001909e-06	
0.37387442999999997983	
0.37387455000000002769	

intensity_test_push0 
0.9998922900000000169	
5.3699999999999997464e-05	
5.3709999999999999062e-05	

intensity_test_push1 
0.84424030999999999381	
0.077879210000000004266	
0.077879210000000004266	

intensity_test_push30 
0.43996691999999998357	
3.7119999999999996965e-05	
3.7119999999999996965e-05	
9.6979999999999996437e-05	
0.27993107000000000406	
0.27993112999999997248	

intensity_test_push31 
0.25223178000000001653	
8.6500000000000001909e-06	
8.6500000000000001909e-06	
0.37387442999999997983	
0.37387455000000002769	

intensity_x_16
0.84424043000000004167	
0.077879219999999999002	
0.077879219999999999002	

intensity_test_push0 
0.9998922900000000169	
5.3699999999999997464e-05	
5.3709999999999999062e-05	

intensity_test_push1 
0.84424030999999999381	
0.077879210000000004266	
0.077879210000000004266	

intensity_test_push30 
0.43996691999999998357	
3.7119999999999996965e-05	
3.7119999999999996965e-05	
9.6979999999999996437e-05	
0.27993107000000000406	
0.27993112999999997248	

intensity_test_push31 
0.25223178000000001653	
8.6500000000000001909e-06	
8.6500000000000001909e-06	
0.37387442999999997983	
0.37387455000000002769	

intensity_test_push0 
0.9998922900000000169	
5.3699999999999997464e-05	
5.3709999999999999062e-05	

intensity_test_push1 
0.84424030999999999381	
0.077879210000000004266	
0.077879210000000004266	

intensity_test_push30 
0.43996691999999998357	
3.7119999999999996965e-05	
3.7119999999999996965e-05	
9.6979999999999996437e-05	
0.27993107000000000406	
0.27993112999999997248	

intensity_test_push31 
0.25223178000000001653	
8.6500000000000001909e-06	
8.6500000000000001909e-06	
0.37387442999999997983	
0.37387455000000002769	

intensity_x_17
0.85232669000000005344	
0.14767335000000000877	
4.799999999999999571e-07	

intensity_test_push0 
0.9998922900000000169	
5.3699999999999997464e-05	
5.3709999999999999062e-05	

intensity_test_push1 
0.84424030999999999381	
0.077879210000000004266	
0.077879210000000004266	

intensity_test_push30 
0.43996691999999998357	
3.7119999999999996965e-05	
3.7119999999999996965e-05	
9.6979999999999996437e-05	
0.27993107000000000406	
0.27993112999999997248	

intensity_test_push31 
0.25223178000000001653	
8.6500000000000001909e-06	
8.6500000000000001909e-06	
0.37387442999999997983	
0.37387455000000002769	

intensity_test_push0 
0.9998922900000000169	
5.3699999999999997464e-05	
5.3709999999999999062e-05	

intensity_test_push1 
0.84424030999999999381	
0.077879210000000004266	
0.077879210000000004266	

intensity_test_push30 
0.43996691999999998357	
3.7119999999999996965e-05	
3.7119999999999996965e-05	
9.6979999999999996437e-05	
0.27993107000000000406	
0.27993112999999997248	

intensity_test_push31 
0.25223178000000001653	
8.6500000000000001909e-06	
8.6500000000000001909e-06	
0.37387442999999997983	
0.37387455000000002769	

intensity_x_18
0.84453224999999998435	
0.077733769999999993705	
0.077733789999999997056	

intensity_test_push0 
0.9998922900000000169	
5.3699999999999997464e-05	
5.3709999999999999062e-05	

intensity_test_push1 
0.84424030999999999381	
0.077879210000000004266	
0.077879210000000004266	

intensity_test_push30 
0.43996691999999998357	
3.7119999999999996965e-05	
3.7119999999999996965e-05	
9.6979999999999996437e-05	
0.27993107000000000406	
0.27993112999999997248	

intensity_test_push31 
0.25223178000000001653	
8.6500000000000001909e-06	
8.6500000000000001909e-06	
0.37387442999999997983	
0.37387455000000002769	

intensity_test_push0 
0.9998922900000000169	
5.3699999999999997464e-05	
5.3709999999999999062e-05	

intensity_test_push1 
0.84424030999999999381	
0.077879210000000004266	
0.077879210000000004266	

intensity_test_push30 
0.43996691999999998357	
3.7119999999999996965e-05	
3.7119999999999996965e-05	
9.6979999999999996437e-05	
0.27993107000000000406	
0.27993112999999997248	

intensity_test_push31 
0.25223178000000001653	
8.6500000000000001909e-06	
8.6500000000000001909e-06	
0.37387442999999997983	
0.37387455000000002769	

intensity_x_19
0.2517331199999999769	
0.37413322999999998331	
0.37413317000000001489	

intensity_test_push0 
0.9998922900000000169	
5.3699999999999997464e-05	
5.3709999999999999062e-05	

intensity_test_push1 
0.84424030999999999381	
0.077879210000000004266	
0.077879210000000004266	

intensity_test_push30 
0.43996691999999998357	
3.7119999999999996965e-05	
3.7119999999999996965e-05	
9.6979999999999996437e-05	
0.27993107000000000406	
0.27993112999999997248	

intensity_test_push31 
0.25223178000000001653	
8.6500000000000001909e-06	
8.6500000000000001909e-06	
0.37387442999999997983	
0.37387455000000002769	

intensity_test_push0 
0.9998922900000000169	
5.3699999999999997464e-05	
5.3709999999999999062e-05	

intensity_test_push1 
0.84424030999999999381	
0.077879210000000004266	
0.077879210000000004266	

intensity_test_push30 
0.43996691999999998357	
3.7119999999999996965e-05	
3.7119999999999996965e-05	
9.6979999999999996437e-05	
0.27993107000000000406	
0.27993112999999997248	

intensity_test_push31 
0.25223178000000001653	
8.6500000000000001909e-06	
8.6500000000000001909e-06	
0.37387442999999997983	
0.37387455000000002769	

intensity_x_20
0.53083371999999995339	
8.5279999999999996649e-05	
0.46908097999999998073	

intensity_test_push0 
0.9998922900000000169	
5.3699999999999997464e-05	
5.3709999999999999062e-05	

intensity_test_push1 
0.84424030999999999381	
0.077879210000000004266	
0.077879210000000004266	

intensity_test_push30 
0.43996691999999998357	
3.7119999999999996965e-05	
3.7119999999999996965e-05	
9.6979999999999996437e-05	
0.27993107000000000406	
0.27993112999999997248	

intensity_test_push31 
0.25223178000000001653	
8.6500000000000001909e-06	
8.6500000000000001909e-06	
0.37387442999999997983	
0.37387455000000002769	

intensity_test_push0 
0.9998922900000000169	
5.3699999999999997464e-05	
5.3709999999999999062e-05	

intensity_test_push1 
0.84424030999999999381	
0.077879210000000004266	
0.077879210000000004266	

intensity_test_push30 
0.43996691999999998357	
3.7119999999999996965e-05	
3.7119999999999996965e-05	
9.6979999999999996437e-05	
0.27993107000000000406	
0.27993112999999997248	

intensity_test_push31 
0.25223178000000001653	
8.6500000000000001909e-06	
8.6500000000000001909e-06	
0.37387442999999997983	
0.37387455000000002769	

intensity_x_21
0.99989258999999997002	
5.3629999999999999828e-05	
5.3629999999999999828e-05	

intensity_test_push0 
0.9998922900000000169	
5.3699999999999997464e-05	
5.3709999999999999062e-05	

intensity_test_push1 
0.84424030999999999381	
0.077879210000000004266	
0.077879210000000004266	

intensity_test_push30 
0.43996691999999998357	
3.7119999999999996965e-05	
3.7119999999999996965e-05	
9.6979999999999996437e-05	
0.27993107000000000406	
0.27993112999999997248	

intensity_test_push31 
0.25223178000000001653	
8.6500000000000001909e-06	
8.6500000000000001909e-06	
0.37387442999999997983	
0.37387455000000002769	

intensity_test_push0 
0.9998922900000000169	
5.3699999999999997464e-05	
5.3709999999999999062e-05	

intensity_test_push1 
0.84424030999999999381	
0.077879210000000004266	
0.077879210000000004266	

intensity_test_push30 
0.43996691999999998357	
3.7119999999999996965e-05	
3.7119999999999996965e-05	
9.6979999999999996437e-05	
0.27993107000000000406	
0.27993112999999997248	

intensity_test_push31 
0.25223178000000001653	
8.6500000000000001909e-06	
8.6500000000000001909e-06	
0.37387442999999997983	
0.37387455000000002769	

intensity_x_22
0.53083371999999995339	
8.5279999999999996649e-05	
0.46908101000000002045	

intensity_test_push0 
0.9998922900000000169	
5.3699999999999997464e-05	
5.3709999999999999062e-05	

intensity_test_push1 
0.84424030999999999381	
0.077879210000000004266	
0.077879210000000004266	

intensity_test_push30 
0.43996691999999998357	
3.7119999999999996965e-05	
3.7119999999999996965e-05	
9.6979999999999996437e-05	
0.27993107000000000406	
0.27993112999999997248	

intensity_test_push31 
0.25223178000000001653	
8.6500000000000001909e-06	
8.6500000000000001909e-06	
0.37387442999999997983	
0.37387455000000002769	

intensity_test_push0 
0.9998922900000000169	
5.3699999999999997464e-05	
5.3709999999999999062e-05	

intensity_test_push1 
0.84424030999999999381	
0.077879210000000004266	
0.077879210000000004266	

intensity_test_push30 
0.43996691999999998357	
3.7119999999999996965e-05	
3.7119999999999996965e-05	
9.6979999999999996437e-05	
0.27993107000000000406	
0.27993112999999997248	

intensity_test_push31 
0.25223178000000001653	
8.6500000000000001909e-06	
8.6500000000000001909e-06	
0.37387442999999997983	
0.37387455000000002769	

intensity_x_23
0.2517331199999999769	
0.37413322999999998331	
0.37413317000000001489	

intensity_test_push0 
0.9998922900000000169	
5.3699999999999997464e-05	
5.3709999999999999062e-05	

intensity_test_push1 
0.84424030999999999381	
0.077879210000000004266	
0.077879210000000004266	

intensity_test_push30 
0.43996691999999998357	
3.7119999999999996965e-05	
3.7119999999999996965e-05	
9.6979999999999996437e-05	
0.27993107000000000406	
0.27993112999999997248	

intensity_test_push31 
0.25223178000000001653	
8.6500000000000001909e-06	
8.6500000000000001909e-06	
0.37387442999999997983	
0.37387455000000002769	

intensity_test_push0 
0.9998922900000000169	
5.3699999999999997464e-05	
5.3709999999999999062e-05	

intensity_test_push1 
0.84424030999999999381	
0.077879210000000004266	
0.077879210000000004266	

intensity_test_push30 
0.43996691999999998357	
3.7119999999999996965e-05	
3.7119999999999996965e-05	
9.6979999999999996437e-05	
0.27993107000000000406	
0.27993112999999997248	

intensity_test_push31 
0.25223178000000001653	
8.6500000000000001909e-06	
8.6500000000000001909e-06	
0.37387442999999997983	
0.37387455000000002769	

intensity_x_24
0.84453224999999998435	
0.077733780000000002319	
0.077733810000000000406	

intensity_test_push0 
0.9998922900000000169	
5.3699999999999997464e-05	
5.3709999999999999062e-05	

intensity_test_push1 
0.84424030999999999381	
0.077879210000000004266	
0.077879210000000004266	

intensity_test_push30 
0.43996691999999998357	
3.7119999999999996965e-05	
3.7119999999999996965e-05	
9.6979999999999996437e-05	
0.27993107000000000406	
0.27993112999999997248	

intensity_test_push31 
0.25223178000000001653	
8.6500000000000001909e-06	
8.6500000000000001909e-06	
0.37387442999999997983	
0.37387455000000002769	

intensity_test_push0 
0.9998922900000000169	
5.3699999999999997464e-05	
5.3709999999999999062e-05	

intensity_test_push1 
0.84424030999999999381	
0.077879210000000004266	
0.077879210000000004266	

intensity_test_push30 
0.43996691999999998357	
3.7119999999999996965e-05	
3.7119999999999996965e-05	
9.6979999999999996437e-05	
0.27993107000000000406	
0.27993112999999997248	

intensity_test_push31 
0.25223178000000001653	
8.6500000000000001909e-06	
8.6500000000000001909e-06	
0.37387442999999997983	
0.37387455000000002769	

intensity_x_25
0.85232669000000005344	
0.14767336999999999825	
4.799999999999999571e-07	

intensity_test_push0 
0.9998922900000000169	
5.3699999999999997464e-05	
5.3709999999999999062e-05	

intensity_test_push1 
0.84424030999999999381	
0.077879210000000004266	
0.077879210000000004266	

intensity_test_push30 
0.43996691999999998357	
3.7119999999999996965e-05	
3.7119999999999996965e-05	
9.6979999999999996437e-05	
0.27993107000000000406	
0.27993112999999997248	

intensity_test_push31 
0.25223178000000001653	
8.6500000000000001909e-06	
8.6500000000000001909e-06	
0.37387442999999997983	
0.37387455000000002769	

intensity_test_push0 
0.9998922900000000169	
5.3699999999999997464e-05	
5.3709999999999999062e-05	

intensity_test_push1 
0.84424030999999999381	
0.077879210000000004266	
0.077879210000000004266	

intensity_test_push30 
0.43996691999999998357	
3.7119999999999996965e-05	
3.7119999999999996965e-05	
9.6979999999999996437e-05	
0.27993107000000000406	
0.27993112999999997248	

intensity_test_push31 
0.25223178000000001653	
8.6500000000000001909e-06	
8.6500000000000001909e-06	
0.37387442999999997983	
0.37387455000000002769	

intensity_x_26
0.99998998999999999526	
5.0699999999999997388e-06	
5.0699999999999997388e-06	

intensity_test_push0 
0.9998922900000000169	
5.3699999999999997464e-05	
5.3709999999999999062e-05	

intensity_test_push1 
0.84424030999999999381	
0.077879210000000004266	
0.077879210000000004266	

intensity_test_push30 
0.43996691999999998357	
3.7119999999999996965e-05	
3.7119999999999996965e-05	
9.6979999999999996437e-05	
0.27993107000000000406	
0.27993112999999997248	

intensity_test_push31 
0.25223178000000001653	
8.6500000000000001909e-06	
8.6500000000000001909e-06	
0.37387442999999997983	
0.37387455000000002769	

intensity_test_push0 
0.9998922900000000169	
5.3699999999999997464e-05	
5.3709999999999999062e-05	

intensity_test_push1 
0.84424030999999999381	
0.077879210000000004266	
0.077879210000000004266	

intensity_test_push30 
0.43996691999999998357	
3.7119999999999996965e-05	
3.7119999999999996965e-05	
9.6979999999999996437e-05	
0.27993107000000000406	
0.27993112999999997248	

intensity_test_push31 
0.25223178000000001653	
8.6500000000000001909e-06	
8.6500000000000001909e-06	
0.37387442999999997983	
0.37387455000000002769	

intensity_x_27
0.9999898699999999474	
5.0499999999999999303e-06	
5.0499999999999999303e-06	

intensity_test_push0 
0.9998922900000000169	
5.3699999999999997464e-05	
5.3709999999999999062e-05	

intensity_test_push1 
0.84424030999999999381	
0.077879210000000004266	
0.077879210000000004266	

intensity_test_push30 
0.43996691999999998357	
3.7119999999999996965e-05	
3.7119999999999996965e-05	
9.6979999999999996437e-05	
0.27993107000000000406	
0.27993112999999997248	

intensity_test_push31 
0.25223178000000001653	
8.6500000000000001909e-06	
8.6500000000000001909e-06	
0.37387442999999997983	
0.37387455000000002769	

intensity_test_push0 
0.9998922900000000169	
5.3699999999999997464e-05	
5.3709999999999999062e-05	

intensity_test_push1 
0.84424030999999999381	
0.077879210000000004266	
0.077879210000000004266	

intensity_test_push30 
0.43996691999999998357	
3.7119999999999996965e-05	
3.7119999999999996965e-05	
9.6979999999999996437e-05	
0.27993107000000000406	
0.27993112999999997248	

intensity_test_push31 
0.25223178000000001653	
8.6500000000000001909e-06	
8.6500000000000001909e-06	
0.37387442999999997983	
0.37387455000000002769	

intensity_x_28
0.53083371999999995339	
8.5279999999999996649e-05	
0.46908097999999998073	

intensity_test_push0 
0.9998922900000000169	
5.3699999999999997464e-05	
5.3709999999999999062e-05	

intensity_test_push1 
0.84424030999999999381	
0.077879210000000004266	
0.077879210000000004266	

intensity_test_push30 
0.43996691999999998357	
3.7119999999999996965e-05	
3.7119999999999996965e-05	
9.6979999999999996437e-05	
0.27993107000000000406	
0.27993112999999997248	

intensity_test_push31 
0.25223178000000001653	
8.6500000000000001909e-06	
8.6500000000000001909e-06	
0.37387442999999997983	
0.37387455000000002769	

intensity_test_push0 
0.9998922900000000169	
5.3699999999999997464e-05	
5.3709999999999999062e-05	

intensity_test_push1 
0.84424030999999999381	
0.077879210000000004266	
0.077879210000000004266	

intensity_test_push30 
0.43996691999999998357	
3.7119999999999996965e-05	
3.7119999999999996965e-05	
9.6979999999999996437e-05	
0.27993107000000000406	
0.27993112999999997248	

intensity_test_push31 
0.25223178000000001653	
8.6500000000000001909e-06	
8.6500000000000001909e-06	
0.37387442999999997983	
0.37387455000000002769	

intensity_x_29
0.25223178000000001653	
8.6500000000000001909e-06	
8.6500000000000001909e-06	
0.37387437000000001142	
0.37387451999999998797	

intensity_test_push0 
0.9998922900000000169	
5.3699999999999997464e-05	
5.3709999999999999062e-05	

intensity_test_push1 
0.84424030999999999381	
0.077879210000000004266	
0.077879210000000004266	

intensity_test_push30 
0.43996691999999998357	
3.7119999999999996965e-05	
3.7119999999999996965e-05	
9.6979999999999996437e-05	
0.27993107000000000406	
0.27993112999999997248	

intensity_test_push31 
0.25223178000000001653	
8.6500000000000001909e-06	
8.6500000000000001909e-06	
0.37387442999999997983	
0.37387455000000002769	

intensity_test_push0 
0.9998922900000000169	
5.3699999999999997464e-05	
5.3709999999999999062e-05	

intensity_test_push1 
0.84424030999999999381	
0.077879210000000004266	
0.077879210000000004266	

intensity_test_push30 
0.43996691999999998357	
3.7119999999999996965e-05	
3.7119999999999996965e-05	
9.6979999999999996437e-05	
0.27993107000000000406	
0.27993112999999997248	

intensity_test_push31 
0.25223178000000001653	
8.6500000000000001909e-06	
8.6500000000000001909e-06	
0.37387442999999997983	
0.37387455000000002769	

intensity_x_30
0.43996691999999998357	
3.7119999999999996965e-05	
3.7119999999999996965e-05	
9.6979999999999996437e-05	
0.27993107000000000406	
0.27993112999999997248	

intensity_test_push0 
0.9998922900000000169	
5.3699999999999997464e-05	
5.3709999999999999062e-05	

intensity_test_push1 
0.84424030999999999381	
0.077879210000000004266	
0.077879210000000004266	

intensity_test_push30 
0.43996691999999998357	
3.7119999999999996965e-05	
3.7119999999999996965e-05	
9.6979999999999996437e-05	
0.27993107000000000406	
0.27993112999999997248	

intensity_test_push31 
0.25223178000000001653	
8.6500000000000001909e-06	
8.6500000000000001909e-06	
0.37387442999999997983	
0.37387455000000002769	

intensity_test_push0 
0.9998922900000000169	
5.3699999999999997464e-05	
5.3709999999999999062e-05	

intensity_test_push1 
0.84424030999999999381	
0.077879210000000004266	
0.077879210000000004266	

intensity_test_push30 
0.43996691999999998357	
3.7119999999999996965e-05	
3.7119999999999996965e-05	
9.6979999999999996437e-05	
0.27993107000000000406	
0.27993112999999997248	

intensity_test_push31 
0.25223178000000001653	
8.6500000000000001909e-06	
8.6500000000000001909e-06	
0.37387442999999997983	
0.37387455000000002769	

intensity_x_31
0.25223178000000001653	
8.6500000000000001909e-06	
8.6500000000000001909e-06	
0.37387442999999997983	
0.37387455000000002769	

intensity_test_push0 
0.9998922900000000169	
5.3699999999999997464e-05	
5.3709999999999999062e-05	

intensity_test_push1 
0.84424030999999999381	
0.077879210000000004266	
0.077879210000000004266	

intensity_test_push30 
0.43996691999999998357	
3.7119999999999996965e-05	
3.7119999999999996965e-05	
9.6979999999999996437e-05	
0.27993107000000000406	
0.27993112999999997248	

intensity_test_push31 
0.25223178000000001653	
8.6500000000000001909e-06	
8.6500000000000001909e-06	
0.37387442999999997983	
0.37387455000000002769	

intensity_test_push0 
0.9998922900000000169	
5.3699999999999997464e-05	
5.3709999999999999062e-05	

intensity_test_push1 
0.84424030999999999381	
0.077879210000000004266	
0.077879210000000004266	

intensity_test_push30 
0.43996691999999998357	
3.7119999999999996965e-05	
3.7119999999999996965e-05	
9.6979999999999996437e-05	
0.27993107000000000406	
0.27993112999999997248	

intensity_test_push31 
0.25223178000000001653	
8.6500000000000001909e-06	
8.6500000000000001909e-06	
0.37387442999999997983	
0.37387455000000002769	

intensity_x_32
0.53083371999999995339	
8.5279999999999996649e-05	
0.46908086999999998312	

intensity_test_push0 
0.9998922900000000169	
5.3699999999999997464e-05	
5.3709999999999999062e-05	

intensity_test_push1 
0.84424030999999999381	
0.077879210000000004266	
0.077879210000000004266	

intensity_test_push30 
0.43996691999999998357	
3.7119999999999996965e-05	
3.7119999999999996965e-05	
9.6979999999999996437e-05	
0.27993107000000000406	
0.27993112999999997248	

intensity_test_push31 
0.25223178000000001653	
8.6500000000000001909e-06	
8.6500000000000001909e-06	
0.37387442999999997983	
0.37387455000000002769	

intensity_test_push0 
0.9998922900000000169	
5.3699999999999997464e-05	
5.3709999999999999062e-05	

intensity_test_push1 
0.84424030999999999381	
0.077879210000000004266	
0.077879210000000004266	

intensity_test_push30 
0.43996691999999998357	
3.7119999999999996965e-05	
3.7119999999999996965e-05	
9.6979999999999996437e-05	
0.27993107000000000406	
0.27993112999999997248	

intensity_test_push31 
0.25223178000000001653	
8.6500000000000001909e-06	
8.6500000000000001909e-06	
0.37387442999999997983	
0.37387455000000002769	

intensity_x_33
0.9999898699999999474	
5.0499999999999999303e-06	
5.0499999999999999303e-06	

intensity_test_push0 
0.9998922900000000169	
5.3699999999999997464e-05	
5.3709999999999999062e-05	

intensity_test_push1 
0.84424030999999999381	
0.077879210000000004266	
0.077879210000000004266	

intensity_test_push30 
0.43996691999999998357	
3.7119999999999996965e-05	
3.7119999999999996965e-05	
9.6979999999999996437e-05	
0.27993107000000000406	
0.27993112999999997248	

intensity_test_push31 
0.25223178000000001653	
8.6500000000000001909e-06	
8.6500000000000001909e-06	
0.37387442999999997983	
0.37387455000000002769	

intensity_test_push0 
0.9998922900000000169	
5.3699999999999997464e-05	
5.3709999999999999062e-05	

intensity_test_push1 
0.84424030999999999381	
0.077879210000000004266	
0.077879210000000004266	

intensity_test_push30 
0.43996691999999998357	
3.7119999999999996965e-05	
3.7119999999999996965e-05	
9.6979999999999996437e-05	
0.27993107000000000406	
0.27993112999999997248	

intensity_test_push31 
0.25223178000000001653	
8.6500000000000001909e-06	
8.6500000000000001909e-06	
0.37387442999999997983	
0.37387455000000002769	

intensity_x_34
0.99998998999999999526	
5.0699999999999997388e-06	
5.0699999999999997388e-06	

intensity_test_push0 
0.9998922900000000169	
5.3699999999999997464e-05	
5.3709999999999999062e-05	

intensity_test_push1 
0.84424030999999999381	
0.077879210000000004266	
0.077879210000000004266	

intensity_test_push30 
0.43996691999999998357	
3.7119999999999996965e-05	
3.7119999999999996965e-05	
9.6979999999999996437e-05	
0.27993107000000000406	
0.27993112999999997248	

intensity_test_push31 
0.25223178000000001653	
8.6500000000000001909e-06	
8.6500000000000001909e-06	
0.37387442999999997983	
0.37387455000000002769	

intensity_test_push0 
0.9998922900000000169	
5.3699999999999997464e-05	
5.3709999999999999062e-05	

intensity_test_push1 
0.84424030999999999381	
0.077879210000000004266	
0.077879210000000004266	

intensity_test_push30 
0.43996691999999998357	
3.7119999999999996965e-05	
3.7119999999999996965e-05	
9.6979999999999996437e-05	
0.27993107000000000406	
0.27993112999999997248	

intensity_test_push31 
0.25223178000000001653	
8.6500000000000001909e-06	
8.6500000000000001909e-06	
0.37387442999999997983	
0.37387455000000002769	

intensity_x_35
0.9998922900000000169	
5.3699999999999997464e-05	
5.3709999999999999062e-05	

intensity_test_push0 
0.9998922900000000169	
5.3699999999999997464e-05	
5.3709999999999999062e-05	

intensity_test_push1 
0.84424030999999999381	
0.077879210000000004266	
0.077879210000000004266	

intensity_test_push30 
0.43996691999999998357	
3.7119999999999996965e-05	
3.7119999999999996965e-05	
9.6979999999999996437e-05	
0.27993107000000000406	
0.27993112999999997248	

intensity_test_push31 
0.25223178000000001653	
8.6500000000000001909e-06	
8.6500000000000001909e-06	
0.37387442999999997983	
0.37387455000000002769	

intensity_test_push0 
0.9998922900000000169	
5.3699999999999997464e-05	
5.3709999999999999062e-05	

intensity_test_push1 
0.84424030999999999381	
0.077879210000000004266	
0.077879210000000004266	

intensity_test_push30 
0.43996691999999998357	
3.7119999999999996965e-05	
3.7119999999999996965e-05	
9.6979999999999996437e-05	
0.27993107000000000406	
0.27993112999999997248	

intensity_test_push31 
0.25223178000000001653	
8.6500000000000001909e-06	
8.6500000000000001909e-06	
0.37387442999999997983	
0.37387455000000002769	

intensity_x_36
0.99989234999999998532	
5.3669999999999999445e-05	
5.3669999999999999445e-05	

intensity_test_push0 
0.9998922900000000169	
5.3699999999999997464e-05	
5.3709999999999999062e-05	

intensity_test_push1 
0.84424030999999999381	
0.077879210000000004266	
0.077879210000000004266	

intensity_test_push30 
0.43996691999999998357	
3.7119999999999996965e-05	
3.7119999999999996965e-05	
9.6979999999999996437e-05	
0.27993107000000000406	
0.27993112999999997248	

intensity_test_push31 
0.25223178000000001653	
8.6500000000000001909e-06	
8.6500000000000001909e-06	
0.37387442999999997983	
0.37387455000000002769	

intensity_test_push0 
0.9998922900000000169	
5.3699999999999997464e-05	
5.3709999999999999062e-05	

intensity_test_push1 
0.84424030999999999381	
0.077879210000000004266	
0.077879210000000004266	

intensity_test_push30 
0.43996691999999998357	
3.7119999999999996965e-05	
3.7119999999999996965e-05	
9.6979999999999996437e-05	
0.27993107000000000406	
0.27993112999999997248	

intensity_test_push31 
0.25223178000000001653	
8.6500000000000001909e-06	
8.6500000000000001909e-06	
0.37387442999999997983	
0.37387455000000002769	

intensity_x_37
0.99989307000000005043	
5.3650000000000003025e-05	
5.3650000000000003025e-05	

intensity_test_push0 
0.9998922900000000169	
5.3699999999999997464e-05	
5.3709999999999999062e-05	

intensity_test_push1 
0.84424030999999999381	
0.077879210000000004266	
0.077879210000000004266	

intensity_test_push30 
0.43996691999999998357	
3.7119999999999996965e-05	
3.7119999999999996965e-05	
9.6979999999999996437e-05	
0.27993107000000000406	
0.27993112999999997248	

intensity_test_push31 
0.25223178000000001653	
8.6500000000000001909e-06	
8.6500000000000001909e-06	
0.37387442999999997983	
0.37387455000000002769	

intensity_test_push0 
0.9998922900000000169	
5.3699999999999997464e-05	
5.3709999999999999062e-05	

intensity_test_push1 
0.84424030999999999381	
0.077879210000000004266	
0.077879210000000004266	

intensity_test_push30 
0.43996691999999998357	
3.7119999999999996965e-05	
3.7119999999999996965e-05	
9.6979999999999996437e-05	
0.27993107000000000406	
0.27993112999999997248	

intensity_test_push31 
0.25223178000000001653	
8.6500000000000001909e-06	
8.6500000000000001909e-06	
0.37387442999999997983	
0.37387455000000002769	

intensity_x_38
0.99989258999999997002	
5.3629999999999999828e-05	
5.3629999999999999828e-05	

intensity_test_push0 
0.9998922900000000169	
5.3699999999999997464e-05	
5.3709999999999999062e-05	

intensity_test_push1 
0.84424030999999999381	
0.077879210000000004266	
0.077879210000000004266	

intensity_test_push30 
0.43996691999999998357	
3.7119999999999996965e-05	
3.7119999999999996965e-05	
9.6979999999999996437e-05	
0.27993107000000000406	
0.27993112999999997248	

intensity_test_push31 
0.25223178000000001653	
8.6500000000000001909e-06	
8.6500000000000001909e-06	
0.37387442999999997983	
0.37387455000000002769	

intensity_test_push0 
0.9998922900000000169	
5.3699999999999997464e-05	
5.3709999999999999062e-05	

intensity_test_push1 
0.84424030999999999381	
0.077879210000000004266	
0.077879210000000004266	

intensity_test_push30 
0.43996691999999998357	
3.7119999999999996965e-05	
3.7119999999999996965e-05	
9.6979999999999996437e-05	
0.27993107000000000406	
0.27993112999999997248	

intensity_test_push31 
0.25223178000000001653	
8.6500000000000001909e-06	
8.6500000000000001909e-06	
0.37387442999999997983	
0.37387455000000002769	

intensity_x_39
0.43996691999999998357	
9.6979999999999996437e-05	
3.7119999999999996965e-05	
0.27993112999999997248	
3.7119999999999996965e-05	
0.27993112999999997248	

intensity_test_push0 
0.9998922900000000169	
5.3699999999999997464e-05	
5.3709999999999999062e-05	

intensity_test_push1 
0.84424030999999999381	
0.077879210000000004266	
0.077879210000000004266	

intensity_test_push30 
0.43996691999999998357	
3.7119999999999996965e-05	
3.7119999999999996965e-05	
9.6979999999999996437e-05	
0.27993107000000000406	
0.27993112999999997248	

intensity_test_push31 
0.25223178000000001653	
8.6500000000000001909e-06	
8.6500000000000001909e-06	
0.37387442999999997983	
0.37387455000000002769	

intensity_test_push0 
0.9998922900000000169	
5.3699999999999997464e-05	
5.3709999999999999062e-05	

intensity_test_push1 
0.84424030999999999381	
0.077879210000000004266	
0.077879210000000004266	

intensity_test_push30 
0.43996691999999998357	
3.7119999999999996965e-05	
3.7119999999999996965e-05	
9.6979999999999996437e-05	
0.27993107000000000406	
0.27993112999999997248	

intensity_test_push31 
0.25223178000000001653	
8.6500000000000001909e-06	
8.6500000000000001909e-06	
0.37387442999999997983	
0.37387455000000002769	

intensity_x_40
0.11929364000000000634	
7.5820000000000002519e-05	
7.5829999999999997341e-05	
7.5820000000000002519e-05	
0.22010075000000001166	
0.22010087999999999875	
7.5829999999999997341e-05	
0.22010082999999999731	
0.22010087999999999875	

intensity_test_push0 
0.9998922900000000169	
5.3699999999999997464e-05	
5.3709999999999999062e-05	

intensity_test_push1 
0.84424030999999999381	
0.077879210000000004266	
0.077879210000000004266	

intensity_test_push30 
0.43996691999999998357	
3.7119999999999996965e-05	
3.7119999999999996965e-05	
9.6979999999999996437e-05	
0.27993107000000000406	
0.27993112999999997248	

intensity_test_push31 
0.25223178000000001653	
8.6500000000000001909e-06	
8.6500000000000001909e-06	
0.37387442999999997983	
0.37387455000000002769	

intensity_test_push0 
0.9998922900000000169	
5.3699999999999997464e-05	
5.3709999999999999062e-05	

intensity_test_push1 
0.84424030999999999381	
0.077879210000000004266	
0.077879210000000004266	

intensity_test_push30 
0.43996691999999998357	
3.7119999999999996965e-05	
3.7119999999999996965e-05	
9.6979999999999996437e-05	
0.27993107000000000406	
0.27993112999999997248	

intensity_test_push31 
0.25223178000000001653	
8.6500000000000001909e-06	
8.6500000000000001909e-06	
0.37387442999999997983	
0.37387455000000002769	

intensity_x_41
0.43996686000000001515	
9.6979999999999996437e-05	
3.7119999999999996965e-05	
0.27993107000000000406	
3.7119999999999996965e-05	
0.27993109999999998827	

intensity_test_push0 
0.9998922900000000169	
5.3699999999999997464e-05	
5.3709999999999999062e-05	

intensity_test_push1 
0.84424030999999999381	
0.077879210000000004266	
0.077879210000000004266	

intensity_test_push30 
0.43996691999999998357	
3.7119999999999996965e-05	
3.7119999999999996965e-05	
9.6979999999999996437e-05	
0.27993107000000000406	
0.27993112999999997248	

intensity_test_push31 
0.25223178000000001653	
8.6500000000000001909e-06	
8.6500000000000001909e-06	
0.37387442999999997983	
0.37387455000000002769	

intensity_test_push0 
0.9998922900000000169	
5.3699999999999997464e-05	
5.3709999999999999062e-05	

intensity_test_push1 
0.84424030999999999381	
0.077879210000000004266	
0.077879210000000004266	

intensity_test_push30 
0.43996691999999998357	
3.7119999999999996965e-05	
3.7119999999999996965e-05	
9.6979999999999996437e-05	
0.27993107000000000406	
0.27993112999999997248	

intensity_test_push31 
0.25223178000000001653	
8.6500000000000001909e-06	
8.6500000000000001909e-06	
0.37387442999999997983	
0.37387455000000002769	

intensity_x_42
0.99989258999999997002	
5.3629999999999999828e-05	
5.3629999999999999828e-05	

intensity_test_push0 
0.9998922900000000169	
5.3699999999999997464e-05	
5.3709999999999999062e-05	

intensity_test_push1 
0.84424030999999999381	
0.077879210000000004266	
0.077879210000000004266	

intensity_test_push30 
0.43996691999999998357	
3.7119999999999996965e-05	
3.7119999999999996965e-05	
9.6979999999999996437e-05	
0.27993107000000000406	
0.27993112999999997248	

intensity_test_push31 
0.25223178000000001653	
8.6500000000000001909e-06	
8.6500000000000001909e-06	
0.37387442999999997983	
0.37387455000000002769	

intensity_test_push0 
0.9998922900000000169	
5.3699999999999997464e-05	
5.3709999999999999062e-05	

intensity_test_push1 
0.84424030999999999381	
0.077879210000000004266	
0.077879210000000004266	

intensity_test_push30 
0.43996691999999998357	
3.7119999999999996965e-05	
3.7119999999999996965e-05	
9.6979999999999996437e-05	
0.27993107000000000406	
0.27993112999999997248	

intensity_test_push31 
0.25223178000000001653	
8.6500000000000001909e-06	
8.6500000000000001909e-06	
0.37387442999999997983	
0.37387455000000002769	

intensity_x_43
0.99989307000000005043	
5.3650000000000003025e-05	
5.3650000000000003025e-05	

intensity_test_push0 
0.9998922900000000169	
5.3699999999999997464e-05	
5.3709999999999999062e-05	

intensity_test_push1 
0.84424030999999999381	
0.077879210000000004266	
0.077879210000000004266	

intensity_test_push30 
0.43996691999999998357	
3.7119999999999996965e-05	
3.7119999999999996965e-05	
9.6979999999999996437e-05	
0.27993107000000000406	
0.27993112999999997248	

intensity_test_push31 
0.25223178000000001653	
8.6500000000000001909e-06	
8.6500000000000001909e-06	
0.37387442999999997983	
0.37387455000000002769	

intensity_test_push0 
0.9998922900000000169	
5.3699999999999997464e-05	
5.3709999999999999062e-05	

intensity_test_push1 
0.84424030999999999381	
0.077879210000000004266	
0.077879210000000004266	

intensity_test_push30 
0.43996691999999998357	
3.7119999999999996965e-05	
3.7119999999999996965e-05	
9.6979999999999996437e-05	
0.27993107000000000406	
0.27993112999999997248	

intensity_test_push31 
0.25223178000000001653	
8.6500000000000001909e-06	
8.6500000000000001909e-06	
0.37387442999999997983	
0.37387455000000002769	

intensity_x_44
0.99989234999999998532	
5.3669999999999999445e-05	
5.3669999999999999445e-05	

intensity_test_push0 
0.9998922900000000169	
5.3699999999999997464e-05	
5.3709999999999999062e-05	

intensity_test_push1 
0.84424030999999999381	
0.077879210000000004266	
0.077879210000000004266	

intensity_test_push30 
0.43996691999999998357	
3.7119999999999996965e-05	
3.7119999999999996965e-05	
9.6979999999999996437e-05	
0.27993107000000000406	
0.27993112999999997248	

intensity_test_push31 
0.25223178000000001653	
8.6500000000000001909e-06	
8.6500000000000001909e-06	
0.37387442999999997983	
0.37387455000000002769	

intensity_test_push0 
0.9998922900000000169	
5.3699999999999997464e-05	
5.3709999999999999062e-05	

intensity_test_push1 
0.84424030999999999381	
0.077879210000000004266	
0.077879210000000004266	

intensity_test_push30 
0.43996691999999998357	
3.7119999999999996965e-05	
3.7119999999999996965e-05	
9.6979999999999996437e-05	
0.27993107000000000406	
0.27993112999999997248	

intensity_test_push31 
0.25223178000000001653	
8.6500000000000001909e-06	
8.6500000000000001909e-06	
0.37387442999999997983	
0.37387455000000002769	

intensity_x_45
0.9998922900000000169	
5.3699999999999997464e-05	
5.3709999999999999062e-05	

intensity_test_push0 
0.9998922900000000169	
5.3699999999999997464e-05	
5.3709999999999999062e-05	

intensity_test_push1 
0.84424030999999999381	
0.077879210000000004266	
0.077879210000000004266	

intensity_test_push30 
0.43996691999999998357	
3.7119999999999996965e-05	
3.7119999999999996965e-05	
9.6979999999999996437e-05	
0.27993107000000000406	
0.27993112999999997248	

intensity_test_push31 
0.25223178000000001653	
8.6500000000000001909e-06	
8.6500000000000001909e-06	
0.37387442999999997983	
0.37387455000000002769	

intensity_test_push0 
0.9998922900000000169	
5.3699999999999997464e-05	
5.3709999999999999062e-05	

intensity_test_push1 
0.84424030999999999381	
0.077879210000000004266	
0.077879210000000004266	

intensity_test_push30 
0.43996691999999998357	
3.7119999999999996965e-05	
3.7119999999999996965e-05	
9.6979999999999996437e-05	
0.27993107000000000406	
0.27993112999999997248	

intensity_test_push31 
0.25223178000000001653	
8.6500000000000001909e-06	
8.6500000000000001909e-06	
0.37387442999999997983	
0.37387455000000002769	

intensity_x_46
0.99998998999999999526	
5.0699999999999997388e-06	
5.0699999999999997388e-06	

intensity_test_push0 
0.9998922900000000169	
5.3699999999999997464e-05	
5.3709999999999999062e-05	

intensity_test_push1 
0.84424030999999999381	
0.077879210000000004266	
0.077879210000000004266	

intensity_test_push30 
0.43996691999999998357	
3.7119999999999996965e-05	
3.7119999999999996965e-05	
9.6979999999999996437e-05	
0.27993107000000000406	
0.27993112999999997248	

intensity_test_push31 
0.25223178000000001653	
8.6500000000000001909e-06	
8.6500000000000001909e-06	
0.37387442999999997983	
0.37387455000000002769	

intensity_test_push0 
0.9998922900000000169	
5.3699999999999997464e-05	
5.3709999999999999062e-05	

intensity_test_push1 
0.84424030999999999381	
0.077879210000000004266	
0.077879210000000004266	

intensity_test_push30 
0.43996691999999998357	
3.7119999999999996965e-05	
3.7119999999999996965e-05	
9.6979999999999996437e-05	
0.27993107000000000406	
0.27993112999999997248	

intensity_test_push31 
0.25223178000000001653	
8.6500000000000001909e-06	
8.6500000000000001909e-06	
0.37387442999999997983	
0.37387455000000002769	

intensity_x_47
0.9999898699999999474	
5.0499999999999999303e-06	
5.0499999999999999303e-06	

intensity_test_push0 
0.9998922900000000169	
5.3699999999999997464e-05	
5.3709999999999999062e-05	

intensity_test_push1 
0.84424030999999999381	
0.077879210000000004266	
0.077879210000000004266	

intensity_test_push30 
0.43996691999999998357	
3.7119999999999996965e-05	
3.7119999999999996965e-05	
9.6979999999999996437e-05	
0.27993107000000000406	
0.27993112999999997248	

intensity_test_push31 
0.25223178000000001653	
8.6500000000000001909e-06	
8.6500000000000001909e-06	
0.37387442999999997983	
0.37387455000000002769	

intensity_test_push0 
0.9998922900000000169	
5.3699999999999997464e-05	
5.3709999999999999062e-05	

intensity_test_push1 
0.84424030999999999381	
0.077879210000000004266	
0.077879210000000004266	

intensity_test_push30 
0.43996691999999998357	
3.7119999999999996965e-05	
3.7119999999999996965e-05	
9.6979999999999996437e-05	
0.27993107000000000406	
0.27993112999999997248	

intensity_test_push31 
0.25223178000000001653	
8.6500000000000001909e-06	
8.6500000000000001909e-06	
0.37387442999999997983	
0.37387455000000002769	

intensity_x_48
0.53083371999999995339	
0.46908086999999998312	
8.5279999999999996649e-05	

intensity_test_push0 
0.9998922900000000169	
5.3699999999999997464e-05	
5.3709999999999999062e-05	

intensity_test_push1 
0.84424030999999999381	
0.077879210000000004266	
0.077879210000000004266	

intensity_test_push30 
0.43996691999999998357	
3.7119999999999996965e-05	
3.7119999999999996965e-05	
9.6979999999999996437e-05	
0.27993107000000000406	
0.27993112999999997248	

intensity_test_push31 
0.25223178000000001653	
8.6500000000000001909e-06	
8.6500000000000001909e-06	
0.37387442999999997983	
0.37387455000000002769	

intensity_test_push0 
0.9998922900000000169	
5.3699999999999997464e-05	
5.3709999999999999062e-05	

intensity_test_push1 
0.84424030999999999381	
0.077879210000000004266	
0.077879210000000004266	

intensity_test_push30 
0.43996691999999998357	
3.7119999999999996965e-05	
3.7119999999999996965e-05	
9.6979999999999996437e-05	
0.27993107000000000406	
0.27993112999999997248	

intensity_test_push31 
0.25223178000000001653	
8.6500000000000001909e-06	
8.6500000000000001909e-06	
0.37387442999999997983	
0.37387455000000002769	

intensity_x_49
0.25223178000000001653	
8.6500000000000001909e-06	
0.37387439999999999563	
8.6500000000000001909e-06	
0.37387449000000000376	

intensity_test_push0 
0.9998922900000000169	
5.3699999999999997464e-05	
5.3709999999999999062e-05	

intensity_test_push1 
0.84424030999999999381	
0.077879210000000004266	
0.077879210000000004266	

intensity_test_push30 
0.43996691999999998357	
3.7119999999999996965e-05	
3.7119999999999996965e-05	
9.6979999999999996437e-05	
0.27993107000000000406	
0.27993112999999997248	

intensity_test_push31 
0.25223178000000001653	
8.6500000000000001909e-06	
8.6500000000000001909e-06	
0.37387442999999997983	
0.37387455000000002769	

intensity_test_push0 
0.9998922900000000169	
5.3699999999999997464e-05	
5.3709999999999999062e-05	

intensity_test_push1 
0.84424030999999999381	
0.077879210000000004266	
0.077879210000000004266	

intensity_test_push30 
0.43996691999999998357	
3.7119999999999996965e-05	
3.7119999999999996965e-05	
9.6979999999999996437e-05	
0.27993107000000000406	
0.27993112999999997248	

intensity_test_push31 
0.25223178000000001653	
8.6500000000000001909e-06	
8.6500000000000001909e-06	
0.37387442999999997983	
0.37387455000000002769	

intensity_x_50
0.43996691999999998357	
3.7119999999999996965e-05	
3.7119999999999996965e-05	
9.6979999999999996437e-05	
0.27993112999999997248	
0.27993107000000000406	

intensity_test_push0 
0.9998922900000000169	
5.3699999999999997464e-05	
5.3709999999999999062e-05	

intensity_test_push1 
0.84424030999999999381	
0.077879210000000004266	
0.077879210000000004266	

intensity_test_push30 
0.43996691999999998357	
3.7119999999999996965e-05	
3.7119999999999996965e-05	
9.6979999999999996437e-05	
0.27993107000000000406	
0.27993112999999997248	

intensity_test_push31 
0.25223178000000001653	
8.6500000000000001909e-06	
8.6500000000000001909e-06	
0.37387442999999997983	
0.37387455000000002769	

intensity_test_push0 
0.9998922900000000169	
5.3699999999999997464e-05	
5.3709999999999999062e-05	

intensity_test_push1 
0.84424030999999999381	
0.077879210000000004266	
0.077879210000000004266	

intensity_test_push30 
0.43996691999999998357	
3.7119999999999996965e-05	
3.7119999999999996965e-05	
9.6979999999999996437e-05	
0.27993107000000000406	
0.27993112999999997248	

intensity_test_push31 
0.25223178000000001653	
8.6500000000000001909e-06	
8.6500000000000001909e-06	
0.37387442999999997983	
0.37387455000000002769	

intensity_x_51
0.25223178000000001653	
8.6500000000000001909e-06	
0.37387442999999997983	
8.6500000000000001909e-06	
0.37387449000000000376	

intensity_test_push0 
0.9998922900000000169	
5.3699999999999997464e-05	
5.3709999999999999062e-05	

intensity_test_push1 
0.84424030999999999381	
0.077879210000000004266	
0.077879210000000004266	

intensity_test_push30 
0.43996691999999998357	
3.7119999999999996965e-05	
3.7119999999999996965e-05	
9.6979999999999996437e-05	
0.27993107000000000406	
0.27993112999999997248	

intensity_test_push31 
0.25223178000000001653	
8.6500000000000001909e-06	
8.6500000000000001909e-06	
0.37387442999999997983	
0.37387455000000002769	

intensity_test_push0 
0.9998922900000000169	
5.3699999999999997464e-05	
5.3709999999999999062e-05	

intensity_test_push1 
0.84424030999999999381	
0.077879210000000004266	
0.077879210000000004266	

intensity_test_push30 
0.43996691999999998357	
3.7119999999999996965e-05	
3.7119999999999996965e-05	
9.6979999999999996437e-05	
0.27993107000000000406	
0.27993112999999997248	

intensity_test_push31 
0.25223178000000001653	
8.6500000000000001909e-06	
8.6500000000000001909e-06	
0.37387442999999997983	
0.37387455000000002769	

intensity_x_52
0.53083371999999995339	
0.46908090000000002284	
8.5279999999999996649e-05	

intensity_test_push0 
0.9998922900000000169	
5.3699999999999997464e-05	
5.3709999999999999062e-05	

intensity_test_push1 
0.84424030999999999381	
0.077879210000000004266	
0.077879210000000004266	

intensity_test_push30 
0.43996691999999998357	
3.7119999999999996965e-05	
3.7119999999999996965e-05	
9.6979999999999996437e-05	
0.27993107000000000406	
0.27993112999999997248	

intensity_test_push31 
0.25223178000000001653	
8.6500000000000001909e-06	
8.6500000000000001909e-06	
0.37387442999999997983	
0.37387455000000002769	

intensity_test_push0 
0.9998922900000000169	
5.3699999999999997464e-05	
5.3709999999999999062e-05	

intensity_test_push1 
0.84424030999999999381	
0.077879210000000004266	
0.077879210000000004266	

intensity_test_push30 
0.43996691999999998357	
3.7119999999999996965e-05	
3.7119999999999996965e-05	
9.6979999999999996437e-05	
0.27993107000000000406	
0.27993112999999997248	

intensity_test_push31 
0.25223178000000001653	
8.6500000000000001909e-06	
8.6500000000000001909e-06	
0.37387442999999997983	
0.37387455000000002769	

intensity_x_53
0.9999898699999999474	
5.0499999999999999303e-06	
5.0499999999999999303e-06	

intensity_test_push0 
0.9998922900000000169	
5.3699999999999997464e-05	
5.3709999999999999062e-05	

intensity_test_push1 
0.84424030999999999381	
0.077879210000000004266	
0.077879210000000004266	

intensity_test_push30 
0.43996691999999998357	
3.7119999999999996965e-05	
3.7119999999999996965e-05	
9.6979999999999996437e-05	
0.27993107000000000406	
0.27993112999999997248	

intensity_test_push31 
0.25223178000000001653	
8.6500000000000001909e-06	
8.6500000000000001909e-06	
0.37387442999999997983	
0.37387455000000002769	

intensity_test_push0 
0.9998922900000000169	
5.3699999999999997464e-05	
5.3709999999999999062e-05	

intensity_test_push1 
0.84424030999999999381	
0.077879210000000004266	
0.077879210000000004266	

intensity_test_push30 
0.43996691999999998357	
3.7119999999999996965e-05	
3.7119999999999996965e-05	
9.6979999999999996437e-05	
0.27993107000000000406	
0.27993112999999997248	

intensity_test_push31 
0.25223178000000001653	
8.6500000000000001909e-06	
8.6500000000000001909e-06	
0.37387442999999997983	
0.37387455000000002769	

intensity_x_54
0.99998998999999999526	
5.0699999999999997388e-06	
5.0699999999999997388e-06	

intensity_test_push0 
0.9998922900000000169	
5.3699999999999997464e-05	
5.3709999999999999062e-05	

intensity_test_push1 
0.84424030999999999381	
0.077879210000000004266	
0.077879210000000004266	

intensity_test_push30 
0.43996691999999998357	
3.7119999999999996965e-05	
3.7119999999999996965e-05	
9.6979999999999996437e-05	
0.27993107000000000406	
0.27993112999999997248	

intensity_test_push31 
0.25223178000000001653	
8.6500000000000001909e-06	
8.6500000000000001909e-06	
0.37387442999999997983	
0.37387455000000002769	

intensity_test_push0 
0.9998922900000000169	
5.3699999999999997464e-05	
5.3709999999999999062e-05	

intensity_test_push1 
0.84424030999999999381	
0.077879210000000004266	
0.077879210000000004266	

intensity_test_push30 
0.43996691999999998357	
3.7119999999999996965e-05	
3.7119999999999996965e-05	
9.6979999999999996437e-05	
0.27993107000000000406	
0.27993112999999997248	

intensity_test_push31 
0.25223178000000001653	
8.6500000000000001909e-06	
8.6500000000000001909e-06	
0.37387442999999997983	
0.37387455000000002769	

intensity_x_55
0.85227763999999994748	
0.14768285999999999913	
3.9719999999999999177e-05	

intensity_test_push0 
0.9998922900000000169	
5.3699999999999997464e-05	
5.3709999999999999062e-05	

intensity_test_push1 
0.84424030999999999381	
0.077879210000000004266	
0.077879210000000004266	

intensity_test_push30 
0.43996691999999998357	
3.7119999999999996965e-05	
3.7119999999999996965e-05	
9.6979999999999996437e-05	
0.27993107000000000406	
0.27993112999999997248	

intensity_test_push31 
0.25223178000000001653	
8.6500000000000001909e-06	
8.6500000000000001909e-06	
0.37387442999999997983	
0.37387455000000002769	

intensity_test_push0 
0.9998922900000000169	
5.3699999999999997464e-05	
5.3709999999999999062e-05	

intensity_test_push1 
0.84424030999999999381	
0.077879210000000004266	
0.077879210000000004266	

intensity_test_push30 
0.43996691999999998357	
3.7119999999999996965e-05	
3.7119999999999996965e-05	
9.6979999999999996437e-05	
0.27993107000000000406	
0.27993112999999997248	

intensity_test_push31 
0.25223178000000001653	
8.6500000000000001909e-06	
8.6500000000000001909e-06	
0.37387442999999997983	
0.37387455000000002769	

intensity_x_56
0.84453224999999998435	
0.077733780000000002319	
0.077733789999999997056	

intensity_test_push0 
0.9998922900000000169	
5.3699999999999997464e-05	
5.3709999999999999062e-05	

intensity_test_push1 
0.84424030999999999381	
0.077879210000000004266	
0.077879210000000004266	

intensity_test_push30 
0.43996691999999998357	
3.7119999999999996965e-05	
3.7119999999999996965e-05	
9.6979999999999996437e-05	
0.27993107000000000406	
0.27993112999999997248	

intensity_test_push31 
0.25223178000000001653	
8.6500000000000001909e-06	
8.6500000000000001909e-06	
0.37387442999999997983	
0.37387455000000002769	

intensity_test_push0 
0.9998922900000000169	
5.3699999999999997464e-05	
5.3709999999999999062e-05	

intensity_test_push1 
0.84424030999999999381	
0.077879210000000004266	
0.077879210000000004266	

intensity_test_push30 
0.43996691999999998357	
3.7119999999999996965e-05	
3.7119999999999996965e-05	
9.6979999999999996437e-05	
0.27993107000000000406	
0.27993112999999997248	

intensity_test_push31 
0.25223178000000001653	
8.6500000000000001909e-06	
8.6500000000000001909e-06	
0.37387442999999997983	
0.37387455000000002769	

intensity_x_57
0.2517331199999999769	
0.37413322999999998331	
0.37413317000000001489	

intensity_test_push0 
0.9998922900000000169	
5.3699999999999997464e-05	
5.3709999999999999062e-05	

intensity_test_push1 
0.84424030999999999381	
0.077879210000000004266	
0.077879210000000004266	

intensity_test_push30 
0.43996691999999998357	
3.7119999999999996965e-05	
3.7119999999999996965e-05	
9.6979999999999996437e-05	
0.27993107000000000406	
0.27993112999999997248	

intensity_test_push31 
0.25223178000000001653	
8.6500000000000001909e-06	
8.6500000000000001909e-06	
0.37387442999999997983	
0.37387455000000002769	

intensity_test_push0 
0.9998922900000000169	
5.3699999999999997464e-05	
5.3709999999999999062e-05	

intensity_test_push1 
0.84424030999999999381	
0.077879210000000004266	
0.077879210000000004266	

intensity_test_push30 
0.43996691999999998357	
3.7119999999999996965e-05	
3.7119999999999996965e-05	
9.6979999999999996437e-05	
0.27993107000000000406	
0.27993112999999997248	

intensity_test_push31 
0.25223178000000001653	
8.6500000000000001909e-06	
8.6500000000000001909e-06	
0.37387442999999997983	
0.37387455000000002769	

intensity_x_58
0.53083371999999995339	
8.5279999999999996649e-05	
0.46908086999999998312	

intensity_test_push0 
0.9998922900000000169	
5.3699999999999997464e-05	
5.3709999999999999062e-05	

intensity_test_push1 
0.84424030999999999381	
0.077879210000000004266	
0.077879210000000004266	

intensity_test_push30 
0.43996691999999998357	
3.7119999999999996965e-05	
3.7119999999999996965e-05	
9.6979999999999996437e-05	
0.27993107000000000406	
0.27993112999999997248	

intensity_test_push31 
0.25223178000000001653	
8.6500000000000001909e-06	
8.6500000000000001909e-06	
0.37387442999999997983	
0.37387455000000002769	

intensity_test_push0 
0.9998922900000000169	
5.3699999999999997464e-05	
5.3709999999999999062e-05	

intensity_test_push1 
0.84424030999999999381	
0.077879210000000004266	
0.077879210000000004266	

intensity_test_push30 
0.43996691999999998357	
3.7119999999999996965e-05	
3.7119999999999996965e-05	
9.6979999999999996437e-05	
0.27993107000000000406	
0.27993112999999997248	

intensity_test_push31 
0.25223178000000001653	
8.6500000000000001909e-06	
8.6500000000000001909e-06	
0.37387442999999997983	
0.37387455000000002769	

intensity_x_59
0.99989258999999997002	
5.3629999999999999828e-05	
5.3629999999999999828e-05	

intensity_test_push0 
0.9998922900000000169	
5.3699999999999997464e-05	
5.3709999999999999062e-05	

intensity_test_push1 
0.84424030999999999381	
0.077879210000000004266	
0.077879210000000004266	

intensity_test_push30 
0.43996691999999998357	
3.7119999999999996965e-05	
3.7119999999999996965e-05	
9.6979999999999996437e-05	
0.27993107000000000406	
0.27993112999999997248	

intensity_test_push31 
0.25223178000000001653	
8.6500000000000001909e-06	
8.6500000000000001909e-06	
0.37387442999999997983	
0.37387455000000002769	

intensity_test_push0 
0.9998922900000000169	
5.3699999999999997464e-05	
5.3709999999999999062e-05	

intensity_test_push1 
0.84424030999999999381	
0.077879210000000004266	
0.077879210000000004266	

intensity_test_push30 
0.43996691999999998357	
3.7119999999999996965e-05	
3.7119999999999996965e-05	
9.6979999999999996437e-05	
0.27993107000000000406	
0.27993112999999997248	

intensity_test_push31 
0.25223178000000001653	
8.6500000000000001909e-06	
8.6500000000000001909e-06	
0.37387442999999997983	
0.37387455000000002769	

intensity_x_60
0.53083371999999995339	
8.5279999999999996649e-05	
0.46908097999999998073	

intensity_test_push0 
0.9998922900000000169	
5.3699999999999997464e-05	
5.3709999999999999062e-05	

intensity_test_push1 
0.84424030999999999381	
0.077879210000000004266	
0.077879210000000004266	

intensity_test_push30 
0.43996691999999998357	
3.7119999999999996965e-05	
3.7119999999999996965e-05	
9.6979999999999996437e-05	
0.27993107000000000406	
0.27993112999999997248	

intensity_test_push31 
0.25223178000000001653	
8.6500000000000001909e-06	
8.6500000000000001909e-06	
0.37387442999999997983	
0.37387455000000002769	

intensity_test_push0 
0.9998922900000000169	
5.3699999999999997464e-05	
5.3709999999999999062e-05	

intensity_test_push1 
0.84424030999999999381	
0.077879210000000004266	
0.077879210000000004266	

intensity_test_push30 
0.43996691999999998357	
3.7119999999999996965e-05	
3.7119999999999996965e-05	
9.6979999999999996437e-05	
0.27993107000000000406	
0.27993112999999997248	

intensity_test_push31 
0.25223178000000001653	
8.6500000000000001909e-06	
8.6500000000000001909e-06	
0.37387442999999997983	
0.37387455000000002769	

intensity_x_61
0.2517331199999999769	
0.37413322999999998331	
0.37413317000000001489	

intensity_test_push0 
0.9998922900000000169	
5.3699999999999997464e-05	
5.3709999999999999062e-05	

intensity_test_push1 
0.84424030999999999381	
0.077879210000000004266	
0.077879210000000004266	

intensity_test_push30 
0.43996691999999998357	
3.7119999999999996965e-05	
3.7119999999999996965e-05	
9.6979999999999996437e-05	
0.27993107000000000406	
0.27993112999999997248	

intensity_test_push31 
0.25223178000000001653	
8.6500000000000001909e-06	
8.6500000000000001909e-06	
0.37387442999999997983	
0.37387455000000002769	

intensity_test_push0 
0.9998922900000000169	
5.3699999999999997464e-05	
5.3709999999999999062e-05	

intensity_test_push1 
0.84424030999999999381	
0.077879210000000004266	
0.077879210000000004266	

intensity_test_push30 
0.43996691999999998357	
3.7119999999999996965e-05	
3.7119999999999996965e-05	
9.6979999999999996437e-05	
0.27993107000000000406	
0.27993112999999997248	

intensity_test_push31 
0.25223178000000001653	
8.6500000000000001909e-06	
8.6500000000000001909e-06	
0.37387442999999997983	
0.37387455000000002769	

intensity_x_62
0.84453224999999998435	
0.077733769999999993705	
0.077733789999999997056	

intensity_test_push0 
0.9998922900000000169	
5.3699999999999997464e-05	
5.3709999999999999062e-05	

intensity_test_push1 
0.84424030999999999381	
0.077879210000000004266	
0.077879210000000004266	

intensity_test_push30 
0.43996691999999998357	
3.7119999999999996965e-05	
3.7119999999999996965e-05	
9.6979999999999996437e-05	
0.27993107000000000406	
0.27993112999999997248	

intensity_test_push31 
0.25223178000000001653	
8.6500000000000001909e-06	
8.6500000000000001909e-06	
0.37387442999999997983	
0.37387455000000002769	

intensity_test_push0 
0.9998922900000000169	
5.3699999999999997464e-05	
5.3709999999999999062e-05	

intensity_test_push1 
0.84424030999999999381	
0.077879210000000004266	
0.077879210000000004266	

intensity_test_push30 
0.43996691999999998357	
3.7119999999999996965e-05	
3.7119999999999996965e-05	
9.6979999999999996437e-05	
0.27993107000000000406	
0.27993112999999997248	

intensity_test_push31 
0.25223178000000001653	
8.6500000000000001909e-06	
8.6500000000000001909e-06	
0.37387442999999997983	
0.37387455000000002769	

intensity_x_63
0.85227763999999994748	
0.14768291000000000057	
3.9719999999999999177e-05	

intensity_test_push0 
0.9998922900000000169	
5.3699999999999997464e-05	
5.3709999999999999062e-05	

intensity_test_push1 
0.84424030999999999381	
0.077879210000000004266	
0.077879210000000004266	

intensity_test_push30 
0.43996691999999998357	
3.7119999999999996965e-05	
3.7119999999999996965e-05	
9.6979999999999996437e-05	
0.27993107000000000406	
0.27993112999999997248	

intensity_test_push31 
0.25223178000000001653	
8.6500000000000001909e-06	
8.6500000000000001909e-06	
0.37387442999999997983	
0.37387455000000002769	

intensity_test_push0 
0.9998922900000000169	
5.3699999999999997464e-05	
5.3709999999999999062e-05	

intensity_test_push1 
0.84424030999999999381	
0.077879210000000004266	
0.077879210000000004266	

intensity_test_push30 
0.43996691999999998357	
3.7119999999999996965e-05	
3.7119999999999996965e-05	
9.6979999999999996437e-05	
0.27993107000000000406	
0.27993112999999997248	

intensity_test_push31 
0.25223178000000001653	
8.6500000000000001909e-06	
8.6500000000000001909e-06	
0.37387442999999997983	
0.37387455000000002769	

intensity_x_64
0.84424030999999999381	
0.077879249999999997089	
0.077879210000000004266	

intensity_test_push0 
0.9998922900000000169	
5.3699999999999997464e-05	
5.3709999999999999062e-05	

intensity_test_push1 
0.84424030999999999381	
0.077879210000000004266	
0.077879210000000004266	

intensity_test_push30 
0.43996691999999998357	
3.7119999999999996965e-05	
3.7119999999999996965e-05	
9.6979999999999996437e-05	
0.27993107000000000406	
0.27993112999999997248	

intensity_test_push31 
0.25223178000000001653	
8.6500000000000001909e-06	
8.6500000000000001909e-06	
0.37387442999999997983	
0.37387455000000002769	

intensity_test_push0 
0.9998922900000000169	
5.3699999999999997464e-05	
5.3709999999999999062e-05	

intensity_test_push1 
0.84424030999999999381	
0.077879210000000004266	
0.077879210000000004266	

intensity_test_push30 
0.43996691999999998357	
3.7119999999999996965e-05	
3.7119999999999996965e-05	
9.6979999999999996437e-05	
0.27993107000000000406	
0.27993112999999997248	

intensity_test_push31 
0.25223178000000001653	
8.6500000000000001909e-06	
8.6500000000000001909e-06	
0.37387442999999997983	
0.37387455000000002769	

intensity_x_65
0.25151869999999998395	
0.37424110999999998795	
0.37424105000000001953	

intensity_test_push0 
0.9998922900000000169	
5.3699999999999997464e-05	
5.3709999999999999062e-05	

intensity_test_push1 
0.84424030999999999381	
0.077879210000000004266	
0.077879210000000004266	

intensity_test_push30 
0.43996691999999998357	
3.7119999999999996965e-05	
3.7119999999999996965e-05	
9.6979999999999996437e-05	
0.27993107000000000406	
0.27993112999999997248	

intensity_test_push31 
0.25223178000000001653	
8.6500000000000001909e-06	
8.6500000000000001909e-06	
0.37387442999999997983	
0.37387455000000002769	

intensity_test_push0 
0.9998922900000000169	
5.3699999999999997464e-05	
5.3709999999999999062e-05	

intensity_test_push1 
0.84424030999999999381	
0.077879210000000004266	
0.077879210000000004266	

intensity_test_push30 
0.43996691999999998357	
3.7119999999999996965e-05	
3.7119999999999996965e-05	
9.6979999999999996437e-05	
0.27993107000000000406	
0.27993112999999997248	

intensity_test_push31 
0.25223178000000001653	
8.6500000000000001909e-06	
8.6500000000000001909e-06	
0.37387442999999997983	
0.37387455000000002769	

intensity_x_66
0.84453224999999998435	
0.077733780000000002319	
0.077733810000000000406	

intensity_test_push0 
0.9998922900000000169	
5.3699999999999997464e-05	
5.3709999999999999062e-05	

intensity_test_push1 
0.84424030999999999381	
0.077879210000000004266	
0.077879210000000004266	

intensity_test_push30 
0.43996691999999998357	
3.7119999999999996965e-05	
3.7119999999999996965e-05	
9.6979999999999996437e-05	
0.27993107000000000406	
0.27993112999999997248	

intensity_test_push31 
0.25223178000000001653	
8.6500000000000001909e-06	
8.6500000000000001909e-06	
0.37387442999999997983	
0.37387455000000002769	

intensity_test_push0 
0.9998922900000000169	
5.3699999999999997464e-05	
5.3709999999999999062e-05	

intensity_test_push1 
0.84424030999999999381	
0.077879210000000004266	
0.077879210000000004266	

intensity_test_push30 
0.43996691999999998357	
3.7119999999999996965e-05	
3.7119999999999996965e-05	
9.6979999999999996437e-05	
0.27993107000000000406	
0.27993112999999997248	

intensity_test_push31 
0.25223178000000001653	
8.6500000000000001909e-06	
8.6500000000000001909e-06	
0.37387442999999997983	
0.37387455000000002769	

intensity_x_67
0.9999898699999999474	
5.0499999999999999303e-06	
5.0499999999999999303e-06	

intensity_test_push0 
0.9998922900000000169	
5.3699999999999997464e-05	
5.3709999999999999062e-05	

intensity_test_push1 
0.84424030999999999381	
0.077879210000000004266	
0.077879210000000004266	

intensity_test_push30 
0.43996691999999998357	
3.7119999999999996965e-05	
3.7119999999999996965e-05	
9.6979999999999996437e-05	
0.27993107000000000406	
0.27993112999999997248	

intensity_test_push31 
0.25223178000000001653	
8.6500000000000001909e-06	
8.6500000000000001909e-06	
0.37387442999999997983	
0.37387455000000002769	

intensity_test_push0 
0.9998922900000000169	
5.3699999999999997464e-05	
5.3709999999999999062e-05	

intensity_test_push1 
0.84424030999999999381	
0.077879210000000004266	
0.077879210000000004266	

intensity_test_push30 
0.43996691999999998357	
3.7119999999999996965e-05	
3.7119999999999996965e-05	
9.6979999999999996437e-05	
0.27993107000000000406	
0.27993112999999997248	

intensity_test_push31 
0.25223178000000001653	
8.6500000000000001909e-06	
8.6500000000000001909e-06	
0.37387442999999997983	
0.37387455000000002769	

intensity_x_68
0.99989307000000005043	
5.3650000000000003025e-05	
5.3650000000000003025e-05	

intensity_test_push0 
0.9998922900000000169	
5.3699999999999997464e-05	
5.3709999999999999062e-05	

intensity_test_push1 
0.84424030999999999381	
0.077879210000000004266	
0.077879210000000004266	

intensity_test_push30 
0.43996691999999998357	
3.7119999999999996965e-05	
3.7119999999999996965e-05	
9.6979999999999996437e-05	
0.27993107000000000406	
0.27993112999999997248	

intensity_test_push31 
0.25223178000000001653	
8.6500000000000001909e-06	
8.6500000000000001909e-06	
0.37387442999999997983	
0.37387455000000002769	

intensity_test_push0 
0.9998922900000000169	
5.3699999999999997464e-05	
5.3709999999999999062e-05	

intensity_test_push1 
0.84424030999999999381	
0.077879210000000004266	
0.077879210000000004266	

intensity_test_push30 
0.43996691999999998357	
3.7119999999999996965e-05	
3.7119999999999996965e-05	
9.6979999999999996437e-05	
0.27993107000000000406	
0.27993112999999997248	

intensity_test_push31 
0.25223178000000001653	
8.6500000000000001909e-06	
8.6500000000000001909e-06	
0.37387442999999997983	
0.37387455000000002769	

intensity_x_69
0.9999898699999999474	
5.0499999999999999303e-06	
5.0499999999999999303e-06	

intensity_test_push0 
0.9998922900000000169	
5.3699999999999997464e-05	
5.3709999999999999062e-05	

intensity_test_push1 
0.84424030999999999381	
0.077879210000000004266	
0.077879210000000004266	

intensity_test_push30 
0.43996691999999998357	
3.7119999999999996965e-05	
3.7119999999999996965e-05	
9.6979999999999996437e-05	
0.27993107000000000406	
0.27993112999999997248	

intensity_test_push31 
0.25223178000000001653	
8.6500000000000001909e-06	
8.6500000000000001909e-06	
0.37387442999999997983	
0.37387455000000002769	

intensity_test_push0 
0.9998922900000000169	
5.3699999999999997464e-05	
5.3709999999999999062e-05	

intensity_test_push1 
0.84424030999999999381	
0.077879210000000004266	
0.077879210000000004266	

intensity_test_push30 
0.43996691999999998357	
3.7119999999999996965e-05	
3.7119999999999996965e-05	
9.6979999999999996437e-05	
0.27993107000000000406	
0.27993112999999997248	

intensity_test_push31 
0.25223178000000001653	
8.6500000000000001909e-06	
8.6500000000000001909e-06	
0.37387442999999997983	
0.37387455000000002769	

intensity_x_70
0.84453224999999998435	
0.077733769999999993705	
0.077733789999999997056	

intensity_test_push0 
0.9998922900000000169	
5.3699999999999997464e-05	
5.3709999999999999062e-05	

intensity_test_push1 
0.84424030999999999381	
0.077879210000000004266	
0.077879210000000004266	

intensity_test_push30 
0.43996691999999998357	
3.7119999999999996965e-05	
3.7119999999999996965e-05	
9.6979999999999996437e-05	
0.27993107000000000406	
0.27993112999999997248	

intensity_test_push31 
0.25223178000000001653	
8.6500000000000001909e-06	
8.6500000000000001909e-06	
0.37387442999999997983	
0.37387455000000002769	

intensity_test_push0 
0.9998922900000000169	
5.3699999999999997464e-05	
5.3709999999999999062e-05	

intensity_test_push1 
0.84424030999999999381	
0.077879210000000004266	
0.077879210000000004266	

intensity_test_push30 
0.43996691999999998357	
3.7119999999999996965e-05	
3.7119999999999996965e-05	
9.6979999999999996437e-05	
0.27993107000000000406	
0.27993112999999997248	

intensity_test_push31 
0.25223178000000001653	
8.6500000000000001909e-06	
8.6500000000000001909e-06	
0.37387442999999997983	
0.37387455000000002769	

intensity_x_71
0.25151866999999999974	
0.37424110999999998795	
0.37424105000000001953	

intensity_test_push0 
0.9998922900000000169	
5.3699999999999997464e-05	
5.3709999999999999062e-05	

intensity_test_push1 
0.84424030999999999381	
0.077879210000000004266	
0.077879210000000004266	

intensity_test_push30 
0.43996691999999998357	
3.7119999999999996965e-05	
3.7119999999999996965e-05	
9.6979999999999996437e-05	
0.27993107000000000406	
0.27993112999999997248	

intensity_test_push31 
0.25223178000000001653	
8.6500000000000001909e-06	
8.6500000000000001909e-06	
0.37387442999999997983	
0.37387455000000002769	

intensity_test_push0 
0.9998922900000000169	
5.3699999999999997464e-05	
5.3709999999999999062e-05	

intensity_test_push1 
0.84424030999999999381	
0.077879210000000004266	
0.077879210000000004266	

intensity_test_push30 
0.43996691999999998357	
3.7119999999999996965e-05	
3.7119999999999996965e-05	
9.6979999999999996437e-05	
0.27993107000000000406	
0.27993112999999997248	

intensity_test_push31 
0.25223178000000001653	
8.6500000000000001909e-06	
8.6500000000000001909e-06	
0.37387442999999997983	
0.37387455000000002769	

intensity_x_72
0.84424030999999999381	
0.077879210000000004266	
0.077879210000000004266	

intensity_test_push0 
0.9998922900000000169	
5.3699999999999997464e-05	
5.3709999999999999062e-05	

intensity_test_push1 
0.84424030999999999381	
0.077879210000000004266	
0.077879210000000004266	

intensity_test_push30 
0.43996691999999998357	
3.7119999999999996965e-05	
3.7119999999999996965e-05	
9.6979999999999996437e-05	
0.27993107000000000406	
0.27993112999999997248	

intensity_test_push31 
0.25223178000000001653	
8.6500000000000001909e-06	
8.6500000000000001909e-06	
0.37387442999999997983	
0.37387455000000002769	

intensity_test_push0 
0.9998922900000000169	
5.3699999999999997464e-05	
5.3709999999999999062e-05	

intensity_test_push1 
0.84424030999999999381	
0.077879210000000004266	
0.077879210000000004266	

intensity_test_push30 
0.43996691999999998357	
3.7119999999999996965e-05	
3.7119999999999996965e-05	
9.6979999999999996437e-05	
0.27993107000000000406	
0.27993112999999997248	

intensity_test_push31 
0.25223178000000001653	
8.6500000000000001909e-06	
8.6500000000000001909e-06	
0.37387442999999997983	
0.37387455000000002769	

intensity_x_73
0.84424043000000004167	
0.077879219999999999002	
0.077879219999999999002	

intensity_test_push0 
0.9998922900000000169	
5.3699999999999997464e-05	
5.3709999999999999062e-05	

intensity_test_push1 
0.84424030999999999381	
0.077879210000000004266	
0.077879210000000004266	

intensity_test_push30 
0.43996691999999998357	
3.7119999999999996965e-05	
3.7119999999999996965e-05	
9.6979999999999996437e-05	
0.27993107000000000406	
0.27993112999999997248	

intensity_test_push31 
0.25223178000000001653	
8.6500000000000001909e-06	
8.6500000000000001909e-06	
0.37387442999999997983	
0.37387455000000002769	

intensity_test_push0 
0.9998922900000000169	
5.3699999999999997464e-05	
5.3709999999999999062e-05	

intensity_test_push1 
0.84424030999999999381	
0.077879210000000004266	
0.077879210000000004266	

intensity_test_push30 
0.43996691999999998357	
3.7119999999999996965e-05	
3.7119999999999996965e-05	
9.6979999999999996437e-05	
0.27993107000000000406	
0.27993112999999997248	

intensity_test_push31 
0.25223178000000001653	
8.6500000000000001909e-06	
8.6500000000000001909e-06	
0.37387442999999997983	
0.37387455000000002769	

intensity_x_74
0.85232669000000005344	
0.14767336999999999825	
4.799999999999999571e-07	

intensity_test_push0 
0.9998922900000000169	
5.3699999999999997464e-05	
5.3709999999999999062e-05	

intensity_test_push1 
0.84424030999999999381	
0.077879210000000004266	
0.077879210000000004266	

intensity_test_push30 
0.43996691999999998357	
3.7119999999999996965e-05	
3.7119999999999996965e-05	
9.6979999999999996437e-05	
0.27993107000000000406	
0.27993112999999997248	

intensity_test_push31 
0.25223178000000001653	
8.6500000000000001909e-06	
8.6500000000000001909e-06	
0.37387442999999997983	
0.37387455000000002769	

intensity_test_push0 
0.9998922900000000169	
5.3699999999999997464e-05	
5.3709999999999999062e-05	

intensity_test_push1 
0.84424030999999999381	
0.077879210000000004266	
0.077879210000000004266	

intensity_test_push30 
0.43996691999999998357	
3.7119999999999996965e-05	
3.7119999999999996965e-05	
9.6979999999999996437e-05	
0.27993107000000000406	
0.27993112999999997248	

intensity_test_push31 
0.25223178000000001653	
8.6500000000000001909e-06	
8.6500000000000001909e-06	
0.37387442999999997983	
0.37387455000000002769	

intensity_x_75
0.99998998999999999526	
5.0699999999999997388e-06	
5.0699999999999997388e-06	

intensity_test_push0 
0.9998922900000000169	
5.3699999999999997464e-05	
5.3709999999999999062e-05	

intensity_test_push1 
0.84424030999999999381	
0.077879210000000004266	
0.077879210000000004266	

intensity_test_push30 
0.43996691999999998357	
3.7119999999999996965e-05	
3.7119999999999996965e-05	
9.6979999999999996437e-05	
0.27993107000000000406	
0.27993112999999997248	

intensity_test_push31 
0.25223178000000001653	
8.6500000000000001909e-06	
8.6500000000000001909e-06	
0.37387442999999997983	
0.37387455000000002769	

intensity_test_push0 
0.9998922900000000169	
5.3699999999999997464e-05	
5.3709999999999999062e-05	

intensity_test_push1 
0.84424030999999999381	
0.077879210000000004266	
0.077879210000000004266	

intensity_test_push30 
0.43996691999999998357	
3.7119999999999996965e-05	
3.7119999999999996965e-05	
9.6979999999999996437e-05	
0.27993107000000000406	
0.27993112999999997248	

intensity_test_push31 
0.25223178000000001653	
8.6500000000000001909e-06	
8.6500000000000001909e-06	
0.37387442999999997983	
0.37387455000000002769	

intensity_x_76
0.99989234999999998532	
5.3669999999999999445e-05	
5.3669999999999999445e-05	

intensity_test_push0 
0.9998922900000000169	
5.3699999999999997464e-05	
5.3709999999999999062e-05	

intensity_test_push1 
0.84424030999999999381	
0.077879210000000004266	
0.077879210000000004266	

intensity_test_push30 
0.43996691999999998357	
3.7119999999999996965e-05	
3.7119999999999996965e-05	
9.6979999999999996437e-05	
0.27993107000000000406	
0.27993112999999997248	

intensity_test_push31 
0.25223178000000001653	
8.6500000000000001909e-06	
8.6500000000000001909e-06	
0.37387442999999997983	
0.37387455000000002769	

intensity_test_push0 
0.9998922900000000169	
5.3699999999999997464e-05	
5.3709999999999999062e-05	

intensity_test_push1 
0.84424030999999999381	
0.077879210000000004266	
0.077879210000000004266	

intensity_test_push30 
0.43996691999999998357	
3.7119999999999996965e-05	
3.7119999999999996965e-05	
9.6979999999999996437e-05	
0.27993107000000000406	
0.27993112999999997248	

intensity_test_push31 
0.25223178000000001653	
8.6500000000000001909e-06	
8.6500000000000001909e-06	
0.37387442999999997983	
0.37387455000000002769	

intensity_x_77
0.99998998999999999526	
5.0699999999999997388e-06	
5.0699999999999997388e-06	

intensity_test_push0 
0.9998922900000000169	
5.3699999999999997464e-05	
5.3709999999999999062e-05	

intensity_test_push1 
0.84424030999999999381	
0.077879210000000004266	
0.077879210000000004266	

intensity_test_push30 
0.43996691999999998357	
3.7119999999999996965e-05	
3.7119999999999996965e-05	
9.6979999999999996437e-05	
0.27993107000000000406	
0.27993112999999997248	

intensity_test_push31 
0.25223178000000001653	
8.6500000000000001909e-06	
8.6500000000000001909e-06	
0.37387442999999997983	
0.37387455000000002769	

intensity_test_push0 
0.9998922900000000169	
5.3699999999999997464e-05	
5.3709999999999999062e-05	

intensity_test_push1 
0.84424030999999999381	
0.077879210000000004266	
0.077879210000000004266	

intensity_test_push30 
0.43996691999999998357	
3.7119999999999996965e-05	
3.7119999999999996965e-05	
9.6979999999999996437e-05	
0.27993107000000000406	
0.27993112999999997248	

intensity_test_push31 
0.25223178000000001653	
8.6500000000000001909e-06	
8.6500000000000001909e-06	
0.37387442999999997983	
0.37387455000000002769	

intensity_x_78
0.83436560999999997978	
0.16375110000000001054	
0.0018835699999999999926	

intensity_test_push0 
0.9998922900000000169	
5.3699999999999997464e-05	
5.3709999999999999062e-05	

intensity_test_push1 
0.84424030999999999381	
0.077879210000000004266	
0.077879210000000004266	

intensity_test_push30 
0.43996691999999998357	
3.7119999999999996965e-05	
3.7119999999999996965e-05	
9.6979999999999996437e-05	
0.27993107000000000406	
0.27993112999999997248	

intensity_test_push31 
0.25223178000000001653	
8.6500000000000001909e-06	
8.6500000000000001909e-06	
0.37387442999999997983	
0.37387455000000002769	

intensity_test_push0 
0.9998922900000000169	
5.3699999999999997464e-05	
5.3709999999999999062e-05	

intensity_test_push1 
0.84424030999999999381	
0.077879210000000004266	
0.077879210000000004266	

intensity_test_push30 
0.43996691999999998357	
3.7119999999999996965e-05	
3.7119999999999996965e-05	
9.6979999999999996437e-05	
0.27993107000000000406	
0.27993112999999997248	

intensity_test_push31 
0.25223178000000001653	
8.6500000000000001909e-06	
8.6500000000000001909e-06	
0.37387442999999997983	
0.37387455000000002769	

intensity_x_79
0.84424030999999999381	
0.077879210000000004266	
0.077879210000000004266	

intensity_test_push0 
0.9998922900000000169	
5.3699999999999997464e-05	
5.3709999999999999062e-05	

intensity_test_push1 
0.84424030999999999381	
0.077879210000000004266	
0.077879210000000004266	

intensity_test_push30 
0.43996691999999998357	
3.7119999999999996965e-05	
3.7119999999999996965e-05	
9.6979999999999996437e-05	
0.27993107000000000406	
0.27993112999999997248	

intensity_test_push31 
0.25223178000000001653	
8.6500000000000001909e-06	
8.6500000000000001909e-06	
0.37387442999999997983	
0.37387455000000002769	

intensity_test_push0 
0.9998922900000000169	
5.3699999999999997464e-05	
5.3709999999999999062e-05	

intensity_test_push1 
0.84424030999999999381	
0.077879210000000004266	
0.077879210000000004266	

intensity_test_push30 
0.43996691999999998357	
3.7119999999999996965e-05	
3.7119999999999996965e-05	
9.6979999999999996437e-05	
0.27993107000000000406	
0.27993112999999997248	

intensity_test_push31 
0.25223178000000001653	
8.6500000000000001909e-06	
8.6500000000000001909e-06	
0.37387442999999997983	
0.37387455000000002769	

intensity_x_80
0.9998922900000000169	
5.3699999999999997464e-05	
5.3709999999999999062e-05	

a is 
0	0	0	0	0	0	
0	0	0	0	0	0	
0	0	0	0	0	0	

max dim 9
thickness = (0,1)
ug_size = 25
tilt_size = 81
column_index = 0
Intensity0 = 
0.99999929652498209531	
3.5173688058270160857e-07	
3.517381372473892238e-07	

Intensity1 = 
0.99186064744078383804	
0.0040696762796078476618	
0.0040696762796078476618	

Intensity2 = 
0.99591871251139041377	
0.0040809464512203885364	
3.4103738948990029202e-07	

Intensity3 = 
0.99999930485439325611	
3.4757280354523001101e-07	
3.4757280354523001101e-07	

ug to reconstruct: 
(0.23589499999999999358,0)	
(0.0005930819999999999842,-6.3790100000000002881e-09)	
(0.0005930819999999999842,6.3790100000000002881e-09)	
(0.082869600000000001594,-7.396030000000000153e-09)	
(0.082869600000000001594,7.396030000000000153e-09)	
(0.064142500000000005067,0)	
(0.064142500000000005067,0)	
(0.0005930819999999999842,6.3790100000000002881e-09)	
(0.0005930819999999999842,-6.3790100000000002881e-09)	
(0.064142500000000005067,5.735679999999999781e-09)	
(0.064142500000000005067,-5.735679999999999781e-09)	
(0.054937899999999997847,-9.8186800000000006741e-09)	
(0.054937899999999997847,9.8186800000000006741e-09)	
(0.054937899999999997847,0)	
(0.054937899999999997847,0)	
(-0.0016485899999999999079,2.4185200000000001434e-10)	
(-0.0016485899999999999079,-2.4185200000000001434e-10)	
(-0.0016485899999999999079,7.1914300000000001048e-11)	
(-0.0016485899999999999079,-7.1914300000000001048e-11)	
(-0.0016485899999999999079,2.4185200000000001434e-10)	
(-0.0016485899999999999079,-2.4185200000000001434e-10)	
(-0.0016485899999999999079,-7.1914300000000001048e-11)	
(-0.0016485899999999999079,7.1914300000000001048e-11)	
(0.082869600000000001594,-7.396030000000000153e-09)	
(0.082869600000000001594,7.396030000000000153e-09)	

weights0 
1	
1	
1	


real	0m0.682s
user	0m0.040s
sys	0m0.544s
