clang++ -std=c++14 -stdlib=libc++ -O3 -ferror-limit=2 -Weverything -Wno-c++98-compat -Wno-c++98-compat-pedantic -Wno-sign-conversion -Wno-exit-time-destructors -Wno-float-equal -Wno-global-constructors -Wno-missing-declarations -Wno-unused-parameter -Wno-padded -Wno-shadow -Wno-weak-vtables -Wno-missing-prototypes -Wno-unused-variable -ferror-limit=1 -Wno-deprecated -Wno-conversion -Wno-double-promotion -c src/direct_cuda_pattern.cc -o ./obj/direct_cuda_pattern.o -Iinclude -I/usr/local/cuda/include -I/usr/local/include -I/usr/include/c++/v1
nvcc src/cuda_pattern.cu -o ./obj/_cuda_pattern.o -Iinclude -I/usr/local/cuda/include -I/usr/local/include -I/usr/include/c++/v1 -m64 -dc -gencode arch=compute_70,code=sm_70 --relocatable-device-code true  -Xptxas -v
ptxas info    : 9754 bytes gmem
ptxas info    : Compiling entry function '_Z5ZaxpymddP7double2S0_' for 'sm_70'
ptxas info    : Function properties for _Z5ZaxpymddP7double2S0_
    0 bytes stack frame, 0 bytes spill stores, 0 bytes spill loads
ptxas info    : Used 30 registers, 392 bytes cmem[0]
ptxas info    : Function properties for cudaGetDevice
    0 bytes stack frame, 0 bytes spill stores, 0 bytes spill loads
ptxas info    : Compiling entry function '_Z5DasummP7double2Pd' for 'sm_70'
ptxas info    : Function properties for _Z5DasummP7double2Pd
    0 bytes stack frame, 0 bytes spill stores, 0 bytes spill loads
ptxas info    : Used 26 registers, 1024 bytes smem, 376 bytes cmem[0]
ptxas info    : Compiling entry function '_Z8sum_diagP7double2mdd' for 'sm_70'
ptxas info    : Function properties for _Z8sum_diagP7double2mdd
    0 bytes stack frame, 0 bytes spill stores, 0 bytes spill loads
ptxas info    : Used 10 registers, 384 bytes cmem[0]
ptxas info    : Compiling entry function '_Z5ZgemmP7double2S0_S0_md' for 'sm_70'
ptxas info    : Function properties for _Z5ZgemmP7double2S0_S0_md
    0 bytes stack frame, 0 bytes spill stores, 0 bytes spill loads
ptxas info    : Used 40 registers, 8704 bytes smem, 392 bytes cmem[0]
ptxas info    : Function properties for cudaFuncGetAttributes
    0 bytes stack frame, 0 bytes spill stores, 0 bytes spill loads
ptxas info    : Function properties for cudaOccupancyMaxActiveBlocksPerMultiprocessorWithFlags
    0 bytes stack frame, 0 bytes spill stores, 0 bytes spill loads
ptxas info    : Compiling entry function '_Z22extract_intensity_diffP7double2PdS1_mm' for 'sm_70'
ptxas info    : Function properties for _Z22extract_intensity_diffP7double2PdS1_mm
    0 bytes stack frame, 0 bytes spill stores, 0 bytes spill loads
ptxas info    : Used 24 registers, 392 bytes cmem[0], 8 bytes cmem[2]
ptxas info    : Compiling entry function '_Z9compose_aPdPmS_dP7double2m' for 'sm_70'
ptxas info    : Function properties for _Z9compose_aPdPmS_dP7double2m
    0 bytes stack frame, 0 bytes spill stores, 0 bytes spill loads
ptxas info    : Used 30 registers, 400 bytes cmem[0]
ptxas info    : Function properties for cudaOccupancyMaxActiveBlocksPerMultiprocessor
    0 bytes stack frame, 0 bytes spill stores, 0 bytes spill loads
ptxas info    : Compiling entry function '_Z5ZscalmdP7double2' for 'sm_70'
ptxas info    : Function properties for _Z5ZscalmdP7double2
    0 bytes stack frame, 0 bytes spill stores, 0 bytes spill loads
ptxas info    : Used 27 registers, 376 bytes cmem[0]
ptxas info    : Function properties for cudaMalloc
    0 bytes stack frame, 0 bytes spill stores, 0 bytes spill loads
ptxas info    : Compiling entry function '_Z38make_individual_pattern_intensity_diffPdS_PmS_dS0_S_S_mP7double2mm' for 'sm_70'
ptxas info    : Function properties for _Z38make_individual_pattern_intensity_diffPdS_PmS_dS0_S_S_mP7double2mm
    24 bytes stack frame, 0 bytes spill stores, 0 bytes spill loads
ptxas info    : Used 72 registers, 448 bytes cmem[0], 104 bytes cmem[2]
ptxas info    : Compiling entry function '_Z5ZcopymP7double2S0_' for 'sm_70'
ptxas info    : Function properties for _Z5ZcopymP7double2S0_
    0 bytes stack frame, 0 bytes spill stores, 0 bytes spill loads
ptxas info    : Used 28 registers, 376 bytes cmem[0]
ptxas info    : Function properties for cudaDeviceGetAttribute
    0 bytes stack frame, 0 bytes spill stores, 0 bytes spill loads
ptxas info    : Compiling entry function '_Z6Dznrm2mP7double2Pd' for 'sm_70'
ptxas info    : Function properties for _Z6Dznrm2mP7double2Pd
    0 bytes stack frame, 0 bytes spill stores, 0 bytes spill loads
ptxas info    : Used 28 registers, 1024 bytes smem, 376 bytes cmem[0]
ptxas info    : Compiling entry function '_Z34extract_intensity_diff_with_offsetP7double2PdS1_S1_mmdd' for 'sm_70'
ptxas info    : Function properties for _Z34extract_intensity_diff_with_offsetP7double2PdS1_S1_mmdd
    0 bytes stack frame, 0 bytes spill stores, 0 bytes spill loads
ptxas info    : Used 24 registers, 416 bytes cmem[0], 8 bytes cmem[2]
nvcc -dlink ./obj/_cuda_pattern.o -arch=sm_70 -o ./obj/cuda_pattern.o -m64 -lcudadevrt -L/usr/local/cuda/lib64  -rdc=true -Xptxas -v
clang++ -o ./bin/direct_cuda_pattern ./obj/_cuda_pattern.o ./obj/direct_cuda_pattern.o ./obj/cuda_pattern.o  -lcudadevrt -lcublas -lcudart -m64 -L/usr/local/cuda/lib64  -lc++ -lc++abi -O3 -pthread

solution:
(0.96994436661942962097,-0.018153218819971048137)	
(0.015643135622109474031,-0.0034981226235786377216)	
(0.015643135598231116407,-0.0034981227072819775538)	
(0.012882928521937724031,0.0028633431511234535595)	
(0.012882928521736284472,0.002863343181185514473)	
(0.010592888241458538884,0.0028435180451209934871)	
(0.010592888234910564915,0.002843518073054673162)	
(0.011364195939021578055,0.004072750498796696636)	
(0.011364195930481530913,0.0040727504985952562092)	
(0.0099613363565251421966,0.005558112485307489109)	
(0.0099613363639277242162,0.0055581124464713742295)	
(0.0099846001867460315582,0.0051127400508372156801)	
(0.0099846001874643337121,0.0051127401160341000297)	
(0.010133844667861843444,0.0049405828449610219438)	
(0.010133844631050367702,0.0049405828682573859137)	
(0.01564313558198934806,-0.0034981226715916839513)	
(0.014862186251338036641,-0.0019595647132690527728)	
(0.014862186194817510534,-0.0019595646860271530645)	
(0.013085227573085313202,0.0016697869038276996756)	
(0.01308522755101387304,0.001669786942004600986)	
(0.010785222836852211351,0.0036788347990921151445)	
(0.010785222789726338702,0.0036788348569352646855)	
(0.010629984346878153245,0.0047737184108501149252)	
(0.010629984283608210141,0.0047737184100606370671)	
(0.010008210821076070005,0.0053633374168243529503)	
(0.01000821077485365522,0.0053633374126876151231)	
(0.010278885248137204986,0.006222033548132316523)	
(0.010278885190778351208,0.0062220335618651508372)	
(0.0098857856771355084868,0.0069778038670851375014)	
(0.0098857856863124420055,0.0069778038767626497652)	
(0.01564313558793299988,-0.0034981227111135337199)	
(0.014862186198937964512,-0.001959564670519968986)	
(0.014862186254571316604,-0.001959564739597256279)	
(0.013085227601438155845,0.0016697869772757316202)	
(0.013085227597801996763,0.0016697869532996765379)	
(0.0098589835267064648838,0.01112213839358490268)	
(0.0098615033379016361209,0.011041686364494190248)	
(0.010785222818313186868,0.0036788347759646243366)	
(0.0098589835001442558543,0.01112213839795564603)	
(0.0098615033339826217024,0.011041686400886501287)	
(0.010785222788920578729,0.0036788348303242062766)	
(0.0099173291678581586978,0.010912976837021890614)	
(0.0099136550206812609071,0.010841021034939375342)	
(0.010629984316767242952,0.0047737183687318711367)	
(0.009917329185308567871,0.010912976816975089589)	
(0.0099136550193912043039,0.01084102099335427713)	
(0.010629984280157208504,0.0047737183928605181338)	
(0.0099468546446869858524,0.010694179350024552583)	
(0.0099544622481682071974,0.010640291924037285562)	
(0.010008210806439777826,0.0053633373854396707708)	
(0.0099468546472670955894,0.010694179353306680624)	
(0.0099544622209039781285,0.010640291873928422323)	
(0.010008210777667772215,0.0053633373809163359391)	
(0.0099571777498589017497,0.01050830162411613318)	
(0.0099701079670018195183,0.010469112681147463989)	
(0.010278885223219081865,0.0062220335363427064362)	
(0.0099571777462878745951,0.010508301615777525598)	
(0.0099701079939994753654,0.010469112643465096346)	
(0.010278885175973183699,0.0062220335437615731725)	
(0.0099769287632916932307,0.010339551363239154677)	
(0.0099888657758694775896,0.010308665966541862014)	
(0.0098857856367916153301,0.0069778038867290594072)	
(0.0099769287726537841943,0.010339551357779796018)	
(0.0099888657479683638785,0.010308665944922150784)	
(0.0098857856753123089094,0.0069778038758266250699)	
(0.0099872542014347760742,0.010226405194976211435)	
(0.009991652704497830037,0.010194741724821541548)	
(0.0098615033164670823362,0.011041686412861267952)	
(0.0099872541929272948963,0.010226405209999100618)	
(0.0099916527073607951104,0.010194741742005379234)	
(0.0098615033589882043763,0.011041686373856279477)	
(0.0099932241687256725265,0.010117717263072638356)	
(0.0099959985576625956516,0.010084580575478500897)	
(0.0099136550281164088905,0.01084102101758666406)	
(0.009993224145429309424,0.010117717248267470848)	
(0.0099959985300280534276,0.010084580553270753103)	
(0.0099136550483972171732,0.010841021068832990687)	
(0.012882928541565363822,0.0028633431292046035779)	
(0.013085227561311987832,0.0016697869606799331001)	
(0.013085227586818145781,0.0016697868921032219501)	
(0.011651748361771113033,0.0019529120789986563651)	
(0.011651748332895365753,0.0019529120285315666565)	
(0.011016846981613426237,0.004066987387089182962)	
(0.01101684692745528299,0.0040669874982684310616)	
(0.011052298252389288619,0.0043794114738929922764)	
(0.011052298276540263242,0.0043794115315672690891)	
(0.009954462198696230335,0.010640291863162296485)	
(0.010320330132759601011,0.0056418859573694668183)	
(0.0099544622645462831761,0.01064029187706400266)	
(0.010320330087359230048,0.0056418860256958877283)	
(0.009970108005756518621,0.010469112672035662398)	
(0.0099863787593150506877,0.0057965329704399342139)	
(0.0099701080074983024215,0.010469112660931787634)	
(0.0099863787406234364591,0.0057965329465880979093)	
(0.0099888657317917291939,0.010308665971484359813)	
(0.010161111316483999178,0.0063701293383351719271)	
(0.0099888657448713950165,0.010308665980944148668)	
(0.010161111314241636633,0.0063701293996456069546)	
(0.0099916527014171415549,0.01019474175552049014)	
(0.0099161804480666412148,0.01098127650402572382)	
(0.0099916526870474208638,0.010194741749843408071)	
(0.0099161804485346539961,0.010981276449094388298)	
(0.0099959985448006532377,0.010084580552633866726)	
(0.0099343616176304459786,0.010774774184658535842)	
(0.0099959985389221316099,0.010084580584421428892)	
(0.0099343616224203540321,0.01077477419842393612)	
(0.012882928538081794487,0.0028633431739029571034)	
(0.013085227585930971766,0.0016697868718061324202)	
(0.013085227531603956658,0.0016697869755013809885)	
(0.011651748324855897357,0.0019529120550937761197)	
(0.011651748357514351423,0.0019529121044559675374)	
(0.011016846978799309242,0.0040669874318526675477)	
(0.011016846952558563555,0.004066987489994955407)	
(0.011052298243446362358,0.0043794115453326693671)	
(0.011052298274063895173,0.0043794116133213413511)	
(0.010320330128759170815,0.0056418859583766663504)	
(0.010320330092552015486,0.0056418859984316595269)	
(0.0099863787762974470796,0.005796532956102780354)	
(0.009986378725954578317,0.005796532952096306382)	
(0.010161111323418570151,0.0063701293313354681591)	
(0.010161111308814843937,0.0063701293582130984888)	
(0.009916180419093196044,0.010981276472173029726)	
(0.0099161804343500907499,0.010981276481583968768)	
(0.0099343616001800385401,0.010774774221938022631)	
(0.0099343615892938871847,0.010774774176248752555)	
(0.01101684699012090568,0.0040669874627632940367)	
(0.010991282005131625815,0.0037625767955786226272)	
(0.010968419581008064662,0.004607721882721033807)	
(0.01059221227795289523,0.0054096182324254032947)	
(0.010991282019283623098,0.0037625767832172593921)	
(0.010968419606296500937,0.0046077218363846390164)	
(0.010592212283444818119,0.0054096182538599579467)	
(0.010222611820190911219,0.0067564561404659618724)	
(0.0099442453025961451835,0.0066208371131169820034)	
(0.010968419637076863571,0.0046077218695213442018)	
(0.010502501771907774702,0.0070339172959003482682)	
(0.010358109094740506131,0.0054257720476346485428)	
(0.01062505953628845555,0.0060020402465097676126)	
(0.010358109086031583659,0.0054257720847778277001)	
(0.010625059520748707242,0.0060020403041026286484)	
(0.010358109134528926953,0.0054257720851969915357)	
(0.010614874416097794946,0.0065981904142274399802)	
(0.010080935969986333511,0.0063532327745337881242)	
(0.010080935973720190485,0.0063532328169511702309)	
(0.010222611824327649047,0.0067564561192816957255)	
(0.011016846977759543746,0.0040669874247492221117)	
(0.010054747052531527035,0.011139884428512930939)	
(0.010502501772190630039,0.0070339172967875231504)	
(0.010067250048137436555,0.011057849916094998274)	
(0.010080986502924053211,0.011123426569972307693)	
(0.01078522279854924118,0.003678834876758299826)	
(0.0099777256880239553055,0.010969240856037997325)	
(0.011052298217624781373,0.0043794115668486389287)	
(0.010054747032751297497,0.01113988442355414929)	
(0.010592212247689393456,0.0054096182550462711472)	
(0.010625059513612694975,0.0060020402296962448163)	
(0.010785222829699916969,0.0036788348516387362787)	
(0.010968419610781224294,0.0046077218987287966306)	
(0.010614874428992301589,0.0065981904212271437482)	
(0.010080935979413556403,0.0063532327893878037112)	
(0.010048714190685497163,0.010941569106171286987)	
(0.010067250028526080613,0.011057849920384325848)	
(0.010029122151196735377,0.01074834184445995662)	
(0.01008650641580231648,0.010881444644864689958)	
(0.010067250077192297503,0.01105784994451297111)	
(0.010076550662065907396,0.010970234678980211179)	
(0.010076550662267346956,0.010970234715905666928)	
(0.010086506448945065442,0.010881444665298087987)	
(0.010078601809714735765,0.010814270655994566786)	
(0.010071428538842642705,0.010844765590215570128)	
(0.0099442453192733586131,0.0066208371268498163176)	
(0.010048714180501364113,0.010941569097598673882)	
(0.010081983046915777777,0.010700773491035568338)	
(0.010082688908069547748,0.010643639107628579538)	
(0.010059911183863739711,0.010689071136619777633)	
(0.011052298215044669902,0.0043794115931931262842)	
(0.01035810910706326006,0.0054257720871402148957)	
(0.010080986491069310329,0.011123426549707783259)	
(0.010076550659485795924,0.010970234740241797261)	
(0.010081983039295472349,0.010700773470705911977)	
(0.01007860184347808899,0.010814270697911368413)	
(0.01004227822590908481,0.010523727254898338629)	
(0.01008268893118075514,0.010643639083259883241)	
(0.010015504961372155221,0.010358898657352622052)	
(0.01007486337129178712,0.010476785382278168066)	
(0.010592888235112004475,0.0028435180911094014473)	
(0.010629984373472928239,0.0047737183607412516859)	
(0.010078601838802164412,0.010814270669857663221)	
(0.010059911173864762371,0.010689071132112724916)	
(0.010055799792147828917,0.010535338120772367795)	
(0.010045610416801681666,0.010560869151959157569)	
(0.010074863388491905186,0.010476785357876905805)	
(0.010074209710050727185,0.010413656990748311817)	
(0.01003551827934310095,0.010432856173986747653)	
(0.010029122198725488879,0.010748341840758665611)	
(0.010042278235924344265,0.010523727272348746067)	
(0.010049653284040380163,0.010322271771781790436)	
(0.010058617642397066697,0.010278547197920855777)	
(0.010038363252203459305,0.010315794203669176668)	
(0.010592212282372486659,0.0054096182516990103106)	
(0.010080935999846954432,0.006353232838489466551)	
(0.010071428538978950337,0.010844765601368294705)	
(0.010059911154792594914,0.010689071142781154597)	
(0.010055799778431278452,0.01053533809022601242)	
(0.01004965326201778808,0.010322271763726038191)	
(0.010074209696519334165,0.010413656979426713645)	
(0.010019405055654769313,0.010188087409245380824)	
(0.010058617647420978539,0.010278547222556123561)	
(0.010035518317945208572,0.010432856187082693855)	
(0.01001787079440453164,0.010326213140752136393)	
(0.010048485473547174793,0.010211524827247442024)	
(0.01001342731540198934,0.01020876452036226581)	
(0.010035988474343228785,0.010168679748432636958)	
(0.010034774710058516969,0.010128033809917415947)	
(0.010017243528626146656,0.010132465742720720217)	
(0.0099777257016530444822,0.010969240858449233467)	
(0.010015504939333279288,0.010358898642982903096)	
(0.010019405061130410087,0.010188087425324321086)	
(0.010015484801752341446,0.010084988916332464359)	
(0.010009168657262262556,0.010043357094320312997)	
(0.010019762937760495758,0.010068206405352584515)	
(0.010625059561609459524,0.0060020402508153790355)	
(0.010076550672315172374,0.010970234728969048901)	
(0.010045610414156438267,0.010560869136032810522)	
(0.010035518275391518833,0.010432856176180260385)	
(0.010038363255235299709,0.010315794184057820726)	
(0.010035988470859661184,0.010168679744279615282)	
(0.010048485469862165897,0.010211524810232479668)	
(0.010015484791301636908,0.010084988935709813043)	
(0.01003477469721285667,0.01012803380383745476)	
(0.010001347252119171735,0.01014951079503829609)	
(0.0099988951748003120773,0.010071576269720034988)	
(0.010592888212735383086,0.0028435180844251194132)	
(0.010067250125107646275,0.011057849929022070881)	
(0.01005991116425238377,0.010689071146063282639)	
(0.010017870751899691714,0.010326213142074758961)	
(0.010013427341093306469,0.010208764498807684773)	
(0.010017243532779168333,0.01013246572942333272)	
(0.010009168647247003101,0.010043357119374743749)	
(0.010019762937559054464,0.010068206400998125014)	
(0.010629984359135775246,0.0047737183527017824219)	
(0.010078601820480863338,0.010814270683726806901)	
(0.010035518296156622012,0.010432856171978392365)	
(0.010001347277222452301,0.010149510811166084431)	
(0.0099988952003064717616,0.010071576276703455774)	
(0.0099731834292530446157,0.010778491418755808962)	
(0.0099731834605563118856,0.010778491404152082747)	
(0.0099648609506875537173,0.010580057276947550313)	
(0.0099965042618437981864,0.010546512809594836557)	
(0.0099708029145065008719,0.010419148619462975311)	
(0.0099781166616429873423,0.010379475316752732536)	
(0.0099965042863590421879,0.010546512806465299997)	
(0.0099648609300038663156,0.010580057296139743286)	
(0.0099781166527163431962,0.010379475321156043585)	
(0.0099826892879341152381,0.010246407880050921804)	
(0.0099958529826642134042,0.010214740627210673954)	
(0.0099958529664712948704,0.010214740615018183881)	
(0.0099708028964517695508,0.010419148604342388237)	
(0.0099826892696290980139,0.010246407850424309877)	
(0.0099917392066972629538,0.010106120308161426619)	
(0.010004665376412365946,0.010080906258325703431)	
(0.0099917391905369086491,0.010106120301831176059)	
(0.010004665415433636536,0.010080906254221531568)	
(0.0099586329262491869729,0.010576229995161697331)	
(0.0099586329184600079489,0.010576230001459381927)	
(0.0099753311371524374523,0.010418678186725828169)	
(0.0099753311654889962462,0.010418678183291108647)	
(0.0099934746867382101554,0.010274066009291213733)	
(0.0099873434441568979814,0.010278887652514867232)	
(0.0099954975116371674176,0.010166387737896645516)	
(0.0099898970331389058686,0.010161715312495992608)	
(0.0099991907612687579154,0.01006573551885328946)	
(0.0099971538873508437872,0.010062912506327801113)	
(0.0099934747003184529884,0.010274065996832152173)	
(0.0099873434389152609958,0.010278887661457795227)	
(0.0099954975334583182067,0.010166387730711786905)	
(0.0099898970601691259447,0.010161715295949041299)	
(0.009986250738665266441,0.010137126837324265255)	
(0.0099904625038923604297,0.010047905657967259874)	
(0.009986250722085749168,0.010137126851590244278)	
(0.0099991907526249691057,0.010065735523659477893)	
(0.0099971538753597932736,0.010062912498506056125)	
(0.00999046251564940542,0.010047905667563356361)	
(0.0099944423292571173134,0.010024930044819550454)	
(0.0099944423336115785494,0.01002493003932762583)	
(0.0099586329684548894475,0.010576229973340544807)	
(0.0099753311184119734106,0.010418678170565475599)	
(0.0099934746843921059417,0.010274065996380423241)	
(0.0099954975425538376832,0.010166387719139899359)	
(0.0099991907251267345136,0.010065735533908744606)	
(0.0099586329425946969879,0.010576230008878247796)	
(0.0099753311194517389066,0.010418678173912735568)	
(0.010222611875541409709,0.0067564561489245941045)	
(0.0099442453445292306596,0.006620837092771041793)	
(0.010592212301782401307,0.0054096182111108732926)	
(0.0099777256735016431333,0.010969240871109732852)	
(0.010968419658381155235,0.0046077218330536611618)	
(0.0099731834178825983644,0.01077849140299833551)	
(0.010991282039814720753,0.0037625767212759817643)	
(0.0099648609334548679528,0.010580057286309641276)	
(0.0110168470560198066,0.0040669874404964563575)	
(0.0099708028997013333633,0.010419148589537222463)	
(0.0099934746804730915232,0.010274065980486642158)	
(0.0099954975295067395591,0.01016638772001079126)	
(0.010222611836084692302,0.006756456113185450689)	
(0.010592212297727079257,0.0054096182041437363558)	
(0.0099442453095307161565,0.0066208371177929091836)	
(0.010968419634899634688,0.0046077218425683418718)	
(0.0099777256488663736145,0.010969240841063956221)	
(0.010991282063328807264,0.0037625767281556595813)	
(0.0099731834438242048663,0.010778491433996421553)	
(0.011016847064511005663,0.0040669873541478718248)	
(0.0099648609258508463737,0.010580057317912045997)	
(0.0099991907595921060425,0.010065735551996038422)	
(0.0099708028850976088836,0.010419148604641527422)	
(0.010785222860866876607,0.0036788348279455360991)	
(0.009987343440423039273,0.010278887641128138866)	
(0.009989897032251730119,0.010161715329445821301)	
(0.0099971538849558897605,0.010062912508690189176)	
(0.0099873434225697509808,0.010278887669497263624)	
(0.0099898970185351796541,0.010161715310286196026)	
(0.0103581090910880632,0.0054257719503896751842)	
(0.010625059557891884665,0.0060020402147445322052)	
(0.010054747028952306862,0.011139884455107705932)	
(0.010502501812687114677,0.0070339172339693089783)	
(0.010048714147592620674,0.010941569086995377863)	
(0.010029122157994998718,0.010748341842315291966)	
(0.0099965042808996835283,0.01054651281339987097)	
(0.0099781166341936025632,0.010379475304576526312)	
(0.0099826892567508734855,0.010246407854980208937)	
(0.0099862507444786561411,0.01013712679880357341)	
(0.0099904625025534574828,0.01004790564423442556)	
(0.010785222890574907781,0.0036788347827791710934)	
(0.010625059558262199555,0.0060020402520565840909)	
(0.01005474704477491224,0.011139884459696172692)	
(0.01004871415457604146,0.01094156912119417617)	
(0.01002912215601920766,0.010748341842282727737)	
(0.0099965042324349061981,0.010546512890201207094)	
(0.0099781166289356834631,0.010379475318042787405)	
(0.0099826892713708818144,0.010246407874172400176)	
(0.0099862507431885995379,0.010137126821463050136)	
(0.0099971538831652561469,0.010062912500449279485)	
(0.0099904624888043393194,0.010047905646008777059)	
(0.010081983027304421835,0.01070077348254437101)	
(0.010042278238722177411,0.010523727283920633613)	
(0.01001550493278530532,0.010358898665174368775)	
(0.0099958529520852920647,0.01021474064122636187)	
(0.0099917391652973204519,0.010106120269591884961)	
(0.0099944423316357874909,0.010024930043682085332)	
(0.010358109094805638059,0.0054257720147645165792)	
(0.010502501813340283168,0.0070339172594266205843)	
(0.010081983034489282181,0.010700773482762094418)	
(0.010042278238520737851,0.010523727278009546021)	
(0.010015504941978522688,0.010358898645176415829)	
(0.0099958529671895952895,0.010214740626138340759)	
(0.0099917391526368193322,0.010106120259342618248)	
(0.0099944423396915397367,0.010024930031255589735)	
(0.010080935983953173349,0.006353232747220710977)	
(0.01061487444336202228,0.0065981903826799271143)	
(0.010067250079941280835,0.011057849938585601404)	
(0.010968419677937615853,0.0046077218623588114821)	
(0.010358109127126344934,0.0054257720083305226166)	
(0.010086506442631096997,0.010881444650291482654)	
(0.011052298259960747703,0.004379411531703576721)	
(0.010080986485255920629,0.011123426585044046688)	
(0.010076550681007810997,0.010970234692326448489)	
(0.010078601812964299578,0.010814270667985615565)	
(0.010082688930914181918,0.010643639093057419287)	
(0.010074863408135827092,0.010476785366836115915)	
(0.010049653240245485369,0.010322271744598977145)	
(0.010080935985727523113,0.0063532327589451882688)	
(0.010067250066409887815,0.011057849933327682304)	
(0.010086506437139172374,0.010881444681474724406)	
(0.01005991115035067586,0.010689071180245798831)	
(0.010055799810403998062,0.010535338125344550705)	
(0.010074209691228849101,0.010413657005118030774)	
(0.010058617645227465806,0.010278547222120676743)	
(0.010019405051115152366,0.010188087425356885315)	
(0.010035988476705616848,0.010168679726644050398)	
(0.010004665325650334215,0.010080906249567932881)	
(0.0100154847884386701,0.010084988873207021906)	
(0.01096841966415593346,0.0046077218669147122776)	
(0.010614874444902366521,0.0065981903882044185689)	
(0.010076550679266025462,0.010970234724614587665)	
(0.010078601826043963666,0.01081427068921872979)	
(0.010082688921132929721,0.01064363910154861835)	
(0.010074863381290762726,0.010476785330694094248)	
(0.010049653259171105121,0.010322271735759792552)	
(0.010019405033229296376,0.010188087452403389241)	
(0.010004665350470759444,0.010080906243520537657)	
(0.010038363253275790765,0.010315794179719643339)	
(0.010048485494432301754,0.0102115248244007608)	
(0.010034774689157106159,0.010128033827101251899)	
(0.010009168609314346085,0.010043357097787598484)	
(0.010055799773810245729,0.010535338100039830581)	
(0.010074209731355018849,0.010413656983547167623)	
(0.010058617628881955791,0.010278547229724700057)	
(0.010035988471915710529,0.010168679747545461209)	
(0.010015484758578049179,0.010084988883440003035)	
(0.010358109135133247367,0.0054257719756395025867)	
(0.011052298244050682771,0.0043794115030292690011)	
(0.01008098644658868108,0.01112342657390760596)	
(0.010059911175089685312,0.010689071164520891344)	
(0.010038363262186152797,0.010315794168180323492)	
(0.01004848546979703397,0.01021152483091616707)	
(0.010034774693930728628,0.010128033814892479711)	
(0.010009168626748471409,0.010043357081458370583)	
(0.010080935974373360711,0.0063532328274242015273)	
(0.010592212275873360769,0.0054096182195146119351)	
(0.010625059535183558126,0.0060020401831258436351)	
(0.010067250076136248157,0.011057849900685510353)	
(0.010076550667726705615,0.010970234759918285131)	
(0.010071428494563453016,0.010844765603376649993)	
(0.01062998440187461896,0.0047737183148403019781)	
(0.010078601875629922269,0.01081427071909563456)	
(0.01005991115666464257,0.01068907115567566124)	
(0.01004561044796863957,0.010560869135798804999)	
(0.010035518293495096498,0.010432856180752443295)	
(0.010592212270446568073,0.0054096181758560256403)	
(0.010080935978711538098,0.0063532328028214988397)	
(0.010071428474500368141,0.01084476560771482738)	
(0.010035518293995675243,0.010432856182260221573)	
(0.010017870778728473966,0.010326213162557005068)	
(0.010013427347189551506,0.010208764523410386593)	
(0.01001724353535927807,0.010132465698038651408)	
(0.010019762930978516266,0.010068206405989470892)	
(0.010625059561391736115,0.0060020401959877851816)	
(0.010076550703530980091,0.010970234732485184201)	
(0.010045610419833520335,0.010560869129702559963)	
(0.010035518290849854833,0.010432856171591793626)	
(0.01000134725669135638,0.010149510811351240142)	
(0.0099988951710664551037,0.010071576276888611484)	
(0.010067250075249074143,0.011057849918402491013)	
(0.010059911151591880915,0.010689071159562109695)	
(0.010017870766236848176,0.010326213131406329279)	
(0.010013427346084652347,0.010208764510564728029)	
(0.010017243532077150028,0.010132465697167757773)	
(0.010019762946888579463,0.010068206400546396082)	
(0.010629984430178613525,0.0047737183174529785462)	
(0.010078601848567134494,0.010814270702096954319)	
(0.010035518320106155341,0.010432856151528710487)	
(0.010001347258013977212,0.010149510795707748431)	
(0.0099988951704621346905,0.010071576276050285548)	
(0.010320330133532795019,0.0056418860168018095461)	
(0.010222611835986994411,0.0067564561394424793583)	
(0.0099442453821404208636,0.0066208372133612289345)	
(0.010320330141104252369,0.0056418860220434456643)	
(0.010222611857791863085,0.0067564561390233163901)	
(0.01005474704534666669,0.011139884506217724927)	
(0.010008210834977777914,0.0053633373803994750795)	
(0.0099863787283495323438,0.0057965329740863325014)	
(0.010161111319330682137,0.0063701294255323198668)	
(0.010054747034743370671,0.011139884481647589071)	
(0.011364195927313384613,0.0040727505021276727559)	
(0.010278885249508675631,0.006222033573017874547)	
(0.0099777257560451932533,0.01096924088148926342)	
(0.01004871419217094955,0.010941569133669519845)	
(0.010086506464419683557,0.01088144466691984627)	
(0.010086506464588557153,0.010881444691522548091)	
(0.010029122153341400031,0.010748341870314103569)	
(0.010081983002097399602,0.010700773515518244641)	
(0.010082688886030671815,0.010643639116620355611)	
(0.0099442453599489551846,0.0066208371954916576604)	
(0.010048714230337612088,0.010941569126484659499)	
(0.010081983001863394078,0.010700773501583970768)	
(0.010082688881926501687,0.010643639117273525838)	
(0.010055799821621852833,0.010535338114910130017)	
(0.010042278209781298204,0.010523727246303397898)	
(0.010055799818791453723,0.010535338107757835635)	
(0.010074863406023730136,0.010476785338112960116)	
(0.010074209687794129578,0.010413656956718387106)	
(0.010074863418368809956,0.010476785368392744005)	
(0.010074209684931164505,0.010413656975627724743)	
(0.010038363215157978039,0.01031579417725955912)	
(0.010015504971082231714,0.010358898719163634958)	
(0.010049653261549775299,0.010322271758081522086)	
(0.010038363238906071809,0.010315794192935616794)	
(0.01005861758532106652,0.010278547168060234857)	
(0.010013427261962148246,0.010208764456085121439)	
(0.010048485395488348029,0.010211524786016374852)	
(0.010008210842276618266,0.0053633373506425966945)	
(0.011364195927128227168,0.0040727504264698455305)	
(0.0099863787862089648667,0.0057965329335572827671)	
(0.010029122132505121148,0.010748341877749253287)	
(0.010042278220014281068,0.010523727250641575284)	
(0.010049653250445900535,0.010322271724721049715)	
(0.010058617578756810437,0.01027854720818640287)	
(0.01001342729309654192,0.010208764471777462962)	
(0.010048485424461794935,0.010211524773840168628)	
(0.010017243494547372132,0.01013246567231476658)	
(0.010019405054130707186,0.010188087388811982795)	
(0.010035988426346464236,0.01016867969196095893)	
(0.010017243511997781305,0.010132465675580612507)	
(0.010034774605872926259,0.010128033810538018475)	
(0.0099988951690580998161,0.010071576253761121977)	
(0.010019762905624946328,0.010068206397699713123)	
(0.010035988398026187557,0.010168679679365588003)	
(0.010034774640708610943,0.010128033807723903215)	
(0.0099988951594782854437,0.01007157624242324169)	
(0.010019762911318310511,0.010068206396812537373)	
(0.010015484749433681624,0.010084988818041679126)	
(0.010009168607774001844,0.010043357068329856682)	
(0.010161111283792979149,0.0063701294420955532904)	
(0.010278885261483442295,0.0062220335309484805716)	
(0.0099777257795592797646,0.01096924093441224192)	
(0.010015504986573133678,0.010358898677497122703)	
(0.010019405024955822456,0.010188087397303180123)	
(0.010015484740942484296,0.010084988836080124863)	
(0.010009168605411615516,0.010043357078111110614)	
(0.0099940566592845846844,0.010022951551825304631)	
(0.0099940566396569466279,0.010022951563800071295)	
(0.010320330143177741319,0.0056418859453621333228)	
(0.010320330094527806544,0.0056418859545227847269)	
(0.010222611844107878584,0.0067564561389256176313)	
(0.010054746992875417122,0.011139884499114280358)	
(0.010222611850922425775,0.0067564561357411874812)	
(0.01005474703701829918,0.011139884504105627971)	
(0.010086506451726614739,0.010881444681322132925)	
(0.010082688917181349339,0.010643639143852016982)	
(0.01005579978888198299,0.01053533815416540613)	
(0.010086506443469422933,0.01088144468045123929)	
(0.010055799812444919314,0.010535338126901178796)	
(0.01007420968704326146,0.010413656983950048476)	
(0.010038363241970476442,0.010315794184694707103)	
(0.010013427298120453762,0.010208764481139553926)	
(0.010082688928519229626,0.010643639127958235899)	
(0.010038363227366751962,0.010315794197104920585)	
(0.010013427314014234845,0.010208764490517927004)	
(0.010017243507659603918,0.010132465692780732308)	
(0.0099988951673325981301,0.010071576234819218376)	
(0.009994056671678514317,0.010022951591450897368)	
(0.010074209701510680043,0.010413656973515626053)	
(0.01001724347192046137,0.010132465693014737831)	
(0.0099988951782024673709,0.010071576232625705644)	
(0.0099940566499062116063,0.010022951595152188378)	
(0.0099442453816724080823,0.0066208371366636353458)	
(0.01000821081893140535,0.0053633373702865186003)	
(0.009986378741445480281,0.0057965329436762838902)	
(0.010161111330031676048,0.0063701293668182775581)	
(0.010278885245573379098,0.0062220335115222812072)	
(0.0099777257754388257865,0.010969240948613089015)	
(0.010048714259245925332,0.010941569086472471492)	
(0.010029122156470938326,0.010748341882354002161)	
(0.010081983038908875344,0.01070077353521101636)	
(0.0099442453895592867325,0.0066208371447519544228)	
(0.010048714222668456847,0.010941569109534829071)	
(0.010081983033449516685,0.01070077353365438827)	
(0.010042278264680067762,0.010523727282227697891)	
(0.010074863422538113747,0.010476785393011729675)	
(0.010074863416022705742,0.010476785427863696473)	
(0.010015505015280007362,0.010358898681328677568)	
(0.010049653281144847392,0.010322271772717814264)	
(0.010058617578555369143,0.010278547210766514342)	
(0.010048485439500966232,0.010211524791040286694)	
(0.010008210859558153843,0.0053633373416182537896)	
(0.0099863787783383700658,0.0057965329338136159162)	
(0.010029122177388631251,0.010748341898884669621)	
(0.010042278273840717431,0.010523727281824818772)	
(0.010049653292248722156,0.010322271783304828169)	
(0.010058617590731577102,0.010278547217379620238)	
(0.010048485468006400356,0.01021152479998321469)	
(0.010019404998829058509,0.010188087409277946788)	
(0.010035988410670406562,0.010168679706782406819)	
(0.010034774664658144272,0.010128033808159348297)	
(0.010019762919591786166,0.010068206395740205913)	
(0.010035988434652505855,0.010168679716612510563)	
(0.010034774655312337158,0.01012803380948196913)	
(0.010019762906528404192,0.010068206401602445427)	
(0.01001548471409741993,0.010084988859175048406)	
(0.010009168613451083912,0.01004335706787812775)	
(0.010161111274599763515,0.0063701293585122368071)	
(0.010278885227083204429,0.0062220335298598652626)	
(0.00997772576934258075,0.010969240931113831763)	
(0.010015504999451358206,0.010358898684730829393)	
(0.010019405032358404475,0.010188087417769144116)	
(0.010015484727378523577,0.010084988854199984643)	
(0.010009168640481305723,0.010043357054161577285)	
(0.0099613363315521237518,0.0055581124757216300927)	
(0.0098857857330191516859,0.0069778039169376684589)	
(0.0099161804377462005322,0.010981276454085735911)	
(0.0099343616502991383826,0.010774774179101477556)	
(0.0099731834644367182985,0.010778491417650911538)	
(0.009961336342389425294,0.0055581124547225222582)	
(0.0098857857174794016436,0.0069778038911649355527)	
(0.0099161804407454749721,0.010981276435176398273)	
(0.0099731834602674145074,0.010778491432423511348)	
(0.0099648609009815713317,0.010580057336363610926)	
(0.0099965042328540691663,0.010546512815642233515)	
(0.0099965042140810408955,0.010546512837915113237)	
(0.0099708029095802834518,0.010419148605479853359)	
(0.0099781166508219679145,0.010379475335493196578)	
(0.0099343616602818318739,0.010774774180706955459)	
(0.0099648608920223612218,0.010580057322380487239)	
(0.0099781166431853786369,0.0103794753159144066)	
(0.0099826892494297055081,0.010246407874988400222)	
(0.0099958529634557400506,0.010214740620575240432)	
(0.0099958529358374782064,0.010214740637775360232)	
(0.0099917391829654530339,0.010106120302114031395)	
(0.010004665362526940151,0.010080906236303111348)	
(0.0099708028954445700187,0.01041914859543202794)	
(0.0099826892657589334085,0.010246407872980043199)	
(0.0099917391901828793432,0.010106120288163473672)	
(0.010004665351874794318,0.010080906251391132458)	
(0.0099846002643959319567,0.0051127401538304476786)	
(0.0098615033362901161756,0.011041686462294635074)	
(0.009984600258033115433,0.0051127401459924188415)	
(0.0098615033403942880391,0.011041686493559292603)	
(0.0099985119643610041035,0.010005608320074792228)	
(0.0099985119689331870135,0.010005608334009066102)	
(0.0099985119556357995169,0.01000560831069641915)	
(0.0099985119567081309766,0.010005608322872625374)	
(0.0098857857034799958423,0.0069778039347421078054)	
(0.0099161804642758435979,0.010981276439079128843)	
(0.0099731834609531489627,0.0107784914609940774)	
(0.0099965042596014356407,0.010546512829859362725)	
(0.0098857856960936959373,0.0069778038614894712099)	
(0.0099161804766697732305,0.010981276489236841895)	
(0.0099731834455985563653,0.010778491471880228755)	
(0.009996504241062414628,0.010546512808990517879)	
(0.0098615033628197592414,0.011041686456214672152)	
(0.0099343616864900115976,0.010774774148636537957)	
(0.009964860891167751436,0.010580057314139577548)	
(0.0099781166750055067666,0.010379475327905457113)	
(0.0099958529643429140654,0.010214740638428528724)	
(0.01000466538801681772,0.01008090622233627151)	
(0.0098615033619488673411,0.011041686505147462263)	
(0.0099343616709014117422,0.010774774150895182617)	
(0.0099648609042799832225,0.010580057354031741773)	
(0.0099781166477738453963,0.010379475324889900559)	
(0.0099958529664875787196,0.010214740637993083641)	
(0.010004665388452264538,0.010080906230674879093)	
(0.0099708029169177352785,0.010419148606552184819)	
(0.0099826892598804117807,0.010246407880415192918)	
(0.009991739142468968396,0.010106120290373270254)	
(0.0099708029139184608386,0.010419148603302622741)	
(0.0099826892615896296174,0.010246407873883502798)	
(0.0099917391782081126789,0.01010612029472773149)	
(0.010133844694690623961,0.0049405827875696004675)	
(0.010133844739590417913,0.0049405828110836878461)	
(0.0098589834782742552521,0.011122138407093969809)	
(0.0099173292000588417899,0.010912976872923864716)	
(0.0099136550074001555249,0.010841020999853401285)	
(0.0099136549961274071652,0.010841021012562752218)	
(0.009958632963038333355,0.010576229981461428981)	
(0.0099468546974736567201,0.010694179398353020546)	
(0.0099544622379840741466,0.010640291855307983798)	
(0.0099586329754485468368,0.010576229992113574813)	
(0.0098589834841527768799,0.011122138379345445844)	
(0.0099544622487339178701,0.010640291869879144049)	
(0.0099753311803430118332,0.010418678211039632611)	
(0.0099571777646743075962,0.010508301673838399415)	
(0.0099701079794445972293,0.01046911267404401942)	
(0.0099753311640300677821,0.010418678188815600968)	
(0.0099173291863260074758,0.010912976891180033862)	
(0.0099701080114824487677,0.010469112668366937352)	
(0.0099934746615637538858,0.010274066017041783017)	
(0.009987343456479650175,0.010278887620961312324)	
(0.0099888657303816488081,0.010308665937116686176)	
(0.0099934746645955925548,0.010274066025984711012)	
(0.0099873434425453763014,0.01027888762725899692)	
(0.0099468546468316487719,0.010694179377604201217)	
(0.0099888657290753100904,0.010308665923585293156)	
(0.0099954975156864456914,0.010166387748945628425)	
(0.0099898970637503914372,0.010161715338470165074)	
(0.0099862507640188363789,0.010137126796424903233)	
(0.0099916526768795716623,0.010194741783334144297)	
(0.0099954975326688420834,0.010166387744389727629)	
(0.009989897054154296685,0.010161715282063617238)	
(0.0099862507544390220066,0.01013712681146407453)	
(0.0099571778189361907774,0.010508301671258289678)	
(0.0099916526688400997963,0.010194741794672024585)	
(0.0099991907634236626423,0.010065735532466098257)	
(0.0099971538965929074988,0.010062912499224356544)	
(0.0099904624919338776146,0.010047905642154894568)	
(0.0099944423013560036023,0.010024930011644235528)	
(0.0099991907462072589924,0.010065735508984577709)	
(0.009997153872610809941,0.010062912474169925792)	
(0.0099904624518402738304,0.010047905653694214415)	
(0.0099944423133307702667,0.010024930014273193343)	
(0.009913654993449597802,0.010841021020803660174)	
(0.0099136550126580746251,0.010841021016683206196)	
(0.0099985119431278881436,0.010005608295624681889)	
(0.0099985119374670899245,0.010005608287786653052)	
(0.00995446226915103205,0.010640291822633245883)	
(0.009958632977892348942,0.010576229974478009929)	
(0.009970107978121976397,0.010469112676438971712)	
(0.0099994956549372560756,0.010003694533551651252)	
(0.0099994956555578586033,0.010003694542478295398)	
(0.0099544623103658153723,0.010640291849445744285)	
(0.0099586329438624242305,0.010576230002596845314)	
(0.0099994956553401369292,0.010003694529414913425)	
(0.0099994956444539855739,0.010003694535293435053)	
(0.0099701079992899604293,0.010469112651602264369)	
(0.0099753311548857002272,0.010418678233029658731)	
(0.0099753311309036009347,0.010418678221054892066)	
(0.0099994956547032505523,0.010003694541171956681)	
(0.0099934746628538087543,0.010274066025984711012)	
(0.0099873434462303834619,0.010278887632266626648)	
(0.0099888657221081731535,0.010308665925141921246)	
(0.0099994956496467710116,0.010003694527874569184)	
(0.0099873434488593430119,0.010278887637709701458)	
(0.00999347463997660862,0.010274066025565548044)	
(0.0099994956435830919389,0.01000369451306940341)	
(0.0099862507457301012692,0.010137126817761759126)	
(0.0099898970520096320308,0.010161715317601320227)	
(0.0099994956370839677834,0.010003694512835397887)	
(0.0099862507424479732276,0.01013712681759288553)	
(0.0099888657208018344358,0.010308665926867421198)	
(0.0099898970319628292713,0.010161715344364968816)	
(0.0099954975378779113704,0.010166387742647943829)	
(0.009995497546369108699,0.010166387767903814141)	
(0.0099971538830940787079,0.010062912490063706875)	
(0.0099904624919013116507,0.010047905665048378551)	
(0.0099944423004851117021,0.01002493001209596446)	
(0.0099985119400960494745,0.010005608289963881935)	
(0.0099971538808842838608,0.010062912531665088936)	
(0.0099904624936593793005,0.010047905641066279259)	
(0.0099944422978724360013,0.010024930015579532061)	
(0.0099985119313871287372,0.010005608297366465689)	
(0.0099916526936442446455,0.010194741787269442565)	
(0.0099916527112960916435,0.010194741782914981329)	
(0.0099991907727857518712,0.010065735524628069419)	
(0.0099991907771402131072,0.010065735527055587675)	
(0.00997692877258260849,0.010339551350208338668)	
(0.0099769287531726921076,0.010339551339322187312)	
(0.0099872542198212090753,0.010226405217063935446)	
(0.0099872542056854956422,0.010226405215523591205)	
(0.0099932241529133054858,0.010117717293966979261)	
(0.0099959985632359360519,0.010084580574117268589)	
(0.0099959985506242830106,0.010084580586995494852)	
(0.0099932241531473110091,0.010117717285056618964)	
(0.009995998543439422665,0.01008458057654478858)	
(0.009995998564994001967,0.010084580622500630143)	

