clang++ -std=c++14 -stdlib=libc++ -O3 -ferror-limit=2 -Weverything -Wno-c++98-compat -Wno-c++98-compat-pedantic -Wno-sign-conversion -Wno-exit-time-destructors -Wno-float-equal -Wno-global-constructors -Wno-missing-declarations -Wno-unused-parameter -Wno-padded -Wno-shadow -Wno-weak-vtables -Wno-missing-prototypes -Wno-unused-variable -ferror-limit=1 -Wno-deprecated -Wno-conversion -Wno-double-promotion -c src/direct_cuda_pattern.cc -o ./obj/direct_cuda_pattern.o -Iinclude -I/usr/local/cuda/include -I/usr/local/include -I/usr/include/c++/v1
In file included from src/direct_cuda_pattern.cc:2:
include/f/pattern/pattern.hpp:296:14: warning: comparison of integers of different signs: 'int' and 'size_type' (aka 'unsigned long') [-Wsign-compare]
for(int i=0;i<(pt.tilt_size);i++)
            ~^ ~~~~~~~~~~~~
src/direct_cuda_pattern.cc:24:18: note: in instantiation of function template specialization 'f::make_pattern<double>' requested here
    auto pt = f::make_pattern("/testpool/ops/samfairman/larbed-refinement/testdata/new_txt", thickness);
                 ^
1 warning generated.
nvcc src/cuda_pattern.cu -o ./obj/_cuda_pattern.o -Iinclude -I/usr/local/cuda/include -I/usr/local/include -I/usr/include/c++/v1 -m64 -dc -gencode arch=compute_70,code=sm_70 --relocatable-device-code true  -Xptxas -v
ptxas info    : 9754 bytes gmem
ptxas info    : Compiling entry function '_Z5ZaxpymddP7double2S0_' for 'sm_70'
ptxas info    : Function properties for _Z5ZaxpymddP7double2S0_
    0 bytes stack frame, 0 bytes spill stores, 0 bytes spill loads
ptxas info    : Used 30 registers, 392 bytes cmem[0]
ptxas info    : Function properties for cudaGetDevice
    0 bytes stack frame, 0 bytes spill stores, 0 bytes spill loads
ptxas info    : Compiling entry function '_Z5DasummP7double2Pd' for 'sm_70'
ptxas info    : Function properties for _Z5DasummP7double2Pd
    0 bytes stack frame, 0 bytes spill stores, 0 bytes spill loads
ptxas info    : Used 26 registers, 1024 bytes smem, 376 bytes cmem[0]
ptxas info    : Compiling entry function '_Z8sum_diagP7double2mdd' for 'sm_70'
ptxas info    : Function properties for _Z8sum_diagP7double2mdd
    0 bytes stack frame, 0 bytes spill stores, 0 bytes spill loads
ptxas info    : Used 10 registers, 384 bytes cmem[0]
ptxas info    : Compiling entry function '_Z5ZgemmP7double2S0_S0_md' for 'sm_70'
ptxas info    : Function properties for _Z5ZgemmP7double2S0_S0_md
    0 bytes stack frame, 0 bytes spill stores, 0 bytes spill loads
ptxas info    : Used 40 registers, 8704 bytes smem, 392 bytes cmem[0]
ptxas info    : Function properties for cudaFuncGetAttributes
    0 bytes stack frame, 0 bytes spill stores, 0 bytes spill loads
ptxas info    : Function properties for cudaOccupancyMaxActiveBlocksPerMultiprocessorWithFlags
    0 bytes stack frame, 0 bytes spill stores, 0 bytes spill loads
ptxas info    : Compiling entry function '_Z22extract_intensity_diffP7double2PdS1_mm' for 'sm_70'
ptxas info    : Function properties for _Z22extract_intensity_diffP7double2PdS1_mm
    0 bytes stack frame, 0 bytes spill stores, 0 bytes spill loads
ptxas info    : Used 24 registers, 392 bytes cmem[0], 8 bytes cmem[2]
ptxas info    : Compiling entry function '_Z9compose_aPdPmS_dP7double2m' for 'sm_70'
ptxas info    : Function properties for _Z9compose_aPdPmS_dP7double2m
    0 bytes stack frame, 0 bytes spill stores, 0 bytes spill loads
ptxas info    : Used 30 registers, 400 bytes cmem[0]
ptxas info    : Function properties for cudaOccupancyMaxActiveBlocksPerMultiprocessor
    0 bytes stack frame, 0 bytes spill stores, 0 bytes spill loads
ptxas info    : Compiling entry function '_Z5ZscalmdP7double2' for 'sm_70'
ptxas info    : Function properties for _Z5ZscalmdP7double2
    0 bytes stack frame, 0 bytes spill stores, 0 bytes spill loads
ptxas info    : Used 27 registers, 376 bytes cmem[0]
ptxas info    : Function properties for cudaMalloc
    0 bytes stack frame, 0 bytes spill stores, 0 bytes spill loads
ptxas info    : Compiling entry function '_Z38make_individual_pattern_intensity_diffPdS_PmS_dS0_S_S_mP7double2mm' for 'sm_70'
ptxas info    : Function properties for _Z38make_individual_pattern_intensity_diffPdS_PmS_dS0_S_S_mP7double2mm
    24 bytes stack frame, 0 bytes spill stores, 0 bytes spill loads
ptxas info    : Used 72 registers, 448 bytes cmem[0], 104 bytes cmem[2]
ptxas info    : Compiling entry function '_Z5ZcopymP7double2S0_' for 'sm_70'
ptxas info    : Function properties for _Z5ZcopymP7double2S0_
    0 bytes stack frame, 0 bytes spill stores, 0 bytes spill loads
ptxas info    : Used 28 registers, 376 bytes cmem[0]
ptxas info    : Function properties for cudaDeviceGetAttribute
    0 bytes stack frame, 0 bytes spill stores, 0 bytes spill loads
ptxas info    : Compiling entry function '_Z6Dznrm2mP7double2Pd' for 'sm_70'
ptxas info    : Function properties for _Z6Dznrm2mP7double2Pd
    0 bytes stack frame, 0 bytes spill stores, 0 bytes spill loads
ptxas info    : Used 28 registers, 1024 bytes smem, 376 bytes cmem[0]
ptxas info    : Compiling entry function '_Z34extract_intensity_diff_with_offsetP7double2PdS1_S1_mmdd' for 'sm_70'
ptxas info    : Function properties for _Z34extract_intensity_diff_with_offsetP7double2PdS1_S1_mmdd
    0 bytes stack frame, 0 bytes spill stores, 0 bytes spill loads
ptxas info    : Used 24 registers, 416 bytes cmem[0], 8 bytes cmem[2]
nvcc -dlink ./obj/_cuda_pattern.o -arch=sm_70 -o ./obj/cuda_pattern.o -m64 -lcudadevrt -L/usr/local/cuda/lib64  -rdc=true -Xptxas -v
clang++ -o ./bin/direct_cuda_pattern ./obj/_cuda_pattern.o ./obj/direct_cuda_pattern.o ./obj/cuda_pattern.o  -lcudadevrt -lcublas -lcudart -m64 -L/usr/local/cuda/lib64  -lc++ -lc++abi -O3 -pthread
, thickness = (0,1), ug_size = 13, tilt_size= 5, column_index = 0, 
 ug = 
(0.23589499999999999358,0)	
(0.0005930819999999999842,-6.3790100000000002881e-09)	
(0.0005930819999999999842,6.3790100000000002881e-09)	
(0.082869600000000001594,-7.396030000000000153e-09)	
(0.082869600000000001594,7.396030000000000153e-09)	
(0.0005930819999999999842,-6.3790100000000002881e-09)	
(0.0005930819999999999842,6.3790100000000002881e-09)	
(0.082869600000000001594,-7.396030000000000153e-09)	
(0.064142500000000005067,0)	
(0.064142500000000005067,-5.735679999999999781e-09)	
(0.082869600000000001594,7.396030000000000153e-09)	
(0.064142500000000005067,5.735679999999999781e-09)	
(0.064142500000000005067,0)	


 ar0 = 
0	2	1	
1	0	4	
2	3	0	
,
 diag0 = 
0	
0.45458984000000002279	
-0.5854492199999999924	
, 
Intensity0 = 
0.99999762000000003148	
7.2999999999999999873e-07	
7.2999999999999999873e-07	


 ar1 = 
0	2	1	
1	0	4	
2	3	0	
,
 diag1 = 
0	
-0.065673830000000002483	
-0.065673830000000002483	
, 
Intensity1 = 
0.99989212000000005087	
5.3730000000000002259e-05	
5.3730000000000002259e-05	


 ar2 = 
0	2	1	
1	0	4	
2	3	0	
,
 diag2 = 
0	
-0.065429689999999998684	
-0.065429689999999998684	
, 
Intensity2 = 
0.9998922900000000169	
5.3650000000000003025e-05	
5.3650000000000003025e-05	


 ar3 = 
0	6	5	2	1	
5	0	10	12	11	
6	7	0	9	8	
1	8	11	0	4	
2	9	12	3	0	
,
 diag3 = 
-0.00024414000000000000371	
0.064208979999999998833	
-0.1960449200000000114	
-0.065917970000000006281	
-0.065917970000000006281	
, 
Intensity3 = 
0.9998552200000000445	
7.3780000000000001722e-05	
6.309999999999999725e-06	
3.300000000000000253e-05	
3.300000000000000253e-05	


 ar4 = 
0	1	2	
2	0	3	
1	4	0	
,
 diag4 = 
0	
0.45458984000000002279	
-0.5854492199999999924	
, 
Intensity4 = 
0.99999762000000003148	
7.2999999999999999873e-07	
7.2999999999999999873e-07	

Merit: 1.6812431197579847145e-05
ABS: 0.0047339429293795660253

ug=
1	0	0.0005930819999999999842	-6.3790100000000002881e-09	0.0005930819999999999842	6.3790100000000002881e-09	0.082869600000000001594	-7.396030000000000153e-09	0.082869600000000001594	7.396030000000000153e-09	0.0005930819999999999842	6.3790100000000002881e-09	0.064142500000000005067	0	0.0005930819999999999842	-6.3790100000000002881e-09	0.064142500000000005067	0	0	0	0	0	0	0	0	0	

a is 
0	0	-6.3790100000000002881e-09	0.0005930819999999999842	6.3790100000000002881e-09	0.0005930819999999999842	6.3790100000000002881e-09	0.0005930819999999999842	0	0.45458984000000002279	
-7.396030000000000153e-09	0.082869600000000001594	-6.3790100000000002881e-09	0.0005930819999999999842	7.396030000000000153e-09	0.082869600000000001594	0	-0.5854492199999999924	0.99999965611356533834	-2.2220068404892738662e-09	
-0.00015643700857293600117	0.00057324182763426748469	0.00014460832079723584358	0.00056016288362387958635	-0.00015642472233548293699	0.00057324415644900196271	0.8951310969944121787	0.43873036719301966579	0.0051711311154190942388	0.078923321361306406074	
0.00014459631588653395367	0.00056016703045227609573	0.0051711452027538712395	0.078923320430852317298	0.83022956244532364334	-0.55178157832728713661	-1.2817901535746467623	-6.1262250890983800389	0.0039986219734536301504	-0.0025920986419120739877	
0.0019454573606414377659	-0.0028515984111899188129	0.0039985653198848294942	-0.0025921775899329117451	1.6805483300304557837	-8.1260228008672825695	0.37437029939680988022	-0.38548629625810776345	0.0019455195951885112613	-0.0028515636283212952677	

 max dim 5, a.size = 50 ,data.cache =
 0x7f70e3000000, offset =0

real	0m1.319s
user	0m0.168s
sys	0m0.644s
