clang++ -std=c++14 -stdlib=libc++ -O3 -ferror-limit=2 -Weverything -Wno-c++98-compat -Wno-c++98-compat-pedantic -Wno-sign-conversion -Wno-exit-time-destructors -Wno-float-equal -Wno-global-constructors -Wno-missing-declarations -Wno-unused-parameter -Wno-padded -Wno-shadow -Wno-weak-vtables -Wno-missing-prototypes -Wno-unused-variable -ferror-limit=1 -Wno-deprecated -Wno-conversion -Wno-double-promotion -c src/direct_cuda_pattern.cc -o ./obj/direct_cuda_pattern.o -Iinclude -I/usr/local/cuda/include -I/usr/local/include -I/usr/include/c++/v1
nvcc src/cuda_pattern.cu -o ./obj/_cuda_pattern.o -Iinclude -I/usr/local/cuda/include -I/usr/local/include -I/usr/include/c++/v1 -m64 -dc -gencode arch=compute_70,code=sm_70 --relocatable-device-code true  -Xptxas -v
ptxas info    : 9754 bytes gmem
ptxas info    : Compiling entry function '_Z5ZaxpymddP7double2S0_' for 'sm_70'
ptxas info    : Function properties for _Z5ZaxpymddP7double2S0_
    0 bytes stack frame, 0 bytes spill stores, 0 bytes spill loads
ptxas info    : Used 30 registers, 392 bytes cmem[0]
ptxas info    : Function properties for cudaGetDevice
    0 bytes stack frame, 0 bytes spill stores, 0 bytes spill loads
ptxas info    : Compiling entry function '_Z5DasummP7double2Pd' for 'sm_70'
ptxas info    : Function properties for _Z5DasummP7double2Pd
    0 bytes stack frame, 0 bytes spill stores, 0 bytes spill loads
ptxas info    : Used 26 registers, 1024 bytes smem, 376 bytes cmem[0]
ptxas info    : Compiling entry function '_Z8sum_diagP7double2mdd' for 'sm_70'
ptxas info    : Function properties for _Z8sum_diagP7double2mdd
    0 bytes stack frame, 0 bytes spill stores, 0 bytes spill loads
ptxas info    : Used 10 registers, 384 bytes cmem[0]
ptxas info    : Compiling entry function '_Z5ZgemmP7double2S0_S0_md' for 'sm_70'
ptxas info    : Function properties for _Z5ZgemmP7double2S0_S0_md
    0 bytes stack frame, 0 bytes spill stores, 0 bytes spill loads
ptxas info    : Used 40 registers, 8704 bytes smem, 392 bytes cmem[0]
ptxas info    : Function properties for cudaFuncGetAttributes
    0 bytes stack frame, 0 bytes spill stores, 0 bytes spill loads
ptxas info    : Function properties for cudaOccupancyMaxActiveBlocksPerMultiprocessorWithFlags
    0 bytes stack frame, 0 bytes spill stores, 0 bytes spill loads
ptxas info    : Compiling entry function '_Z22extract_intensity_diffP7double2PdS1_mm' for 'sm_70'
ptxas info    : Function properties for _Z22extract_intensity_diffP7double2PdS1_mm
    0 bytes stack frame, 0 bytes spill stores, 0 bytes spill loads
ptxas info    : Used 24 registers, 392 bytes cmem[0], 8 bytes cmem[2]
ptxas info    : Compiling entry function '_Z9compose_aPdPmS_dP7double2m' for 'sm_70'
ptxas info    : Function properties for _Z9compose_aPdPmS_dP7double2m
    0 bytes stack frame, 0 bytes spill stores, 0 bytes spill loads
ptxas info    : Used 30 registers, 400 bytes cmem[0]
ptxas info    : Function properties for cudaOccupancyMaxActiveBlocksPerMultiprocessor
    0 bytes stack frame, 0 bytes spill stores, 0 bytes spill loads
ptxas info    : Compiling entry function '_Z5ZscalmdP7double2' for 'sm_70'
ptxas info    : Function properties for _Z5ZscalmdP7double2
    0 bytes stack frame, 0 bytes spill stores, 0 bytes spill loads
ptxas info    : Used 27 registers, 376 bytes cmem[0]
ptxas info    : Function properties for cudaMalloc
    0 bytes stack frame, 0 bytes spill stores, 0 bytes spill loads
ptxas info    : Compiling entry function '_Z38make_individual_pattern_intensity_diffPdS_PmS_dS0_S_S_mP7double2mm' for 'sm_70'
ptxas info    : Function properties for _Z38make_individual_pattern_intensity_diffPdS_PmS_dS0_S_S_mP7double2mm
    24 bytes stack frame, 0 bytes spill stores, 0 bytes spill loads
ptxas info    : Used 72 registers, 448 bytes cmem[0], 104 bytes cmem[2]
ptxas info    : Compiling entry function '_Z5ZcopymP7double2S0_' for 'sm_70'
ptxas info    : Function properties for _Z5ZcopymP7double2S0_
    0 bytes stack frame, 0 bytes spill stores, 0 bytes spill loads
ptxas info    : Used 28 registers, 376 bytes cmem[0]
ptxas info    : Function properties for cudaDeviceGetAttribute
    0 bytes stack frame, 0 bytes spill stores, 0 bytes spill loads
ptxas info    : Compiling entry function '_Z6Dznrm2mP7double2Pd' for 'sm_70'
ptxas info    : Function properties for _Z6Dznrm2mP7double2Pd
    0 bytes stack frame, 0 bytes spill stores, 0 bytes spill loads
ptxas info    : Used 28 registers, 1024 bytes smem, 376 bytes cmem[0]
ptxas info    : Compiling entry function '_Z34extract_intensity_diff_with_offsetP7double2PdS1_S1_mmdd' for 'sm_70'
ptxas info    : Function properties for _Z34extract_intensity_diff_with_offsetP7double2PdS1_S1_mmdd
    0 bytes stack frame, 0 bytes spill stores, 0 bytes spill loads
ptxas info    : Used 24 registers, 416 bytes cmem[0], 8 bytes cmem[2]
nvcc -dlink ./obj/_cuda_pattern.o -arch=sm_70 -o ./obj/cuda_pattern.o -m64 -lcudadevrt -L/usr/local/cuda/lib64  -rdc=true -Xptxas -v
clang++ -o ./bin/direct_cuda_pattern ./obj/_cuda_pattern.o ./obj/direct_cuda_pattern.o ./obj/cuda_pattern.o  -lcudadevrt -lcublas -lcudart -m64 -L/usr/local/cuda/lib64  -lc++ -lc++abi -O3 -pthread

solution:
(0.5939179959551614818,0.00022461712039462383012)	
(0.079517831600326979724,0.0066237041516481187653)	
(0.079517719427914537733,0.0066236418122702480152)	
(0.073562863364527275589,0.0087738347742078205693)	
(0.073562990862674176862,0.0087738315446756823257)	
(0.026828577720473149176,0.00044005523918125944794)	
(0.026828671287396022027,0.00043979850296283428367)	
(0.034764720625261487374,0.0049833191313141496012)	
(0.034764936433625090451,0.0049833474212352835836)	
(0.0067750540368144845926,0.0040373128240434987338)	
(0.0067750148708785283558,0.0040374171670828976066)	
(0.013927744336523354904,0.010291795539926791928)	
(0.013927814403400724449,0.010291642080533097703)	
(0.079464023066792802141,0.0065637749956299149684)	
(0.087515128648198936556,0.0091158537828455576263)	
(0.087517408632821175329,0.0090737357798088436739)	
(0.051654041920081224248,0.0020254490881629577496)	
(0.051665168254926445435,0.0020279847274549196896)	
(0.042947548650315699181,-0.0061569104358104257552)	
(0.042952546070539755763,-0.0061534415498967331287)	
(0.024375407757189652969,-0.0033521947927911406422)	
(0.024369437525326834854,-0.0033532329966029857278)	
(0.012442380537438473345,-0.0040947128782997050181)	
(0.012433521460906487785,-0.0040932869061340391298)	
(0.0032590211151592393159,0.0014834532596938103215)	
(0.0032620449125514046351,0.0014850189590041521902)	
(0.017937667663898582832,-0.0034138270304952551132)	
(0.017939270289141048126,-0.0034104044119440822709)	
(0.012027714933110077167,0.00034504399886315490452)	
(0.012027359722194619698,0.00034875283532677234981)	
(0.079464032904506889943,0.006563879020714234909)	
(0.087517513187933465568,0.0090740815084743176727)	
(0.087515074826870722924,0.0091154743016967059582)	
(0.051665124918823794598,0.0020283216069350270064)	
(0.051654038201552496257,0.0020252703384439000971)	
(0.042952526273264596268,-0.0061534723771975744985)	
(0.042947604092659096009,-0.0061569446161570820855)	
(0.037015024080704443665,-0.0027516317327975900117)	
(0.03700978803784377158,-0.0027413949457365410257)	
(0.014933527230051975992,-0.0051056937619198090525)	
(0.014923470786904259947,-0.0051072490843505962896)	
(0.017395209993389830483,-0.0023987193180091208843)	
(0.017389384751724152461,-0.0023932836177685090466)	
(-0.0014692956396988978221,-0.0047561808097749506963)	
(-0.0014637322812271840421,-0.0047555395308684659736)	
(0.010316990742712537146,-0.0053200071626794079999)	
(0.010329368369943095485,-0.0053228606412323315605)	
(0.015154707004401971743,-0.0079970366300146852878)	
(0.0151573179110407949,-0.007992752240533130409)	
(0.0091263071283645986337,-0.0057361291945378818646)	
(0.026542483047050563494,-0.0057763864060113440102)	
(0.024375277981492849549,-0.0033522605193198706623)	
(0.049500147707267648511,-0.0014447779934906193697)	
(0.016771242976836655408,-0.0029583219443706232354)	
(0.0076289187669935218036,-0.0014990063734859951621)	
(0.024966287791286342207,-0.0064036118451167058085)	
(0.009126318114653655944,-0.0057361572170056152747)	
(0.026543600307813136618,-0.005776267165487212335)	
(0.024369478989201359687,-0.0033530122786661481493)	
(0.049497605438108979725,-0.0014430769399977937464)	
(0.016771883427738554229,-0.0029539506321972380277)	
(0.024966357376827192499,-0.006404887734087502324)	
(0.0076296931814436438554,-0.0014917851430962037525)	
(0.01078496526047040445,-0.0060713366219804594179)	
(0.0020341571852120644143,-0.0034651624298943054132)	
(0.012442482422985713664,-0.0040946821186817056182)	
(0.070772364079828939398,0.0037380406152991759589)	
(0.015522086587886178149,0.0036748134625676311983)	
(0.024526317765579709607,-0.0063482073201042051036)	
(0.019894962316100210653,-0.0010072636204926362167)	
(0.010785002575783422807,-0.0060716490607824746828)	
(0.0020339895735907178274,-0.0034657525393110527427)	
(0.012433522011696300849,-0.0040932547918846951332)	
(0.070776664039918529836,0.0037447779119734979358)	
(0.015525248148932295489,0.0036754200494799687225)	
(0.019894558110104803433,-0.0010052088601465382529)	
(0.02452438626950878206,-0.0063476092190600328508)	
(-0.00063581245668241337908,-0.0059224451525220142556)	
(0.0098371053933831026361,0.0094660705980103773682)	
(0.0032588361390750082182,0.0014835879413928722628)	
(0.05156868288706756287,0.0019717613902011420571)	
(0.0073533471371558419005,0.0044220420925171997906)	
(0.039553111684814346027,0.00079309350719900439854)	
(0.018160439201287421201,-0.00018694207843891882601)	
(-0.00063569744728766031539,-0.0059224388400334875698)	
(0.0098364352366629888291,0.0094663312207967365008)	
(0.0032622787973265545726,0.0014849305624586623016)	
(0.051579570422204526481,0.0019745449406497238634)	
(0.0073538832380276751219,0.0044225126300112401964)	
(0.018162991674013043153,-0.00018765303328275665111)	
(0.039554143785284795465,0.0007894213843127077454)	
(0.033016125626706763208,-0.0023029149591508235248)	
(0.0079828736439829101057,0.01863102272893187028)	
(0.017937731237580259447,-0.0034138425502901748043)	
(0.073714502414281873888,0.0085306548567336739491)	
(0.016970601569215253146,0.0061736783111724152437)	
(0.047997390057555197607,-0.012767201351997459549)	
(0.015751956162320834842,0.00094543857843049322436)	
(0.033016123252142891287,-0.0023027863273428366732)	
(0.0079819193192745257343,0.018631753296181316482)	
(0.017939239116591419732,-0.0034105146361118193754)	
(0.016968033559176105146,0.0061727810925440232404)	
(0.015751984552947483065,0.00094625792297727071966)	
(0.048004847346647450124,-0.012775119068463274691)	
(-0.0023320095302611114005,-0.0051789537108285653086)	
(0.0090106784020374565414,0.01768266085857525885)	
(0.012027814486342847458,0.00034481400241344491425)	
(0.019473135757864308559,0.012719978816623773651)	
(0.049580938823629031043,-0.0014710618031036008357)	
(0.018535884098583560453,0.0094144190072719645401)	
(-0.0023320723040761268292,-0.0051792810226417625857)	
(0.0090103961471621300816,0.017683169611197296217)	
(0.012027320396747873468,0.00034886233857321099312)	
(0.019472286192965593266,0.012719421449151543935)	
(0.018536788869035532995,0.0094155948312423069779)	
(0.049578296230345687834,-0.0014699361390878695061)	
(0.016494074483432458189,0.018916920388270305059)	
(0.018541600817015675695,0.0065153775755445557383)	
(0.026543391573515241755,-0.0057761745928463443037)	
(0.0091624499681355053848,0.015331797427271960307)	
(0.042868692289763914161,-0.0061288365373360865693)	
(0.01165890875464346485,0.0095673230433536860656)	
(0.01649405117297108106,0.018917070716019317861)	
(0.01854111488534357019,0.0065157368600016569646)	
(0.026542675423835114523,-0.0057763856718654089939)	
(0.0091620411625813729523,0.015331225299304834797)	
(0.011659899251414262283,0.0095676858258098591153)	
(0.042873214063005468666,-0.0061251575349744527554)	
(0.073714436093734000965,0.0085307473137245948963)	
(0.051579599535848862091,0.0019747381509604305418)	
(0.051568656856463362947,0.0019717940349754849855)	
(0.070776502162136434304,0.0037446914508119663947)	
(0.070772401175218102587,0.0037381075451717636973)	
(0.049497454107618639452,-0.0014428976457104081624)	
(0.049500259809582579373,-0.0014447831813809916546)	
(0.037015079360506061845,-0.0027516902713933689278)	
(0.037009748037112620567,-0.0027413477385233074937)	
(0.01493343587978585886,-0.0051056588816152988913)	
(0.014923523151653518906,-0.0051071777544628290876)	
(0.017395251371398925966,-0.0023988084755157336632)	
(0.017389348429376977334,-0.0023931920383436266)	
(0.0020339941130276938813,-0.0034655504215079803963)	
(-0.0014693275472437356596,-0.0047562152209119001531)	
(0.0020342624950424209075,-0.0034654401672250777222)	
(-0.0014637391809895021737,-0.004755555668481888619)	
(0.0098363582691944981967,0.0094663655760138486206)	
(0.012308099629887409021,0.015966329313008408713)	
(0.010317039801617114772,-0.0053202311127468178767)	
(0.0098369858044293871646,0.0094659947426175405222)	
(0.012308023747516837892,0.015966316740935283108)	
(0.010329235005246155052,-0.0053228566057102518622)	
(0.0079818962341799710308,0.018631840725805821901)	
(0.01613914522548507216,0.013679725087358369021)	
(0.016771912661646546511,-0.0029538301411421146597)	
(0.0079828731461094992045,0.01863095348304890167)	
(0.016139024838853870125,0.013679722425583419262)	
(0.016771177586995762721,-0.0029584529923627517385)	
(0.009010446752076182661,0.017683112069484734769)	
(0.012256937670174260571,0.011267983936851067722)	
(0.015525255136104960593,0.0036752535181669618823)	
(0.0080238558959092615847,0.012406703536299645146)	
(0.0090106362658788994452,0.017682687616500988165)	
(0.012256959924061176098,0.011268022821850139092)	
(0.015522052643092081048,0.0036750523616110621072)	
(0.0080242791028664224584,0.01240619948013378139)	
(0.018541081389063084756,0.0065157183909032023728)	
(0.0065588559111140346328,0.021106486655800029556)	
(0.0073538643148767105298,0.0044225795988959652055)	
(0.006822352492050111003,0.011475451902081979655)	
(0.01262896691057404687,0.012074022932363754138)	
(0.018541637277733051536,0.0065154305537710134263)	
(0.0065588685069363798427,0.021106527332206522635)	
(0.0073534086962121674239,0.0044220409721419341384)	
(0.0068226319315473505506,0.011475767262623684517)	
(0.012628881804376809739,0.012074088754453555367)	
(0.016455126284603643211,-0.0081974752414038509762)	
(0.01644469473139822252,-0.0082024837652641020835)	
(0.020887418993785253352,-0.0014975998094096357356)	
(0.013935790024427392383,0.0077951614626953361423)	
(0.013939281971182252221,0.0078005506664157809107)	
(0.02087912614616365542,-0.0014960126904438552069)	
(0.035714183477142627532,0.0029627867268857532163)	
(0.010670129804862779274,-0.0078299692808299677788)	
(0.010672804920332684339,-0.0078326439952403469763)	
(0.035720833586734349052,0.0029671434928075822793)	
(0.050475175699258564843,0.0023949779290542722726)	
(0.0074090897381044419287,0.0010077135174779300059)	
(0.0074082710752820151237,0.0010080120936004782501)	
(0.050465534981799078929,0.0023936498612375954262)	
(0.039553129485481661187,0.00079319974589541993905)	
(0.04799739835261866705,-0.012767084839849349512)	
(0.024526238584980014634,-0.0063482947292525931937)	
(0.04958085045580863659,-0.0014711617372604162551)	
(0.0076289399878174306638,-0.0014987016255713411089)	
(0.042868594019327230238,-0.0061287340705612090505)	
(0.01515458142849192627,-0.0079970748511798486757)	
(0.039554021051623672323,0.00078939471134681403822)	
(0.024524586525231126949,-0.0063475695865086714451)	
(0.048004847557730406793,-0.012775260107785013641)	
(0.0076298023192672911885,-0.0014917026047980837082)	
(0.049578213011230401475,-0.0014697718304241312939)	
(0.015157433435236390001,-0.0079929413039388358397)	
(0.042873246088151670263,-0.0061253500012352218862)	
(0.02496633271598754783,-0.0064046624858335376648)	
(0.0249664140996728387,-0.0064039320843281150042)	
(0.016968000794294404998,0.0061726799572595116017)	
(0.019894600658244446928,-0.0010049455469348011951)	
(0.016970660569450832234,0.0061737524834808892374)	
(0.019894968476671472113,-0.0010073957975893469037)	
(0.019472316907316104123,0.01271937346806741205)	
(0.0080242494362055098722,0.012406290410741179289)	
(0.018163221843926179166,-0.00018771273264898502651)	
(0.019473140266127220849,0.012719974022002237049)	
(0.0080238770687556543876,0.01240664350204934846)	
(0.018160378663820135603,-0.00018697383870077508993)	
(0.0091620429052453877805,0.015331136006471330832)	
(0.0068226311205342215008,0.01147581052451738387)	
(0.015751923906924907709,0.0009461148825906940665)	
(0.0091624167613749054467,0.015331870634976974693)	
(0.0068223800948056037563,0.011475414104583723379)	
(0.015752005212170329396,0.00094562129018896238283)	
(0.018536825258321364129,0.0094154375704402111513)	
(0.0116599116984797916,0.0095676827184962634498)	
(0.012628897903776118219,0.012074122537119657411)	
(0.016455101882479970798,-0.0081974600083656815747)	
(0.020887500285078339224,-0.0014978502705057464978)	
(0.0139391435244824273,0.0078005267196086065448)	
(0.035714314340449582197,0.0029628121669387700969)	
(0.010672877668053037253,-0.0078325344264316438397)	
(0.050475184155625595073,0.0023949185910673797227)	
(0.0074082542089920402212,0.0010079343948618045383)	
(0.01853586325691805245,0.0094144459489219900483)	
(0.011658891447174517253,0.0095673551804118725506)	
(0.01262894758192257931,0.01207398176703871652)	
(0.01644456978774012923,-0.0082026225000953259525)	
(0.013935827448790759353,0.0077953458822409464959)	
(0.020878854817443958519,-0.0014959304655929046412)	
(0.010670185531280010002,-0.0078300494310105210605)	
(0.035720663809625907703,0.0029671618927017491714)	
(0.0074091294864198839476,0.0010078001434246073621)	
(0.050465492185271833281,0.0023936956429168251836)	
(0.037048808283260119267,-0.0028133729782768390586)	
(0.039555467329434115809,0.00073254581506738232141)	
(0.02448964174214127848,-0.0063538996367371826032)	
(0.035729874929166516306,0.0029107543135445225826)	
(0.019398245444216380418,-0.00083822350192409920792)	
(0.020835513474748084545,-0.0014810170103347988259)	
(0.034432475030637336999,0.0077284501142090549636)	
(0.016473498101228441909,-0.0081545594840037611412)	
(0.034428627100391115401,0.0077690308262222743108)	
(0.012374031686030965288,0.007199514455921926688)	
(0.0021312154482458385563,0.0027487340332590036972)	
(0.024521030785275357844,-0.0031764634741968450146)	
(0.015009106128514080811,-0.005048275661114228971)	
(0.0076106060568317092721,-0.0015063429036641254408)	
(0.015197521399669372544,-0.007965706080765386915)	
(0.0021521214226361351854,0.0027439444581686405107)	
(0.020911990053225280178,0.0099121199559523143208)	
(0.020931133344116982509,0.0099114142400970588892)	
(0.026724963448676551658,0.0005401732461007526442)	
(0.034865796587455089028,0.0049655835994686188181)	
(0.012345349014491033626,-0.0041033641079101616789)	
(0.017445144017699972666,-0.0023496731571394985014)	
(-0.001504297779718375078,-0.0047285864590034306504)	
(0.039555404602710370066,0.00073259339221440821985)	
(0.034428922066764934551,0.0077689312150226487452)	
(0.0021521314646311333167,0.0027440862787428462605)	
(0.026724937089425450376,0.0005402867498182474873)	
(0.037048759442394614549,-0.0028135497165665841052)	
(0.019398214650475167214,-0.00083877086822431218185)	
(0.0012263382666367905489,-0.0068224354608076931764)	
(-0.00074513186745124658072,0.0017178051990820520419)	
(0.0059423677806795119696,0.0073741270747643599195)	
(0.0032339448743480296231,0.0014761060645819136343)	
(0.013931355644705460325,0.0077912956833945156213)	
(0.0012379420206007952805,-0.0068240853469071485402)	
(0.020365267977077480821,-0.0017363506771371523419)	
(0.014729800180640973892,-0.0074923811334467772804)	
(0.0012264917092067238562,-0.0068223376347454163168)	
(0.014726791265068569017,-0.0074889346429785567244)	
(0.012965302482476325982,-0.0045983678868012859559)	
(0.01295465070057788895,-0.0046090561671769617741)	
(-0.0007450698680868439493,0.0017178461653863544376)	
(0.00072218735835202416389,-0.00097888590630205757522)	
(0.0075037511780511375464,0.0064362677894091316691)	
(0.040607987576578352673,0.0056551583840228434458)	
(0.0059423802627650975858,0.0073741559356583592441)	
(0.0036453522409809432404,0.0045475157630205974638)	
(0.00023950553517654212541,0.011124884852370821309)	
(0.0094324423978925341083,0.013883672100162022453)	
(0.035729692040977173439,0.0029107206630697430964)	
(0.020911950448255341162,0.0099121484706859944863)	
(0.014726903039455932834,-0.0074886219994435357372)	
(0.00072213620368901494054,-0.00097879739178674150454)	
(0.019389589573141727263,0.0099001966036961989298)	
(0.0036453955460487344996,0.0045474272940984961436)	
(-0.00076042798174916648862,0.0017074750022259457382)	
(0.00073473773259994203718,-0.00097502329183908099681)	
(0.007499762499772418857,0.0064358373380447378431)	
(0.0094348204012183935901,0.013881219272621246955)	
(0.0071912416510522807894,0.0060866320936258187096)	
(0.021847376700300551872,0.012623935070417233867)	
(0.011818378669566916711,0.013932220220632542118)	
(0.006803157975950357636,-0.00068646951028850306583)	
(0.0069106484351846185141,0.0088447846774201560605)	
(0.01346496066626158214,0.010636025616933541052)	
(0.0022058451443549131205,0.0083508829139632700933)	
(0.011485694411088799571,0.0069671756733961842309)	
(0.011042483382667981143,0.010390946432566454741)	
(0.0046711247643144368502,0.010774662006305097892)	
(0.0063078596184055766086,0.011878121058801864585)	
(0.019389623983221838943,0.0099001516502871290959)	
(0.016873751266606683979,0.0092750048164312228621)	
(0.017092239939061244086,0.01168264431931466743)	
(0.014741862735853700564,0.007057560607537495187)	
(0.0079946329094425314793,0.011621384998177186967)	
(0.0076696195901176499737,0.014767529221513952739)	
(0.024489786788648746502,-0.0063539839827385369286)	
(0.034432452935858177956,0.0077283993228652913057)	
(0.01237399392790357322,0.0071999064040175154641)	
(0.012965270406184227839,-0.0045985019602833195063)	
(0.0075037873959564469276,0.0064360923377266487586)	
(0.0022058806244908122675,0.0083508230246835801064)	
(0.00023955416840697394396,0.011124792957884589023)	
(0.016873691625183720455,0.0092751383704531426)	
(0.011818458880686348936,0.013932348228344850621)	
(0.0068031850091294487209,-0.00068654942477648585233)	
(0.00023831139104572024857,0.01112543946255413127)	
(0.0071949350032243326522,0.0060780124500644620855)	
(0.013463673838357663459,0.010637632290623515868)	
(0.01483776684367180479,0.00080592620017644648559)	
(0.0083050518599930844843,0.012196090698683405978)	
(0.024521061176552429173,-0.0031763716055363093449)	
(0.034865673503225363961,0.0049653436287191762138)	
(0.015009152188172654105,-0.0050482859189974541025)	
(0.0076106634190102710746,-0.0015061286606136107136)	
(0.020835280692755860782,-0.0014810909522901655709)	
(0.0021312718037521725771,0.0027488207836025412706)	
(0.020931074489585328041,0.0099114439799985604163)	
(0.020365343711890075695,-0.0017363293583056787443)	
(0.040608169458984266775,0.0056552464265270828078)	
(0.0094323503667723355287,0.013883649365653260785)	
(0.0071914409075302648117,0.0060866525848103422008)	
(0.01148578045350579814,0.0069671474829511139196)	
(0.0069106918022217118588,0.0088448237154522286324)	
(0.017092215636517350125,0.011682631222742118765)	
(0.011042456545037812599,0.010390943790059030058)	
(0.0046710798394329084565,0.010774650300118902152)	
(0.0083061196893137179131,0.012195700404087784358)	
(0.0098267107121947604165,0.010969849900681940755)	
(0.0095264766885197731811,0.011288511321210585245)	
(0.012345291289089179235,-0.0041033916047035047872)	
(0.01647342356405945632,-0.0081546813729989134356)	
(0.014729807722401523293,-0.0074921776197102891992)	
(0.012954574149298545699,-0.0046091794344795284505)	
(0.021847454613617225266,0.012623970897510841671)	
(0.013464898003767124951,0.01063605264615721975)	
(0.0063078324899421252606,0.011878097157520582303)	
(0.014741859478957621346,0.0070576007065653728612)	
(0.0076696180120699591898,0.01476754664086595871)	
(0.017445041991713289287,-0.0023497150659557756135)	
(0.0012378710869457181833,-0.0068241389843968951537)	
(0.007499767020086442991,0.0064356496691288858636)	
(0.0094347530163610467818,0.013881230203466545306)	
(0.014837688957209074075,0.00080589043788636190602)	
(0.0083050418498996306932,0.012196112217563642721)	
(0.0079946374306575623131,0.011621373587942166253)	
(0.0098267183743981911803,0.010969852535667623528)	
(0.015197589466251651066,-0.0079659649060835266421)	
(-0.0015042725610877546744,-0.0047284575415537421009)	
(0.003234119867392711619,0.0014760671971668370712)	
(0.013931371471057657843,0.0077914957072405819152)	
(-0.00076054473047272282485,0.001707433198977287292)	
(0.00073469222029747763975,-0.00097494093216937357822)	
(0.00023838644260069675193,0.011125362887711870777)	
(0.0071950430800047943808,0.0060780643594692479806)	
(0.013463623461831393524,0.010637576999849919154)	
(0.0083061216465057912534,0.01219571149882115943)	
(0.0095264876104872581175,0.011288528438308527424)	
(0.013791574114389441516,0.0080814507218380064735)	
(0.020812081982493641635,0.0073632453468127322116)	
(0.020891617282836255631,0.0081422650316937041776)	
(0.015496561110504670361,0.0095744464968420782414)	
(0.0099697409322412108151,0.0090196723763784243666)	
(0.014380516876551632799,0.0096679148415436885755)	
(0.013791550202890572041,0.0080814632403310073666)	
(0.020812129685716107552,0.0073631702885490245628)	
(0.0096363976264884649431,0.0085049700519339108823)	
(0.020891666292692016166,0.0081423932637745242979)	
(0.015496559745109694459,0.0095744464127670569908)	
(0.009969714878447570941,0.0090196270007703131799)	
(0.014380533172775111089,0.00966790396321158714)	
(0.0096364043411925649762,0.0085049724182546960344)	
(0.012230977607972769866,0.011172872962883691542)	
(0.010480549152931489115,0.012586320195021335686)	
(0.011049239189673550066,0.013419888636335520343)	
(0.0088806052888482506225,0.011328990070824889944)	
(0.012230926930898689334,0.011172952627156710129)	
(0.010480559510464894715,0.012586345398107897861)	
(0.011049220593155906558,0.013419906008503916864)	
(0.0088806115355201612621,0.0113289846340337199)	
(0.039554589158148294181,0.00073601886028098009208)	
(0.019390271908291029784,0.0099009060339069407397)	
(0.037054251390412983047,-0.0028239664384269074285)	
(0.013789698077493268286,0.0080821583940068036228)	
(0.02452708898160949752,-0.0031757977666988096432)	
(0.020812549347006922829,0.0073634793575125855394)	
(0.012230235574087826647,0.011173195764517918072)	
(0.0104802260442316518,0.012586115340478858798)	
(0.0021543760208238334902,0.0027485702742495272607)	
(0.034424085522296157813,0.0077717722679996751114)	
(0.0012295550748986560849,-0.006824536743444829974)	
(0.019384341225487815297,-0.00084389047077459001904)	
(-0.00074440921826971785929,0.0017158829923870904267)	
(0.035723323085559026413,0.002906614124635885886)	
(0.0059437744873648288083,0.0073732443653858970381)	
(0.024491315954490080337,-0.006354538415010918713)	
(0.0022059235583574941797,0.008350110008457877625)	
(0.039554657828277994813,0.00073603593710684666641)	
(0.037054236974240747915,-0.0028237552051141854605)	
(0.024527183006504478524,-0.0031757152596702913072)	
(0.019390297369701665897,0.0099008061979603528141)	
(0.013789607027210487936,0.0080820973739091743482)	
(0.020812471719227846473,0.0073635378328193567404)	
(0.012230335352789731621,0.011173200258108950331)	
(0.010480218857469088267,0.012586098564580643078)	
(0.0021543378003915660511,0.0027484805703386783887)	
(0.034424122105360679957,0.0077717681336901380321)	
(0.001229612838310976345,-0.0068245745001166259816)	
(0.019384390843275488975,-0.0008437913865432398932)	
(-0.00074444370452369297998,0.001715797944262897716)	
(0.03572339531881407737,0.0029066303252711380399)	
(0.0059438437082847527665,0.0073732497528619430488)	
(0.024491396064904569913,-0.0063544510074744721059)	
(0.0022059453968982858929,0.0083501422776197566783)	
(0.015019309720573860781,-0.0050467169858521261985)	
(0.016873557190749944451,0.0092741790760036274532)	
(0.015497006331663341558,0.0095743221625382256279)	
(0.02089141178918343944,0.0081424941642028892536)	
(0.011049298971240057929,0.013419427557554160224)	
(0.0099698362975622432242,0.0090198810841780243525)	
(0.012365982887050121913,0.007207010510318819993)	
(0.034428168035675790759,0.0077308056420713755497)	
(0.020908159732107186451,0.0099081623021843364535)	
(0.020843851640170513867,-0.0014832972864317415639)	
(0.01472737271256843207,-0.007492925858453716205)	
(0.0007226591776274931796,-0.00098308996075167952647)	
(0.0036449479028059067996,0.0045460908286552199897)	
(0.011817600985061229787,0.013930681871462706131)	
(0.011483959578329660384,0.0069657182549112545145)	
(0.017092304346873136989,0.011682824899512877018)	
(0.0088806344490719533319,0.011329054203859531547)	
(0.01438040520884286376,0.0096685090927339980421)	
(0.015497001426887601488,0.0095743410201358531558)	
(0.011049310913049682423,0.013419393528086230941)	
(0.016873570232048138579,0.0092741670002117488486)	
(0.020891427938231208611,0.0081424259077602905571)	
(0.0099698243794689098141,0.0090199544650953547564)	
(0.0088806274506319417966,0.011329064785782399019)	
(0.015019293344522571462,-0.0050466952808882201489)	
(0.012365959940632295297,0.0072069305713795698068)	
(0.034428012065179272594,0.0077309958722408880782)	
(0.020908127680015802657,0.0099080492006421768542)	
(0.020843967572314825443,-0.0014831491385967788144)	
(0.014727218987673844006,-0.0074930270326727319019)	
(0.00072272623070087510262,-0.00098312473632113854365)	
(0.0036448957868588515059,0.0045461345538625411861)	
(0.011817531015302916095,0.013930675402669127211)	
(0.01148389914001165038,0.0069657397974221008791)	
(0.017092301020134207518,0.011682841079166042877)	
(0.01438039574712661646,0.0096684922653976629325)	
(0.0076094183018351781167,-0.0015132810415445184776)	
(0.012354010550571991114,-0.0041038092863091187035)	
(0.002133145305799978575,0.0027532351505922913852)	
(0.016484272876496879751,-0.0081494631838120827616)	
(0.020927221607902862788,0.0099073384972848937274)	
(0.020362339519907776686,-0.0017320755867435240136)	
(0.012967809653414721915,-0.0045939361752601994351)	
(0.0075047361607860447671,0.0064379539556016348797)	
(0.00023910750465558103608,0.011122435756160295797)	
(0.0068033927678775455231,-0.00068837117286993355046)	
(0.011041978955830266534,0.010390835703073954266)	
(0.014741550664914391741,0.0070580689328917645131)	
(0.014729971146446915048,-0.0074965032790845313737)	
(0.012957108480596637307,-0.004604791746081421909)	
(0.040604061965002290202,0.0056633830265809658594)	
(0.0094325693295297906305,0.013883355529518867991)	
(0.0071898311037103231416,0.0060855459392111128925)	
(0.0069105783283177858387,0.0088439053292051813399)	
(0.0046705855988638713544,0.010775118043871826506)	
(0.0096363304325097886432,0.0085047357409457745997)	
(0.0079941218437147108095,0.011621096644596866365)	
(0.0076094212519357360552,-0.0015135078095340421048)	
(0.0021332292713272353601,0.0027533075945141644372)	
(0.020927307447988974937,0.0099072480761712624492)	
(0.020362308670857781623,-0.0017320726896861537557)	
(0.01296774577069670191,-0.0045938654951652195188)	
(0.0075046689603057124829,0.0064381068093726286777)	
(0.00023911116215667753892,0.011122482684255028881)	
(0.0068033754548646923135,-0.00068831072955503316748)	
(0.011042012872500017034,0.010390817048938025616)	
(0.014741573747179680109,0.0070580303522355539517)	
(0.009636334858859197175,0.0085047345727621362355)	
(0.01235383058540512162,-0.0041037857627124613158)	
(0.016484352843956460999,-0.00814938347476635086)	
(0.014730014906546773021,-0.0074965268301732043699)	
(0.012957183414621487039,-0.0046048189267242764164)	
(0.040603988965698604996,0.0056633879271609536762)	
(0.0094326295288270876893,0.01388336572850705497)	
(0.0071896593893569131842,0.0060855185277014188505)	
(0.0069105854930126180483,0.0088439124156307197255)	
(0.0046706105879695345579,0.010775116660017507175)	
(0.0079941241698181977199,0.01162107907083472641)	
(0.015195155863625520176,-0.0079697855026734064354)	
(0.017450882136862248123,-0.0023553685460682622678)	
(-0.0015102484308344371958,-0.0047293747419239464888)	
(0.0032306060364314043501,0.0014747375902321787234)	
(0.013934889499094920556,0.0077964410828261420869)	
(0.0012412637552758627301,-0.0068262611303427575549)	
(-0.00075987310208072104002,0.0017057295791416181383)	
(0.00073527303583997697441,-0.0009792187013185754945)	
(0.0075006774557095741082,0.006437541977346414486)	
(0.0094350630959229818406,0.013881031719140977942)	
(0.021846513612459577541,0.01262399106503075269)	
(0.013466291653583480764,0.010636131185357819429)	
(0.0063084758262889244554,0.011877396322539448409)	
(0.0076695414736761592656,0.014767591431432362109)	
(0.00023793866706300814055,0.011123017697955806665)	
(0.0071933529466658699056,0.0060769402632513931997)	
(0.013464933125668248487,0.010637689977924323637)	
(0.014837331516527623235,0.00080728453273046587874)	
(0.0083051259164796421841,0.012196001291443421197)	
(0.0083062112604285146672,0.012195593649100458511)	
(0.0098267993402403313458,0.010969774409766274575)	
(0.0095268629186535322417,0.011287512477325199745)	
(0.02184643930166621853,0.01262398585129752282)	
(0.013466339972159947075,0.010636123100006776229)	
(0.0063084755358011525977,0.011877408729659453407)	
(0.007669527327537871593,0.014767601032198818256)	
(0.017450892184211294622,-0.002355318298179291496)	
(0.0012412792515794615535,-0.0068262721670122421258)	
(0.0075007408983330907393,0.0064374819176185775829)	
(0.0094350538623869800725,0.01388095806358832611)	
(0.014837367882323152651,0.00080733410573840245529)	
(0.0083051408349182967439,0.012195987749415436105)	
(0.0098267945340064118132,0.010969774827676357851)	
(0.015195270472864138775,-0.0079695847693722864091)	
(-0.0015102584423310934109,-0.0047293861147700826802)	
(0.0032307251794271847449,0.001474690450098073034)	
(0.013934971828093384652,0.0077963166833598046904)	
(-0.00075978525661599474739,0.001705775560062249268)	
(0.00073523674642507247292,-0.0009792375956690082487)	
(0.00023796854618712338404,0.011123017587749450472)	
(0.0071933711496114070838,0.0060769360174500776373)	
(0.013464882433846610613,0.010637687402985351523)	
(0.0083062140838361837869,0.012195609103046111191)	
(0.0095268467378920290017,0.011287522019165417003)	
(0.010214167778800792644,-0.0053083773885616945126)	
(0.024971307476357614691,-0.0064043978372522797002)	
(0.0068215342764388429281,0.0040226451245122191516)	
(0.017990359188020114273,-0.0034113713347947668443)	
(0.012099060964249702677,0.00031612942140827633838)	
(0.013903609244951242382,0.010073209645908734119)	
(0.0091200164061856943409,-0.0056619345643903412971)	
(0.016783475615448486401,-0.0029624583975407549341)	
(0.019893380082014081728,-0.00098462946919565617204)	
(0.010686732967809401199,-0.0078262290903377308704)	
(0.01551421890008645825,0.003695968741010325579)	
(0.018174979431807139485,-0.00018603438978249218637)	
(0.0073888585850703670382,0.0010075620884386908734)	
(0.0059530126943792742791,0.0073791578375423296648)	
(0.0036396107673451845096,0.0045533220638628380331)	
(0.015747214236661258996,0.00094529048015011877225)	
(0.019391066872064224857,0.0099036376236446999749)	
(0.002211065807599155858,0.0083379125426107734281)	
(0.011821020821763698547,0.013929924609020488332)	
(0.0068029133329823290519,-0.00069268810082748980949)	
(0.016873451919138256205,0.0092784066393998762545)	
(0.0069137360342161778212,0.0088475122459674929859)	
(0.011489243424640359012,0.0069691448225522980089)	
(0.0063058405982414477559,0.011876411030623418644)	
(0.011037314987427297372,0.010383209602769347471)	
(0.0046730116450792681324,0.010775431503533437413)	
(0.0076680642238102416502,0.014765962200053656464)	
(0.0068215577433782597847,0.0040225944030080531405)	
(0.017990333255137224561,-0.003411511214483074414)	
(0.01021409429059003636,-0.0053083116290502116788)	
(0.024971282512841589535,-0.0064045922060538768364)	
(0.010686810790276163666,-0.0078262260309769626776)	
(0.0059530609088360815148,0.0073790760344750730079)	
(0.0036396726167639845487,0.0045532680628582802851)	
(0.017090402694152035529,0.011685400581908804429)	
(0.014744242764027047643,0.0070562375785700147401)	
(0.0098270175145117495685,0.010969539054876038114)	
(0.007994028751564446339,0.011622448345627693633)	
(0.019893378089081242138,-0.00098467447407625530165)	
(0.011821081994745165356,0.01392996317399096233)	
(0.0068029091864703948936,-0.00069268156681904146862)	
(0.0069138006388795875817,0.0088475137186905510739)	
(0.0063058002806835192558,0.011876399517215118981)	
(0.013903575235921620395,0.010073260663265484749)	
(0.016783413885731790494,-0.0029624507239539594333)	
(0.018175012551841968761,-0.00018610235197016931994)	
(0.0073888785700111109939,0.0010076559105929876105)	
(0.0022110663431807557611,0.0083378499562134101436)	
(0.011489326227210000173,0.0069690863825400467188)	
(0.011037303440200658955,0.01038318973899017908)	
(0.0046729595903909331572,0.010775425420279318225)	
(0.0076680534509881983704,0.014765976328120244618)	
(0.0098270241906597572551,0.010969547038779598955)	
(0.012099127358112336111,0.00031625334800512320882)	
(0.009120020296110848898,-0.0056620145418455726863)	
(0.015514266382803508157,0.0036960375093149644421)	
(0.015747239828517313465,0.00094537360898272948181)	
(0.019391073813568113909,0.0099036374554873872478)	
(0.016873454026266030553,0.0092784362118841032935)	
(0.017090360512162953294,0.011685417888326820116)	
(0.014744243501608191374,0.0070562539736290620998)	
(0.0079940426753976508156,0.011622424850619081371)	
(0.017988960912292243505,-0.0034150362128356325647)	
(0.024971328749246061995,-0.0064051452203931595608)	
(0.010201763535985146,-0.0053059038484153369514)	
(0.010689339330703125433,-0.0078288260406283206871)	
(0.017988907277945994506,-0.0034150064883889130231)	
(0.024971358550848775371,-0.0064051927488848990622)	
(0.010201739384585389175,-0.005305711484754312493)	
(0.010689227082017105711,-0.007828933647874149887)	
(0.019893370840873284694,-0.00098192145896450113568)	
(0.0036390062989919346945,0.0045517546013091230231)	
(0.019893197300951619144,-0.00098198478460920983306)	
(0.0036390729156915687173,0.0045518852901978278797)	
(0.012099285218739739417,0.00031179304939412110518)	
(0.016783935806582495065,-0.0029580710824481160938)	
(0.0073879391384857268435,0.0010078025938309441868)	
(0.005954515773593976706,0.0073781005496450988157)	
(0.011820179106295208848,0.01392823304857379943)	
(0.0068030299656741451825,-0.00069443538583577107612)	
(0.0069137145208739659782,0.008846654269705508597)	
(0.0063063616384848621144,0.011875720745621444127)	
(0.0046724810669056581272,0.010775895998725552524)	
(0.0076679476820375293625,0.014766047960134290676)	
(0.0098271127250143478632,0.01096948828123698802)	
(0.0069136774769267004062,0.0088466185432669389166)	
(0.006306398172679726806,0.011875723551268585823)	
(0.012099222475903311305,0.00031177449987022942419)	
(0.016783974267360338845,-0.002958139032391353309)	
(0.0073878856711216021533,0.0010077779437948342339)	
(0.0059545157051907838738,0.0073780896233886922309)	
(0.011820147237021827111,0.013928190237507510202)	
(0.0068030228958191538147,-0.00069443003659551720205)	
(0.0046724944795593307406,0.010775914331857887676)	
(0.0076679671020607837947,0.014766052943442267015)	
(0.0098271104101175007356,0.010969483550287657814)	
(0.015517192448697314511,0.0036963365950657663464)	
(0.018177998641883161973,-0.00018688638275653866199)	
(0.015747183480068822903,0.00094602421269498278202)	
(0.019391738381387864376,0.0099041347320299576856)	
(0.002211118310773998747,0.0083371652770518091258)	
(0.016873348525010149757,0.0092773934193905380208)	
(0.011487533218888068554,0.0069678116345443736127)	
(0.011036846370067526432,0.010383072466564587447)	
(0.017090473934432515862,0.011685647021826405662)	
(0.014743957927656736392,0.0070567000988891407515)	
(0.0079935077652568235773,0.01162214222131753745)	
(0.018177846087677508591,-0.00018679556607785875819)	
(0.0022110627605855361424,0.0083372222064926788943)	
(0.01148754768231176511,0.0069678439763000005192)	
(0.011036818338943238382,0.010383087887361029319)	
(0.015517086305790355957,0.0036964038803968695714)	
(0.015747206523793466637,0.00094606758282750271112)	
(0.01939176044667602003,0.0099041449292614058136)	
(0.016873349300161068903,0.0092774331175554097112)	
(0.017090490530899261901,0.011685616243371296438)	
(0.014743939007685044618,0.007056688655535312861)	
(0.0079935184577339252199,0.011622138557861294225)	
(0.010688057066276374085,-0.0061139432530670709265)	
(-0.00063294380247019843295,-0.0059027806290887965129)	
(0.026518842457686073871,-0.005762748303085647554)	
(0.026520007204177707683,-0.0057623242822148314571)	
(0.03303341053504049718,-0.0022901471731346378924)	
(0.0020239162417857183528,-0.0034617957442056724975)	
(0.0098516471134778901136,0.0094666537725016739607)	
(0.0073493639727348026788,0.0044070183108808709191)	
(0.0079925977711786909408,0.018625773285442865507)	
(0.016968478089746497073,0.0061680403968503204684)	
(0.018537336454713768119,0.0094092106269302311361)	
(0.013796790295377494781,0.0080786890510737546095)	
(0.026518970278068702828,-0.0057626550730206860598)	
(0.019479687488378152893,0.012719544981854466817)	
(0.011657159475936913415,0.0095690678360030884814)	
(0.020811766924537254686,0.0073641894888862684254)	
(0.020888123212187168637,0.0081414602782889332333)	
(0.010688089191109169732,-0.0061141218125066098751)	
(0.0020240199979123505748,-0.0034618894599250070454)	
(0.0073493550044085847323,0.0044070189075235055229)	
(0.013796714535159279591,0.0080786760050843026831)	
(0.015497517096826804103,0.0095743183873529310451)	
(0.009968247641623120478,0.0090213847499272473845)	
(0.014380278947313460125,0.0096659653226489547495)	
(0.0096351079616698778046,0.0085055829024968630792)	
(-0.00063287549437647235093,-0.0059028368100687098746)	
(0.0098515423778663003401,0.0094665536296251791976)	
(0.016968554559976062324,0.0061680651208110941208)	
(0.018537310500579388256,0.0094092181348082049724)	
(0.020811773406818112608,0.0073641544666159892626)	
(0.020888184387385974605,0.0081415693969657774998)	
(0.026520096713250503745,-0.0057623952614444971451)	
(0.033033367417841172364,-0.0022901560391732581762)	
(0.0079926400828091419964,0.018625678281405086412)	
(0.019479760111077007445,0.012719525641727602236)	
(0.011657172641351253722,0.0095691232663950871046)	
(0.015497512540719392618,0.0095743157648066571502)	
(0.0099682184543606906085,0.0090213683004165112073)	
(0.014380284280940213923,0.0096659773272839526193)	
(0.0096351151183000603717,0.0085055715062500800161)	
(0.002023943875295197703,-0.0034621729500047206292)	
(0.0020238814474228478471,-0.0034621919223923520482)	
(-0.002335361314385824439,-0.0051737902354679239647)	
(-0.0023353871822824143895,-0.0051738580634664863359)	
(0.0098510366712772964165,0.0094668276013325329543)	
(0.0073496937397074212084,0.0044075909479714420885)	
(0.0098510835664039585191,0.0094668294717513423731)	
(0.0073497228324001595903,0.0044075788349034802222)	
(0.018538289666183534882,0.0094102846218431096537)	
(0.013794870024878835846,0.008079457204723821187)	
(0.018538288076418701217,0.0094103503661470532665)	
(0.013794988565622624474,0.0080794918055420664876)	
(0.016965920686034089565,0.0061670340713691129339)	
(0.011658166349046910487,0.0095694620179048225234)	
(0.020812149078214624287,0.0073645038200683080737)	
(0.020887960359999631355,0.0081416354845401037177)	
(0.0099683954180449681204,0.0090216404408727159797)	
(0.014380162027348252288,0.0096665985062306773734)	
(0.0096350762552104927267,0.0085053603888287192258)	
(0.020887916668735177772,0.0081416204421270749886)	
(0.016965910128257984807,0.0061670385595632018841)	
(0.011658134362091778988,0.00956947963745882757)	
(0.020812203823668575658,0.0073645087520833795933)	
(0.0099684311547417834426,0.0090215549647922298193)	
(0.014380169955296976878,0.009666591065255364032)	
(0.0096350716281173344469,0.0085053374140936499614)	
(0.0079916377370250774731,0.018626496236519053673)	
(0.019478909508160974218,0.012719023846704357109)	
(0.015497952087647051678,0.0095742026003961724218)	
(0.0079916912044643677315,0.018626527592420560886)	
(0.019478854101015612849,0.012719030539745169658)	
(0.015497955972371468825,0.0095741834765153202569)	
(0.016492540793536940996,0.018926804040358211761)	
(0.009010861367408275896,0.017669342547081263312)	
(0.012304295891078415731,0.015974452113268925585)	
(0.0090106313631542200859,0.017669786249247570326)	
(0.0091607573055780579241,0.015329291311131521686)	
(0.018538054478217557558,0.0065141689351412125977)	
(0.012233195656425409348,0.01117486163834696157)	
(0.016140038906865116636,0.013678812276107505178)	
(0.012233188489568783824,0.011174906326373751017)	
(0.016492502048995383301,0.018926885921729048184)	
(0.0090108467767318380093,0.017669399078356726185)	
(0.0091607169217078586454,0.01532933406499579175)	
(0.012304268420844890336,0.015974414127099750144)	
(0.01853808066365857446,0.006514200523391949077)	
(0.010481843017764226958,0.012584654954893146131)	
(0.012627532133422908478,0.012072510311683895545)	
(0.011050477593110924479,0.013419311564965607023)	
(0.0080231598850152817393,0.012408430389676199102)	
(0.0088811934627530328412,0.011328790641063297973)	
(0.010481855330952836308,0.012584672641326387701)	
(0.011050474095785935841,0.013419298726674133704)	
(0.012627468880211678917,0.012072492439831161715)	
(0.008881195204485005032,0.011328793849129388527)	
(0.0090106135273866523605,0.017669808987692534052)	
(0.016140003546908900101,0.013678814340697967311)	
(0.0080231535320415391793,0.012408437233785473211)	
(0.012232494850765341862,0.011175110465256512388)	
(0.0091603521855617361935,0.015328694438995874721)	
(0.012232438736037123603,0.011175081720661134838)	
(0.0091603874149517993536,0.01532871604968143002)	
(0.01853756643737887802,0.0065145263229517092959)	
(0.018537540973892058932,0.0065145234687608386676)	
(0.011050539223320107046,0.013418814105875786699)	
(0.00888123438280837528,0.011328848941343991341)	
(0.010481505286743207639,0.012584434524280097012)	
(0.012627452896056500647,0.012072636613813393647)	
(0.011050530246856846844,0.013418841979195324579)	
(0.008881236864383485613,0.011328847076290478671)	
(0.010481500663964804509,0.012584438254452587347)	
(0.012627467973548984342,0.012072602153300087888)	
(0.0080235394970324148967,0.012408065924607100325)	
(0.0080235547516329733253,0.01240799691199317642)	
(0.012255159501753921242,0.011264380645199568304)	
(0.012255147917605143867,0.011264369659007841123)	
(0.0065574802919402914655,0.021105793916764301055)	
(0.0068219254920204993806,0.011476910168027617751)	
(0.0068221841422235439401,0.011477274341480636285)	
(0.0065574610821899697796,0.021105775422240728723)	
(0.0068221843577287860638,0.011477287692540633426)	
(0.0068219140514426618652,0.01147692029444752175)	


real	114m51.211s
user	80m7.920s
sys	34m38.752s
