clang++ -std=c++14 -stdlib=libc++ -O3 -ferror-limit=2 -Weverything -Wno-c++98-compat -Wno-c++98-compat-pedantic -Wno-sign-conversion -Wno-exit-time-destructors -Wno-float-equal -Wno-global-constructors -Wno-missing-declarations -Wno-unused-parameter -Wno-padded -Wno-shadow -Wno-weak-vtables -Wno-missing-prototypes -Wno-unused-variable -ferror-limit=1 -Wno-deprecated -Wno-conversion -Wno-double-promotion -c src/direct_cuda_pattern.cc -o ./obj/direct_cuda_pattern.o -Iinclude -I/usr/local/cuda/include -I/usr/local/include -I/usr/include/c++/v1
nvcc src/cuda_pattern.cu -o ./obj/_cuda_pattern.o -Iinclude -I/usr/local/cuda/include -I/usr/local/include -I/usr/include/c++/v1 -m64 -dc -gencode arch=compute_70,code=sm_70 --relocatable-device-code true  -Xptxas -v
ptxas info    : 9754 bytes gmem
ptxas info    : Compiling entry function '_Z5ZaxpymddP7double2S0_' for 'sm_70'
ptxas info    : Function properties for _Z5ZaxpymddP7double2S0_
    0 bytes stack frame, 0 bytes spill stores, 0 bytes spill loads
ptxas info    : Used 30 registers, 392 bytes cmem[0]
ptxas info    : Function properties for cudaGetDevice
    0 bytes stack frame, 0 bytes spill stores, 0 bytes spill loads
ptxas info    : Compiling entry function '_Z5DasummP7double2Pd' for 'sm_70'
ptxas info    : Function properties for _Z5DasummP7double2Pd
    0 bytes stack frame, 0 bytes spill stores, 0 bytes spill loads
ptxas info    : Used 26 registers, 1024 bytes smem, 376 bytes cmem[0]
ptxas info    : Compiling entry function '_Z8sum_diagP7double2mdd' for 'sm_70'
ptxas info    : Function properties for _Z8sum_diagP7double2mdd
    0 bytes stack frame, 0 bytes spill stores, 0 bytes spill loads
ptxas info    : Used 10 registers, 384 bytes cmem[0]
ptxas info    : Compiling entry function '_Z5ZgemmP7double2S0_S0_md' for 'sm_70'
ptxas info    : Function properties for _Z5ZgemmP7double2S0_S0_md
    0 bytes stack frame, 0 bytes spill stores, 0 bytes spill loads
ptxas info    : Used 40 registers, 8704 bytes smem, 392 bytes cmem[0]
ptxas info    : Function properties for cudaFuncGetAttributes
    0 bytes stack frame, 0 bytes spill stores, 0 bytes spill loads
ptxas info    : Function properties for cudaOccupancyMaxActiveBlocksPerMultiprocessorWithFlags
    0 bytes stack frame, 0 bytes spill stores, 0 bytes spill loads
ptxas info    : Compiling entry function '_Z22extract_intensity_diffP7double2PdS1_mm' for 'sm_70'
ptxas info    : Function properties for _Z22extract_intensity_diffP7double2PdS1_mm
    0 bytes stack frame, 0 bytes spill stores, 0 bytes spill loads
ptxas info    : Used 24 registers, 392 bytes cmem[0], 8 bytes cmem[2]
ptxas info    : Compiling entry function '_Z9compose_aPdPmS_dP7double2m' for 'sm_70'
ptxas info    : Function properties for _Z9compose_aPdPmS_dP7double2m
    0 bytes stack frame, 0 bytes spill stores, 0 bytes spill loads
ptxas info    : Used 30 registers, 400 bytes cmem[0]
ptxas info    : Function properties for cudaOccupancyMaxActiveBlocksPerMultiprocessor
    0 bytes stack frame, 0 bytes spill stores, 0 bytes spill loads
ptxas info    : Compiling entry function '_Z5ZscalmdP7double2' for 'sm_70'
ptxas info    : Function properties for _Z5ZscalmdP7double2
    0 bytes stack frame, 0 bytes spill stores, 0 bytes spill loads
ptxas info    : Used 27 registers, 376 bytes cmem[0]
ptxas info    : Function properties for cudaMalloc
    0 bytes stack frame, 0 bytes spill stores, 0 bytes spill loads
ptxas info    : Compiling entry function '_Z38make_individual_pattern_intensity_diffPdS_PmS_dS0_S_S_mP7double2mm' for 'sm_70'
ptxas info    : Function properties for _Z38make_individual_pattern_intensity_diffPdS_PmS_dS0_S_S_mP7double2mm
    24 bytes stack frame, 0 bytes spill stores, 0 bytes spill loads
ptxas info    : Used 72 registers, 448 bytes cmem[0], 104 bytes cmem[2]
ptxas info    : Compiling entry function '_Z5ZcopymP7double2S0_' for 'sm_70'
ptxas info    : Function properties for _Z5ZcopymP7double2S0_
    0 bytes stack frame, 0 bytes spill stores, 0 bytes spill loads
ptxas info    : Used 28 registers, 376 bytes cmem[0]
ptxas info    : Function properties for cudaDeviceGetAttribute
    0 bytes stack frame, 0 bytes spill stores, 0 bytes spill loads
ptxas info    : Compiling entry function '_Z6Dznrm2mP7double2Pd' for 'sm_70'
ptxas info    : Function properties for _Z6Dznrm2mP7double2Pd
    0 bytes stack frame, 0 bytes spill stores, 0 bytes spill loads
ptxas info    : Used 28 registers, 1024 bytes smem, 376 bytes cmem[0]
ptxas info    : Compiling entry function '_Z34extract_intensity_diff_with_offsetP7double2PdS1_S1_mmdd' for 'sm_70'
ptxas info    : Function properties for _Z34extract_intensity_diff_with_offsetP7double2PdS1_S1_mmdd
    0 bytes stack frame, 0 bytes spill stores, 0 bytes spill loads
ptxas info    : Used 24 registers, 416 bytes cmem[0], 8 bytes cmem[2]
nvcc -dlink ./obj/_cuda_pattern.o -arch=sm_70 -o ./obj/cuda_pattern.o -m64 -lcudadevrt -L/usr/local/cuda/lib64  -rdc=true -Xptxas -v
clang++ -o ./bin/direct_cuda_pattern ./obj/_cuda_pattern.o ./obj/direct_cuda_pattern.o ./obj/cuda_pattern.o  -lcudadevrt -lcublas -lcudart -m64 -L/usr/local/cuda/lib64  -lc++ -lc++abi -O3 -pthread
Steepest Descent terminate with total step 1000

solution:
(0.99972640503858056782,-0.00015510561217972309222)	
(-0.0066894108411781607812,0.0011498072653467244966)	
(-0.0063586681359774381225,0.00093684906546364927343)	
(-0.0056597460539816171407,0.0026542207006316131598)	
(0.009514629959084461297,0.010108573906898090516)	
(-0.0060395917655190660758,0.0032175562317358855774)	
(0.0095187311515318919625,0.010167263518270349548)	
(-0.00056215209959141509196,-6.6071529244983339866e-05)	
(-0.0011356116298691599966,-0.00060766797052522127272)	
(-0.0011820530302228847083,0.00074033196778715434049)	
(-0.00027178352564105563499,0.00091709107511230741113)	
(-0.0075169057276781988883,0.00034836662184579481917)	
(-0.0094229389891876784435,0.0019679043756653490094)	
(-0.00094202748039678941769,-0.00040685414026978954918)	
(-0.0080028420480593616404,0.0003559658990754361956)	
(0.050103621081102729662,-0.00089906937713325415801)	
(-0.00081972303080429245129,-0.00052208024617770665363)	
(-0.0093686990047337961179,-0.00065823776486105816264)	
(0.049980463879140499261,0.0020139643825823356355)	
(0.064865989961734843439,-0.0020716869068568288803)	
(-0.0010815085480924797271,-1.7258175427484946803e-05)	
(-0.0014555765985462061803,-0.00028505881207882826246)	
(0.064878160057424569263,-0.00012555956363529384174)	
(-0.0017264617718852309607,-0.00060137170897583893271)	
(-0.0014108250750870389,0.00045308484873237282178)	
(-0.0007300973083381885045,-0.00064502990588589329685)	
(-0.00072239541491239363854,-0.00014184169800100120866)	
(-0.00075520170751041044207,-0.00020064468746842494548)	
(-0.0012966117671316384086,0.00011832852516724279182)	
(0.0012397612610701141261,0.00075166373573045763921)	
(0.00068615915400252512971,-0.00020040965831331179346)	
(-0.0016176580532940947315,0.0020535143148001609725)	
(-0.0061148829560970577313,0.00078738046442119731354)	
(0.0012930338878799545275,0.00066052616486820116097)	
(0.019430957244278748708,-0.00070719108519580063579)	
(0.020352845293282975647,-0.0013926632558819180153)	
(-0.00039673626778963239211,0.0011741063268588926641)	
(0.00039631678406473107388,0.0010166855959143285444)	
(0.019093584520766572477,0.00067868814589413790743)	
(0.050032439448662306691,-0.0019680947322861528162)	
(-0.00080434602720239945818,0.00048976449873463546742)	
(-0.0016530094588675758698,0.0022153024690437722946)	
(0.019926529743621093638,0.0025598581473882634114)	
(0.049844563740186267897,0.0015677821497265367109)	
(-0.0016297166452158607947,0.00065570748674839934682)	
(-0.0068743039384290410831,-0.0012034428737781948607)	
(-0.00032447208650021066006,0.00070727525654614884724)	
(-0.0012100571547312419848,0.00088844691849861471503)	
(-0.00081724727014040180525,-0.0010400555290087862281)	
(0.020697415713873554277,-0.0011083331496076435224)	
(-0.0002657017790766003475,0.0010755032929818586149)	
(-0.0014362201961817459665,0.0022276340862088799162)	
(-0.0065215150646665406495,0.00056764475208495091853)	
(0.019040900291151297008,0.0030754349503915113032)	
(-0.0017677332273341294505,0.0022353031320002801803)	
(-0.0016140683135517899707,0.00051033377992294173472)	
(-0.00037552532622349410734,0.00050067124614249565884)	
(-0.0066647822748050989869,-0.00041868472401524522292)	
(-0.00076403582594887313722,-0.0010543214295453018792)	
(0.01870203596065990112,-0.00094890379193304709871)	
(0.0089455265868138549717,-0.00043541326268769885025)	
(0.019553607198989086252,0.00028937109459753815452)	
(0.0094007581626969934085,0.00088387742374650439189)	
(0.0010662055227888963486,0.00023575096377427765394)	
(0.00035586036062078106471,0.00075300468641360189092)	
(-0.00083101975789914427507,0.00072993939850840344665)	
(-0.0012015448444050991477,0.0010693965291169533951)	
(-0.0009619241008301667676,-0.00056863332691550912395)	
(-0.00072658324158294965503,-0.0006673567582962906938)	
(-0.00090224358692094625261,0.00065726468542607078757)	
(-0.0072314582639209845291,0.00082937982251841599595)	
(-0.0089820827711979481234,0.0029976170797821077331)	
(-0.0070610224869852291837,-0.00026339173570099494318)	
(-0.00048626342210093565508,-0.00022802647645944808274)	
(-0.0094341461940731594776,-0.00080195607791866147657)	
(-0.0019365677359685254215,-0.00057547557548190300496)	
(-0.0016298893893123556076,-0.00054353159678729914134)	
(-0.0019863385402671819395,-0.00047175793160386837862)	
(0.009650244789832899267,0.0078257272235498012702)	
(-0.0018096780852613800986,-0.00067310179334920854435)	
(0.0096237442508728069518,0.0079205972248274306852)	
(0.00054047215928537878978,-0.00084733137903476927859)	
(0.0013429168051208840128,0.00028510161730276191959)	
(0.012472926412511435232,0.0048021409272233648094)	
(0.0046108519764493259216,0.0013963343008200148915)	
(0.00028701715974471044045,-0.00087478160349286065035)	
(0.0087315354422678858465,0.0086118793423315461583)	
(0.009618800653708311707,0.0099075715403638756062)	
(0.0008716406521707792095,6.1127908700970995663e-05)	
(0.010140419883899434023,0.0096697948130043797493)	
(0.01003266375539701126,0.010014358823376480825)	
(0.011874868282628629063,-0.0063454490157471661257)	
(0.0089830591188728367569,0.0087843728119543079691)	
(0.010394741779669161574,0.0096768918876414446867)	
(0.024529947150020027513,-0.0044999487501775807877)	
(0.0035852438985184737104,-0.0016742048509046951119)	
(0.0096441192508124069099,0.0099622347186033820277)	
(0.010005890727240203744,0.010056252228178874999)	
(0.023780115074791653013,0.0064655885028349234164)	
(0.024590853343639820783,0.001888073363405179091)	
(0.0034587736846070481905,0.0019682963748025141329)	
(0.025366237032150414088,0.0016545194911926244634)	
(0.010082314566231381434,0.0059157165750388235326)	
(0.0038076234649190065021,-0.00027575628939555953904)	
(0.012369497636443490055,-0.0045377339090552151757)	
(-0.0012298936256976062721,-0.00060094758725783307875)	
(-0.0059887166611431964444,0.00011661217745005920488)	
(0.020411216699423209708,-0.0022660445937501350402)	
(-0.0015168257675427251983,0.0018867456965374342862)	
(0.017882847965215598746,-0.00095252140388023720692)	
(-0.00088623333589923274176,0.00050486021771882028195)	
(-0.00072748673913410803835,0.00013790475294045022227)	
(0.020751305880958043765,0.0024843471361877650892)	
(0.018885909063209634778,0.0019771049587544238697)	
(0.00079069105325375898304,0.001410610572013788408)	
(-0.0064048157981474000688,-0.0013540560601867498644)	
(-0.0012988412813528028324,0.0021627438044534222361)	
(-0.00040851496075917665546,0.0010880318861726677362)	
(0.001900421043835466518,2.3952712943540897729e-05)	
(-0.0038555437325082952439,-0.0012383228681352896009)	
(0.0092228293044661849992,0.0082401343646912213192)	
(-0.0037002064354873984674,-0.0011371104881946110261)	
(0.0091767057981801004179,0.0083379150597007213597)	
(-0.0038856495548367318144,-0.002483677004431424952)	
(0.0013964688118505963997,0.00012328586064464883295)	
(-0.0039020691079491983885,-0.0021964538970902581019)	
(0.00093922376130124046213,0.00028926199649765730682)	
(0.0087477701439394196098,0.0087051568444443516021)	
(0.0092769929470645964148,0.0082464294610672499164)	
(0.0090086176380087708282,0.008767009569595104676)	
(0.0093574723273974497878,0.008180106365841294247)	
(-0.0013822300287230880611,-0.00060689574637253352989)	
(-0.0060676817366906452347,0.00033660535626563441863)	
(0.020032658903972259956,-0.003343932180768703806)	
(-0.0019081095617621004427,0.0014399929472466838336)	
(0.019090819114272288004,-0.0012539229709556838892)	
(-0.0003078003266703555345,0.00072172296083940765728)	
(-0.00065052539995022289326,0.00014136370617814718971)	
(0.020220183627958115274,0.0025351669898523122512)	
(0.018899793912366239651,0.0024328610890588537458)	
(-0.0057816692670768134871,-0.0023000927401875133869)	
(-0.0017592902715872365833,0.001697352923096353541)	
(-0.00054030416654776160755,0.00052639879188750985425)	
(0.0037467838438805592394,0.0018800781765253640754)	
(0.0032986774481862969621,0.00030939502563853796572)	
(0.00011617463030043408156,-0.00094760505525603967118)	
(0.0011914126843602886908,0.00028251382974056409546)	
(0.0048446364729661777621,0.00051298545684270785081)	
(-0.00020110133859205413178,-0.00092710561564086869588)	
(0.0096171481744550396664,0.009935027723785733525)	
(0.00086839242394634455838,5.3494066981866714996e-05)	
(0.010150968624136820148,0.0096682284021893764858)	
(0.010028987913972968113,0.010028284408453776166)	
(0.01040352280741876391,0.0096685232800844643497)	
(0.0036786642411069190445,-0.0011348449505893325965)	
(0.0096428055173038550868,0.0099729661473258873761)	
(0.010006432376793905972,0.010070559650743019994)	
(-0.0017733899836376164523,-8.4044409048139649644e-05)	
(0.0096247139147408698745,0.0078525666978736669011)	
(-0.0018175391296449284334,-0.00020001665973201507515)	
(0.0097490495202172070682,0.008030614963384107019)	
(0.043124148841002990507,-0.0031302648368009820291)	
(0.0080038046442633386385,0.0030041171159786079527)	
(0.043045807117367822225,0.0039351249250160567211)	
(0.0082379442418519452374,0.0030166514581775895863)	
(-0.0015252514182159532252,0.0001564514066623453421)	
(0.010058928729347282188,0.010692645907903081462)	
(0.010098673007725126813,0.010272527702526929039)	
(0.01009459806196273679,0.010669562089234323546)	
(0.06477801302220712043,-0.0050696280375617389438)	
(-0.0015954009919513249729,1.1730646993727191838e-05)	
(0.010096918986166669024,0.010271183623806964119)	
(0.06431008707687468906,0.0050256852283855051738)	
(0.0098154919520735579852,0.010009150256381695032)	
(0.010060583958006972041,0.010526413214021515877)	
(0.0098761699325234340863,0.0099971165411792510536)	
(0.0101837775025845588,0.01034406874920709013)	
(0.0068021045089218835911,0.0047119024030052771707)	
(0.0064663624015062516615,0.0042476244983440485103)	
(0.0024588658423459249652,-9.8980868794488354834e-05)	
(0.002603415731758659292,-0.00019725949286388721115)	
(0.002583171870288558658,-0.00013557480736283521031)	
(0.010056116570599541934,0.010688416508250990836)	
(0.0027087722420187417688,-0.00030395653301018641778)	
(0.010096297972403649526,0.010664406159466368468)	
(0.0066755257625182766804,0.0045646242182064960397)	
(0.0064252283649618123496,0.0041618534572461611531)	
(0.0098195201332324094645,0.010012242539158203516)	
(0.010090895856299375924,0.010530306664049818299)	
(0.009859587802456054248,0.00998154621915086325)	
(0.010163257096803025858,0.010301551947799037975)	
(-0.0015936010287582466974,0.0003073360888530111165)	
(0.010099184942249109231,0.010280011865764252313)	
(-0.0016638822007896964927,0.00025989976099148240753)	
(0.010094863067866718248,0.010279627304289794265)	
(0.042307942009625433555,-0.0025833904703566777303)	
(0.0080521958703207302532,0.0029718401158781316412)	
(0.04368657391506096388,0.0036962181458443854262)	
(0.0084348771923509081178,0.0027418562300001369722)	
(0.0026555756543194045105,-0.0014411183682406280074)	
(-0.0088361697968697347494,0.0038349409321049047691)	
(0.0026851942192429333923,-0.0014848761751104237652)	
(0.0039911560204539389338,0.00084134533978908192416)	
(0.0039085607070479116976,0.0013086280337673331618)	
(0.0068962555454835624061,-0.0027141759943689865511)	
(0.01169192438562173704,-0.0040628923486468087115)	
(0.0085324864599471902937,0.0058313598767017610358)	
(0.0079782295051428770566,0.0050078025318928218873)	
(0.0089836353980348778586,0.0088334721496599894613)	
(0.012613236844665670633,0.0014117243296814054911)	
(0.0079841670754288822376,0.0051588575757414911402)	
(0.00120685687084452699,-0.00053462432852306414951)	
(-0.010524872294707872042,0.0012974876386729818512)	
(0.009413341710029657014,0.00063079722169098468697)	
(0.008513860199921818514,0.0056611698806486188823)	
(0.0091621016876808642621,0.0093333580477408667475)	
(0.0010171266133347054306,0.00051273565565198816248)	
(-0.00056217489658286657218,-0.00025381904462406016092)	
(-0.00072954106241738517127,0.00026564227660595251396)	
(0.00012653421515458986892,0.00035155626766720826952)	
(-0.00064771475480591620116,-0.00018831822151377873684)	
(-0.006746912160765004482,-0.00029639110089386581448)	
(0.0051975996902597623381,0.0038916747003488864377)	
(-0.0048865823887233638192,0.0039862379979711797667)	
(0.0052980082966805992425,0.0051434875482914612504)	
(0.0091989981352843981643,0.011212801414644908357)	
(0.0097031828957734132107,0.010349330031996463106)	
(0.0095057417253735804891,0.011622897813767830988)	
(0.0097160676184568327274,0.010355254162253572925)	
(0.0046019133224813896926,0.0039106426550521312252)	
(0.00077586608464853346404,-0.0014916781012857987295)	
(0.0099551543880867544856,0.010102939636163566287)	
(0.0043204046537925607993,0.0030497403042079166725)	
(0.00027376850545498718995,-0.0014361923672055777745)	
(0.010110847407793534247,0.010108037579974013531)	
(-0.0016449438422911333811,-0.005314206408797372827)	
(-0.0031116559372901045344,-0.0074087464914836401522)	
(0.0023388148378931904181,-2.1350045289467956905e-05)	
(0.0021313056486119952813,0.00024890194066386558827)	
(0.0024008051896067458819,-4.9302581634015605369e-05)	
(0.004093958414628015921,0.00050102374588062599785)	
(0.0040188361971075807141,0.0010339835127900066751)	
(0.0020750258053765673928,7.1580211216428857399e-05)	
(-0.0020222514429916933244,-0.0058829636597522013894)	
(-0.002827521889092835753,-0.0071504944856461954278)	
(0.0043549879539851185997,0.0039037549490105079297)	
(0.00087365516381179137134,-0.001375908036763294354)	
(0.0099805805589624606994,0.010101080337607386619)	
(0.0042891832818241024811,0.0030478732624686288508)	
(0.00069115110129831130222,-0.0011964243975733149499)	
(0.010107897376887945567,0.010105317265239938465)	
(0.0092247263850315629891,0.011089788131063408119)	
(0.009717633376928437941,0.010338142705963147133)	
(0.009553255654701262034,0.01152781045748071595)	
(0.0097457258882442145131,0.01034945969676062498)	
(-0.0060276342907116123651,0.00028261831394974553777)	
(0.0079789844656730102984,0.005020764881502611833)	
(0.0048248066381872808592,0.0036158789285376862974)	
(0.007928499138556595327,0.0051836187185220379547)	
(-0.0051381148542879026206,0.0042218639036190616989)	
(0.0054923129877961444217,0.0048053896107750331684)	
(-0.00091032576844003374166,-0.0001664780216148535304)	
(0.0090038326054276036914,0.0088984321823569901416)	
(-0.00023878418266042359362,0.00026267588032003434543)	
(0.0091881928484910252442,0.0091300115527694174211)	
(-0.0090152832472539402159,0.0043754197438313231078)	
(0.0075842347380446969995,-0.0031978149116954012431)	
(0.011442406164811499969,-0.0046573194323568586905)	
(0.0085240461368536746267,0.0058825314691904502518)	
(0.01272429304703755204,0.0015466878100318241004)	
(-0.01054920916706456567,0.001959960440453442556)	
(0.0091535794393065635782,0.0010067665886038669031)	
(0.0083789166118602709243,0.0057814439763874308012)	
(-0.0042333126364990855683,0.0010125007927357736713)	
(-0.00339822065963766521,-0.000367327562574060228)	
(0.008276679819828132792,0.0086632322568133725282)	
(0.0082070010039503819149,0.0085174671609259244159)	
(0.0082948160671111985376,0.0086154454570522044643)	
(0.0082303366806465109301,0.0085059768536354003754)	
(-0.0039588293058210877184,0.001193436145169516141)	
(-0.003015875587070348824,-0.00058217425104674684014)	
(0.010115166072199100952,0.010052088683216421627)	
(0.010107883362433178753,0.0100773023840181504)	
(0.0080733036207406624202,-0.0049022775661218490756)	
(0.009800320541678010991,0.0028822252903036396122)	
(0.01011983908520710726,0.010044480097658551113)	
(0.010109131849720858279,0.010081272086435635188)	
(0.0014966213988384978809,-0.0010649634272748974718)	
(0.0035332437622921522916,0.001685888962395314019)	
(0.010040843659009118793,0.010793865933877128116)	
(0.0097612915258570506771,0.010057712161437117049)	
(0.0012589177260184070909,-0.0011484358405188972718)	
(0.0037535663546874190391,0.0017302540941417487302)	
(0.010043691876843239066,0.010757969916157163193)	
(0.0096909012167408058874,0.010089604697745956779)	
(0.0080468549825455319008,0.0084083592922557810062)	
(0.0081752334504443472524,0.0083982964341496619404)	
(0.006899723481377454358,0.0077446367030158790729)	
(0.0098959487982366849818,0.010415140835929922319)	
(0.0077554509914874837986,0.0073931483297042738592)	
(0.0099053823744229760329,0.0103775329560846577)	
(0.0090691003339386719317,0.0079120204524853292305)	
(0.0090015205726533143588,0.007315186721839354346)	
(0.0090036708141799908639,0.007817219641652373846)	
(0.0095103184910969827681,0.0073262864547042763977)	
(0.0067683729525006113004,0.0079281338538569751107)	
(0.0090146072330128251826,0.0079729572063430165924)	
(0.0089344344460386190127,0.0072991832012223138715)	
(0.0078342499263657685432,0.0073344998290587135742)	
(0.008859048788368184546,0.0078547578842956215089)	
(0.0095312986547178030899,0.0071032952010482387425)	
(0.0098820897379897285062,0.010404808639120785574)	
(0.0098991273844190076636,0.010413377874884714724)	
(0.0035553001250610339647,0.0016133274498788658345)	
(0.0079918524267645063563,0.0085333832439499334582)	
(0.0036923720137054644695,0.0018389358306130153091)	
(0.0081921890432912775754,0.0083826549957768028282)	
(0.010040660930026751654,0.010787349792430582854)	
(0.0097920936608881410657,0.010059021904086341836)	
(0.010058164902778329169,0.01074930642802959628)	
(0.0096956948267555940341,0.010102756089251698976)	
(0.0081684745593377655615,0.0023490914950191022978)	
(0.0080270438088427889523,0.0021915460073147138842)	
(0.00051726718538758003577,-7.9433998545908512858e-05)	
(0.0089295823010102429174,0.0085140834991780760255)	
(-0.0010943451297467932104,-0.0012715089324576713762)	
(0.0090705348052136369752,0.0086712282318469960374)	
(0.008956742466131111316,0.0084759553778380718886)	
(0.0090926994887882087865,0.0086532009534463806555)	
(0.0081960776040459187158,0.0024672447313602357752)	
(0.0081424310840756634194,0.0019657840373429741332)	
(0.010148322745784817134,0.0098515701125336183064)	
(0.010067840710659374873,0.010059033498021620681)	
(0.010347128731405166174,0.0098005617282062602175)	
(0.010067251340535937273,0.010077182445200094305)	
(0.010112561264829943511,0.010242831368236757911)	
(0.010099339209122076139,0.010245345957491859556)	
(0.010109235893170117129,0.010243737480001530865)	
(0.01010055280485019219,0.010246483261427656239)	
(0.010171002443778205324,0.0098378562092050376997)	
(0.01006496581413879321,0.010053219182375210811)	
(0.010345970385234722067,0.0097918780853186587754)	
(0.010071289567953740224,0.010076149561482651562)	
(0.010245795184364296648,0.010100117023243506548)	
(0.010127279697538406691,0.010213881064758371583)	
(0.010232540797237042046,0.010134319764394137536)	
(0.010133374379205068935,0.010195401873895188621)	
(0.0096937260468160976051,0.010081391074024143029)	
(0.0094082263366706293112,0.010302373024010172409)	


real	221m11.458s
user	151m52.812s
sys	63m58.896s
