clang++ -std=c++14 -stdlib=libc++ -O3 -ferror-limit=2 -Weverything -Wno-c++98-compat -Wno-c++98-compat-pedantic -Wno-sign-conversion -Wno-exit-time-destructors -Wno-float-equal -Wno-global-constructors -Wno-missing-declarations -Wno-unused-parameter -Wno-padded -Wno-shadow -Wno-weak-vtables -Wno-missing-prototypes -Wno-unused-variable -ferror-limit=1 -Wno-deprecated -Wno-conversion -Wno-double-promotion -c src/direct_cuda_pattern.cc -o ./obj/direct_cuda_pattern.o -Iinclude -I/usr/local/cuda/include -I/usr/local/include -I/usr/include/c++/v1
nvcc src/cuda_pattern.cu -o ./obj/_cuda_pattern.o -Iinclude -I/usr/local/cuda/include -I/usr/local/include -I/usr/include/c++/v1 -m64 -dc -gencode arch=compute_70,code=sm_70 --relocatable-device-code true  -Xptxas -v
ptxas info    : 9754 bytes gmem
ptxas info    : Compiling entry function '_Z5ZaxpymddP7double2S0_' for 'sm_70'
ptxas info    : Function properties for _Z5ZaxpymddP7double2S0_
    0 bytes stack frame, 0 bytes spill stores, 0 bytes spill loads
ptxas info    : Used 30 registers, 392 bytes cmem[0]
ptxas info    : Function properties for cudaGetDevice
    0 bytes stack frame, 0 bytes spill stores, 0 bytes spill loads
ptxas info    : Compiling entry function '_Z5DasummP7double2Pd' for 'sm_70'
ptxas info    : Function properties for _Z5DasummP7double2Pd
    0 bytes stack frame, 0 bytes spill stores, 0 bytes spill loads
ptxas info    : Used 26 registers, 1024 bytes smem, 376 bytes cmem[0]
ptxas info    : Compiling entry function '_Z8sum_diagP7double2mdd' for 'sm_70'
ptxas info    : Function properties for _Z8sum_diagP7double2mdd
    0 bytes stack frame, 0 bytes spill stores, 0 bytes spill loads
ptxas info    : Used 10 registers, 384 bytes cmem[0]
ptxas info    : Compiling entry function '_Z5ZgemmP7double2S0_S0_md' for 'sm_70'
ptxas info    : Function properties for _Z5ZgemmP7double2S0_S0_md
    0 bytes stack frame, 0 bytes spill stores, 0 bytes spill loads
ptxas info    : Used 40 registers, 8704 bytes smem, 392 bytes cmem[0]
ptxas info    : Function properties for cudaFuncGetAttributes
    0 bytes stack frame, 0 bytes spill stores, 0 bytes spill loads
ptxas info    : Function properties for cudaOccupancyMaxActiveBlocksPerMultiprocessorWithFlags
    0 bytes stack frame, 0 bytes spill stores, 0 bytes spill loads
ptxas info    : Compiling entry function '_Z22extract_intensity_diffP7double2PdS1_mm' for 'sm_70'
ptxas info    : Function properties for _Z22extract_intensity_diffP7double2PdS1_mm
    0 bytes stack frame, 0 bytes spill stores, 0 bytes spill loads
ptxas info    : Used 24 registers, 392 bytes cmem[0], 8 bytes cmem[2]
ptxas info    : Compiling entry function '_Z9compose_aPdPmS_dP7double2m' for 'sm_70'
ptxas info    : Function properties for _Z9compose_aPdPmS_dP7double2m
    0 bytes stack frame, 0 bytes spill stores, 0 bytes spill loads
ptxas info    : Used 30 registers, 400 bytes cmem[0]
ptxas info    : Function properties for cudaOccupancyMaxActiveBlocksPerMultiprocessor
    0 bytes stack frame, 0 bytes spill stores, 0 bytes spill loads
ptxas info    : Compiling entry function '_Z5ZscalmdP7double2' for 'sm_70'
ptxas info    : Function properties for _Z5ZscalmdP7double2
    0 bytes stack frame, 0 bytes spill stores, 0 bytes spill loads
ptxas info    : Used 27 registers, 376 bytes cmem[0]
ptxas info    : Function properties for cudaMalloc
    0 bytes stack frame, 0 bytes spill stores, 0 bytes spill loads
ptxas info    : Compiling entry function '_Z38make_individual_pattern_intensity_diffPdS_PmS_dS0_S_S_mP7double2mm' for 'sm_70'
ptxas info    : Function properties for _Z38make_individual_pattern_intensity_diffPdS_PmS_dS0_S_S_mP7double2mm
    24 bytes stack frame, 0 bytes spill stores, 0 bytes spill loads
ptxas info    : Used 72 registers, 448 bytes cmem[0], 104 bytes cmem[2]
ptxas info    : Compiling entry function '_Z5ZcopymP7double2S0_' for 'sm_70'
ptxas info    : Function properties for _Z5ZcopymP7double2S0_
    0 bytes stack frame, 0 bytes spill stores, 0 bytes spill loads
ptxas info    : Used 28 registers, 376 bytes cmem[0]
ptxas info    : Function properties for cudaDeviceGetAttribute
    0 bytes stack frame, 0 bytes spill stores, 0 bytes spill loads
ptxas info    : Compiling entry function '_Z6Dznrm2mP7double2Pd' for 'sm_70'
ptxas info    : Function properties for _Z6Dznrm2mP7double2Pd
    0 bytes stack frame, 0 bytes spill stores, 0 bytes spill loads
ptxas info    : Used 28 registers, 1024 bytes smem, 376 bytes cmem[0]
ptxas info    : Compiling entry function '_Z34extract_intensity_diff_with_offsetP7double2PdS1_S1_mmdd' for 'sm_70'
ptxas info    : Function properties for _Z34extract_intensity_diff_with_offsetP7double2PdS1_S1_mmdd
    0 bytes stack frame, 0 bytes spill stores, 0 bytes spill loads
ptxas info    : Used 24 registers, 416 bytes cmem[0], 8 bytes cmem[2]
nvcc -dlink ./obj/_cuda_pattern.o -arch=sm_70 -o ./obj/cuda_pattern.o -m64 -lcudadevrt -L/usr/local/cuda/lib64  -rdc=true -Xptxas -v
clang++ -o ./bin/direct_cuda_pattern ./obj/_cuda_pattern.o ./obj/direct_cuda_pattern.o ./obj/cuda_pattern.o  -lcudadevrt -lcublas -lcudart -m64 -L/usr/local/cuda/lib64  -lc++ -lc++abi -O3 -pthread
Error: Failed to open file "/testpool/ops/samfairman/larbed-refinement/testdata/new_txt/Intensities_30.txt"
Error: Failed to open file "/testpool/ops/samfairman/larbed-refinement/testdata/new_txt/Intensities_31.txt"
Error: Failed to open file "/testpool/ops/samfairman/larbed-refinement/testdata/new_txt/Intensities_30.txt"
Error: Failed to open file "/testpool/ops/samfairman/larbed-refinement/testdata/new_txt/Intensities_31.txt"
Error: Failed to open file "/testpool/ops/samfairman/larbed-refinement/testdata/new_txt/Intensities_30.txt"
Error: Failed to open file "/testpool/ops/samfairman/larbed-refinement/testdata/new_txt/Intensities_31.txt"
Error: Failed to open file "/testpool/ops/samfairman/larbed-refinement/testdata/new_txt/Intensities_30.txt"
Error: Failed to open file "/testpool/ops/samfairman/larbed-refinement/testdata/new_txt/Intensities_31.txt"
Error: Failed to open file "/testpool/ops/samfairman/larbed-refinement/testdata/new_txt/Intensities_30.txt"
Error: Failed to open file "/testpool/ops/samfairman/larbed-refinement/testdata/new_txt/Intensities_31.txt"
Error: Failed to open file "/testpool/ops/samfairman/larbed-refinement/testdata/new_txt/Intensities_30.txt"
Error: Failed to open file "/testpool/ops/samfairman/larbed-refinement/testdata/new_txt/Intensities_31.txt"
Error: Failed to open file "/testpool/ops/samfairman/larbed-refinement/testdata/new_txt/Intensities_30.txt"
Error: Failed to open file "/testpool/ops/samfairman/larbed-refinement/testdata/new_txt/Intensities_31.txt"
Error: Failed to open file "/testpool/ops/samfairman/larbed-refinement/testdata/new_txt/Intensities_30.txt"
Error: Failed to open file "/testpool/ops/samfairman/larbed-refinement/testdata/new_txt/Intensities_31.txt"
Error: Failed to open file "/testpool/ops/samfairman/larbed-refinement/testdata/new_txt/Intensities_30.txt"
Error: Failed to open file "/testpool/ops/samfairman/larbed-refinement/testdata/new_txt/Intensities_31.txt"
Error: Failed to open file "/testpool/ops/samfairman/larbed-refinement/testdata/new_txt/Intensities_30.txt"
Error: Failed to open file "/testpool/ops/samfairman/larbed-refinement/testdata/new_txt/Intensities_31.txt"
Error: Failed to open file "/testpool/ops/samfairman/larbed-refinement/testdata/new_txt/Intensities_30.txt"
Error: Failed to open file "/testpool/ops/samfairman/larbed-refinement/testdata/new_txt/Intensities_31.txt"
Error: Failed to open file "/testpool/ops/samfairman/larbed-refinement/testdata/new_txt/Intensities_30.txt"
Error: Failed to open file "/testpool/ops/samfairman/larbed-refinement/testdata/new_txt/Intensities_31.txt"
Error: Failed to open file "/testpool/ops/samfairman/larbed-refinement/testdata/new_txt/Intensities_30.txt"
Error: Failed to open file "/testpool/ops/samfairman/larbed-refinement/testdata/new_txt/Intensities_31.txt"
*** Error in `./direct_cuda_pattern': free(): invalid next size (normal): 0x00000000028dda70 ***
======= Backtrace: =========
/lib/x86_64-linux-gnu/libc.so.6(+0x777e5)[0x7f83e2b617e5]
/lib/x86_64-linux-gnu/libc.so.6(+0x8037a)[0x7f83e2b6a37a]
/lib/x86_64-linux-gnu/libc.so.6(cfree+0x4c)[0x7f83e2b6e53c]
/usr/lib/x86_64-linux-gnu/libcuda.so.1(+0x2f0625)[0x7f83e1d41625]
/usr/lib/x86_64-linux-gnu/libcuda.so.1(+0x1e13e4)[0x7f83e1c323e4]
/usr/lib/x86_64-linux-gnu/libcuda.so.1(+0x1ca257)[0x7f83e1c1b257]
/usr/lib/x86_64-linux-gnu/libcuda.so.1(+0x2faf86)[0x7f83e1d4bf86]
/usr/lib/x86_64-linux-gnu/libcuda.so.1(+0xe4f3e)[0x7f83e1b35f3e]
/usr/lib/x86_64-linux-gnu/libcuda.so.1(+0xe5103)[0x7f83e1b36103]
/usr/lib/x86_64-linux-gnu/libcuda.so.1(cuLaunchKernel+0xc0)[0x7f83e1c8ce60]
/usr/local/cuda/lib64/libcudart.so.9.1(+0x15f70)[0x7f83e3eb5f70]
/usr/local/cuda/lib64/libcudart.so.9.1(cudaLaunch+0x1c8)[0x7f83e3ed4838]
./direct_cuda_pattern[0x40473a]
./direct_cuda_pattern[0x404419]
./direct_cuda_pattern[0x4044a4]
./direct_cuda_pattern[0x4036f6]
./direct_cuda_pattern[0x40ed7e]
./direct_cuda_pattern[0x40ebf3]
./direct_cuda_pattern[0x406572]
/lib/x86_64-linux-gnu/libc.so.6(__libc_start_main+0xf0)[0x7f83e2b0a830]
./direct_cuda_pattern[0x403509]
======= Memory map: ========
00400000-00541000 r-xp 00000000 00:2e 1139589                            /testpool/ops/samfairman/larbed-refinement/bin/direct_cuda_pattern
00741000-00742000 r--p 00141000 00:2e 1139589                            /testpool/ops/samfairman/larbed-refinement/bin/direct_cuda_pattern
00742000-00743000 rw-p 00142000 00:2e 1139589                            /testpool/ops/samfairman/larbed-refinement/bin/direct_cuda_pattern
01b8b000-028ff000 rw-p 00000000 00:00 0                                  [heap]
200000000-200200000 rw-s 00000000 00:06 535                              /dev/nvidiactl
200200000-200600000 ---p 00000000 00:00 0 
200600000-200800000 rw-s 00000000 00:06 541                              /dev/nvidia2
200800000-200c00000 rw-s 00000000 00:06 535                              /dev/nvidiactl
200c00000-200e00000 rw-s 00000000 00:06 541                              /dev/nvidia2
200e00000-201c00000 ---p 00000000 00:00 0 
201c00000-202000000 rw-s 00000000 00:06 535                              /dev/nvidiactl
202000000-202e00000 ---p 00000000 00:00 0 
202e00000-203200000 rw-s 00000000 00:06 535                              /dev/nvidiactl
203200000-204000000 ---p 00000000 00:00 0 
204000000-204400000 rw-s 00000000 00:06 535                              /dev/nvidiactl
204400000-205200000 ---p 00000000 00:00 0 
205200000-205600000 rw-s 00000000 00:06 535                              /dev/nvidiactl
205600000-206400000 ---p 00000000 00:00 0 
206400000-206800000 rw-s 00000000 00:06 535                              /dev/nvidiactl
206800000-207600000 ---p 00000000 00:00 0 
207600000-207a00000 rw-s 00000000 00:06 535                              /dev/nvidiactl
207a00000-208800000 ---p 00000000 00:00 0 
208800000-208c00000 rw-s 00000000 00:06 535                              /dev/nvidiactl
208c00000-209a00000 ---p 00000000 00:00 0 
209a00000-209e00000 rw-s 00000000 00:06 535                              /dev/nvidiactl
209e00000-20a200000 rw-s 00000000 00:06 535                              /dev/nvidiactl
20a200000-20a600000 rw-s 00000000 00:06 535                              /dev/nvidiactl
20a600000-20aa00000 rw-s 00000000 00:06 535                              /dev/nvidiactl
20aa00000-20ae00000 rw-s 00000000 00:06 535                              /dev/nvidiactl
20ae00000-20b200000 rw-s 00000000 00:06 535                              /dev/nvidiactl
20b200000-20b600000 rw-s 00000000 00:06 535                              /dev/nvidiactl
20b600000-20ba00000 rw-s 00000000 00:06 535                              /dev/nvidiactl
20ba00000-20be00000 rw-s 00000000 00:06 535                              /dev/nvidiactl
20be00000-20c200000 rw-s 00000000 00:06 535                              /dev/nvidiactl
20c200000-20c600000 rw-s 00000000 00:06 535                              /dev/nvidiactl
20c600000-20ca00000 rw-s 00000000 00:06 535                              /dev/nvidiactl
20ca00000-20ce00000 rw-s 00000000 00:06 535                              /dev/nvidiactl
20ce00000-20d200000 rw-s 00000000 00:06 535                              /dev/nvidiactl
20d200000-20d600000 rw-s 00000000 00:06 535                              /dev/nvidiactl
20d600000-20da00000 rw-s 00000000 00:06 535                              /dev/nvidiactl
20da00000-20de00000 rw-s 00000000 00:06 535                              /dev/nvidiactl
20de00000-20e200000 rw-s 00000000 00:06 535                              /dev/nvidiactl
20e200000-20e600000 rw-s 00000000 00:06 535                              /dev/nvidiactl
20e600000-20ea00000 rw-s 00000000 00:06 535                              /dev/nvidiactl
20ea00000-20ec00000 ---p 00000000 00:00 0 
20ec00000-20ee00000 rw-s 00000000 00:06 535                              /dev/nvidiactl
20ee00000-20f000000 rw-s 00000000 00:06 535                              /dev/nvidiactl
20f000000-20f400000 ---p 00000000 00:00 0 
20f400000-21028d000 rw-s 00000000 00:05 122567777                        /dev/zero (deleted)
21028d000-300200000 ---p 00000000 00:00 0 
10000000000-10004000000 ---p 00000000 00:00 0 
7f8338000000-7f8338021000 rw-p 00000000 00:00 0 
7f8338021000-7f833c000000 ---p 00000000 00:00 0 
7f833c200000-7f83d0000000 ---p 00000000 00:00 0 
7f83d1400000-7f83d4000000 ---p 00000000 00:00 0 
7f83d4000000-7f83d4021000 rw-p 00000000 00:00 0 
7f83d4021000-7f83d8000000 ---p 00000000 00:00 0 
7f83d8800000-7f83d9000000 ---p 00000000 00:00 0 
7f83d9000000-7f83d9200000 rw-s 00000000 00:05 122567776                  /dev/zero (deleted)
7f83d9200000-7f83d9400000 ---p 00000000 00:00 0 
7f83d9400000-7f83d9619000 rw-s 00000000 00:06 535                        /dev/nvidiactl
7f83d9619000-7f83d9a00000 ---p 00000000 00:00 0 
7f83d9a00000-7f83d9c00000 rw-s 00000000 00:06 535                        /dev/nvidiactl
7f83d9c00000-7f83d9e00000 rw-s 00000000 00:05 122567774                  /dev/zero (deleted)
7f83d9e00000-7f83da000000 rw-s 00000000 00:06 535                        /dev/nvidiactl
7f83da000000-7f83da200000 rw-s 00000000 00:05 122567773                  /dev/zero (deleted)
7f83da200000-7f83da600000 ---p 00000000 00:00 0 
7f83da7fd000-7f83da7fe000 ---p 00000000 00:00 0 
7f83da7fe000-7f83daffe000 rw-p 00000000 00:00 0 
7f83daffe000-7f83dafff000 ---p 00000000 00:00 0 
7f83dafff000-7f83db7ff000 rw-p 00000000 00:00 0 
7f83db7ff000-7f83e17ff000 ---p 00000000 00:00 0 
7f83e17ff000-7f83e1842000 r-xp 00000000 fc:00 5254046                    /usr/lib/x86_64-linux-gnu/libnvidia-fatbinaryloader.so.387.26
7f83e1842000-7f83e1a41000 ---p 00043000 fc:00 5254046                    /usr/lib/x86_64-linux-gnu/libnvidia-fatbinaryloader.so.387.26
7f83e1a41000-7f83e1a4c000 rw-p 00042000 fc:00 5254046                    /usr/lib/x86_64-linux-gnu/libnvidia-fatbinaryloader.so.387.26
7f83e1a4c000-7f83e1a51000 rw-p 00000000 00:00 0 
7f83e1a51000-7f83e237f000 r-xp 00000000 fc:00 5254041                    /usr/lib/x86_64-linux-gnu/libcuda.so.387.26
7f83e237f000-7f83e257e000 ---p 0092e000 fc:00 5254041                    /usr/lib/x86_64-linux-gnu/libcuda.so.387.26
7f83e257e000-7f83e26d0000 rw-p 0092d000 fc:00 5254041                    /usr/lib/x86_64-linux-gnu/libcuda.so.387.26
7f83e26d0000-7f83e26de000 rw-p 00000000 00:00 0 
7f83e26de000-7f83e26e1000 r-xp 00000000 fc:00 12322944                   /lib/x86_64-linux-gnu/libdl-2.23.so
7f83e26e1000-7f83e28e0000 ---p 00003000 fc:00 12322944                   /lib/x86_64-linux-gnu/libdl-2.23.so
7f83e28e0000-7f83e28e1000 r--p 00002000 fc:00 12322944                   /lib/x86_64-linux-gnu/libdl-2.23.so
7f83e28e1000-7f83e28e2000 rw-p 00003000 fc:00 12322944                   /lib/x86_64-linux-gnu/libdl-2.23.so
7f83e28e2000-7f83e28e9000 r-xp 00000000 fc:00 12322942                   /lib/x86_64-linux-gnu/librt-2.23.so
7f83e28e9000-7f83e2ae8000 ---p 00007000 fc:00 12322942                   /lib/x86_64-linux-gnu/librt-2.23.so
7f83e2ae8000-7f83e2ae9000 r--p 00006000 fc:00 12322942                   /lib/x86_64-linux-gnu/librt-2.23.so
7f83e2ae9000-7f83e2aea000 rw-p 00007000 fc:00 12322942                   /lib/x86_64-linux-gnu/librt-2.23.so
7f83e2aea000-7f83e2caa000 r-xp 00000000 fc:00 12322967                   /lib/x86_64-linux-gnu/libc-2.23.so
7f83e2caa000-7f83e2eaa000 ---p 001c0000 fc:00 12322967                   /lib/x86_64-linux-gnu/libc-2.23.so
7f83e2eaa000-7f83e2eae000 r--p 001c0000 fc:00 12322967                   /lib/x86_64-linux-gnu/libc-2.23.so
7f83e2eae000-7f83e2eb0000 rw-p 001c4000 fc:00 12322967                   /lib/x86_64-linux-gnu/libc-2.23.so
7f83e2eb0000-7f83e2eb4000 rw-p 00000000 00:00 0 
7f83e2eb4000-7f83e2ecc000 r-xp 00000000 fc:00 12322947                   /lib/x86_64-linux-gnu/libpthread-2.23.so
7f83e2ecc000-7f83e30cb000 ---p 00018000 fc:00 12322947                   /lib/x86_64-linux-gnu/libpthread-2.23.so
7f83e30cb000-7f83e30cc000 r--p 00017000 fc:00 12322947                   /lib/x86_64-linux-gnu/libpthread-2.23.so
7f83e30cc000-7f83e30cd000 rw-p 00018000 fc:00 12322947                   /lib/x86_64-linux-gnu/libpthread-2.23.so
7f83e30cd000-7f83e30d1000 rw-p 00000000 00:00 0 
7f83e30d1000-7f83e30e7000 r-xp 00000000 fc:00 12321295                   /lib/x86_64-linux-gnu/libgcc_s.so.1
7f83e30e7000-7f83e32e6000 ---p 00016000 fc:00 12321295                   /lib/x86_64-linux-gnu/libgcc_s.so.1
7f83e32e6000-7f83e32e7000 rw-p 00015000 fc:00 12321295                   /lib/x86_64-linux-gnu/libgcc_s.so.1
7f83e32e7000-7f83e33ef000 r-xp 00000000 fc:00 12322975                   /lib/x86_64-linux-gnu/libm-2.23.so
7f83e33ef000-7f83e35ee000 ---p 00108000 fc:00 12322975                   /lib/x86_64-linux-gnu/libm-2.23.so
7f83e35ee000-7f83e35ef000 r--p 00107000 fc:00 12322975                   /lib/x86_64-linux-gnu/libm-2.23.so
7f83e35ef000-7f83e35f0000 rw-p 00108000 fc:00 12322975                   /lib/x86_64-linux-gnu/libm-2.23.so
7f83e35f0000-7f83e3762000 r-xp 00000000 fc:00 5246691                    /usr/lib/x86_64-linux-gnu/libstdc++.so.6.0.21
7f83e3762000-7f83e3962000 ---p 00172000 fc:00 5246691                    /usr/lib/x86_64-linux-gnu/libstdc++.so.6.0.21
7f83e3962000-7f83e396c000 r--p 00172000 fc:00 5246691                    /usr/lib/x86_64-linux-gnu/libstdc++.so.6.0.21
7f83e396c000-7f83e396e000 rw-p 0017c000 fc:00 5246691                    /usr/lib/x86_64-linux-gnu/libstdc++.so.6.0.21
7f83e396e000-7f83e3972000 rw-p 00000000 00:00 0 
7f83e3972000-7f83e39b6000 r-xp 00000000 fc:00 5259371                    /usr/lib/x86_64-linux-gnu/libc++abi.so.1.0
7f83e39b6000-7f83e3bb6000 ---p 00044000 fc:00 5259371                    /usr/lib/x86_64-linux-gnu/libc++abi.so.1.0
7f83e3bb6000-7f83e3bb8000 r--p 00044000 fc:00 5259371                    /usr/lib/x86_64-linux-gnu/libc++abi.so.1.0
7f83e3bb8000-7f83e3bb9000 rw-p 00046000 fc:00 5259371                    /usr/lib/x86_64-linux-gnu/libc++abi.so.1.0
7f83e3bb9000-7f83e3c95000 r-xp 00000000 fc:00 5245453                    /usr/lib/x86_64-linux-gnu/libc++.so.1.0
7f83e3c95000-7f83e3e95000 ---p 000dc000 fc:00 5245453                    /usr/lib/x86_64-linux-gnu/libc++.so.1.0
7f83e3e95000-7f83e3e9b000 r--p 000dc000 fc:00 5245453                    /usr/lib/x86_64-linux-gnu/libc++.so.1.0
7f83e3e9b000-7f83e3e9d000 rw-p 000e2000 fc:00 5245453                    /usr/lib/x86_64-linux-gnu/libc++.so.1.0
7f83e3e9d000-7f83e3ea0000 rw-p 00000000 00:00 0 
7f83e3ea0000-7f83e3f0a000 r-xp 00000000 fc:00 5638757                    /usr/local/cuda-9.1/lib64/libcudart.so.9.1.85
7f83e3f0a000-7f83e4109000 ---p 0006a000 fc:00 5638757                    /usr/local/cuda-9.1/lib64/libcudart.so.9.1.85
7f83e4109000-7f83e410d000 rw-p 00069000 fc:00 5638757                    /usr/local/cuda-9.1/lib64/libcudart.so.9.1.85
7f83e410d000-7f83e410e000 rw-p 00000000 00:00 0 
7f83e410e000-7f83e745f000 r-xp 00000000 fc:00 5638804                    /usr/local/cuda-9.1/lib64/libcublas.so.9.1.85
7f83e745f000-7f83e765f000 ---p 03351000 fc:00 5638804                    /usr/local/cuda-9.1/lib64/libcublas.so.9.1.85
7f83e765f000-7f83e7696000 rw-p 03351000 fc:00 5638804                    /usr/local/cuda-9.1/lib64/libcublas.so.9.1.85
7f83e7696000-7f83e76a5000 rw-p 00000000 00:00 0 
7f83e76a5000-7f83e76cb000 r-xp 00000000 fc:00 12322945                   /lib/x86_64-linux-gnu/ld-2.23.so
7f83e7884000-7f83e7894000 -w-s 00000000 00:06 541                        /dev/nvidia2
7f83e78a3000-7f83e78a4000 rw-p 00000000 00:00 0 
7f83e78a4000-7f83e78a5000 rw-s 00000000 00:06 535                        /dev/nvidiactl
7f83e78a5000-7f83e78a6000 rw-s 00000000 00:06 535                        /dev/nvidiactl
7f83e78a6000-7f83e78a7000 rw-s 00000000 00:06 535                        /dev/nvidiactl
7f83e78a7000-7f83e78a8000 rw-s 00000000 00:06 535                        /dev/nvidiactl
7f83e78a8000-7f83e78a9000 rw-s 00000000 00:06 535                        /dev/nvidiactl
7f83e78a9000-7f83e78aa000 rw-s 00000000 00:06 535                        /dev/nvidiactl
7f83e78aa000-7f83e78ab000 rw-s 00000000 00:06 535                        /dev/nvidiactl
7f83e78ab000-7f83e78ac000 rw-s 00000000 00:06 535                        /dev/nvidiactl
7f83e78ac000-7f83e78ad000 rw-s 00000000 00:06 535                        /dev/nvidiactl
7f83e78ad000-7f83e78ae000 rw-s 00000000 00:06 535                        /dev/nvidiactl
7f83e78ae000-7f83e78af000 rw-s 00000000 00:06 535                        /dev/nvidiactl
7f83e78af000-7f83e78b0000 rw-s 00000000 00:06 535                        /dev/nvidiactl
7f83e78b0000-7f83e78b1000 rw-s 00000000 00:06 535                        /dev/nvidiactl
7f83e78b1000-7f83e78b2000 rw-s 00000000 00:06 535                        /dev/nvidiactl
7f83e78b2000-7f83e78b3000 rw-s 00000000 00:06 535                        /dev/nvidiactl
7f83e78b3000-7f83e78b4000 rw-s 00000000 00:06 535                        /dev/nvidiactl
7f83e78b4000-7f83e78bc000 rw-p 00000000 00:00 0 
7f83e78bc000-7f83e78bd000 rw-s 00000000 00:06 535                        /dev/nvidiactl
7f83e78bd000-7f83e78be000 rw-s 00000000 00:06 535                        /dev/nvidiactl
7f83e78be000-7f83e78bf000 rw-s 00000000 00:06 535                        /dev/nvidiactl
7f83e78bf000-7f83e78c0000 rw-s 00000000 00:06 535                        /dev/nvidiactl
7f83e78c0000-7f83e78c1000 rw-s 00000000 00:06 535                        /dev/nvidiactl
7f83e78c1000-7f83e78c2000 rw-s 00000000 00:06 535                        /dev/nvidiactl
7f83e78c2000-7f83e78c3000 rw-s 00000000 00:06 535                        /dev/nvidiactl
7f83e78c3000-7f83e78c4000 rw-s 00000000 00:06 535                        /dev/nvidiactl
7f83e78c4000-7f83e78c5000 rw-s 00000000 00:06 535                        /dev/nvidiactl
7f83e78c5000-7f83e78c6000 rw-s 00000000 00:06 535                        /dev/nvidiactl
7f83e78c6000-7f83e78c7000 r--s 00000000 00:06 541                        /dev/nvidia2
7f83e78c7000-7f83e78c8000 rw-s 00000000 00:06 535                        /dev/nvidiactl
7f83e78c8000-7f83e78c9000 rw-s 00000000 00:06 535                        /dev/nvidiactl
7f83e78c9000-7f83e78ca000 rw-p 00000000 00:00 0 
7f83e78ca000-7f83e78cb000 r--p 00025000 fc:00 12322945                   /lib/x86_64-linux-gnu/ld-2.23.so
7f83e78cb000-7f83e78cc000 rw-p 00026000 fc:00 12322945                   /lib/x86_64-linux-gnu/ld-2.23.so
7f83e78cc000-7f83e78cd000 rw-p 00000000 00:00 0 
7ffeb1fe4000-7ffeb2005000 rw-p 00000000 00:00 0                          [stack]
7ffeb2156000-7ffeb2159000 r--p 00000000 00:00 0                          [vvar]
7ffeb2159000-7ffeb215b000 r-xp 00000000 00:00 0                          [vdso]
ffffffffff600000-ffffffffff601000 r-xp 00000000 00:00 0                  [vsyscall]
Merit: /var/spool/slurmd/job04980/slurm_script: line 16:  1965 Aborted                 (core dumped) ./direct_cuda_pattern

real	0m0.729s
user	0m0.028s
sys	0m0.540s
