clang++ -std=c++14 -stdlib=libc++ -O3 -ferror-limit=2 -Weverything -Wno-c++98-compat -Wno-c++98-compat-pedantic -Wno-sign-conversion -Wno-exit-time-destructors -Wno-float-equal -Wno-global-constructors -Wno-missing-declarations -Wno-unused-parameter -Wno-padded -Wno-shadow -Wno-weak-vtables -Wno-missing-prototypes -Wno-unused-variable -ferror-limit=1 -Wno-deprecated -Wno-conversion -Wno-double-promotion -c src/direct_cuda_pattern.cc -o ./obj/direct_cuda_pattern.o -Iinclude -I/usr/local/cuda/include -I/usr/local/include -I/usr/include/c++/v1
nvcc src/cuda_pattern.cu -o ./obj/_cuda_pattern.o -Iinclude -I/usr/local/cuda/include -I/usr/local/include -I/usr/include/c++/v1 -m64 -dc -gencode arch=compute_70,code=sm_70 --relocatable-device-code true  -Xptxas -v
ptxas info    : 9754 bytes gmem
ptxas info    : Compiling entry function '_Z5ZaxpymddP7double2S0_' for 'sm_70'
ptxas info    : Function properties for _Z5ZaxpymddP7double2S0_
    0 bytes stack frame, 0 bytes spill stores, 0 bytes spill loads
ptxas info    : Used 30 registers, 392 bytes cmem[0]
ptxas info    : Function properties for cudaGetDevice
    0 bytes stack frame, 0 bytes spill stores, 0 bytes spill loads
ptxas info    : Compiling entry function '_Z5DasummP7double2Pd' for 'sm_70'
ptxas info    : Function properties for _Z5DasummP7double2Pd
    0 bytes stack frame, 0 bytes spill stores, 0 bytes spill loads
ptxas info    : Used 26 registers, 1024 bytes smem, 376 bytes cmem[0]
ptxas info    : Compiling entry function '_Z8sum_diagP7double2mdd' for 'sm_70'
ptxas info    : Function properties for _Z8sum_diagP7double2mdd
    0 bytes stack frame, 0 bytes spill stores, 0 bytes spill loads
ptxas info    : Used 10 registers, 384 bytes cmem[0]
ptxas info    : Compiling entry function '_Z5ZgemmP7double2S0_S0_md' for 'sm_70'
ptxas info    : Function properties for _Z5ZgemmP7double2S0_S0_md
    0 bytes stack frame, 0 bytes spill stores, 0 bytes spill loads
ptxas info    : Used 40 registers, 8704 bytes smem, 392 bytes cmem[0]
ptxas info    : Function properties for cudaFuncGetAttributes
    0 bytes stack frame, 0 bytes spill stores, 0 bytes spill loads
ptxas info    : Function properties for cudaOccupancyMaxActiveBlocksPerMultiprocessorWithFlags
    0 bytes stack frame, 0 bytes spill stores, 0 bytes spill loads
ptxas info    : Compiling entry function '_Z22extract_intensity_diffP7double2PdS1_mm' for 'sm_70'
ptxas info    : Function properties for _Z22extract_intensity_diffP7double2PdS1_mm
    0 bytes stack frame, 0 bytes spill stores, 0 bytes spill loads
ptxas info    : Used 24 registers, 392 bytes cmem[0], 8 bytes cmem[2]
ptxas info    : Compiling entry function '_Z9compose_aPdPmS_dP7double2m' for 'sm_70'
ptxas info    : Function properties for _Z9compose_aPdPmS_dP7double2m
    0 bytes stack frame, 0 bytes spill stores, 0 bytes spill loads
ptxas info    : Used 30 registers, 400 bytes cmem[0]
ptxas info    : Function properties for cudaOccupancyMaxActiveBlocksPerMultiprocessor
    0 bytes stack frame, 0 bytes spill stores, 0 bytes spill loads
ptxas info    : Compiling entry function '_Z5ZscalmdP7double2' for 'sm_70'
ptxas info    : Function properties for _Z5ZscalmdP7double2
    0 bytes stack frame, 0 bytes spill stores, 0 bytes spill loads
ptxas info    : Used 27 registers, 376 bytes cmem[0]
ptxas info    : Function properties for cudaMalloc
    0 bytes stack frame, 0 bytes spill stores, 0 bytes spill loads
ptxas info    : Compiling entry function '_Z38make_individual_pattern_intensity_diffPdS_PmS_dS0_S_S_mP7double2mm' for 'sm_70'
ptxas info    : Function properties for _Z38make_individual_pattern_intensity_diffPdS_PmS_dS0_S_S_mP7double2mm
    24 bytes stack frame, 0 bytes spill stores, 0 bytes spill loads
ptxas info    : Used 72 registers, 448 bytes cmem[0], 104 bytes cmem[2]
ptxas info    : Compiling entry function '_Z5ZcopymP7double2S0_' for 'sm_70'
ptxas info    : Function properties for _Z5ZcopymP7double2S0_
    0 bytes stack frame, 0 bytes spill stores, 0 bytes spill loads
ptxas info    : Used 28 registers, 376 bytes cmem[0]
ptxas info    : Function properties for cudaDeviceGetAttribute
    0 bytes stack frame, 0 bytes spill stores, 0 bytes spill loads
ptxas info    : Compiling entry function '_Z6Dznrm2mP7double2Pd' for 'sm_70'
ptxas info    : Function properties for _Z6Dznrm2mP7double2Pd
    0 bytes stack frame, 0 bytes spill stores, 0 bytes spill loads
ptxas info    : Used 28 registers, 1024 bytes smem, 376 bytes cmem[0]
ptxas info    : Compiling entry function '_Z34extract_intensity_diff_with_offsetP7double2PdS1_S1_mmdd' for 'sm_70'
ptxas info    : Function properties for _Z34extract_intensity_diff_with_offsetP7double2PdS1_S1_mmdd
    0 bytes stack frame, 0 bytes spill stores, 0 bytes spill loads
ptxas info    : Used 24 registers, 416 bytes cmem[0], 8 bytes cmem[2]
nvcc -dlink ./obj/_cuda_pattern.o -arch=sm_70 -o ./obj/cuda_pattern.o -m64 -lcudadevrt -L/usr/local/cuda/lib64  -rdc=true -Xptxas -v
clang++ -o ./bin/direct_cuda_pattern ./obj/_cuda_pattern.o ./obj/direct_cuda_pattern.o ./obj/cuda_pattern.o  -lcudadevrt -lcublas -lcudart -m64 -L/usr/local/cuda/lib64  -lc++ -lc++abi -O3 -pthread

solution:
(1.0003201682940954242,-4.9001876465924313383e-05)	
(-0.00026594817640625587713,8.6261340439280342614e-05)	
(-0.00026571303094382491732,8.6305313469998366218e-05)	
(0.055315089944821732582,-1.1043654130218210168e-06)	
(0.055311430701618806427,1.8418270763168575062e-06)	
(0.0011169343040868385912,-3.0913549168948292549e-05)	
(0.00111666430721171577,-3.135414673775330772e-05)	
(0.01663749726682848748,-1.2001862413952706391e-05)	
(0.016632748026363903399,-9.9559648752896621966e-06)	
(0.00061068200655200956424,9.912076730627969825e-05)	
(0.00061087951625481595914,9.8675783215522534157e-05)	
(0.00030850022047552397731,-4.657920043694594673e-05)	
(0.00030963416356056004458,-4.6471377263806792619e-05)	
(0.010637343679042142452,-6.0833631965726337105e-05)	
(0.01064284329904981001,-5.4070119969447152908e-05)	
(-0.0002681164700981884504,-7.0450243795042775903e-06)	
(-0.0002683478907618381485,-7.1960678729705438429e-06)	
(0.00012004893628268338221,-0.00099994323371628557329)	
(0.00011989971873162724508,-0.00099942603884007924671)	
(0.00089659656457289997871,-0.0012488033772299490364)	
(0.00089624383553474991273,-0.0012490651661039174538)	
(0.0037493077011152391165,-0.0019059577816509217299)	
(0.0037508404013987858144,-0.001906801281273952332)	
(-0.00017584742978216674975,-0.0059168134277617799241)	
(-0.0001759904393503979416,-0.0059166995387745432988)	
(0.0041487676493781626072,-0.0031173839001578814399)	
(0.004148479704357562782,-0.0031182247027339332797)	
(0.00084912018326678735409,-5.9502935923019166595e-05)	
(0.042813850036099339313,-7.9446001682075720969e-06)	
(0.00011169400299773678872,-0.00050735922430150182973)	
(0.036661827832928511883,5.3182583864805548247e-06)	
(0.017456709004117443307,-1.997011406997065288e-05)	
(0.010679394910054552589,2.1855665464604313007e-06)	
(0.0055866533363906614382,-4.5945086766825029147e-05)	
(0.00030846367586247956617,-4.654296799737491332e-05)	
(-0.00026840204654759899612,-7.1193362637615195774e-06)	
(0.0055862616139326854228,-4.6233801527534952504e-05)	
(0.003345903639676435417,-0.00021401767446127027499)	
(0.0081657211962522582849,-0.00016638302085927519978)	
(0.0060066547035725779621,-0.00021404687047391353469)	
(0.0046741955926223174508,-0.0016962427326548505657)	
(0.0035872647904314639358,0.0072949824567392785452)	
(0.007143705187933916019,0.0031414149183130622364)	
(0.01001558286540165689,0.0062455712541322257886)	
(0.00084918899653709661868,-5.9476925590277834844e-05)	
(0.042806888665001374683,5.8226792456793959735e-06)	
(0.00011141565893309853148,-0.00050755587763150558384)	
(0.017451940878323045359,-1.5462532558586679078e-05)	
(0.036659311233782715389,1.1178379294211083203e-06)	
(0.0055864217011559278575,-4.6100706734654382768e-05)	
(0.010678790341437247036,3.3132724896925139656e-06)	
(-0.00026809486976204778249,-7.0489357183312734666e-06)	
(0.00030951056524332332121,-4.6450001831801038569e-05)	
(0.003346039333748817516,-0.0002142858318480088094)	
(0.0055863468202553504677,-4.6215082495657471657e-05)	
(0.006005921541977372706,-0.00021424392205380277782)	
(0.0081661263828413030441,-0.0001673524597056083303)	
(0.0046745516416867253368,-0.0016963841082883008519)	
(0.003587628909687229882,0.0072946719517304687078)	
(0.0071434125482446354793,0.0031416233439591017239)	
(0.010015398766254197255,0.0062458053524258394865)	
(0.02152109250982501068,-4.7783193167403154283e-05)	
(-0.00026591420786193742214,8.6125118680579056075e-05)	
(0.0075072280356694894021,-3.2154576381647255337e-05)	
(0.0011169932250672466763,-3.0889217447476401916e-05)	
(-1.1778314244347331744e-05,-0.00032738880688705344641)	
(0.00061061749844537236385,9.9103772816117838588e-05)	
(0.00011991347851549701757,-0.00099921298518966289622)	
(0.017451154565706006316,-1.5275233707032982901e-05)	
(0.0060068057487143158499,-0.00021408485544670079973)	
(-1.2226520723731526937e-05,-0.00032756262957187861707)	
(0.0053299397684554517332,0.001482762669263943409)	
(-0.00034210665055820768058,0.00014435198412812526563)	
(0.0053299341869351415588,0.001482794985092449622)	
(-0.0035325150904352026898,-0.00057573428448372851278)	
(0.0055975225056044738275,0.0057136928801074047396)	
(0.0070451314256152232363,0.0046684236028629207127)	
(0.0075645705463319714776,0.0030423050763888227072)	
(0.021519332738411160733,-4.768369734028671535e-05)	
(0.0075090299895488295603,-3.0631407987974200316e-05)	
(-1.2236494902606688198e-05,-0.00032753751281490558946)	
(0.0011168636578285547067,-3.1325747395482013273e-05)	
(0.00012007539129123899848,-0.00099997856817529056153)	
(0.0006108096501489124891,9.8682950739217023821e-05)	
(0.0060058782945784580654,-0.00021419278047437017567)	
(0.017454651202480377797,-1.661713949967367064e-05)	
(0.0053300980147912326024,0.0014823852337599546618)	
(-1.1772912163057228663e-05,-0.00032735393741022410534)	
(0.0053301327117468381284,0.0014824072445673978395)	
(-0.00034203996575231886395,0.0001443604754464832972)	
(0.00559797801273883254,0.0057139869814735984657)	
(0.0075646747829599498766,0.0030424385849630109294)	
(0.0011168914846096907652,-3.1022256114525653507e-05)	
(0.042812195481901245409,-8.3393399476804174321e-06)	
(0.016632452200251793273,-1.1080174871781127248e-05)	
(-0.00026576277150650896852,8.6167533788084510775e-05)	
(0.00011142110978576590303,-0.00050764986754906968325)	
(-0.00010372700295738544003,0.00054653951170805469256)	
(0.0081663401457089928454,-0.00016694515579202537977)	
(0.0075095495021627730811,-3.0379392148079262736e-05)	
(0.0089595251057884919832,0.00011539315308624948535)	
(-0.003240557805366091771,0.0038405488603768331984)	
(0.0088051497785098225418,0.0089676883371350036428)	
(0.0077954589886560709741,0.0062090143103761315929)	
(0.0080561915892305695913,0.0063638144118437741173)	
(0.0011167818234873287415,-3.1329424310748027222e-05)	
(0.016635285367838391346,-1.2173697091503546419e-05)	
(0.042806740092788529706,5.4482395026110403842e-06)	
(0.00011162908843771441149,-0.0005073269004871247545)	
(-0.00010366207029345533982,0.00054661331530483491404)	
(0.0081658106806200645572,-0.00016625731045312412281)	
(0.0075083168056870996238,-3.3093847073901693488e-05)	
(0.008805093856348355022,0.0089676903488264646247)	
(0.0080563718909669405216,0.0063637116851674646253)	
(0.0077950314233822398657,0.0062090213793170251702)	
(0.0075078193162380910466,-3.1521804621675526597e-05)	
(0.0089589003514719683929,0.00011600578421924443199)	
(-0.00034202384596134166941,0.00014433830080017766642)	
(0.00089640206774192017405,-0.0012489005881184333472)	
(0.016637849603820430849,-1.1334588185899153101e-05)	
(0.0037507656295815579826,-0.0019064376993250759049)	
(0.00011140697761665784395,-0.00050759003651465581155)	
(0.0035873373188406295839,0.0072949997563614464927)	
(-0.00010371674015850248899,0.00054660216347763115365)	
(-0.00054080216318348815589,0.008702848526889263997)	
(0.0068520995434604237487,-0.001506553059812019155)	
(0.0075079174574564193356,-3.2948242544905970424e-05)	
(0.0089594277134383143446,0.00011545835688429004239)	
(-0.00034212185562184239257,0.0001443518643370194927)	
(0.00089657634469102675482,-0.0012487553411736000523)	
(0.0037493816866534016539,-0.0019059203020763437232)	
(0.016634929479486127574,-1.2176699793242083092e-05)	
(0.0035876524962757750173,0.0072946348414018747502)	
(0.0001116139415179670958,-0.00050737552907181881264)	
(-0.00054031629049694387783,0.0087028938853347063281)	
(0.0068519376485458617643,-0.0015065131677165365283)	
(0.0006108646039948479765,9.9244375578785574608e-05)	
(0.036669107578603712949,-1.3921572991447898956e-06)	
(0.017452409888166871971,-1.5335256372162924329e-05)	
(0.0011170007668480801989,-3.1005782457071708838e-05)	
(-1.221555761992308135e-05,-0.00032754243546739825448)	
(-0.00034197940794023406943,0.00014431624174013297579)	
(0.0046743944824427126339,-0.0016964630525848733555)	
(0.021520086126022772849,-4.6698186279454900174e-05)	
(0.0089005671326125319204,0.0035613805136596853734)	
(0.0096990074746272133405,0.0094653556024537205404)	
(0.01021857025305171647,0.010852788167340596606)	
(0.0098004013728511252257,0.01001809754149333466)	
(0.00061083998723493937097,9.8676088092484385943e-05)	
(0.017455632489456744671,-1.7304636864456742385e-05)	
(0.036658269368198714844,2.3541111924731754584e-06)	
(-1.1787970105980768355e-05,-0.0003273454049824295266)	
(0.0011167502205124137885,-3.1315929283727057418e-05)	
(-0.00034207253226428257619,0.00014436131910181061754)	
(0.0046741949590666494532,-0.0016961972820228117705)	
(0.0096989601675874764081,0.0094653790743810979624)	
(0.0089001316487076088252,0.0035609717231581705134)	
(0.0098006503314730306076,0.010018280195424798806)	
(0.00030844041563830431338,-4.6550429886865186643e-05)	
(0.010680403127815086411,2.1452143718762800987e-06)	
(0.0055870046007918533482,-4.6404693244041027951e-05)	
(0.00061080123223167682306,9.9236479326037679329e-05)	
(0.00012003913933945680945,-0.00099971343213989738094)	
(0.0081663776183380377277,-0.00016626192158404262613)	
(0.00089657439726515048874,-0.0012486811382370907944)	
(0.0046741953632887748432,-0.0016961603025686356697)	
(0.005363677666272132806,0.0040244885352641937559)	
(0.00054890649323632043164,0.0045872625586118060542)	
(0.055313923760793318185,-2.5304110755628389875e-06)	
(0.0020504083161393092671,0.0056549530911981097173)	
(0.012128123987686010438,0.012033412449090133411)	
(0.010078366816622970695,0.010526235085462316149)	
(0.0090965262339760162569,0.010015589619301898047)	
(0.0097187031703194880911,0.010065128392732037438)	
(0.00030958579875902764124,-4.6485743618655590728e-05)	
(0.0055864781512023958462,-4.5976910447745767286e-05)	
(0.010678636109584371122,3.3385053933663509269e-06)	
(0.00011992307953158754354,-0.00099945579639021181126)	
(0.00061078303927836663425,9.8643043600534529897e-05)	
(0.0081661500276229443546,-0.0001671527882117682085)	
(0.00089625985977040780774,-0.0012490094042080402293)	
(0.0046745231569782904821,-0.0016963678214767553831)	
(0.0053635935464419444776,0.0040247623853343584763)	
(0.00054893712136733371042,0.0045869348079982082481)	
(0.002050818000114433895,0.005654905497531328637)	
(0.010078325848309255264,0.010526221274132234809)	
(0.012128481677798853486,0.012033211536202048295)	
(0.009718857578043900089,0.010065166974568266756)	
(0.0090964462090293730229,0.010015335268268718213)	
(0.010639113666530530811,-5.7134982638010272879e-05)	
(0.00030837318229483501276,-4.6518466949570214629e-05)	
(-0.00026815032426493086437,-7.0062606980604176917e-06)	
(0.017451176588863130668,-1.440792672004531297e-05)	
(0.0060062296333877858781,-0.00021397875653777516511)	
(0.016632911047749616984,-1.1769788478074722152e-05)	
(0.0037496784114090385594,-0.0019059517069746135295)	
(0.0005489068300867627195,0.0045868385960717780736)	
(0.007309913310478234616,0.0077916364845652666057)	
(0.0073099301625019355924,0.0077916671106924495147)	
(0.0017166643893857225743,0.007113792436150519205)	
(0.0072449126793250970963,0.0086407949031295575026)	
(0.010642483211752226321,-5.476705810970300929e-05)	
(-0.00026833396617985860646,-7.2012954268181365386e-06)	
(0.00030960201316584273247,-4.6440086841720137542e-05)	
(0.0060065773660151009633,-0.0002140508351474379933)	
(0.017455693140675042352,-1.9569146608882706642e-05)	
(0.003750830918325997413,-0.001906696149926429603)	
(0.016633952436328827695,-1.0034158545409257809e-05)	
(0.00054896715872895546651,0.0045872811907238433132)	
(0.0073097831178939006239,0.0077914101932369120643)	
(0.0073097998160342285423,0.0077914407324008198505)	
(0.0072450573075946303817,0.0086407139645340615142)	
(0.0017167610911824047505,0.0071141216416861254024)	
(-0.00026814696518110043861,-7.0219170561264811724e-06)	
(0.005586788053502618652,-4.6669793071786962982e-05)	
(0.0033461238931904871766,-0.00021423524783879203514)	
(-1.2202170186409320085e-05,-0.0003275388146411173612)	
(0.0053301183237064019699,0.001482394122687384283)	
(0.00011139087108136058258,-0.00050767737381235151367)	
(0.0035876901900683570365,0.0072946278770019802942)	
(0.055311608141246450254,-2.6413067827447683885e-08)	
(0.0020508094208405054648,0.0056548962996347965429)	
(-0.00091971540887510921155,0.017464403461410996088)	
(0.0034660914986498754346,0.0096991148588176402667)	
(0.008226897449375386237,0.010232205321075771298)	
(0.0080325052589457594798,0.010915326985165996893)	
(-0.00026840474401395203767,-7.1357387753037941641e-06)	
(0.0033458965688664579589,-0.00021403759093284064892)	
(0.0055864077427697804087,-4.6108536111027573624e-05)	
(0.0053298964071414600685,0.0014827625939624255666)	
(-1.1769706306919359344e-05,-0.00032740080433123425543)	
(0.003587287850083875889,0.0072949510569881434105)	
(0.00011167248722548838639,-0.00050736857440654686141)	
(0.0020504123134718354494,0.0056549797983416428757)	
(0.0034662562681505508337,0.0096991566149385137485)	
(-0.00091931124770675161622,0.01746443774116658576)	
(0.0080326314849641228255,0.010915359368310881272)	
(0.0082270687233492369866,0.010232154559136511646)	
(0.00012001505558530053139,-0.00099976216493378967584)	
(0.008166248846035690373,-0.00016652277764517172927)	
(0.006006205681202367655,-0.00021400782580462997251)	
(-0.00034197600962753397927,0.00014433014981409290293)	
(0.0053301453530987660465,0.001482425080844369282)	
(0.007508487946247662144,-3.1597492947188645469e-05)	
(-0.00010377568325906019883,0.00054653924094180477648)	
(0.021521341436272066472,-4.6823698009955576154e-05)	
(0.010702012370103975575,0.011390774699353801644)	
(0.0067019624665512131378,0.0080588711530041965553)	
(0.011543555418340626512,0.010925771829235004368)	
(0.011314311458162735688,0.011086277342707895333)	
(0.00011988439026931373892,-0.00099925557616279358196)	
(0.0060067495632359427238,-0.00021416768557389287376)	
(0.0081661452872305792527,-0.00016712783351912060084)	
(0.0053299657056540177338,0.0014827832001680567135)	
(-0.00034203715040617265614,0.00014435003140600384053)	
(0.0075079830588902938746,-3.182153649058834928e-05)	
(0.0067020243230358697573,0.0080588659045780497436)	
(0.010702083810377873568,0.011390895933463294348)	
(0.011314301126894507621,0.011086407015149376057)	
(0.00089653383325676060459,-0.0012487639495706458117)	
(0.0046742388497616445611,-0.0016961741763771181514)	
(0.0037496406936939224476,-0.0019060661226122336143)	
(-0.0035325225720117428389,-0.00057573334522487151516)	
(0.0035876506638676400676,0.0072946522621936214087)	
(0.0089591553331581589431,0.00011580589403939181494)	
(0.0084144600633026984948,0.01277352925608213341)	
(0.011495344679469804428,0.01200273435545774238)	
(0.01008015604691610799,0.010216758394813381036)	
(0.0096759645592564263311,0.010212302098998102609)	
(0.00089639680378394959691,-0.0012489763824724412541)	
(0.0037506445421291185333,-0.0019064823414787950354)	
(0.0046744127529144427827,-0.0016965004818670500423)	
(0.0035872973125015620958,0.0072950304718139985516)	
(0.011495359562720380842,0.012002808288573238449)	
(0.0096760261772806440556,0.010212398695016283376)	
(0.01008011207276088804,0.010216766190244797735)	
(0.0055980012175080428455,0.0057140141074516603154)	
(-0.00054025196313273442933,0.0087028801925229330033)	
(0.0078977382304884317932,0.010017216452809568281)	
(0.0055975560555240298777,0.0057136619343497521695)	
(-0.00054080480029766123812,0.0087028518213545305593)	
(0.0078977478345076297661,0.010017235190035179634)	
(0.011506618075362278625,0.011055752069077284111)	
(0.0091619782022248699715,0.0097086181279641345365)	
(0.0027052778829689642925,0.0090002762072179109953)	
(0.012099718953690264539,0.0099274012340543251603)	
(0.010893652253708042618,0.009575591207665221441)	
(0.0058488560272146805294,0.0083240058156925297861)	
(0.008498555456671632452,0.0086078875568403306201)	
(0.011533730456555214491,0.010341040457173976755)	
(0.011488865459735972396,0.010494422499327960702)	
(0.0089010444103644892344,0.010096562610815785002)	
(0.008508476322520566737,0.0098585412204272790393)	
(0.0088639153229357076774,0.011093389175447563103)	
(0.010055426910987191186,0.0098094041667486624875)	
(0.0093173373761660915199,0.010584142142320394561)	
(0.0093174650431900006564,0.010583961553542497666)	
(0.0048720119714147141696,0.0061883016494857336423)	
(0.0092468941759029973232,0.010002136650330660864)	
(0.010691319461675998989,0.0099863056105322645095)	
(0.0110049785148438415,0.0090529095757954647361)	
(0.010377102395168051954,0.011425585287798665363)	
(0.0096506421820991995092,0.01060239203748865669)	
(0.010410345544946995183,0.0095185637438758036871)	
(0.010359306209517219963,0.0095513301582039709936)	
(0.011506611102576056946,0.011055738696218161965)	
(0.0027055860597568551218,0.0089998495044388403946)	
(0.0091618502716676788328,0.00970866042901521141)	
(0.010893702424946718338,0.0095755882141016525344)	
(0.0084985242807645439145,0.0086079092634489314667)	
(0.011488837019015027407,0.010494520323643738782)	
(0.0115338183051930665,0.010340884858092798046)	
(0.0085084714199563302173,0.0098585953044551082047)	
(0.0089011987559731581277,0.010096653308846721339)	
(0.01005541794807677386,0.009809320357124262299)	
(0.0088637255112801061757,0.011093341145864054828)	
(0.0093173287286109681554,0.010584129117621703456)	
(0.0093174559027949903356,0.010583949339640762177)	
(0.0092470432625418024636,0.010002217214444558344)	
(0.0048719340378002001096,0.0061879318683247148958)	
(0.011004974063414227695,0.0090530271432463799847)	
(0.010691267357164977239,0.009986253314884237231)	
(0.0096506981840357823621,0.010602381415240677912)	
(0.010359385368869586386,0.0095512388416776772965)	
(0.010410448787821716815,0.0095184928199072774135)	
(0.010850892652625926393,0.009597099203363674419)	
(0.0083407933196023818778,0.008078169661198059473)	
(0.010735354531971750408,0.0090954312491689521397)	
(0.010734299653981540026,0.0091956680694078966887)	
(0.0096652034805906634346,0.009495942363822746507)	
(0.0095789386585245512445,0.00971508651708852429)	
(0.0095451528215599011629,0.0096191948223299326287)	
(0.010073969314833170277,0.0094512416651627850772)	
(0.0096926596406983270282,0.0099347988193090597253)	
(0.0096661036432389452894,0.0099691917295743927296)	
(0.0091828241135441072973,0.0097215515709863364879)	
(0.010548392990441574427,0.011263176357261910771)	
(0.010057960642154660513,0.010300496700380534082)	
(0.010851758420895278243,0.0095971102788380956844)	
(0.0083412202955899031331,0.0080780977778603258593)	
(0.01073414649664902569,0.0091957260718480114681)	
(0.0095789440397052554033,0.0097151801049022799145)	
(0.0096651276408923330469,0.0094958985973613695836)	
(0.010074061182324999322,0.0094510805271797379556)	
(0.0095459178531718206356,0.0096195249508604779853)	
(0.0096661129611078783208,0.0099691772222694711308)	
(0.0096925597660868275524,0.0099348224668202676085)	
(0.01054837067406995052,0.011263160464683867265)	
(0.010058026256803140677,0.010300469314184395112)	
(0.004148457241236605704,-0.0031183909629751292887)	
(0.0060752370113807260474,0.00035055085770492919834)	
(0.0096062324913416940325,0.010386300464695619877)	
(0.0095181832879865594516,0.010337254338340956528)	
(0.012010370411644344726,0.0045759458879565889991)	
(0.0068520054635366105591,-0.0015065561306516627067)	
(0.0093215395821808627597,0.010220596462350130598)	
(0.0098004130864965417064,0.010018099223087951685)	
(-0.003532580485391866032,-0.00057575960562813392057)	
(0.0060752706161463958592,0.00035057967259654400404)	
(0.00084922252469105770009,-5.9456084191090074944e-05)	
(0.008014456351442125065,0.0095013522475044347171)	
(0.0088374986340343554547,0.0039998561607239085589)	
(-0.0035325822880021150348,-0.00057576203082790192514)	
(0.0087562022770553103734,0.0094039174471946557904)	
(0.0055975604296183024272,0.0057136597731801330377)	
(0.0097187002584642710745,0.010065135037082161354)	
(0.0053563180216628682173,-0.0027653734755831824339)	
(0.0032383227125558351582,0.0098675958148099155581)	
(0.0053636631759283997373,0.0040246678339783889533)	
(0.00054890663284447663035,0.0045869187681709631954)	
(0.0020508715047791400456,0.0056549209128125233967)	
(0.0097035791591438928794,0.010155771858425302265)	
(0.0095181862063046952099,0.010337271436500402103)	
(0.00054894302923943203484,0.0045872406985857433134)	
(0.01212813914647166251,0.012033455223784614296)	
(0.0075646781655271952763,0.0030423454379840007486)	
(0.0020504645691553275745,0.0056550023755305590251)	
(0.0096062259669415506202,0.010386307848311692598)	
(0.0067019381662598029661,0.008058877815840834874)	
(0.010277845222100564365,0.0092407295202554650543)	
(0.0042343010721123440845,0.0022696746051842791626)	
(0.0110253273635553279,0.0061276424248013668106)	
(0.0097035773036758150856,0.010155770534221574691)	
(0.011314329232896528157,0.011086275770632822782)	
(0.01052280222520691165,0.011102314156107991397)	
(0.0027057453756276776853,0.0089999537231835440715)	
(0.0095699971607219429248,0.010161920509956894054)	
(0.0087738127677690330025,0.0060562913191803888213)	
(0.010800590246227148583,0.010394628697964015951)	
(0.0085211712264980782328,0.010493029670516417634)	
(0.0092393574230513874496,0.010335649201652112247)	
(0.010387825792393015623,0.0093211226718411203246)	
(0.0071301589678261778626,0.0090143348408692688944)	
(0.010537203669402566558,0.010269506720846895489)	
(0.0088639342383376572981,0.011093395731041245586)	
(0.0094189178689181307647,0.0093859787594904372371)	
(0.011004985155795178955,0.00905301399907862403)	
(0.012449559814415690068,0.0067896633350156710557)	
(0.0094189201077638506909,0.0093859786998146278042)	
(0.010548372873906856906,0.011263162592595354905)	
(0.010299976241232364563,0.0102953285149337357)	
(0.010056992882700179284,0.0083578926326957486692)	
(0.0073434713916547709675,0.0092072659167360716703)	
(0.009933776027857780383,0.0089067918587662654045)	
(0.010853352413960416431,0.0097102814261834872328)	
(0.010411892507557458584,0.0095940648556857247714)	
(0.0079986059362530895905,0.0079901668330058499973)	
(0.00084917649518642559885,-5.9474258556423680738e-05)	
(0.010485751391889602119,0.0099459843383653077226)	
(0.0098828873269467248236,0.010184662077761138382)	
(0.010190327431701916294,0.0071722385401408270816)	
(0.010271800762107454602,0.00987010186290165209)	
(0.012010365911429454755,0.0045760100242293313619)	
(0.008837509399146584177,0.0039997992475735225093)	
(0.0080144839996315157815,0.0095013600673791737822)	
(0.0055975166152906936923,0.0057136909696364028555)	
(0.0093215408225951427307,0.010220590248324697494)	
(0.0087586163332052813929,0.009463198234591380098)	
(0.0092965474216345697633,0.0096958662165411123313)	
(0.0085211472896894718126,0.010492978630043579835)	
(0.0083412131696050870189,0.0080780518973509220226)	
(0.010734141110904562438,0.0091957227743802751052)	
(0.0073434628992858561047,0.0092072657296290768419)	
(0.0095789445705059001607,0.0097151774450459759541)	
(0.011823286276280957005,0.010878114733359690175)	
(0.010851711410613737452,0.0095971103068898354349)	
(0.0095699961276254404824,0.010161918992868694198)	
(0.010853356254374448356,0.0097102741915357556474)	
(0.011677380646173140394,0.0080874882135889662738)	
(0.010537203225821670585,0.010269507957045412305)	
(0.010411895055647941988,0.0095940656024490946624)	
(0.0098618614642861351233,0.010178478497105266157)	
(0.0087738394682959804094,0.0060562499413676675053)	
(0.0092393321867104832856,0.010335657594125394546)	
(0.010800588122858383044,0.010394629663801885702)	
(0.0085677272952047640875,0.0089919183454363130203)	
(0.010056985198019922564,0.0083578941880479672155)	
(0.0053637174455192521833,0.0040244772483947520783)	
(0.00054889103578675206129,0.004587262394937671045)	
(0.0020504639860631007284,0.0056549706748281851343)	
(0.010277869721488794297,0.0092407277743215728016)	
(0.00054889619261027635874,0.0045868144884899306191)	
(0.010522797601530355441,0.01110231630840755046)	
(0.0020508658392264355469,0.0056549189956516740518)	
(0.010190319377058514386,0.00717224195034049921)	
(0.011631984571380506871,0.010834952828873268757)	
(0.0053563029315573497738,-0.0027653598019083624159)	
(0.0099230716674684749101,0.0099117122432913606217)	
(0.010905574696435044527,0.0099314472551175949494)	
(0.0095649002335775785977,0.0099271590122273489776)	
(0.0096850121946646279547,0.0097968829138611098623)	
(0.0027338722802561369121,0.0096327755604001200768)	
(0.0087562030538073602065,0.0094039340973200626767)	
(0.0097367171954860758792,0.0091254410534650706732)	
(0.010907720801242916722,0.0095978186912992306812)	
(0.0071301485184343755055,0.0090143218707182080907)	
(0.010157143749089481838,0.0097154076527652642736)	
(0.010334248122721658228,0.0096592380667845211678)	
(0.0095662244605806186909,0.010046398242357671912)	
(0.0097904919756688496557,0.0097789918127514849355)	
(0.0091980078228706720067,0.010363679145779507162)	
(0.010387823913723243791,0.0093211253105760609461)	
(0.0097800765117242258878,0.0096198015863276937348)	
(0.0051493172182085385213,0.0067894002706162309355)	
(0.0087150780782267196073,0.0096128905866282657322)	
(0.010485608188691441373,0.0099460421157984684609)	
(0.005356934612939351012,-0.0027649303939043480202)	
(0.0088375810690342546105,0.0039998249087486292125)	
(0.0027341563218718149646,0.0096329498245056668915)	
(0.0097367219835348996215,0.0091254009873682311038)	
(0.0087561050833776469388,0.009403973371092968353)	
(0.010299897239704895388,0.010295325023286039032)	
(0.0071298467430276650167,0.0090142817008107747195)	
(0.0073434818672452398247,0.0092074182160115577989)	
(0.0091978433353366445546,0.010363609445627898487)	
(0.0097800943001050896775,0.0096198059023023980985)	
(0.010387755158660883295,0.0093211449128881122828)	
(0.011631913461124753634,0.010834997045729074031)	
(0.0099230187493678564253,0.0099116105110771679509)	
(0.010905515354171431072,0.009931403110594778233)	
(0.0095648391109164551671,0.0099272510164710985742)	
(0.010277687034130442156,0.0092407548846554984912)	
(0.0096850666329658906262,0.0097968597026047571363)	
(0.0092962841517748740633,0.0096958400016392380649)	
(0.010190238568300691996,0.0071724430987677358779)	
(0.010907439816176926067,0.0095976334338279383623)	
(0.010157091145884339367,0.009715358476735914961)	
(0.010334235022483486202,0.0096592730208304080491)	
(0.0095662521638195802121,0.010046382379998192169)	
(0.010853771748304829464,0.0097102993239949249998)	
(0.0097904228808862892725,0.0097789290415253339595)	
(0.0085676619196969564657,0.0089920249750664246746)	
(0.010056956605644257544,0.0083578908391845722903)	
(0.004149359763288176621,-0.0031180603826286299243)	
(0.0060753565072123056484,0.0003507967275322816051)	
(0.0096057892214307313838,0.010386477103787384799)	
(0.0095178328145212980071,0.01033705169779264299)	
(0.012009892951672446887,0.0045755409789524593631)	
(0.0068518290917722419683,-0.0015065382799995048931)	
(0.0093214229030580929292,0.010220681234102638874)	
(0.0098006625894960387041,0.01001828063781341413)	
(0.0060753537382561249858,0.00035111509297006999889)	
(0.0080142687293456391778,0.0095014517530335323992)	
(0.0088376298008398870842,0.0039998907668059207124)	
(0.0087561062418911213279,0.0094039684472180373048)	
(0.0055979720449533532101,0.0057139859636772148341)	
(0.0097188534666443684995,0.010065177444543183319)	
(0.0053569416327429730806,-0.0027649065633408268124)	
(0.0032399118796746515306,0.0098681323294333139068)	
(0.0097038027945570166227,0.010155679677796796909)	
(0.0095178302700313025669,0.010337050464607122277)	
(0.012128472684270167822,0.012033205394701757332)	
(0.007564821391921185828,0.0030424867844257618213)	
(0.0096057781515649955095,0.010386464026471118466)	
(0.0067019983454648327653,0.0080588546894057398046)	
(0.010277685698945111803,0.0092407820128811331284)	
(0.0042334771173060592106,0.0022698762741127464886)	
(0.011025466086177901012,0.0061276404130131342796)	
(0.0097038018988769795398,0.010155674539383745952)	
(0.011314312618650531825,0.011086412474596161332)	
(0.010522935197283230305,0.011102475468851253498)	
(0.0027054223255374002834,0.0090004325083185669765)	
(0.0095699119689662773963,0.010161978795087787605)	
(0.0087741530065733493171,0.0060568580688865700928)	
(0.010800579354581604785,0.010394596987101637278)	
(0.0085192837656953949999,0.010489537838553945198)	
(0.0092394762707289409404,0.010335696778562653703)	
(0.010387754209387003307,0.0093211419996648593733)	
(0.0071298739941865136097,0.0090143546962357795627)	
(0.010537282316468212992,0.010269444697237331207)	
(0.0088637194875856549492,0.011093351349813596052)	
(0.0094187549834758629158,0.0093858995938105541784)	
(0.011004997818626233511,0.0090528914477490413787)	
(0.012448871522758612682,0.0067911857729634535902)	
(0.0094187587974734112567,0.0093858983574368424346)	
(0.010548394298219123874,0.011263177454115357382)	
(0.01005697146882747646,0.0083578863221296789687)	
(0.0099336684413154040241,0.0089068955569988617071)	
(0.010411640885965585401,0.00959397757335989608)	
(0.0079981750292358426424,0.0079903152308801669856)	
(0.0098828462914945184453,0.010184563463296028921)	
(0.010190230959515864106,0.0071724423676465844102)	
(0.010271532653331560611,0.0098698031897283457908)	
(0.012009944208030216145,0.0045756119793397770704)	
(0.0080142827446594601393,0.0095014538316253987354)	
(0.0055980087408797575207,0.0057140102636448015724)	
(0.0093214244926853196543,0.010220677578794213139)	
(0.0087586014845142824009,0.0094631022327158250546)	
(0.0085192809060599533622,0.010489428407952573058)	
(0.0083407766599651426975,0.0080781327139921380032)	
(0.010734297762466545045,0.0091956588799215772251)	
(0.0073434569267722387548,0.009207430763723640707)	
(0.0095789319170775100165,0.0097151008472172034613)	
(0.011823172605248587208,0.010878605813970196325)	
(0.010850884822106190292,0.0095971247798829102671)	
(0.0095699094915188288174,0.010161975784803631978)	
(0.010853767624492282814,0.0097102895137963062683)	
(0.011677478133290621412,0.0080875742005434500537)	
(0.01053728176946248582,0.01026944591261669433)	
(0.010411645921181924765,0.0095939717621050610991)	
(0.0098618683650083423242,0.010178498845706573581)	
(0.0087741646693650730132,0.0060568098048774665632)	
(0.0092394409048027533599,0.010335707330233525822)	
(0.01080058038288690854,0.010394595505811623018)	
(0.010522929331674037504,0.011102477381059053588)	
(0.011025323038257676608,0.0061276280377370231228)	
(0.0098828891952130078213,0.010184662314972864339)	
(0.010485753402000931242,0.0099459880313125786228)	
(0.0092965476659097011358,0.0096958592273244659232)	
(0.008758622294694059715,0.0094631945213702588909)	
(0.011677355588802215691,0.0080874766313044389732)	
(0.0098618605742153593596,0.010178479732088505094)	
(0.0085677281677950661853,0.0089919124638651454218)	
(0.010299975809611007851,0.010295331279556372422)	
(0.0099337823454867541645,0.0089067862528835785307)	
(0.011025430978613236579,0.0061275473807032108248)	
(0.0098828453550407688311,0.010184563761928415102)	
(0.010485604855736446045,0.0099460430986361304112)	
(0.009296275632995655569,0.0096958297747129773558)	
(0.0087586011864380138719,0.0094630896608995148517)	
(0.011677466690029216986,0.0080875571289365875277)	
(0.0098618667365601084263,0.010178501345566975597)	
(0.0085676596998550316048,0.0089920209104226902358)	
(0.010299898334620274237,0.010295329263739867384)	
(0.0099336743934012212975,0.0089068916368585174248)	
(0.0027338682222506987228,0.0096327850301661677862)	
(0.010015686911357769839,0.0062455687940672936428)	
(0.011495323164721559309,0.012002742243418674378)	
(-0.00017616462864747449261,-0.0059168364350627392773)	
(-0.00091971203935771179798,0.017464404820043442218)	
(0.0097367204673996857189,0.0091254390857700377199)	
(0.009675958000782873894,0.010212296589278087311)	
(0.0089005726284743652554,0.0035614404696328407808)	
(0.0090965275688523732772,0.010015596990025512833)	
(0.0017166780785619032042,0.0071138124541277126048)	
(0.0082269006805890804168,0.010232205568059914505)	
(0.0091980036101799566434,0.010363672552836959359)	
(0.010893734094490566816,0.0095755901211382905142)	
(0.0096507046089664271643,0.010602384158143220161)	
(0.011506683013430970067,0.011055739843432979899)	
(0.0048720402286234120934,0.0061883171315572915727)	
(0.009780076918546154463,0.0096197992450942227532)	
(0.010359382683639261832,0.0095512455622692501306)	
(0.0089010398067678186962,0.010096558284247018553)	
(0.0096652043657895064799,0.009495938199214523992)	
(0.0095451618213757260384,0.0096191678703689015989)	
(0.0096926587187123793704,0.0099348007101247269579)	
(0.01015714477191289114,0.0097154061842193734783)	
(0.0096661130833722921918,0.0099691779725696750419)	
(0.0095662247229184559083,0.010046398056119796097)	
(0.0097904917482623168151,0.0097789908266470333686)	
(0.009923071993790583134,0.0099117148307083687009)	
(0.0080325116227560403037,0.010915324507926170428)	
(0.0095649018025696086465,0.0099271609184922934843)	
(0.0096850150713166036076,0.0097968848832258644682)	
(0.0027341611284637688459,0.0096329591358765443571)	
(0.01001545309224715144,0.0062457742663181037984)	
(0.011495347222877556198,0.012002819029813521085)	
(-0.00017619712450073495122,-0.005917201911929874901)	
(-0.00091929194662362261926,0.017464444950747483321)	
(0.0097367318942996727155,0.0091253950161367808347)	
(0.0096760088655706184835,0.01021239403038321468)	
(0.0089001006763747506773,0.0035610962271594008045)	
(0.0090964478336162512412,0.010015342793428846924)	
(0.0017167501318659944293,0.0071141267098847257855)	
(0.0082270738472820618969,0.010232155880710126078)	
(0.0091978461374302121489,0.010363591502274409686)	
(0.010893678081300079905,0.0095755938942508264655)	
(0.0096506509854425524125,0.010602393546287357251)	
(0.011506673771589027294,0.011055734969462681361)	
(0.0048719706542585897863,0.0061879513618176614637)	
(0.0097800961385245740315,0.0096198039491749518654)	
(0.010359310290719729586,0.0095513440800964084787)	
(0.0089012021736048288489,0.010096635582436255113)	
(0.0096651187680157381321,0.0094959078114614774851)	
(0.0095459547340842748619,0.0096195077747936695578)	
(0.0096925588591611020611,0.009934826987359375583)	
(0.010157091865805597392,0.0097153592136222741843)	
(0.009666103696569833606,0.0099691963697368310426)	
(0.0095662530846120259753,0.010046383192615934363)	
(0.0097904206674318157433,0.0097789260376841425498)	
(0.0099230169557898619676,0.0099116140204636594274)	
(0.0080326335091409385714,0.010915361491142954592)	
(0.0095648412085560276241,0.0099272521479356612417)	
(0.0096850709849101105503,0.0097968635661222942812)	
(0.0077950599917132679453,0.0062090670131328667275)	
(0.0034660999794334837985,0.0096991231746677737668)	
(0.0051492918338665429404,0.0067894097600964290959)	
(0.011533739281745081576,0.01034103893547942514)	
(0.0092470422778252354956,0.010002213878691339558)	
(0.0087150774314526356645,0.0096128878521006908692)	
(0.010074061162323214372,0.0094510719154779036788)	
(0.0072448703527331721405,0.0086408027834731903488)	
(0.0077954427746658406725,0.0062090390905233643765)	
(0.0034662607471290245338,0.0096991690703875747814)	
(0.0051492914870337079189,0.006789414852679270633)	
(0.011533831556198203411,0.010340895868012929884)	
(0.0092468921621057971472,0.010002132880173295743)	
(0.0087150783071085462933,0.0096128880649735213432)	
(0.010073978976317524148,0.0094512250684146772994)	
(0.0072449804766914196671,0.0086406735307749723413)	
(-0.00017602160102551543588,-0.005916952139073834542)	
(0.0041487831314891950377,-0.0031176036857138425193)	
(0.0071437132020103029026,0.0031414912478098275077)	
(0.0071434135196723888214,0.0031416979753666929472)	
(0.0100155008340078195,0.0062458051660327171956)	
(0.0070453598793691349714,0.0046683969813548871139)	
(-0.0032406237037308606788,0.0038405228715725188773)	
(0.0088051552231080566085,0.0089676924617784637556)	
(0.0077954846497579836223,0.0062090578176964396698)	
(0.0080562191538496533832,0.0063638590420743443646)	
(0.0084144113986985100834,0.012773512407841476624)	
(0.010080153650786899747,0.010216747083085215772)	
(0.011506689889642009866,0.011055752726824465484)	
(0.0091619773063283636849,0.0097086266567400041072)	
(0.0027054070768567557194,0.0090003715469308409602)	
(0.012099769629862575093,0.0099273918369277205226)	
(0.0058488626435811907553,0.0083239715337261235145)	
(0.010377115384345096671,0.011425597713204791242)	
(0.010893684941090633206,0.0095755953651096275409)	
(0.0084985577073762134936,0.0086078863348369900887)	
(0.0096506487201154112637,0.010602394883967160982)	
(0.010691320375619086866,0.0099863061406756867266)	
(0.010410344063146675583,0.0095185659822751029352)	
(0.011488873913427096254,0.010494430430362199774)	
(0.0085084780623216234308,0.0098585462564593859952)	
(0.011004988753340506566,0.0090528985661971171639)	
(0.010359304185115998653,0.009551337349992241807)	
(0.009317339698335719983,0.010584134077388942727)	
(0.010055424430342244785,0.0098094081011153490962)	
(0.0093174723688153274909,0.010583954506028867698)	
(0.0092468935734937134086,0.010002133308754629359)	
(0.0075647830783970009677,0.0030424886325120764456)	
(0.0088050990033842826965,0.0089676946204105770916)	
(0.0080563958570023484762,0.0063637545161392529772)	
(0.011495339401411364469,0.01200281664446728111)	
(0.0096760193441325810515,0.010212392958051897188)	
(0.01008010940513425803,0.010216754718457515469)	
(0.0091618515016667120138,0.009708670501831958774)	
(0.0084985262375905940707,0.008607907886961575078)	
(0.011488846591459652563,0.010494518623849665925)	
(0.0085084731222675649004,0.0098585996942815532634)	
(0.011533826192099616223,0.010340892735827429336)	
(0.0089011937184728558148,0.010096651012550285353)	
(0.010691268049380017735,0.0099862545834220484836)	
(0.010410446633265476798,0.0095184956529244871271)	
(0.010055414559596275934,0.0098093252252514674672)	
(0.0093173307521405134696,0.010584121080180679958)	
(0.0088637387019361562474,0.01109334660727243245)	
(0.0093174642160782118749,0.010583942306885165546)	
(0.0048719649744286500775,0.0061879444833111427529)	
(0.0096990094879423772306,0.0094653577975530693578)	
(0.010218578717967640931,0.010852789799384266953)	
(0.010702003718568947263,0.011390771255671228168)	
(0.011543558338837354646,0.010925767342057923076)	
(0.0078977355829475386767,0.010017205500100781479)	
(0.010850852527485282256,0.0095971053968813679197)	
(0.010735344910384293088,0.0090954223856544464538)	
(0.0091828217933414019863,0.0097215561170675892505)	
(0.0083407822138186187705,0.0080781185592044384147)	
(0.010734294023021475478,0.0091956640215764273716)	
(0.010548394557791305332,0.011263177687424659815)	
(0.010057964099801090102,0.010300499937666149006)	
(0.0095789385313856736937,0.0097150857675887981185)	
(0.010073960827408154003,0.0094512433954889642912)	
(0.0096661031892336050225,0.0099691931970138907698)	
(0.0068518460947313737652,-0.0015065242954928159506)	
(0.009698962113583358205,0.0094653816012278593067)	
(0.0089001284510418568474,0.0035610380525172109431)	
(0.0098006610291276521213,0.010018281605281157201)	
(0.0067020048387569051973,0.0080588683749688166946)	
(0.010702075053157672838,0.011390892103926160764)	
(0.011314318699239298699,0.011086406798043421315)	
(0.0078977446575754835928,0.01001722336888946456)	
(0.010058029098091902237,0.01030047227937780363)	
(0.0096651268003218621799,0.0094958964273338299783)	
(0.009545917726475956766,0.0096195193599882457963)	
(0.00969255883003468377,0.0099348252703378176626)	
(0.01007836402744240363,0.010526237360528442957)	
(0.0073099443585269291424,0.0077916527089088661109)	
(0.0073099613202897558914,0.0077916830565843810466)	
(0.010078322995833065984,0.010526223639827385001)	
(0.012128494021681606244,0.012033249516117958469)	
(0.0097188533637734900172,0.010065173707941067055)	
(0.009096447206760579704,0.010015341968265825678)	
(0.0073098110821050200914,0.0077914288070791565266)	
(0.0073098278970673991745,0.0077914591613512376375)	
(0.0072450053538564629027,0.0086407158405522599409)	
(0.0017167684581566224761,0.007114146549613615915)	
(0.0034662625248173838978,0.0096991648388833114763)	
(-0.00091930459693041689968,0.01746444338867399193)	
(0.0080326372228353391802,0.010915357204745863157)	
(0.0082270728976535992261,0.010232155261221818204)	
(-0.00017634909903388874385,-0.0059170839816917305751)	
(0.0041488115252715975639,-0.0031187119298844451915)	
(0.0071434557634926718062,0.003141624125416206479)	
(0.007143785856094235151,0.0031414042946912644309)	
(0.010015632358905785307,0.0062455310225975092797)	
(0.0070452616336185037299,0.0046683229240815629288)	
(-0.0032406514238768205707,0.0038404177169892384294)	
(0.0088050983981286124608,0.008967700169409347985)	
(0.0077950226888791997529,0.0062090647425966597611)	
(0.0080563529822124581997,0.0063637401719426221411)	
(0.01150666773763451417,0.011055723105829926359)	
(0.0091618543287383721191,0.0097086718483626911758)	
(0.0027058071346868603664,0.0089999859151396136708)	
(0.012099756262244390839,0.0099273875750770512738)	
(0.0058488622270501319789,0.0083240104940915174425)	
(0.010377118549185564492,0.01142559574794423799)	
(0.010893718467388336518,0.0095755790090086660704)	
(0.0084985245990381198117,0.0086079063728702366609)	
(0.0096507034377886855708,0.010602382790974335114)	
(0.0106912671954350353,0.0099862577567154386937)	
(0.010410448515436524289,0.0095184987625049708587)	
(0.01148885945409305713,0.010494481989553321177)	
(0.0085084704621419971621,0.0098585986216966851187)	
(0.0110049855742477172,0.0090529988613474790538)	
(0.010359379842804493019,0.0095512470367021332085)	
(0.0093174581744448880388,0.010583941552909354941)	
(0.010055417820382217542,0.0098093225099581925208)	
(0.0093173089453365016271,0.010584137959771684409)	
(0.009247044314264022194,0.010002216941427704427)	
(0.0084144095709903325708,0.012773503495765534815)	
(0.010080104369340411874,0.010216755281801897029)	
(0.0075646842414646151345,0.0030423173951616535107)	
(0.008805154414080917924,0.0089676949786960270111)	
(0.0080561878810692551245,0.0063638564344639398512)	
(0.0091619942367309799985,0.0097086417150105668722)	
(0.0084985598012997341788,0.0086078857166706681386)	
(0.011488878963915975795,0.010494437256290036625)	
(0.0085084738418686172573,0.0098585493026450508186)	
(0.011533752238772844792,0.010341006877233462763)	
(0.0089010516368695988265,0.010096563196084311353)	
(0.010691319276191831034,0.0099863065399211168455)	
(0.010410345763732889099,0.0095185704226099874387)	
(0.01005543148811207689,0.0098093992244503123989)	
(0.0093174655471330511403,0.010583954097688632809)	
(0.008863936290996672282,0.011093394207176546229)	
(0.0093173175131606167376,0.010584151319333892638)	
(0.0048720357774917153609,0.0061883114991275215908)	
(0.011495326528491448675,0.012002748847469078136)	
(0.009675950536293401183,0.010212298620365128921)	
(0.010080148447379545448,0.010216749741585286898)	
(0.0096989664602032208546,0.0094653824100653857765)	
(0.010218578711008338006,0.010852792087496730342)	
(0.010702077743331128365,0.011390895150874578295)	
(0.011543558076019455258,0.010925772116556887667)	
(0.010851708104984777656,0.0095971143843075271129)	
(0.010735347680522351263,0.0090954152978724427808)	
(0.0091828205863535052045,0.0097215526192387553828)	
(0.0083412004065808800779,0.0080780897514573998808)	
(0.010734144447912052217,0.0091957198206467534451)	
(0.010548375374028017351,0.011263164519737276642)	
(0.010058032190329862718,0.010300470733275328417)	
(0.0095789395520666509309,0.0097151841819352238033)	
(0.010074097516043744802,0.0094510398124961966793)	
(0.0096661134920888406447,0.0099691777755951793)	
(0.0078977400835770570492,0.010017214147921338352)	
(0.0068519504058540412275,-0.0015065212355517786352)	
(0.0096990121109484205009,0.00946536025580617911)	
(0.0089005760766964116953,0.0035614828098818754679)	
(0.00980041798436805979,0.010018099838857263961)	
(0.0067019478074628472189,0.0080588856176437781431)	
(0.010702005342741164121,0.011390773449484286467)	
(0.011314332048060401006,0.011086274449985587115)	
(0.010057965203073468072,0.010300499320823166063)	
(0.0096651994288097110158,0.0094959418600248368669)	
(0.0095451974125341978311,0.0096191648571149739738)	
(0.0096926588240545882846,0.009934799430853801655)	
(0.0078977339813479999209,0.010017200636556807675)	
(0.010078324102767616949,0.01052622608227156073)	
(0.0073097897907915786175,0.0077914605733530881496)	
(0.0073097731494044561329,0.0077914307963324333853)	
(0.010078364845116304441,0.010526239288179270112)	
(0.012128129788089546393,0.012033412833898794042)	
(0.0097187091372858969152,0.01006513842940296756)	
(0.0090965330791471510352,0.010015598190075050006)	
(0.0073099190816622323236,0.0077916855218182930198)	
(0.0073099022724668885273,0.0077916557401446128947)	
(0.0072448572717736109405,0.0086407672011155570863)	
(0.0017166611802668884073,0.0071137831836272725008)	
(0.0034661032698040353424,0.0096991215163720057024)	
(-0.00091969734773971552246,0.017464409319645973068)	
(0.0080325078641304489824,0.010915326245274466904)	
(0.0082268974698186704553,0.010232207507502255606)	
(0.0027341541952590558105,0.0096329589139861216546)	
(0.0053569375722489634764,-0.002764932494448997264)	
(0.0097367267782844622859,0.0091253984235162965283)	
(0.0087561049521633974035,0.0094039584698324182183)	
(0.0091978396235452529461,0.010363600975973436338)	
(0.0071298644349823345201,0.0090143001371011579476)	
(0.0097800948516915918451,0.0096198033643392875935)	
(0.010387757090518326408,0.009321142025470454881)	
(0.010299897160851844563,0.010295328039238754031)	
(0.0073434731474551311059,0.0092074183597914381616)	
(0.010485609679390286986,0.0099460449784444602411)	
(0.0088375774645378900318,0.0039998797607339190222)	
(0.0027338757481996391573,0.0096327771561015521767)	
(0.005356339369490197011,-0.0027653906683287520982)	
(0.0097367182284860843283,0.0091254387771780715033)	
(0.008756200750411658601,0.0094039222805589513937)	
(0.0091980095589710951509,0.010363668580724474944)	
(0.0071301826091544340258,0.0090143469395398204136)	
(0.0097800759367632043861,0.0096198005476661740953)	
(0.010387825808696345836,0.0093211212586756485299)	
(0.010299974903997647507,0.010295330592535005543)	
(0.0073434514755218414928,0.0092072703183438842772)	
(0.010485749330032725912,0.0099459885910624570154)	
(0.0088375223041415092856,0.0039998735303896741644)	
(0.010907439907449766048,0.009597633901830328676)	
(0.010157092145289434507,0.0097153571196191470388)	
(0.010056966230500261755,0.0083578899576047232384)	
(0.010334234923849758281,0.0096592733043881790628)	
(0.0095662525336251223035,0.01004638223968680813)	
(0.010853775134518281464,0.0097102932488146269374)	
(0.0097904226377639527734,0.0097789278888005641555)	
(0.0085676629295096725508,0.0089920192945148660207)	
(0.011631916081895000287,0.010834998020350639775)	
(0.0099230191014040240033,0.0099116136334342526404)	
(0.010190243918379306501,0.0071724397895288173957)	
(0.010905515430437280611,0.0099314027551406156014)	
(0.0095648412839088505638,0.0099272528550281569082)	
(0.010277665061696875104,0.0092407590626282145457)	
(0.0096850694677164429758,0.0097968617044684649237)	
(0.0092962803588975077146,0.0096958342100708482664)	
(0.010907719724066303191,0.0095978270112699465288)	
(0.010157145023757909938,0.0097154076795587882703)	
(0.010056994138901076061,0.0083578924123919318134)	
(0.01033425264367456714,0.009659240131263433643)	
(0.0095662243670676955914,0.010046399500403322205)	
(0.010853368520080192844,0.0097102783074987132628)	
(0.0097904911151766079586,0.0097789886097732654779)	
(0.0085677302029575786585,0.0089919150843370005549)	
(0.011631977822456158675,0.010834967161827574814)	
(0.0099230708289951112533,0.0099117134278828913918)	
(0.010190319131066829031,0.0071722491342685384605)	
(0.010905569822926073145,0.0099314558613867870429)	
(0.0095649010489414626468,0.0099271598779390440165)	
(0.010277836214782738733,0.0092407605873549673869)	
(0.0096850168625860766358,0.0097968859274830694811)	
(0.0092965501378423822526,0.0096958614311992898788)	
(0.0060753994706845629303,0.00035092682025933175137)	
(0.0041492336550247171933,-0.0031177616236364108851)	
(0.0080142586428568370061,0.0095014428507279053565)	
(0.0060753366471722834025,0.00035109763070454742947)	
(0.0096057856639407707827,0.010386457413413159589)	
(0.0095178301382853446738,0.010337033800226647778)	
(0.011025448826351431919,0.0061276100426517149736)	
(0.0042334836748691168778,0.0022698704743248174914)	
(0.009882847751180855525,0.010184564594382475647)	
(0.012009945675695089459,0.0045755450597441613136)	
(0.0093214225577048052951,0.010220683427923238015)	
(0.0095178362912998124012,0.010337063240279317777)	
(0.0096057827030456791745,0.010386480028934393094)	
(0.0032399237914401881472,0.0098681440531705848229)	
(0.0053569287504475378292,-0.002764904965669665645)	
(0.0097038028292875128794,0.010155677632331563953)	
(0.0097038005370322834992,0.010155679104898869894)	
(0.010522933594296030729,0.011102474663793493459)	
(0.0075647013665073887384,0.003042450230892500794)	
(0.012128462014499317989,0.01203317363700973433)	
(0.010271532594541403841,0.0098697981869377282571)	
(0.0085193085496352589231,0.010489497094124970375)	
(0.0092394666027085011611,0.010335698018988486932)	
(0.0095699110762630101856,0.0101619774717741293)	
(0.01167745516947701033,0.0080875616301777260297)	
(0.0098618675291130813293,0.010178500681371422873)	
(0.0087741441662025475984,0.0060568542244549255366)	
(0.01080058223725768006,0.010394594962424513404)	
(0.0094187561840685021103,0.0093858991075666670101)	
(0.011823171239357966114,0.010878608540099966168)	
(0.010537281867580636577,0.01026944437580090512)	
(0.009418757003004046488,0.0093858994521061160643)	
(0.010850924576516388087,0.0095971181162391762387)	
(0.0083407830905368393615,0.008078172544525146978)	
(0.010734302385333901325,0.0091956626481666334932)	
(0.0073434695663079250713,0.0092074292640752803535)	
(0.0095789332687460683469,0.0097150994970902106174)	
(0.010853761413681137921,0.0097102956446202311896)	
(0.010411643108784264522,0.0095939724671886168761)	
(0.0079981761546078986025,0.0079903154450305068079)	
(0.006851935429499405629,-0.0015065368931057854501)	
(0.012009902974272387843,0.0045756009644823203777)	
(0.008758605244164640799,0.0094630969988215903749)	
(0.0098006504696698214241,0.010018278153483410262)	
(0.0093214237986529342728,0.010220675141809239944)	
(0.008837626460087153607,0.0039998276527388370097)	
(0.008014293394355942457,0.0095014528259481523947)	
(0.0097188560279284092608,0.010065169856162341222)	
(0.0087561063574488149502,0.0094039832110352754996)	
(0.010277709236349468966,0.0092407695610339044695)	
(0.0067020182377131370596,0.008058849761813875745)	
(0.010522930629458897983,0.011102478397322017994)	
(0.011314295375575050481,0.011086412946728765178)	
(0.010190227028945458496,0.0071724419649765768295)	
(0.0027052521187113090159,0.009000326318772710818)	
(0.0085192655397717791804,0.01048946835577339344)	
(0.012448870634512105085,0.0067911877204253189716)	
(0.0095699107241696418358,0.010161977318594837133)	
(0.0071298551707952798756,0.0090143335501632285839)	
(0.010537281703168879798,0.01026944589373720608)	
(0.010411643462760132237,0.0095939773372090992459)	
(0.0088637048763544040025,0.011093346141542066718)	
(0.0087741791132229639966,0.0060568189190253248627)	
(0.0099336743120047553413,0.0089068904532000926777)	
(0.010800578152011618485,0.010394597662606246125)	
(0.0092394501862518001872,0.010335704421286572713)	
(0.010387752737533862205,0.0093211446962098154501)	
(0.011004986664049778294,0.0090529067824177168744)	
(0.010548392080370097915,0.011263174869985728352)	
(0.010056962263408863317,0.0083578873549471355275)	
(0.0060751874488232651336,0.00035025445682567433233)	
(0.0041486350138020102254,-0.0031183578612617485377)	
(0.0080144507607322317683,0.0095013883792149228524)	
(0.0060751620575708849617,0.00035013225637357017457)	
(0.0096062314234154153741,0.010386318666044251288)	
(0.0095181770404849843498,0.010337280426824590335)	
(0.011025336886998630959,0.0061276514301264843609)	
(0.004234239727650283662,0.0022697431833418797199)	
(0.0098828894310811973845,0.010184657022393453149)	
(0.012010314275793932196,0.0045759669506569488825)	
(0.0093215421530779708076,0.010220598049172370178)	
(0.0095181780620283342603,0.010337291461694445016)	
(0.0096062240700353750816,0.01038632061613598348)	
(0.0032382481062927502037,0.0098675299712580096662)	
(0.0053563440788510236629,-0.0027653982324886117704)	
(0.0097035800286415473115,0.010155764231664981753)	
(0.0097035787121060659843,0.010155761914085376096)	
(0.010522804753480713771,0.011102312659312203388)	
(0.0075645660540852944012,0.0030422763847032011607)	
(0.01212812259026316633,0.012033387257477193635)	
(0.010271807135326974439,0.0098701369011796567798)	
(0.0085211479432916441973,0.010493090390431517034)	
(0.0092393589656919565545,0.010335656358630186669)	
(0.0095699961797305957423,0.010161919929906036014)	
(0.011677337231522729247,0.0080874897174007080725)	
(0.0098618598136545037453,0.010178475756280967734)	
(0.0087737999439264288681,0.0060562820193846194153)	
(0.010800588104103366408,0.010394628391265453571)	
(0.009418921007930916578,0.009385976692163455759)	
(0.011823303615993641796,0.010878105648562872571)	
(0.010537204993417847651,0.010269507532226109306)	
(0.0094189233495101300914,0.0093859758482902171106)	
(0.010851740450638483471,0.0095971021776667022468)	
(0.0083412118031636530574,0.008078131231251750935)	
(0.010734149491960444725,0.0091957246369869776598)	
(0.0073434641486536935892,0.0092072676565833119072)	
(0.0095789417441239782525,0.009715181021207167783)	
(0.010853362984763493052,0.0097102829505311630959)	
(0.010411893737151617714,0.0095940652102080182378)	
(0.0079986033134426849645,0.007990176865633301026)	
(0.0068520544916312077499,-0.0015065119031477259681)	
(0.012010326689580226242,0.0045760294664570775117)	
(0.0087586204891199840455,0.0094631984467211278933)	
(0.0098004067223794889135,0.010018097496426483367)	
(0.0093215437393826747203,0.010220592444047911854)	
(0.0088375125527307071827,0.0039998111401351619729)	
(0.0080144715260804782336,0.0095013920443183120385)	
(0.0097187126776488268198,0.01006513022043569773)	
(0.0087562004943463143253,0.0094039351043072299391)	
(0.01027785692178970374,0.0092407461995132403332)	
(0.0067019642028612854204,0.0080588844860067700843)	
(0.010522800776951557467,0.011102316086417842594)	
(0.011314315197440942204,0.011086273170904858629)	
(0.010190317716170205556,0.0071722489587007394463)	
(0.0027056675486599956158,0.0089998868876930895183)	
(0.008521127683169735928,0.010492996457686717612)	
(0.01244956349618950471,0.006789657971432756442)	
(0.0095699943556151103458,0.010161917871712649458)	
(0.007130156252231829514,0.0090143203759503066214)	
(0.010537204703312673393,0.010269509099868420407)	
(0.010411896698872394329,0.0095940633355757389683)	
(0.0088639276951333334509,0.011093390299578674216)	
(0.0087738195262219449005,0.0060562390154339897433)	
(0.0099337801198918929818,0.0089067867135038027854)	
(0.010800587145410657855,0.010394628674656502046)	
(0.0092393321537064775073,0.01033566531367746677)	
(0.010387824498261389108,0.0093211241741388718013)	
(0.011004974973987745324,0.0090530114035941924855)	
(0.010548373697664415599,0.011263162308027313899)	
(0.010056982849999117,0.0083578926544819742706)	
(0.010299898856088902932,0.010295326486815926589)	
(0.0099336684424115861969,0.0089068972377884941816)	
(0.011025439584772830579,0.0061275717443811444571)	
(0.010485604704003470902,0.0099460403133328871561)	
(0.009882843417882633541,0.010184564473067956453)	
(0.011677492682132226826,0.008087567897724108959)	
(0.0098618678124148782815,0.010178500865165746384)	
(0.0085676591175965991637,0.0089920258772420574855)	
(0.008758596804871950775,0.0094630940498677956763)	
(0.0092962778423720492105,0.0096958362211117254947)	
(0.010015367376325395171,0.0062457880585100947202)	
(-0.00017596221360107171944,-0.0059169755137493213956)	
(0.0099230167060206167506,0.0099116119009575644888)	
(0.0089001007345275440219,0.0035610181687935299304)	
(0.0095648394159112710283,0.0099272506373867547974)	
(0.0090964461674996836132,0.010015334728544831103)	
(0.0017167466369137473342,0.0071141166855228287966)	
(0.0096850675676594926572,0.0097968613961508955318)	
(-0.00091930360304592775942,0.01746444361555736513)	
(0.0082270711414850171417,0.010232155109308430085)	
(0.0080326288394894571065,0.010915363069118999562)	
(0.0027341598755238395203,0.0096329504888666584589)	
(0.0097367282016516433496,0.0091253972144711807679)	
(0.010893649841884249854,0.0095755931400756388872)	
(0.011506603573466004514,0.011055741292559715175)	
(0.010157090834644564095,0.0097153602944710180239)	
(0.0089012036514662419562,0.010096640011182576174)	
(0.0095662527768040888504,0.010046383060773489415)	
(0.0096651203165593526506,0.0094959091193457887542)	
(0.0095459392325997916712,0.0096195297787199408879)	
(0.009790421120553779305,0.0097789277500541227361)	
(0.0048719399289514154008,0.0061879353517420247061)	
(0.0096925600574906088658,0.0099348250675744178423)	
(0.0096661036259200229515,0.009969195250646755227)	
(0.0091978468802657014497,0.010363600139020713933)	
(0.0097800960310037779455,0.0096198059426516515508)	
(0.009650644168463784478,0.010602390969194028583)	
(0.010359312868839473318,0.0095513359346483407003)	
(0.011495366343417710853,0.012002809950315740731)	
(0.0096760177954912547638,0.010212399357579218448)	
(0.0077954276503518927371,0.0062089952831788095336)	
(0.0051493171574124967094,0.0067894032822288967813)	
(0.0072450337537174162861,0.0086406814880667266732)	
(0.0034662528266333155792,0.0096991607720935037878)	
(0.011533818699095149327,0.010340900558093427467)	
(0.0087150782821289810021,0.0096128910362593411598)	
(0.010073973051203138906,0.0094512349911873277247)	
(0.0092468931426789770928,0.010002136585406537495)	
(-0.00017611491515314957866,-0.0059168560991166314206)	
(0.010015548081998098401,0.0062455424867549425363)	
(0.010485749131046894628,0.0099459867699160861565)	
(0.0077950114784241242294,0.0062090223387061705546)	
(0.0089005824801834474563,0.0035613980024098825308)	
(0.009096531307384633086,0.010015590521388895162)	
(0.0017166591439828212621,0.0071137638491231012031)	
(0.0072449155861149076852,0.0086407757616666584083)	
(-0.00091971315648146933792,0.017464402164117934918)	
(0.008226893495205833684,0.010232206146963924304)	
(0.0034660973190950151827,0.0096991123947092437729)	
(0.0080325035504454911361,0.010915326953508606642)	
(0.0027338735766190211396,0.0096327682728222299713)	
(0.0097367130149491921964,0.0091254415528937340291)	
(0.011506597890931519884,0.011055729847560882839)	
(0.010893689156984765268,0.0095755761422749319928)	
(0.010299974902953847045,0.010295327540797160476)	
(0.011533740538756843616,0.010341002267081227106)	
(0.0089010532374213021528,0.01009656515281838994)	
(0.0096652025189022244822,0.009495941272432043001)	
(0.0095451907700588103922,0.0096191713185796879487)	
(0.010074098587296418175,0.0094510444141268547952)	
(0.0048720024212256943588,0.0061882988182482686831)	
(0.0096926598487577248636,0.0099347968031032376363)	
(0.0092470445695895155808,0.010002221062621314759)	
(0.0096661139779166526526,0.0099691759702575360319)	
(0.0091980093770291770222,0.010363679058749540596)	
(0.0097800756139461691302,0.0096198026936287310551)	
(0.0099230706809500281163,0.0099117107867433256602)	
(0.0095648987038719560094,0.0099271584061183301001)	
(0.0096850135590365524219,0.0097968838743867081575)	
(0.0092965558189029209174,0.0096958667309788876959)	
(0.010157144061195864243,0.0097154086603137325417)	
(0.0095662239982324814846,0.010046399315390912299)	
(0.009790491712599639143,0.0097789904225406877603)	
(0.0085677291544713866933,0.0089919198640254945076)	
(0.0096506967232876349205,0.010602379891799414147)	
(0.010359381902227718722,0.0095512381563647927307)	
(0.011495344473856992928,0.01200273952794872652)	
(0.0096759593363096741553,0.010212304520302833977)	
(0.0099337743836269715852,0.0089067919460586331831)	
(0.011025358342390455257,0.0061276918930589967596)	
(0.0098828878461734333272,0.010184656698079110407)	
(0.01167736074750413966,0.0080875020961834621219)	
(0.0098618608984830640612,0.010178474398528137429)	
(0.0087586182356223438172,0.009463204179176048364)	
(0.0071434277423799109538,0.0031415752056389327149)	
(0.0071437643786865130668,0.003141356937824728128)	
(0.0070450687266731858507,0.0046683753825264720852)	
(-0.0032405724817395715684,0.0038404821400790166257)	
(0.0088050928496330622963,0.0089676952557918247072)	
(0.0080563380680360174857,0.0063636965471946986897)	
(0.0088051493222279335338,0.0089676897235332862779)	
(0.0080561776196315677129,0.0063638138327311308609)	
(0.0096989629145267739624,0.0094653790071108235421)	
(0.010218570740508119837,0.010852788846516260232)	
(0.0096990086217304000843,0.0094653566306237453543)	
(0.010078327094812903827,0.01052622306233814628)	
(0.010078367466901756375,0.010526236290608772736)	
(0.0073097743816017655971,0.0077914415598679476541)	
(0.0073097578067207692396,0.0077914120415515063234)	
(0.0073099013111530006595,0.0077916663479054622948)	
(0.0073098846235077740568,0.007791636719876820702)	
(0.01070208590103354819,0.011390897869825599223)	
(0.011543554902097581671,0.010925774774025658748)	
(0.010702013462336739877,0.01139077657549928714)	
(0.0091618495061891475767,0.0097086611731678172654)	
(0.012099708653200749384,0.0099273970798316023972)	
(0.005848853847956489091,0.0083240340855365545225)	
(0.008498523008219153671,0.0086079083521117122357)	
(0.011488847094693471762,0.010494477198105258212)	
(0.0085084692698539597655,0.0098585928319750246868)	
(0.010055418365912545051,0.0098093210954649148053)	
(0.009317458425149364315,0.010583942968845174923)	
(0.0093173077056195735546,0.010584138652798483551)	
(0.010691266541412494315,0.0099862565495555978556)	
(0.010377104860985123316,0.011425583118402376018)	
(0.010410449702396953539,0.0095184952101498541965)	
(0.0091619889131658513448,0.009708629791749405491)	
(0.0084985585174724154189,0.0086078878956727285232)	
(0.011488865621816491541,0.010494442277099761199)	
(0.0085084728345141882183,0.0098585442458223922907)	
(0.010055432783303256891,0.0098093965789352224188)	
(0.0093174662176316643686,0.010583955566977295767)	
(0.009317315224160301057,0.010584151961931046945)	
(0.010691318971998112208,0.00998630466610274381)	
(0.01041034780537635103,0.0095185660314158412887)	
(0.010735357741249682353,0.0090954252353989215735)	
(0.0091828234332200827511,0.0097215487061418793396)	
(0.01005802803881454717,0.010300467671748549797)	
(0.010057961481696376174,0.01030049626282211056)	
(0.0084144577379063820177,0.012773523956863751597)	
(0.010080108225951492709,0.010216766252060454495)	
(0.010080152747529429191,0.010216761031031210138)	
(0.0078977435852946292066,0.010017227418398626584)	
(0.0078977378995611705048,0.010017214774402054614)	

