clang++ -std=c++14 -stdlib=libc++ -O3 -ferror-limit=2 -Weverything -Wno-c++98-compat -Wno-c++98-compat-pedantic -Wno-sign-conversion -Wno-exit-time-destructors -Wno-float-equal -Wno-global-constructors -Wno-missing-declarations -Wno-unused-parameter -Wno-padded -Wno-shadow -Wno-weak-vtables -Wno-missing-prototypes -Wno-unused-variable -ferror-limit=1 -Wno-deprecated -Wno-conversion -Wno-double-promotion -c src/direct_cuda_pattern.cc -o ./obj/direct_cuda_pattern.o -Iinclude -I/usr/local/cuda/include -I/usr/local/include -I/usr/include/c++/v1
nvcc src/cuda_pattern.cu -o ./obj/_cuda_pattern.o -Iinclude -I/usr/local/cuda/include -I/usr/local/include -I/usr/include/c++/v1 -m64 -dc -gencode arch=compute_70,code=sm_70 --relocatable-device-code true  -Xptxas -v
ptxas info    : 9754 bytes gmem
ptxas info    : Compiling entry function '_Z5ZaxpymddP7double2S0_' for 'sm_70'
ptxas info    : Function properties for _Z5ZaxpymddP7double2S0_
    0 bytes stack frame, 0 bytes spill stores, 0 bytes spill loads
ptxas info    : Used 30 registers, 392 bytes cmem[0]
ptxas info    : Function properties for cudaGetDevice
    0 bytes stack frame, 0 bytes spill stores, 0 bytes spill loads
ptxas info    : Compiling entry function '_Z5DasummP7double2Pd' for 'sm_70'
ptxas info    : Function properties for _Z5DasummP7double2Pd
    0 bytes stack frame, 0 bytes spill stores, 0 bytes spill loads
ptxas info    : Used 26 registers, 1024 bytes smem, 376 bytes cmem[0]
ptxas info    : Compiling entry function '_Z8sum_diagP7double2mdd' for 'sm_70'
ptxas info    : Function properties for _Z8sum_diagP7double2mdd
    0 bytes stack frame, 0 bytes spill stores, 0 bytes spill loads
ptxas info    : Used 10 registers, 384 bytes cmem[0]
ptxas info    : Compiling entry function '_Z5ZgemmP7double2S0_S0_md' for 'sm_70'
ptxas info    : Function properties for _Z5ZgemmP7double2S0_S0_md
    0 bytes stack frame, 0 bytes spill stores, 0 bytes spill loads
ptxas info    : Used 40 registers, 8704 bytes smem, 392 bytes cmem[0]
ptxas info    : Function properties for cudaFuncGetAttributes
    0 bytes stack frame, 0 bytes spill stores, 0 bytes spill loads
ptxas info    : Function properties for cudaOccupancyMaxActiveBlocksPerMultiprocessorWithFlags
    0 bytes stack frame, 0 bytes spill stores, 0 bytes spill loads
ptxas info    : Compiling entry function '_Z22extract_intensity_diffP7double2PdS1_mm' for 'sm_70'
ptxas info    : Function properties for _Z22extract_intensity_diffP7double2PdS1_mm
    0 bytes stack frame, 0 bytes spill stores, 0 bytes spill loads
ptxas info    : Used 24 registers, 392 bytes cmem[0], 8 bytes cmem[2]
ptxas info    : Compiling entry function '_Z9compose_aPdPmS_dP7double2m' for 'sm_70'
ptxas info    : Function properties for _Z9compose_aPdPmS_dP7double2m
    0 bytes stack frame, 0 bytes spill stores, 0 bytes spill loads
ptxas info    : Used 30 registers, 400 bytes cmem[0]
ptxas info    : Function properties for cudaOccupancyMaxActiveBlocksPerMultiprocessor
    0 bytes stack frame, 0 bytes spill stores, 0 bytes spill loads
ptxas info    : Compiling entry function '_Z5ZscalmdP7double2' for 'sm_70'
ptxas info    : Function properties for _Z5ZscalmdP7double2
    0 bytes stack frame, 0 bytes spill stores, 0 bytes spill loads
ptxas info    : Used 27 registers, 376 bytes cmem[0]
ptxas info    : Function properties for cudaMalloc
    0 bytes stack frame, 0 bytes spill stores, 0 bytes spill loads
ptxas info    : Compiling entry function '_Z38make_individual_pattern_intensity_diffPdS_PmS_dS0_S_S_mP7double2mm' for 'sm_70'
ptxas info    : Function properties for _Z38make_individual_pattern_intensity_diffPdS_PmS_dS0_S_S_mP7double2mm
    24 bytes stack frame, 0 bytes spill stores, 0 bytes spill loads
ptxas info    : Used 72 registers, 448 bytes cmem[0], 104 bytes cmem[2]
ptxas info    : Compiling entry function '_Z5ZcopymP7double2S0_' for 'sm_70'
ptxas info    : Function properties for _Z5ZcopymP7double2S0_
    0 bytes stack frame, 0 bytes spill stores, 0 bytes spill loads
ptxas info    : Used 28 registers, 376 bytes cmem[0]
ptxas info    : Function properties for cudaDeviceGetAttribute
    0 bytes stack frame, 0 bytes spill stores, 0 bytes spill loads
ptxas info    : Compiling entry function '_Z6Dznrm2mP7double2Pd' for 'sm_70'
ptxas info    : Function properties for _Z6Dznrm2mP7double2Pd
    0 bytes stack frame, 0 bytes spill stores, 0 bytes spill loads
ptxas info    : Used 28 registers, 1024 bytes smem, 376 bytes cmem[0]
ptxas info    : Compiling entry function '_Z34extract_intensity_diff_with_offsetP7double2PdS1_S1_mmdd' for 'sm_70'
ptxas info    : Function properties for _Z34extract_intensity_diff_with_offsetP7double2PdS1_S1_mmdd
    0 bytes stack frame, 0 bytes spill stores, 0 bytes spill loads
ptxas info    : Used 24 registers, 416 bytes cmem[0], 8 bytes cmem[2]
nvcc -dlink ./obj/_cuda_pattern.o -arch=sm_70 -o ./obj/cuda_pattern.o -m64 -lcudadevrt -L/usr/local/cuda/lib64  -rdc=true -Xptxas -v
clang++ -o ./bin/direct_cuda_pattern ./obj/_cuda_pattern.o ./obj/direct_cuda_pattern.o ./obj/cuda_pattern.o  -lcudadevrt -lcublas -lcudart -m64 -L/usr/local/cuda/lib64  -lc++ -lc++abi -O3 -pthread

solution:
(0.956008021230178473,-0.0033176151862459651518)	
(0.0098938436761215695775,0.0066109545666002151459)	
(0.0098938436934523244642,0.0066109546118818824506)	
(0.015570862517563500288,0.0025659607218625657583)	
(0.015570862563728828792,0.0025659609064757598479)	
(0.0082848613975074290178,0.0034186718653054018469)	
(0.0082848614189576855193,0.0034186721367260096242)	
(0.010355653872766056728,0.0031767895396696767436)	
(0.010355653802262132848,0.0031767895727186357124)	
(0.008960040979613462242,0.0036667906025606958505)	
(0.0089600410476899060297,0.0036667902972456478672)	
(0.0094978611596016719598,0.0031191678390272490999)	
(0.0094978611619489609896,0.0031191679100995993619)	
(0.010152545629602155799,0.00306379115804709121)	
(0.010152545525613614064,0.0030637914301908548975)	
(0.0098938437776516091615,0.0066109545409832378565)	
(0.012297308595234512571,0.004983837036863041775)	
(0.012297308412474623751,0.0049838372676864776609)	
(0.014027470514865705842,0.0038298863563102814207)	
(0.014027470313098189952,0.0038298866407445240727)	
(0.0096656923392654213456,0.0026756898074290747479)	
(0.0096656922929773004399,0.0026756897749291041512)	
(0.0085879389848036342958,0.0031905049884083077141)	
(0.0085879388926889850542,0.0031905050612947229334)	
(0.0092005015902816983386,0.0034817762914301337261)	
(0.0092005015525941941795,0.0034817762003570623328)	
(0.01027428632504319081,0.0038452422599975612585)	
(0.010274286095522050868,0.0038452420986790835852)	
(0.0097199463361924524907,0.004117702570440096195)	
(0.0097199463283149656334,0.0041177025685065612656)	
(0.0098938437230901322972,0.0066109545503338631653)	
(0.012297308285635378047,0.004983837161351761455)	
(0.012297308848499659273,0.0049838371319330387887)	
(0.014027470172503695572,0.0038298865679076152593)	
(0.014027470477071070365,0.0038298866450437946476)	
(0.0096739806537692006605,0.010403774913826211931)	
(0.0096825027116813726369,0.010272419931337723603)	
(0.0096656924651716720487,0.002675689739929521492)	
(0.0096739804419399139102,0.010403775023059809793)	
(0.0096825025795883052498,0.010272420025487146236)	
(0.0096656922214279194366,0.0026756898891190342323)	
(0.0097801174383450855537,0.010104255615839025095)	
(0.0097707207087142661922,0.010001700906629985149)	
(0.0085879389334618336932,0.0031905048939113796365)	
(0.0097801174530196075679,0.010104255530645041283)	
(0.0097707206792525432004,0.01000170099398796017)	
(0.00858793885415163466,0.0031905048937639710754)	
(0.0098505450767738256257,0.010172077708331136656)	
(0.0098479364162405297334,0.010074484802407459791)	
(0.0092005016930072781173,0.0034817761608907601446)	
(0.0098505451330980799141,0.010172077683246504368)	
(0.0098479364726340081621,0.010074484808735949606)	
(0.0092005016829328663264,0.0034817760742489115011)	
(0.0099069540409567023731,0.010290654295480695241)	
(0.0099003907256068161835,0.01028875925966019067)	
(0.01027428641905881769,0.0038452422641951657621)	
(0.0099069540584254302262,0.010290654267755114729)	
(0.0099003908486484503565,0.010288759240991839083)	
(0.010274286207199187157,0.0038452420431162176451)	
(0.0099398761188435897501,0.010462915957036926853)	
(0.0099473934467957311756,0.010425078062413328794)	
(0.0097199462411422261204,0.0041177026915844442204)	
(0.0099398762471419547376,0.010462915909182730553)	
(0.0099473932992472854919,0.01042507790141564139)	
(0.0097199464445311134497,0.0041177025102582497096)	
(0.0099625747855706173195,0.010296875057861509459)	
(0.0099642117523929037842,0.010261260673978667493)	
(0.0096825026064275496185,0.010272420026347107644)	
(0.0099625747120947027308,0.010296875063604847556)	
(0.0099642117565622977809,0.010261260775015899893)	
(0.0096825026536239769404,0.010272419900466076351)	
(0.0099751605227365539724,0.010163578231425361015)	
(0.0099846580988795334555,0.010108026129138950391)	
(0.009770720615775231252,0.01000170090909862676)	
(0.0099751604480450128259,0.010163578323504599346)	
(0.0099846580785573190581,0.010108025994368829981)	
(0.0097707207125346615811,0.010001700942115077445)	
(0.015570862697792075408,0.0025659607802080469825)	
(0.01402747015092183254,0.003829886641215519711)	
(0.01402747068041077308,0.0038298865316128230009)	
(0.011689857942691773279,0.003555045139476177736)	
(0.011689858089412575454,0.0035550451073041904396)	
(0.0098888645097505323972,0.0031044976746271799734)	
(0.0098888644277416327261,0.0031044979161031069012)	
(0.0099414577862742097014,0.003104778150015783094)	
(0.0099414579912618841057,0.0031047781389386703427)	
(0.0098479363315137832813,0.010074484809618144965)	
(0.010284785440669673776,0.0032846938791207466735)	
(0.0098479364711101195079,0.01007448490617566389)	
(0.010284785547802271707,0.0032846938676010851467)	
(0.0099003908439629934729,0.010288759302244683894)	
(0.009883463240342048664,0.00320164909673275851)	
(0.0099003909661193514186,0.010288759279854882076)	
(0.0098834634004822310288,0.00320164887596793412)	
(0.0099473931896356514865,0.010425078063492253938)	
(0.010647968120319333332,0.0035182783955821110219)	
(0.0099473933834450245506,0.01042507808152132176)	
(0.010647968416239224354,0.0035182784680140230527)	
(0.0099642118153348072096,0.010261260711070177912)	
(0.0097404949507793603392,0.010060407967101298726)	
(0.0099642117754080595377,0.010261260697496225186)	
(0.0097404949318295793587,0.010060407809652968311)	
(0.0099846581288044571056,0.010108025943967069091)	
(0.0097470199624044087661,0.0099162842341233622262)	
(0.0099846580509039238593,0.0101080260877576978)	
(0.0097470201032303360744,0.0099162840693335328746)	
(0.015570862697875404584,0.0025659606895404689364)	
(0.014027470515597394857,0.0038298865475826387485)	
(0.014027470122809554409,0.0038298866026179921931)	
(0.011689858175054614053,0.0035550451637791453605)	
(0.011689857977690292987,0.0035550452585052772468)	
(0.0098888645784830937063,0.0031044977078435627427)	
(0.0098888643966831557552,0.0031044977060865038346)	
(0.0099414576211955436869,0.0031047781609424957537)	
(0.0099414578589497402256,0.0031047783500161366121)	
(0.010284785480950209627,0.0032846938805771628243)	
(0.010284785429427928394,0.0032846936894389156675)	
(0.0098834632014075628204,0.0032016490431929218834)	
(0.0098834631985764091061,0.0032016488636546539502)	
(0.010647968195063783545,0.0035182786574480401365)	
(0.010647968160344889119,0.0035182783769874535242)	
(0.0097404948657179527688,0.010060407947476224591)	
(0.0097404949546304880892,0.010060407925590682601)	
(0.0097470200714565267963,0.009916284268684114056)	
(0.0097470200031564667442,0.0099162841876928847079)	
(0.0098888645190837697052,0.0031044976344303107027)	
(0.0099473567651060697259,0.0032168178814601447457)	
(0.010535851225751425089,0.0031934835941706020412)	
(0.01141604507757508144,0.0029869435780519744926)	
(0.0099473568524080721587,0.003216817776797753145)	
(0.01053585119630170118,0.003193483535034258216)	
(0.011416045030132066646,0.0029869436639724912877)	
(0.01131551268122316968,0.0033440490752157060392)	
(0.010525824428802756788,0.003341974346029865945)	
(0.010535851342087263621,0.0031934833138131742299)	
(0.01235661199201680549,0.0037415073775667428806)	
(0.012082001202977541224,0.0024110979722414575474)	
(0.012300540312173365715,0.0029722831217619382488)	
(0.012082001153088809189,0.0024110980719333516102)	
(0.012300540409456817842,0.002972283135196712809)	
(0.012082001288023461183,0.0024110980024651122895)	
(0.012604904703636208435,0.0034123190551723883886)	
(0.011188968155851970743,0.0032609607356231082483)	
(0.011188968495182279386,0.003260960788367182981)	
(0.011315512653787098904,0.0033440490005389629513)	
(0.0098888645223116043714,0.0031044977321667398956)	
(0.0099903498508607350981,0.01021529278411344166)	
(0.012356612103305974343,0.003741507519042599518)	
(0.010003203464851307194,0.010126190796508649158)	
(0.010091299014997869021,0.010157555586914512186)	
(0.0096656924458919431936,0.0026756898723364346167)	
(0.009770933669854243997,0.0099782707721260219952)	
(0.0099414576579859095795,0.0031047780775492594268)	
(0.009990349870684304967,0.010215292663159293921)	
(0.011416044967200601051,0.0029869434626386380527)	
(0.012300540371169515694,0.0029722830844878781083)	
(0.0096656924157301395834,0.002675689663865557337)	
(0.010535851230106026838,0.0031934836722853324371)	
(0.012604904883764703888,0.0034123189688846583892)	
(0.01118896816848877207,0.0032609608879081153354)	
(0.0098577631867752292527,0.01000743672483099013)	
(0.01000320358486216088,0.01012619096334897717)	
(0.0098462935707213077724,0.010027699386638399409)	
(0.0099621795924628425006,0.010048686625369668626)	
(0.010003203633395242947,0.010126190759305672348)	
(0.010006412188876778052,0.010112108906922701729)	
(0.01000641209597179053,0.010112109058723487212)	
(0.0099621798108861774751,0.010048686627949441827)	
(0.0099727226123497141747,0.010110700989899863711)	
(0.0099802511348557471083,0.010088615957027070869)	
(0.010525824553887412963,0.0033419743512089913028)	
(0.009857763179963023939,0.010007436807775060145)	
(0.0099601563164264002304,0.010083370963049462579)	
(0.010004023074781197636,0.010163004913116687952)	
(0.0099595233962211666273,0.010138846076612162764)	
(0.009941457736626536576,0.0031047781703562112206)	
(0.012082001213482086374,0.0024110980854197077393)	
(0.010091298991460653442,0.010157555431454592942)	
(0.010006412278631212839,0.010112109115168618767)	
(0.0099601563437384035837,0.010083370772666036541)	
(0.009972722730154410728,0.010110700990470516611)	
(0.0099527245110676305223,0.010219258696661844693)	
(0.010004023267613827708,0.010163004951890814223)	
(0.0099519952224111311173,0.010343158317733172971)	
(0.010056852815832193274,0.010278074833090860077)	
(0.0082848613777541137149,0.0034186719276991105361)	
(0.0085879391280040545675,0.0031905048984042210652)	
(0.0099727227814118395849,0.010110700934517175692)	
(0.0099595233693275716375,0.010138846017713644757)	
(0.010016076521063163596,0.010199033962232120082)	
(0.0099768890028112660467,0.010217545515832400851)	
(0.010056852875818618823,0.010278074696198874483)	
(0.010076504141562548159,0.010328362578711138692)	
(0.010022469229907812402,0.010261815484665088097)	
(0.0098462936030353290229,0.010027699379817978445)	
(0.0099527244408104120765,0.010219258705162404324)	
(0.010042626746975060609,0.010351018378961266905)	
(0.010072178018623168319,0.010354026344079208383)	
(0.010056303286063626723,0.010321190955713462414)	
(0.011416045011864425773,0.0029869435141485914734)	
(0.011188968524558053769,0.003260960747244443219)	
(0.0099802510855442078813,0.010088615996348979445)	
(0.0099595234472587366309,0.010138846036538444115)	
(0.01001607655252289078,0.01019903391830308953)	
(0.010042626703145679512,0.010351018376465617385)	
(0.010076504158897192295,0.010328362557617695727)	
(0.010002021414217483058,0.010253192316963997965)	
(0.010072178085123910732,0.010354026239489201588)	
(0.010022469291161371918,0.010261815658763995263)	
(0.010029775728072213084,0.010295820088475758636)	
(0.010077407688403459268,0.010280168302578548273)	
(0.010038482338992580148,0.010279109840259556194)	
(0.010041500675253741889,0.01023123586422072448)	
(0.010054074102759803788,0.010175369957836997298)	
(0.010039363988811758968,0.010186848138919827114)	
(0.0097709338170389129635,0.0099782708551458057511)	
(0.0099519953181457319197,0.010343158360497985496)	
(0.010002021453304112825,0.010253192289122872727)	
(0.010011865878841128344,0.010116698367241275941)	
(0.010011458898029887421,0.010058237111825628005)	
(0.010030994384892773577,0.010096022158827848078)	
(0.01230054054929780559,0.0029722831151127887019)	
(0.010006412242385393993,0.010112109149328646004)	
(0.0099768890096131705725,0.010217545310037705331)	
(0.010022469089131574513,0.010261815578029097329)	
(0.010056303417882508922,0.01032119100299368035)	
(0.010041500708367344027,0.010231235838929549076)	
(0.010077407610080611061,0.01028016832009960059)	
(0.01001186583439346231,0.010116698500424204168)	
(0.010054074112871520807,0.010175369939225674745)	
(0.010018410808420401964,0.010218964636036241556)	
(0.010005821233809247817,0.010103861900517914149)	
(0.0082848613037597006875,0.0034186721319396781368)	
(0.010003203695899257064,0.010126190803348582292)	
(0.0099595233896410326202,0.010138846024770418325)	
(0.010029775527813634267,0.010295820138198078647)	
(0.010038482355731454324,0.010279109794040348913)	
(0.010039363943508855179,0.010186848009859569841)	
(0.010011458860277102148,0.010058237138732085969)	
(0.010030994421142601369,0.010096022079329728185)	
(0.0085879391186700852062,0.0031905048812618077084)	
(0.0099727228369396129365,0.010110701013264321649)	
(0.010022469175077512379,0.010261815604878982491)	
(0.010018410853592396581,0.010218964619777838945)	
(0.010005821360503840134,0.01010386194054187399)	
(0.0097594577475450111637,0.0099281468282432332184)	
(0.0097594578702462561615,0.0099281467478944396277)	
(0.0097786141533874187948,0.01007563631777966609)	
(0.0098516363013388501269,0.010138068720665556824)	
(0.0098375383833942970507,0.010325014119774971605)	
(0.0098731685431122460234,0.0102991412610757508)	
(0.0098516363947352154212,0.010138068770778314517)	
(0.0097786139995054890267,0.010075636290735049544)	
(0.0098731684235734262084,0.010299141126006498143)	
(0.0098994721476594483428,0.010333468841877207003)	
(0.0099441540435517231794,0.010279990264761994581)	
(0.0099441539513948472989,0.010279990137651327103)	
(0.0098375384030383646733,0.010325014092726533463)	
(0.0098994720777606133588,0.010333468648020406599)	
(0.0099529965832512463236,0.010141461990502821308)	
(0.0099894897130863961887,0.010111154493254660008)	
(0.0099529965005257202415,0.01014146191070941852)	
(0.0099894897087245415612,0.010111154605730390127)	
(0.0098197817761372287876,0.0099963473202152024893)	
(0.0098197815397478519645,0.0099963474430151636613)	
(0.0098794947615917384082,0.010271111517575225169)	
(0.0098794949395267315367,0.010271111615037764944)	
(0.0099300357097592863165,0.010383707974589647532)	
(0.0098957525360063684772,0.010388428905090176316)	
(0.009949898169483233426,0.010243350587492207684)	
(0.0099344789951087992402,0.010216667896146343353)	
(0.0099846241831949827245,0.010089296917514263552)	
(0.0099755750460471161872,0.010080392674723853697)	
(0.0099300356420089566645,0.010383707885377560162)	
(0.0098957525503198650457,0.010388429049021341913)	
(0.0099498981298842392035,0.010243350570232527888)	
(0.0099344790471098468054,0.010216667639374758456)	
(0.0099348320928164032123,0.010185037950838389878)	
(0.0099679178361377490658,0.010056025655637391286)	
(0.0099348319882461878783,0.010185038047967751723)	
(0.0099846241995395386415,0.010089296931333020454)	
(0.0099755750513975966626,0.010080392690127800912)	
(0.0099679178462155106077,0.010056025789385273847)	
(0.0099832392721782414052,0.01003057334595900546)	
(0.0099832393845881040734,0.01003057339549740315)	
(0.0098197817217573445114,0.0099963475493988936116)	
(0.0098794947064141432763,0.010271111480043736836)	
(0.0099300355980746612267,0.010383707961592200664)	
(0.0099498983197437423226,0.010243350537021318064)	
(0.009984624134954402791,0.010089296874457840542)	
(0.0098197815513232106915,0.0099963476055458903857)	
(0.0098794947357476771421,0.010271111567445366172)	
(0.011315512410524319192,0.0033440492524824849858)	
(0.010525824309809981086,0.0033419745701079596988)	
(0.011416045134437976041,0.0029869438269056803638)	
(0.0097709336248424961957,0.0099782709313415221541)	
(0.010535851457529920791,0.0031934836986958372966)	
(0.0097594577777075398883,0.0099281468007752608773)	
(0.0099473568751418210698,0.0032168178004631023392)	
(0.0097786138908136470416,0.010075636294460909442)	
(0.0098888646822296467215,0.0031044976426773808302)	
(0.0098375384576231718337,0.010325014109136151919)	
(0.0099300356022114320137,0.010383707876360160488)	
(0.0099498982425556808246,0.010243350669403296707)	
(0.011315512436909782451,0.0033440490982526833129)	
(0.011416045171392826679,0.0029869438540126459075)	
(0.010525824320363202577,0.0033419746194364740623)	
(0.010535851429644360611,0.0031934838080111241539)	
(0.0097709333966343840661,0.0099782708123235565323)	
(0.0099473568510849985636,0.0032168177830637083477)	
(0.0097594577689868091536,0.0099281468478146003148)	
(0.0098888647410575684221,0.0031044974836560226827)	
(0.009778613835956717279,0.010075636425786906394)	
(0.0099846241947394078625,0.010089296957721496928)	
(0.0098375382890303880029,0.010325014140727600126)	
(0.0096656925693154489843,0.002675689772657340211)	
(0.0098957524836412093933,0.010388428940977733131)	
(0.0099344789555481649579,0.010216667860732725134)	
(0.0099755749655285226585,0.010080392625209738666)	
(0.0098957524610656204256,0.010388429038016872008)	
(0.0099344789830042457696,0.010216667778875006614)	
(0.012082001015568165012,0.0024110982426741780354)	
(0.012300540511174802571,0.0029722833945291494105)	
(0.0099903498272218733967,0.010215293030571937632)	
(0.012356611975126977412,0.0037415075988961117755)	
(0.009857762995757022792,0.010007436856806960213)	
(0.0098462934530907549047,0.010027699408904062681)	
(0.0098516363818072407582,0.010138068799829274072)	
(0.0098731683747941036133,0.010299141217130668852)	
(0.0098994720633807670868,0.010333468804303367131)	
(0.0099348320133645622726,0.01018503780574349718)	
(0.0099679178103067589412,0.010056025696838536213)	
(0.0096656924141688242702,0.0026756896794164273905)	
(0.012300540496698361692,0.0029722834631040217536)	
(0.0099903499052830645882,0.010215292950802945873)	
(0.0098577630626063422747,0.010007436862353009943)	
(0.0098462935523729849113,0.010027699483044164724)	
(0.0098516360888406193097,0.0101380689556540525)	
(0.0098731683276342251804,0.01029914117542524675)	
(0.0098994720330593827945,0.01033346887810677843)	
(0.0099348320723956981548,0.010185037903263827533)	
(0.0099755751533309039436,0.010080392588045777522)	
(0.0099679178061565718028,0.0100560258376141895)	
(0.0099601562283829925964,0.01008337101435551747)	
(0.0099527245827267657452,0.010219258847426807707)	
(0.0099519951434889515618,0.010343158479783337925)	
(0.0099441538683450250713,0.010279990159312893741)	
(0.009952996406284716352,0.010141461777578627407)	
(0.0099832392349393124509,0.010030573441186244749)	
(0.01208200111853815692,0.002411098449802233628)	
(0.012356612104529294399,0.0037415076497180968507)	
(0.009960156358764099549,0.010083371001798683425)	
(0.0099527245028026671558,0.010219258621404851348)	
(0.0099519951242553646165,0.010343158310696017391)	
(0.0099441539174686746638,0.010279989978537783582)	
(0.0099529964713013438504,0.010141461776846782267)	
(0.0099832393507804789712,0.010030573274781181409)	
(0.011188968189283745452,0.0032609610568618799427)	
(0.012604904675899088543,0.0034123192083157132329)	
(0.010003203506818523355,0.010126191151845464686)	
(0.010535851444508578106,0.0031934835900693388754)	
(0.012082001110838134009,0.0024110983261743058545)	
(0.0099621796702203252449,0.010048686759265396465)	
(0.0099414578453898769239,0.0031047781540049861591)	
(0.010091299135416167618,0.010157555633425602304)	
(0.010006412281231712516,0.010112109047122213451)	
(0.0099727226564235021966,0.010110701007729972628)	
(0.010004023183641122183,0.010163004936541158649)	
(0.010056852690069596756,0.010278074937088901158)	
(0.010042626669947459297,0.010351018252615203086)	
(0.011188968187065806079,0.0032609610559321544621)	
(0.010003203692049482398,0.010126191090946954493)	
(0.0099621795934029810926,0.010048686836679730089)	
(0.0099595231726444712755,0.010138846208183657782)	
(0.010016076475693377543,0.010199034083391836022)	
(0.010076504103330555934,0.010328362575790362224)	
(0.010072177965435191727,0.010354026271690106725)	
(0.010002021287570498492,0.010253192270151659238)	
(0.010041500696449460681,0.010231235783991989366)	
(0.0099894895260499178696,0.010111154398747181776)	
(0.010011865672623876736,0.010116698274406581148)	
(0.010535851351724499075,0.0031934838069982945767)	
(0.012604904730520179179,0.0034123192478576294152)	
(0.010006412347000748567,0.01011210900485049087)	
(0.0099727228506534138647,0.010110701078412992829)	
(0.010004023236419336274,0.010163005202962423906)	
(0.010056852761479388031,0.010278074777459234035)	
(0.010042626731236247578,0.01035101828605256187)	
(0.010002021261765938615,0.010253192313199585572)	
(0.009989489560262748355,0.010111154538985771614)	
(0.010056303315941631307,0.010321191074285376854)	
(0.010077407609500092789,0.010280168297942850197)	
(0.010054073924665313244,0.010175369908089254914)	
(0.010011458704495292821,0.010058237167834528647)	
(0.010016076463825572193,0.010199034114386929667)	
(0.010076504131124881802,0.01032836267536399108)	
(0.010072177942751531221,0.010354026413909646689)	
(0.010041500779988407274,0.010231235841806490816)	
(0.010011865629258891522,0.010116698289166968505)	
(0.012082001248642320473,0.0024110983107515616096)	
(0.0099414578568154006455,0.0031047781030364477416)	
(0.010091299034745730354,0.010157555852822096332)	
(0.0099595233263868356011,0.010138846042196138914)	
(0.010056303295886349219,0.010321190939300367573)	
(0.010077407591140957396,0.010280168402916603845)	
(0.010054073914315909619,0.010175369955663928281)	
(0.010011458728905959017,0.010058237069445962256)	
(0.011188968079096566627,0.0032609610823557096462)	
(0.011416044890381539523,0.0029869438934330789712)	
(0.012300540358246882244,0.0029722833006657280348)	
(0.010003203561539898356,0.010126190986915405493)	
(0.010006412332011894659,0.010112109232170004777)	
(0.0099802511318791229528,0.010088616147667846604)	
(0.0085879391932049461283,0.0031905046681160219649)	
(0.0099727228811110745638,0.010110701052729308483)	
(0.009959523522474955301,0.010138846126142105411)	
(0.0099768890747351460929,0.010217545494775995968)	
(0.010022469280994620797,0.010261815524141579617)	
(0.01141604502097474591,0.0029869436925782930428)	
(0.011188968088758409133,0.0032609610902249331482)	
(0.0099802509810324770145,0.010088616234753685144)	
(0.010022469315874223475,0.010261815762978777899)	
(0.010029775652365281041,0.010295820061716524918)	
(0.010038482295691214183,0.010279109731836150524)	
(0.010039364019288645608,0.010186847884365161573)	
(0.010030994370751701583,0.010096022098609819598)	
(0.01230054038512105527,0.0029722831724467613408)	
(0.01000641236243732593,0.010112109094519816654)	
(0.0099768890394920477227,0.010217545471043705529)	
(0.010022469177563926232,0.010261815542469628765)	
(0.010018410849048454969,0.010218964636839160051)	
(0.010005821189161425919,0.010103861915342239944)	
(0.010003203572674619973,0.010126191012076901643)	
(0.0099595233999690748611,0.010138846174115643747)	
(0.01002977551799091524,0.010295820070472770646)	
(0.010038482356348847613,0.010279109875893418374)	
(0.010039364032015865927,0.010186847926842598072)	
(0.010030994340781447874,0.010096022092250491603)	
(0.0085879393079580333692,0.0031905049604957886299)	
(0.0099727228146331264175,0.010110701066973473358)	
(0.010022469249050969947,0.010261815305472149831)	
(0.010018410921638899042,0.010218964613812111034)	
(0.010005821176800055311,0.010103861829901590597)	
(0.010284785569867414823,0.0032846938107681670008)	
(0.011315512822935672524,0.0033440489128326649979)	
(0.010525824579512061199,0.0033419743561628701897)	
(0.010284785588953609253,0.0032846939166301359313)	
(0.011315512870615721669,0.0033440488378676624763)	
(0.009990349817617996675,0.010215292809042177818)	
(0.0092005017902660902324,0.0034817760278357430537)	
(0.0098834635056002598935,0.0032016486870067631908)	
(0.010647968133941469737,0.0035182781645191293397)	
(0.009990349794606997319,0.010215292760417353166)	
(0.010355653615437575288,0.0031767894434173763428)	
(0.010274286401556653042,0.0038452419495392316413)	
(0.0097709336777012118641,0.009978270650739905559)	
(0.0098577630739997042231,0.010007436639822333765)	
(0.0099621796770742645361,0.010048686536244433656)	
(0.0099621796815377184481,0.010048686716626686194)	
(0.0098462935371083446651,0.010027699400276549047)	
(0.0099601562278546704188,0.010083370792876567706)	
(0.01000402323083369148,0.010163004987598428172)	
(0.010525824580787570411,0.0033419744005769485076)	
(0.0098577631419010797176,0.01000743671730130839)	
(0.0099601562390018265336,0.010083370854285294768)	
(0.010004023133225938003,0.010163004971508056082)	
(0.01001607643612082571,0.010199033900594836263)	
(0.0099527243940862614863,0.010219258560255902596)	
(0.010016076464069002469,0.010199033874110021922)	
(0.010056852783205580057,0.010278074750726782713)	
(0.010076504087812594018,0.010328362555388426874)	
(0.010056852982055721271,0.010278074778574475615)	
(0.010076504103277064001,0.010328362674985198597)	
(0.010056303253810704168,0.010321191077166886121)	
(0.0099519953685681637745,0.010343158388767037525)	
(0.010042626865224774449,0.010351018362173423221)	
(0.010056303489995059228,0.010321191062124911511)	
(0.010072177722325961063,0.010354026223826633124)	
(0.010038482133595684476,0.010279109695987160081)	
(0.010077407371885286486,0.010280168205946528179)	
(0.0092005018026453787988,0.0034817758866046680417)	
(0.010355653564274182321,0.0031767893986128902667)	
(0.0098834634766418773266,0.0032016486943653461178)	
(0.0098462935368231526562,0.010027699393806689676)	
(0.009952724430871143918,0.010219258603612186437)	
(0.010042626757987669836,0.010351018342052828794)	
(0.010072177839216345588,0.010354026295784387116)	
(0.010038482204221042468,0.010279109770041979649)	
(0.0100774075126655073,0.010280168284815408355)	
(0.010039363892364474781,0.010186847980813444961)	
(0.010002021373743076246,0.010253191996478292283)	
(0.010041500470218156157,0.010231235732428907437)	
(0.010039364003278768156,0.010186847945109092292)	
(0.010054073835089704161,0.010175369871054766591)	
(0.010005821405036944768,0.010103861847599733895)	
(0.010030994348926167148,0.010096022063625394519)	
(0.010041500367525865722,0.010231235707791842479)	
(0.010054073823910592705,0.010175369856594547111)	
(0.010005821294772015637,0.010103861801038203222)	
(0.010030994435298430656,0.010096022131118641621)	
(0.010011865541215020717,0.010116698111711295086)	
(0.010011458773291962571,0.01005823710869969273)	
(0.010647968174263243435,0.0035182785522737702356)	
(0.010274286405798825628,0.0038452419523413881516)	
(0.0097709337717630448394,0.0099782708892342530937)	
(0.0099519952128674059322,0.010343158392192389541)	
(0.010002021391203383752,0.010253191989423067823)	
(0.010011865600025916107,0.0101166979859998174)	
(0.010011458766218221672,0.010058237133122691076)	
(0.0099938963910184593076,0.010034325226790360985)	
(0.0099938962821206241138,0.010034325301359220753)	
(0.010284785383749370236,0.0032846937265226974594)	
(0.010284785430187234206,0.0032846938868282844065)	
(0.011315512529362322866,0.003344049137357471297)	
(0.0099903497088833764089,0.010215292947292915066)	
(0.011315512520386915643,0.0033440491769683097778)	
(0.0099903497956392688095,0.010215292966081125636)	
(0.0099621797584319958518,0.010048686865892159439)	
(0.010004023219190166794,0.010163005164066974545)	
(0.010016076518940498705,0.010199034137364986624)	
(0.0099621797183184045837,0.010048686849683255429)	
(0.010016076543800897167,0.01019903413014523752)	
(0.010076504097389898246,0.010328362732180419378)	
(0.010056303308737198077,0.010321191029783554488)	
(0.010038482131055273885,0.010279109612366129842)	
(0.010004023277797280747,0.010163004958941549219)	
(0.010056303308355815651,0.010321191049640592377)	
(0.010038482138103616698,0.010279109723087962586)	
(0.010039363951681588502,0.010186847822024664226)	
(0.010005821252665823839,0.010103861755381937995)	
(0.0099938963115334348425,0.010034325364109567338)	
(0.010076504048648527931,0.010328362638605327259)	
(0.010039363875604567083,0.010186847874330674443)	
(0.010005821433682015459,0.01010386176080239895)	
(0.0099938962373193190869,0.010034325344623616291)	
(0.010525824467076422275,0.0033419745482937903043)	
(0.0092005015608306508351,0.0034817761362977272394)	
(0.0098834631466268221128,0.0032016489583291543944)	
(0.010647968216814714462,0.0035182785066007918155)	
(0.010274286363412451703,0.0038452419279547227215)	
(0.0097709336510912077334,0.0099782710371438300412)	
(0.0098577631517235281278,0.010007436725913655337)	
(0.0098462936721582204613,0.010027699498774781187)	
(0.0099601562751208509716,0.010083370922955773794)	
(0.010525824526119760202,0.0033419745412855039919)	
(0.0098577632924046268426,0.01000743686043643714)	
(0.0099601562782089987647,0.010083371201947917417)	
(0.0099527247014031573757,0.010219258676305497877)	
(0.010056852932122304495,0.010278074757234216194)	
(0.010056852896423650393,0.010278075001070828554)	
(0.0099519953957737574551,0.010343158198307821419)	
(0.010042626763179457808,0.010351018460780446809)	
(0.010072177789202817547,0.010354026272752578017)	
(0.010077407452684520109,0.010280168198708654684)	
(0.0092005015492586227771,0.0034817761142897137722)	
(0.0098834632258896371743,0.0032016491342748425349)	
(0.0098462936123996300242,0.010027699485777870347)	
(0.0099527246772267655844,0.010219258661738450655)	
(0.01004262681112648263,0.01035101847755545354)	
(0.010072177763201947687,0.010354026249066171014)	
(0.01007740752547468116,0.010280168129313687481)	
(0.010002021136926133454,0.010253192045268874968)	
(0.010041500598765561517,0.010231235765613307109)	
(0.0100540737865282611,0.010175369818211712006)	
(0.010030994339252167699,0.010096021978736444483)	
(0.010041500709225560303,0.010231235807003233318)	
(0.010054073813126545439,0.010175369790083833507)	
(0.010030994440956973734,0.010096022027368705895)	
(0.010011865519586013104,0.010116698162060327321)	
(0.010011458789724751728,0.010058237029097298609)	
(0.010647968207826541409,0.0035182785366454747029)	
(0.010274286387029322315,0.003845242291189806226)	
(0.0097709336253529489869,0.0099782709980573668085)	
(0.0099519953416656366935,0.010343158334734909795)	
(0.010002021258370144552,0.010253192071685216305)	
(0.010011865514308977351,0.010116698184949982769)	
(0.010011458795959273307,0.010058237036063582062)	
(0.0089600409471703463399,0.0036667903808622402499)	
(0.0097199465182727443069,0.0041177024357390385953)	
(0.0097404948503455792558,0.010060407673039674717)	
(0.009747020154075001358,0.0099162841860940490607)	
(0.0097594578321771804919,0.0099281468767488598171)	
(0.0089600408829716392256,0.0036667901926520584353)	
(0.0097199465646342110559,0.0041177024685261206724)	
(0.0097404948690558330882,0.010060407699570133103)	
(0.009759457839915055069,0.0099281468022100333171)	
(0.0097786140231897102776,0.010075636311056688013)	
(0.0098516363782194475013,0.010138068747269001965)	
(0.0098516361643751580029,0.010138068825650782198)	
(0.00983753840324979624,0.010325014112005133013)	
(0.0098731683609455077322,0.01029914132793443432)	
(0.0097470201821408426757,0.0099162840431644538181)	
(0.0097786138892892292968,0.010075636278366127685)	
(0.0098731684032189685057,0.0102991413033853077)	
(0.0098994719455262961127,0.010333468721600798379)	
(0.0099441539074500047424,0.010279990087822850689)	
(0.0099441538703783378256,0.010279990155835482674)	
(0.0099529965245567248583,0.010141461775137307691)	
(0.0099894896038362247792,0.010111154426307415385)	
(0.0098375384801702558252,0.010325014053702971303)	
(0.0098994720054761831812,0.010333468752466733187)	
(0.0099529965112131659616,0.010141461722125860029)	
(0.0099894896208110282865,0.010111154476338087699)	
(0.0094978611971531096136,0.0031191678402724644023)	
(0.0096825026176716299381,0.010272420120964610712)	
(0.0094978612356505214692,0.0031191676742797292202)	
(0.0096825025165606266875,0.010272419935089052712)	
(0.0099993449481004630097,0.010008239898611583085)	
(0.0099993448903246111986,0.010008239880351033763)	
(0.0099993449266361656563,0.010008239827551461756)	
(0.0099993449016174060229,0.010008239892543676491)	
(0.0097199463154232085271,0.0041177027121452672298)	
(0.0097404949698898391636,0.010060407766972102525)	
(0.0097594579437369280428,0.0099281469866706207467)	
(0.0098516364377365470834,0.010138068805091490082)	
(0.0097199463495487841563,0.0041177024752009419584)	
(0.0097404950838735782775,0.010060407929824636067)	
(0.0097594577438712640932,0.0099281468220065848679)	
(0.0098516363490729272345,0.010138068785089542068)	
(0.0096825026409029599922,0.01027242003940812172)	
(0.0097470200833017720671,0.0099162842161213751724)	
(0.0097786139506406601768,0.010075636238826122734)	
(0.0098731682173394622742,0.010299141251150344817)	
(0.0099441539235131312657,0.010279990245941233659)	
(0.0099894895798354529232,0.010111154510896190606)	
(0.0096825026009568267854,0.010272420066787951026)	
(0.0097470202099393526973,0.0099162840187478357851)	
(0.0097786139401725129944,0.010075636337327487785)	
(0.0098731683220745509316,0.010299141298093743638)	
(0.0099441538599839250645,0.010279990051323449965)	
(0.0099894895951387202571,0.01011115449685685494)	
(0.0098375384721411645444,0.010325014204182690267)	
(0.0098994719400083610455,0.010333468725472296987)	
(0.0099529963655300025122,0.01014146173558067715)	
(0.0098375384488009424283,0.010325014115150016672)	
(0.009899471976608420834,0.010333468801524286346)	
(0.0099529964587963763029,0.010141461684230936718)	
(0.010152545631796388442,0.0030637908620211465674)	
(0.010152545839442458919,0.0030637910979236342157)	
(0.0096739803713893849496,0.010403775110785587824)	
(0.0097801174189366141959,0.01010425563506496538)	
(0.0097707206630460036179,0.010001700837136057176)	
(0.0097707206305493021076,0.01000170076021996042)	
(0.0098197815983307734644,0.0099963475671336968209)	
(0.0098505451468599760506,0.010172077762044314658)	
(0.0098479363737090531289,0.010074484934479132833)	
(0.0098197816804024874726,0.0099963474260309735653)	
(0.009673980585296438478,0.01040377491501733552)	
(0.0098479365215920818682,0.010074484936383456754)	
(0.0098794948667720681318,0.010271111589066465181)	
(0.0099069541082032318985,0.010290654311021661324)	
(0.0099003907541715310131,0.010288759316269253594)	
(0.0098794948907145966471,0.010271111488300427306)	
(0.009780117385695794377,0.010104255753784506522)	
(0.0099003907241678023449,0.010288759217166458179)	
(0.0099300354708811346821,0.010383708018760807318)	
(0.0098957523927403149427,0.010388428783797566679)	
(0.0099473930885445351058,0.010425077973493781722)	
(0.0099300354062885447248,0.010383707863084337339)	
(0.009895752253885347488,0.01038842880837630156)	
(0.0098505450738740878841,0.010172077706830769117)	
(0.009947393256823229904,0.010425077821646261053)	
(0.0099498981820868633713,0.010243350588155744618)	
(0.0099344789530562468277,0.010216667781806701432)	
(0.009934831978665532165,0.010185037975018894699)	
(0.009964211667499387956,0.010261260711084560504)	
(0.0099498981470524192755,0.01024335043678625129)	
(0.0099344788738534427902,0.010216667672417679286)	
(0.0099348320214983909526,0.010185037897389162195)	
(0.0099069541457781871985,0.010290654315888853043)	
(0.0099642116313894760204,0.010261260795073584573)	
(0.0099846241560144731453,0.010089296765098452677)	
(0.0099755749726766727858,0.010080392545892200018)	
(0.009967917838283461493,0.010056025769601725783)	
(0.0099832392296836883899,0.01003057323352898357)	
(0.0099846241311493076631,0.010089296648251918492)	
(0.0099755749302228788333,0.01008039253616032499)	
(0.0099679177212845717498,0.01005602578348300559)	
(0.0099832392271619867924,0.010030573275099737354)	
(0.0097707205822644294796,0.010001700846571516534)	
(0.0097707206401498776505,0.010001700818130109319)	
(0.0099993448709951703729,0.01000823979937300566)	
(0.0099993448519780231409,0.010008239733863185869)	
(0.0098479364927647645989,0.010074484758591540148)	
(0.0098197814965026875705,0.0099963475455612984394)	
(0.0099003909429917855839,0.010288759167160637514)	
(0.010000448709086832977,0.010006707915074238707)	
(0.010000448671703543804,0.010006707974958129956)	
(0.009847936606527600556,0.010074484968191894582)	
(0.0098197816218707732749,0.0099963475604085000326)	
(0.010000448776954771676,0.010006707917352898607)	
(0.010000448639858692396,0.010006707906812059572)	
(0.0099003909437872916061,0.010288759142832989979)	
(0.0098794947737045387542,0.010271111588519236252)	
(0.0098794948586310785132,0.010271111634081321606)	
(0.010000448654940236048,0.01000670793863316782)	
(0.0099300354783708084938,0.010383708025457266677)	
(0.0098957525449243962518,0.01038842892512672339)	
(0.0099473930294648269662,0.010425077806902501021)	
(0.010000448669753275732,0.010006707919044810842)	
(0.0098957523993461280615,0.010388428826728314178)	
(0.0099300355196972212718,0.010383707927788766653)	
(0.010000448625585424064,0.010006707927596263791)	
(0.0099348318617477841125,0.010185037818842168633)	
(0.0099344789229033111239,0.010216667605069928645)	
(0.010000448594485121176,0.010006707939320957923)	
(0.0099348319640578039436,0.010185037901180717806)	
(0.0099473931298867824397,0.010425077895531528749)	
(0.0099344790378887003895,0.010216667825284833984)	
(0.0099498982913678139794,0.010243350406302753619)	
(0.0099498982874829111633,0.010243350631012516569)	
(0.0099755750743236847738,0.01008039251544739362)	
(0.0099679178229259580296,0.010056025684834784054)	
(0.009983239178126639829,0.010030573226724877681)	
(0.0099993448787288555929,0.010008239746805806802)	
(0.0099755749519055709335,0.010080392552057129696)	
(0.0099679178250679963125,0.010056025703529116594)	
(0.0099832391034601012519,0.010030573204706674448)	
(0.0099993447862804750448,0.010008239809316348684)	
(0.0099642116566172733022,0.010261260815969890092)	
(0.0099642116938695856482,0.010261260705922446712)	
(0.0099846241454016552291,0.010089296894823860176)	
(0.0099846242800468946316,0.010089296812116668386)	
(0.0099398760340591741508,0.010462915896681617561)	
(0.009939876005581766219,0.010462915871692211184)	
(0.0099625747591442215256,0.010296875089363766859)	
(0.0099625746914213993838,0.010296874950184267336)	
(0.0099751604229271883389,0.010163578273149219758)	
(0.009984657963451628454,0.010108025947239597173)	
(0.0099846580776390969625,0.010108026065209343991)	
(0.0099751603578673991857,0.01016357820731900348)	
(0.0099846579621047128195,0.010108025939899310808)	
(0.0099846580617032575089,0.010108026191643837075)	

