clang++ -std=c++14 -stdlib=libc++ -O3 -ferror-limit=2 -Weverything -Wno-c++98-compat -Wno-c++98-compat-pedantic -Wno-sign-conversion -Wno-exit-time-destructors -Wno-float-equal -Wno-global-constructors -Wno-missing-declarations -Wno-unused-parameter -Wno-padded -Wno-shadow -Wno-weak-vtables -Wno-missing-prototypes -Wno-unused-variable -ferror-limit=1 -Wno-deprecated -Wno-conversion -Wno-double-promotion -c src/direct_cuda_pattern.cc -o ./obj/direct_cuda_pattern.o -Iinclude -I/usr/local/cuda/include -I/usr/local/include -I/usr/include/c++/v1
In file included from src/direct_cuda_pattern.cc:2:
include/f/pattern/pattern.hpp:241:1: error: unknown type name 'matrix_vector_type'
matrix_vector_type                      i_push;
^
1 error generated.
Makefile:28: recipe for target 'direct_cuda_pattern' failed
make: *** [direct_cuda_pattern] Error 1
intensity_test 
0.9998922900000000169	
5.3699999999999997464e-05	
5.3709999999999999062e-05	

intensity_test 
0.9998922900000000169	
5.3699999999999997464e-05	
5.3709999999999999062e-05	

intensity_test 
0.9998922900000000169	
5.3699999999999997464e-05	
5.3709999999999999062e-05	

intensity_test 
0.9998922900000000169	
5.3699999999999997464e-05	
5.3709999999999999062e-05	

intensity_test 
0.9998922900000000169	
5.3699999999999997464e-05	
5.3709999999999999062e-05	

intensity_test 
0.9998922900000000169	
5.3699999999999997464e-05	
5.3709999999999999062e-05	

intensity_test 
0.9998922900000000169	
5.3699999999999997464e-05	
5.3709999999999999062e-05	

intensity_test 
0.9998922900000000169	
5.3699999999999997464e-05	
5.3709999999999999062e-05	

intensity_test 
0.9998922900000000169	
5.3699999999999997464e-05	
5.3709999999999999062e-05	

intensity_test 
0.9998922900000000169	
5.3699999999999997464e-05	
5.3709999999999999062e-05	

intensity_test 
0.9998922900000000169	
5.3699999999999997464e-05	
5.3709999999999999062e-05	

intensity_test 
0.9998922900000000169	
5.3699999999999997464e-05	
5.3709999999999999062e-05	

intensity_test 
0.9998922900000000169	
5.3699999999999997464e-05	
5.3709999999999999062e-05	

intensity_test 
0.9998922900000000169	
5.3699999999999997464e-05	
5.3709999999999999062e-05	

intensity_test 
0.9998922900000000169	
5.3699999999999997464e-05	
5.3709999999999999062e-05	

intensity_test 
0.9998922900000000169	
5.3699999999999997464e-05	
5.3709999999999999062e-05	

intensity_test 
0.9998922900000000169	
5.3699999999999997464e-05	
5.3709999999999999062e-05	

intensity_test 
0.9998922900000000169	
5.3699999999999997464e-05	
5.3709999999999999062e-05	

intensity_test 
0.9998922900000000169	
5.3699999999999997464e-05	
5.3709999999999999062e-05	

intensity_test 
0.9998922900000000169	
5.3699999999999997464e-05	
5.3709999999999999062e-05	

intensity_test 
0.9998922900000000169	
5.3699999999999997464e-05	
5.3709999999999999062e-05	

intensity_test 
0.9998922900000000169	
5.3699999999999997464e-05	
5.3709999999999999062e-05	

intensity_test 
0.9998922900000000169	
5.3699999999999997464e-05	
5.3709999999999999062e-05	

intensity_test 
0.9998922900000000169	
5.3699999999999997464e-05	
5.3709999999999999062e-05	

intensity_test 
0.9998922900000000169	
5.3699999999999997464e-05	
5.3709999999999999062e-05	

intensity_test 
0.9998922900000000169	
5.3699999999999997464e-05	
5.3709999999999999062e-05	

intensity_test 
0.9998922900000000169	
5.3699999999999997464e-05	
5.3709999999999999062e-05	

intensity_test 
0.9998922900000000169	
5.3699999999999997464e-05	
5.3709999999999999062e-05	

intensity_test 
0.9998922900000000169	
5.3699999999999997464e-05	
5.3709999999999999062e-05	

intensity_test 
0.9998922900000000169	
5.3699999999999997464e-05	
5.3709999999999999062e-05	

intensity_test 
0.9998922900000000169	
5.3699999999999997464e-05	
5.3709999999999999062e-05	

intensity_test 
0.9998922900000000169	
5.3699999999999997464e-05	
5.3709999999999999062e-05	

intensity_test 
0.9998922900000000169	
5.3699999999999997464e-05	
5.3709999999999999062e-05	

intensity_test 
0.9998922900000000169	
5.3699999999999997464e-05	
5.3709999999999999062e-05	

intensity_test 
0.9998922900000000169	
5.3699999999999997464e-05	
5.3709999999999999062e-05	

intensity_test 
0.9998922900000000169	
5.3699999999999997464e-05	
5.3709999999999999062e-05	

intensity_test 
0.9998922900000000169	
5.3699999999999997464e-05	
5.3709999999999999062e-05	

intensity_test 
0.9998922900000000169	
5.3699999999999997464e-05	
5.3709999999999999062e-05	

intensity_test 
0.9998922900000000169	
5.3699999999999997464e-05	
5.3709999999999999062e-05	

intensity_test 
0.9998922900000000169	
5.3699999999999997464e-05	
5.3709999999999999062e-05	

intensity_test 
0.9998922900000000169	
5.3699999999999997464e-05	
5.3709999999999999062e-05	

intensity_test 
0.9998922900000000169	
5.3699999999999997464e-05	
5.3709999999999999062e-05	

intensity_test 
0.9998922900000000169	
5.3699999999999997464e-05	
5.3709999999999999062e-05	

intensity_test 
0.9998922900000000169	
5.3699999999999997464e-05	
5.3709999999999999062e-05	

intensity_test 
0.9998922900000000169	
5.3699999999999997464e-05	
5.3709999999999999062e-05	

intensity_test 
0.9998922900000000169	
5.3699999999999997464e-05	
5.3709999999999999062e-05	

intensity_test 
0.9998922900000000169	
5.3699999999999997464e-05	
5.3709999999999999062e-05	

intensity_test 
0.9998922900000000169	
5.3699999999999997464e-05	
5.3709999999999999062e-05	

intensity_test 
0.9998922900000000169	
5.3699999999999997464e-05	
5.3709999999999999062e-05	

intensity_test 
0.9998922900000000169	
5.3699999999999997464e-05	
5.3709999999999999062e-05	

intensity_test 
0.9998922900000000169	
5.3699999999999997464e-05	
5.3709999999999999062e-05	

intensity_test 
0.9998922900000000169	
5.3699999999999997464e-05	
5.3709999999999999062e-05	

intensity_test 
0.9998922900000000169	
5.3699999999999997464e-05	
5.3709999999999999062e-05	

intensity_test 
0.9998922900000000169	
5.3699999999999997464e-05	
5.3709999999999999062e-05	

intensity_test 
0.9998922900000000169	
5.3699999999999997464e-05	
5.3709999999999999062e-05	

intensity_test 
0.9998922900000000169	
5.3699999999999997464e-05	
5.3709999999999999062e-05	

intensity_test 
0.9998922900000000169	
5.3699999999999997464e-05	
5.3709999999999999062e-05	

intensity_test 
0.9998922900000000169	
5.3699999999999997464e-05	
5.3709999999999999062e-05	

intensity_test 
0.9998922900000000169	
5.3699999999999997464e-05	
5.3709999999999999062e-05	

intensity_test 
0.9998922900000000169	
5.3699999999999997464e-05	
5.3709999999999999062e-05	

intensity_test 
0.9998922900000000169	
5.3699999999999997464e-05	
5.3709999999999999062e-05	

intensity_test 
0.9998922900000000169	
5.3699999999999997464e-05	
5.3709999999999999062e-05	

intensity_test 
0.9998922900000000169	
5.3699999999999997464e-05	
5.3709999999999999062e-05	

intensity_test 
0.9998922900000000169	
5.3699999999999997464e-05	
5.3709999999999999062e-05	

intensity_test 
0.9998922900000000169	
5.3699999999999997464e-05	
5.3709999999999999062e-05	

intensity_test 
0.9998922900000000169	
5.3699999999999997464e-05	
5.3709999999999999062e-05	

intensity_test 
0.9998922900000000169	
5.3699999999999997464e-05	
5.3709999999999999062e-05	

intensity_test 
0.9998922900000000169	
5.3699999999999997464e-05	
5.3709999999999999062e-05	

intensity_test 
0.9998922900000000169	
5.3699999999999997464e-05	
5.3709999999999999062e-05	

intensity_test 
0.9998922900000000169	
5.3699999999999997464e-05	
5.3709999999999999062e-05	

intensity_test 
0.9998922900000000169	
5.3699999999999997464e-05	
5.3709999999999999062e-05	

intensity_test 
0.9998922900000000169	
5.3699999999999997464e-05	
5.3709999999999999062e-05	

intensity_test 
0.9998922900000000169	
5.3699999999999997464e-05	
5.3709999999999999062e-05	

intensity_test 
0.9998922900000000169	
5.3699999999999997464e-05	
5.3709999999999999062e-05	

intensity_test 
0.9998922900000000169	
5.3699999999999997464e-05	
5.3709999999999999062e-05	

intensity_test 
0.9998922900000000169	
5.3699999999999997464e-05	
5.3709999999999999062e-05	

intensity_test 
0.9998922900000000169	
5.3699999999999997464e-05	
5.3709999999999999062e-05	

intensity_test 
0.9998922900000000169	
5.3699999999999997464e-05	
5.3709999999999999062e-05	

intensity_test 
0.9998922900000000169	
5.3699999999999997464e-05	
5.3709999999999999062e-05	

intensity_test 
0.9998922900000000169	
5.3699999999999997464e-05	
5.3709999999999999062e-05	

intensity_test 
0.9998922900000000169	
5.3699999999999997464e-05	
5.3709999999999999062e-05	

Merit: 1.1645892290698666176e-05
ABS: 0.022293112678546361805
a is 
0	0.00024414000000000000371	-0	0.064142500000000005067	6.3790100000000002881e-09	0.0005930819999999999842	
-0	0.064142500000000005067	0	0.2849121099999999962	6.3790100000000002881e-09	0.0005930819999999999842	
-6.3790100000000002881e-09	0.0005930819999999999842	-6.3790100000000002881e-09	0.0005930819999999999842	0	-0.48144531000000001519	

max dim 9
thickness = (0,1)
ug_size = 25
tilt_size = 81
column_index = 0
Intensity0 = 
0.99999929652498209531	
3.5173688058270160857e-07	
3.517381372473892238e-07	

Intensity1 = 
0.99186064744078383804	
0.0040696762796078476618	
0.0040696762796078476618	

Intensity2 = 
0.99591871251139041377	
0.0040809464512203885364	
3.4103738948990029202e-07	

Intensity3 = 
0.99999930485439325611	
3.4757280354523001101e-07	
3.4757280354523001101e-07	

ug to reconstruct: 
(0.23589499999999999358,0)	
(0.0005930819999999999842,-6.3790100000000002881e-09)	
(0.0005930819999999999842,6.3790100000000002881e-09)	
(0.082869600000000001594,-7.396030000000000153e-09)	
(0.082869600000000001594,7.396030000000000153e-09)	
(0.064142500000000005067,0)	
(0.064142500000000005067,0)	
(0.0005930819999999999842,6.3790100000000002881e-09)	
(0.0005930819999999999842,-6.3790100000000002881e-09)	
(0.064142500000000005067,5.735679999999999781e-09)	
(0.064142500000000005067,-5.735679999999999781e-09)	
(0.054937899999999997847,-9.8186800000000006741e-09)	
(0.054937899999999997847,9.8186800000000006741e-09)	
(0.054937899999999997847,0)	
(0.054937899999999997847,0)	
(-0.0016485899999999999079,2.4185200000000001434e-10)	
(-0.0016485899999999999079,-2.4185200000000001434e-10)	
(-0.0016485899999999999079,7.1914300000000001048e-11)	
(-0.0016485899999999999079,-7.1914300000000001048e-11)	
(-0.0016485899999999999079,2.4185200000000001434e-10)	
(-0.0016485899999999999079,-2.4185200000000001434e-10)	
(-0.0016485899999999999079,-7.1914300000000001048e-11)	
(-0.0016485899999999999079,7.1914300000000001048e-11)	
(0.082869600000000001594,-7.396030000000000153e-09)	
(0.082869600000000001594,7.396030000000000153e-09)	

weights0 
1	
1	
1	


real	0m0.855s
user	0m0.160s
sys	0m0.636s
