clang++ -std=c++14 -stdlib=libc++ -O3 -ferror-limit=2 -Weverything -Wno-c++98-compat -Wno-c++98-compat-pedantic -Wno-sign-conversion -Wno-exit-time-destructors -Wno-float-equal -Wno-global-constructors -Wno-missing-declarations -Wno-unused-parameter -Wno-padded -Wno-shadow -Wno-weak-vtables -Wno-missing-prototypes -Wno-unused-variable -ferror-limit=1 -Wno-deprecated -Wno-conversion -Wno-double-promotion -c src/direct_cuda_pattern.cc -o ./obj/direct_cuda_pattern.o -Iinclude -I/usr/local/cuda/include -I/usr/local/include -I/usr/include/c++/v1
nvcc src/cuda_pattern.cu -o ./obj/_cuda_pattern.o -Iinclude -I/usr/local/cuda/include -I/usr/local/include -I/usr/include/c++/v1 -m64 -dc -gencode arch=compute_70,code=sm_70 --relocatable-device-code true  -Xptxas -v
ptxas info    : 9754 bytes gmem
ptxas info    : Compiling entry function '_Z5ZaxpymddP7double2S0_' for 'sm_70'
ptxas info    : Function properties for _Z5ZaxpymddP7double2S0_
    0 bytes stack frame, 0 bytes spill stores, 0 bytes spill loads
ptxas info    : Used 30 registers, 392 bytes cmem[0]
ptxas info    : Function properties for cudaGetDevice
    0 bytes stack frame, 0 bytes spill stores, 0 bytes spill loads
ptxas info    : Compiling entry function '_Z5DasummP7double2Pd' for 'sm_70'
ptxas info    : Function properties for _Z5DasummP7double2Pd
    0 bytes stack frame, 0 bytes spill stores, 0 bytes spill loads
ptxas info    : Used 26 registers, 1024 bytes smem, 376 bytes cmem[0]
ptxas info    : Compiling entry function '_Z8sum_diagP7double2mdd' for 'sm_70'
ptxas info    : Function properties for _Z8sum_diagP7double2mdd
    0 bytes stack frame, 0 bytes spill stores, 0 bytes spill loads
ptxas info    : Used 10 registers, 384 bytes cmem[0]
ptxas info    : Compiling entry function '_Z5ZgemmP7double2S0_S0_md' for 'sm_70'
ptxas info    : Function properties for _Z5ZgemmP7double2S0_S0_md
    0 bytes stack frame, 0 bytes spill stores, 0 bytes spill loads
ptxas info    : Used 40 registers, 8704 bytes smem, 392 bytes cmem[0]
ptxas info    : Function properties for cudaFuncGetAttributes
    0 bytes stack frame, 0 bytes spill stores, 0 bytes spill loads
ptxas info    : Function properties for cudaOccupancyMaxActiveBlocksPerMultiprocessorWithFlags
    0 bytes stack frame, 0 bytes spill stores, 0 bytes spill loads
ptxas info    : Compiling entry function '_Z22extract_intensity_diffP7double2PdS1_mm' for 'sm_70'
ptxas info    : Function properties for _Z22extract_intensity_diffP7double2PdS1_mm
    0 bytes stack frame, 0 bytes spill stores, 0 bytes spill loads
ptxas info    : Used 24 registers, 392 bytes cmem[0], 8 bytes cmem[2]
ptxas info    : Compiling entry function '_Z9compose_aPdPmS_dP7double2m' for 'sm_70'
ptxas info    : Function properties for _Z9compose_aPdPmS_dP7double2m
    0 bytes stack frame, 0 bytes spill stores, 0 bytes spill loads
ptxas info    : Used 30 registers, 400 bytes cmem[0]
ptxas info    : Function properties for cudaOccupancyMaxActiveBlocksPerMultiprocessor
    0 bytes stack frame, 0 bytes spill stores, 0 bytes spill loads
ptxas info    : Compiling entry function '_Z5ZscalmdP7double2' for 'sm_70'
ptxas info    : Function properties for _Z5ZscalmdP7double2
    0 bytes stack frame, 0 bytes spill stores, 0 bytes spill loads
ptxas info    : Used 27 registers, 376 bytes cmem[0]
ptxas info    : Function properties for cudaMalloc
    0 bytes stack frame, 0 bytes spill stores, 0 bytes spill loads
ptxas info    : Compiling entry function '_Z38make_individual_pattern_intensity_diffPdS_PmS_dS0_S_S_mP7double2mm' for 'sm_70'
ptxas info    : Function properties for _Z38make_individual_pattern_intensity_diffPdS_PmS_dS0_S_S_mP7double2mm
    24 bytes stack frame, 0 bytes spill stores, 0 bytes spill loads
ptxas info    : Used 72 registers, 448 bytes cmem[0], 104 bytes cmem[2]
ptxas info    : Compiling entry function '_Z5ZcopymP7double2S0_' for 'sm_70'
ptxas info    : Function properties for _Z5ZcopymP7double2S0_
    0 bytes stack frame, 0 bytes spill stores, 0 bytes spill loads
ptxas info    : Used 28 registers, 376 bytes cmem[0]
ptxas info    : Function properties for cudaDeviceGetAttribute
    0 bytes stack frame, 0 bytes spill stores, 0 bytes spill loads
ptxas info    : Compiling entry function '_Z6Dznrm2mP7double2Pd' for 'sm_70'
ptxas info    : Function properties for _Z6Dznrm2mP7double2Pd
    0 bytes stack frame, 0 bytes spill stores, 0 bytes spill loads
ptxas info    : Used 28 registers, 1024 bytes smem, 376 bytes cmem[0]
ptxas info    : Compiling entry function '_Z34extract_intensity_diff_with_offsetP7double2PdS1_S1_mmdd' for 'sm_70'
ptxas info    : Function properties for _Z34extract_intensity_diff_with_offsetP7double2PdS1_S1_mmdd
    0 bytes stack frame, 0 bytes spill stores, 0 bytes spill loads
ptxas info    : Used 24 registers, 416 bytes cmem[0], 8 bytes cmem[2]
nvcc -dlink ./obj/_cuda_pattern.o -arch=sm_70 -o ./obj/cuda_pattern.o -m64 -lcudadevrt -L/usr/local/cuda/lib64  -rdc=true -Xptxas -v
clang++ -o ./bin/direct_cuda_pattern ./obj/_cuda_pattern.o ./obj/direct_cuda_pattern.o ./obj/cuda_pattern.o  -lcudadevrt -lcublas -lcudart -m64 -L/usr/local/cuda/lib64  -lc++ -lc++abi -O3 -pthread
Steepest Descent terminate with total step 1000

solution:
(0.58677401839056619881,-0.00092173792473620270657)	
(-0.057942901527551674001,0.029542428129572549655)	
(-0.057942977706682045891,0.029542530661485717769)	
(-0.062794355372926505265,0.02653587878144495274)	
(-0.062794090313406547565,0.026536227596050353944)	
(-0.053997076362611473588,0.028853498170435983028)	
(-0.053997182150948570822,0.028853021040539713477)	
(-0.02750157640075048468,0.017473214805879832418)	
(-0.027502078123352476785,0.017472899155896778195)	
(-0.032000918438158956758,0.012015001395590233293)	
(-0.032001146941037561522,0.012014822235218325375)	
(-0.014261392368609435849,0.00055165509261393156845)	
(-0.014261305275433840828,0.00055116222966442702212)	
(-0.021152171727985790567,0.016339365052208777024)	
(-0.021358191885247367059,0.016158626599915577871)	
(-0.034104825748481594483,0.010882623571579035093)	
(-0.034217967218645402305,0.010941535943025503669)	
(-0.012300599540796351011,0.0044274843449177703203)	
(-0.012265660397016313332,0.0043333876486326087379)	
(-0.0043814442025959686108,-0.0035036310853427967381)	
(-0.0043734961580439010373,-0.0034742956968165160207)	
(0.022057765194646805629,-0.014243156469776424231)	
(0.022097905345731302246,-0.014323187505107238399)	
(-0.0013075875347001639486,-0.0056107577733091841196)	
(-0.0012848970809585936841,-0.0055418019072288144874)	
(-0.0076314135652232840609,-0.003286976852332871863)	
(-0.035051592961449024033,0.021751130188738889565)	
(-0.026294388738222998492,-0.010437747332227444164)	
(-0.0020053577386563012017,-0.0032619966672492910556)	
(0.037092822823172694191,-0.0047146206262436984868)	
(-0.0076309630941416815852,-0.0032860564209041924488)	
(-0.035243485984912233111,0.021469650565694824162)	
(-0.026329649033613847925,-0.010417237388380649887)	
(0.037066780972738119782,-0.0046865693151832248098)	
(-0.0019839151903079041417,-0.003201318894046813017)	
(0.0045155038841062609956,-0.0094960469234843039588)	
(-0.03757010369693889601,0.026086786751966670184)	
(0.058416235588526238542,-0.027259752520509304002)	
(-0.0074279546539562767843,-0.0011764141521813855241)	
(0.057663982843353105145,-0.002208671723892649541)	
(0.0045153034969215646854,-0.0094957608601378782481)	
(-0.037652118715751553557,0.02600480437126212116)	
(0.058420994838264718452,-0.027296771467585644738)	
(0.057665899254300580223,-0.002170782093727573886)	
(-0.0075125523777219800278,-0.0011221151076126556836)	
(-0.020143385243619554847,-0.01032939433142555756)	
(-0.068489801914264958338,0.027929771120159995607)	
(0.04929232283621386157,-0.025498635818969900974)	
(-0.0094364052142907363374,0.00952365798796016641)	
(0.049084788683933733289,-0.010376357959982622156)	
(-0.020143244606820421422,-0.010329074943822836447)	
(-0.06852205893856309904,0.027785786981469461077)	
(0.049328725081902453919,-0.025472645521359495863)	
(0.049105799897618443439,-0.010385815327274769415)	
(-0.0092635439684032178098,0.0096863926598713973731)	
(0.0456846691362833221,-0.030300250739592037713)	
(-0.05797236606446242585,0.029440478054056043455)	
(0.031298895491194848872,-0.0063299307757856632453)	
(-0.041615955892717333697,0.014396805578329077702)	
(0.054144349894212170926,-0.017498153141719655773)	
(0.045683546727567428403,-0.030299902491917284769)	
(0.031217638727201752619,-0.0063416388875231818195)	
(0.054100858875282417659,-0.017529574775661044966)	
(-0.041667345098974947759,0.014438668479608831804)	
(0.07961687283888797817,-0.034610180189568851006)	
(0.058734705656973543175,0.032448824003028481355)	
(-0.046685386983909997471,0.020738511016077227495)	
(0.026579528302011063562,0.015554258236059400819)	
(0.079616697787901757888,-0.034609443706210066272)	
(0.058710904872551823719,0.032397917035773195205)	
(0.026652249999446566558,0.015546669817926862464)	
(-0.046631347305677715853,0.020688718987123780324)	
(0.10993902916789247137,-0.0072934009569679747118)	
(0.00030290872532612707563,0.0068998025474780403515)	
(-0.060045353705410114964,0.029681183046382435958)	
(-0.013128979822275482769,0.027720379309997059125)	
(0.10993969630144297123,-0.0072934925585881049681)	
(0.00031160995092102922004,0.0068881259577156751447)	
(-0.013110250583882833084,0.027682936482269503847)	
(-0.059887487350840630518,0.029820066993873555611)	
(-0.021152456907095228827,0.016339524451471618138)	
(-0.035051649541482453321,0.021750519459843929704)	
(-0.034104490917278088014,0.010881977984071339316)	
(-0.037569560607615459791,0.026087271056884058645)	
(-0.012300504146329535593,0.0044268969358358519969)	
(-0.068490430577545932667,0.027929595743575872518)	
(-0.0043813643299550533022,-0.0035036363474694816496)	
(-0.057972571622804287828,0.02944086000879677506)	
(0.02205789474578781148,-0.014243342355755122391)	
(-0.068522171262174691453,0.027785597108672097783)	
(-0.026330118867681290978,-0.010416281469397915826)	
(-0.037652845141210866675,0.026005099493236646241)	
(0.058420923186147624695,-0.027296813243371128438)	
(-0.021358460762059855442,0.016159005477156776487)	
(-0.034218177514496572744,0.010942216721628851561)	
(-0.035243170585014041429,0.021469276351342631015)	
(-0.012266044159473601244,0.0043339993972877632888)	
(-0.0043737294862887530003,-0.0034735742835616889926)	
(0.022097133965849887621,-0.014322074962169993595)	
(-0.026294325536941977328,-0.010437457538286745717)	
(0.058415917514850326797,-0.02725857023434591353)	
(0.049330289893551280966,-0.025472512254909877166)	
(0.043891436677778269959,0.0042589244230502787056)	
(0.049291432538221845172,-0.025499747150460449346)	
(0.043891770506658933648,0.004259940827780485037)	
(0.03121798870146097471,-0.0063401745658857207311)	
(0.075882783394962502466,0.02878567077308542832)	
(0.031298513366513035228,-0.0063316840618319871967)	
(0.075882239704347209663,0.028786667581839543717)	
(0.058711201481824626391,0.032399408960695548487)	
(-0.064334224542343679265,0.0053724411275822038514)	
(0.00079488111694646205758,0.022451492448845592614)	
(0.058735139348226772515,0.032448495687914240271)	
(-0.064333163614715360712,0.0053722778032561950209)	
(0.00082176070664107350207,0.022456732481779050764)	
(0.00031200228145674026433,0.0068876735996720173105)	
(0.012222322086383376888,-0.0080564303748521959997)	
(0.0072207523574536330857,0.019238583614226961033)	
(0.0003045849967626503875,0.0068983004743766174194)	
(0.012223021741395903583,-0.0080569290405740241756)	
(0.0072071215853002842944,0.01923756480580349898)	
(-0.0013083085525872608854,-0.005609534303335423841)	
(-0.0020056093270976304427,-0.003262532001891403112)	
(0.037067259064273987146,-0.0046849943052596704565)	
(-0.0074283168541518507233,-0.0011770368327096779153)	
(0.057666986883993874569,-0.0021704399279688095688)	
(-0.0094365512864142964133,0.009522866460225891741)	
(0.049105628773757709071,-0.010385793974306044632)	
(-0.041616724728375242837,0.014396021691042896681)	
(0.054102782376651760432,-0.017527953759929874866)	
(-0.046686094560778476636,0.020738635069101046121)	
(0.026651936517951779759,0.015548361939734994808)	
(-0.060045665351495469686,0.029681289917202893086)	
(-0.013110437466960419076,0.027683498508783710434)	
(0.0008231674817454709631,0.022455897857555192493)	
(0.0072062402406096433619,0.019237097376646493385)	
(-0.0012845362593859185277,-0.0055418231219534659637)	
(0.037093123911410445792,-0.0047152202331111415026)	
(-0.0019839195681991550479,-0.0032012179756563722242)	
(0.057663362339610418905,-0.0022105172819185856491)	
(-0.007512312498237570281,-0.001121904588953485547)	
(0.049085150469589576561,-0.010375477809146382846)	
(-0.0092640551657725070389,0.00968712157694168359)	
(0.054142110191684710008,-0.017499349431091985874)	
(-0.041667348226898708041,0.014438854734191632068)	
(0.026579173538451045244,0.015554968070057373711)	
(-0.04663154878576197121,0.02068860800723716295)	
(-0.013130115917374523063,0.027720103478520621842)	
(-0.059888167620681026504,0.029819859780397511145)	
(0.00079545079351810382782,0.022451757947178054009)	
(0.0072198034362613407525,0.019238694781209618456)	
(-0.034583496968605985378,0.010869801663783578566)	
(-0.015557631258776813063,0.0061408755996239438799)	
(-0.0031659771947667365334,-0.0062534891806963538094)	
(-0.0076893156044082052944,0.0025072439794732595889)	
(-0.014316640321785333023,-0.0081401566420391327505)	
(0.0021592749087001338916,-0.0072077426380201042519)	
(-0.0050687880189887084617,-0.0065895116865391911015)	
(-0.017424831711553252084,-0.00091803776074500422887)	
(-0.017424973635077153911,-0.00091781430811678835473)	
(0.008324272944932615409,4.2824156223950810582e-05)	
(-0.013448773073080204019,0.0022943697153439425972)	
(-0.037760774184025854006,0.025995507553068394196)	
(-0.021411151290567524696,0.013865797246212870422)	
(0.035644580348836253647,0.0018577720603344368214)	
(-0.00024144230990927182572,0.013546251106213441293)	
(-0.020423524841527058299,-0.0042513526834612085439)	
(-0.034583839407207273009,0.010870258077582481068)	
(-0.015557770797261142801,0.0061408800965017142082)	
(0.040410160381769810733,-0.0055027169434879565427)	
(0.0083248948232702325856,4.397978164519029834e-05)	
(0.0047146174258493956169,-0.020013917619738946785)	
(0.0020768385662931375044,-0.017560972870949091706)	
(0.035283003532376296107,0.004110524013435418525)	
(0.028374968047633501722,-0.013191864807343559388)	
(-0.046609121494913738348,0.020677710216233307489)	
(-0.034544384102552595783,0.010840932861013298158)	
(0.048600209944247060867,0.0034683616445747755992)	
(0.011248258380922599581,-0.010634767914077221732)	
(0.0004160234790821985113,-0.0050194898632938914768)	
(-0.002020481545191960774,-0.02265107200512737895)	
(-0.003166106496169044781,-0.0062540296389087318349)	
(0.06830313679596630716,-0.0058614069358601667004)	
(0.029427815021396370315,0.021859728061164228341)	
(0.035643202793401003448,0.0018561185117212206531)	
(0.0020763695865973659516,-0.017560988082653158221)	
(0.01734604068256636461,-0.017627525200270315747)	
(0.053204604930532084506,-0.003001354853167020019)	
(-0.037760760778574681273,0.025995669909696584449)	
(-0.021411415706944394999,0.013865773953922484046)	
(-0.0076895981781499780222,0.0025073749262577798257)	
(-0.014316844050060527349,-0.0081399837918926069846)	
(0.0021589985745988932858,-0.0072066921246552268984)	
(0.0004150187915040426086,-0.0050185202774497049763)	
(0.053764891715596931088,0.0093051644920561400742)	
(0.068302867448945717155,-0.0058609862684930605706)	
(0.0030684046693268633016,-0.00867525320425296953)	
(0.017345658124416934998,-0.017624542930304531313)	
(0.051326772844497971227,-0.016478580643060805611)	
(0.0048545626757632159842,-0.0033352025558111893927)	
(0.030244924985419138069,-0.0073014350976514331634)	
(0.029185485331815339688,0.011261546483030447988)	
(0.049605294260406190832,0.0058593573814698209426)	
(0.040409837867077857965,-0.0055033356470196772431)	
(0.028374350027217234982,-0.013190922028245991374)	
(0.0031792642927377799851,0.029244748840427017139)	
(-0.013004119518711949877,-0.013412810113942996368)	
(0.0047140515178625205794,-0.020013922346351447484)	
(0.053764116803119529897,0.0093061410779889230244)	
(0.00010285882260797614505,0.011603176488027730842)	
(0.016963399293095319381,0.024580813264171802457)	
(-0.059788071385236590816,0.039613359942330131358)	
(0.035284412781436978734,0.0041103290845325955727)	
(0.0030673355951909668515,-0.0086768433334600113954)	
(-0.014430192388349567453,0.0076541080941940828342)	
(0.016723734948217973406,0.023820493524083361653)	
(-0.0014591851844447394256,0.022908961538273469455)	
(-0.013448772050195019478,0.0022931209969016849541)	
(0.048600855065373455011,0.0034686749089342448597)	
(0.00010187832778613623572,0.011603432932967764138)	
(0.0048557920959232678607,-0.0033345807326546658515)	
(-0.014430286382190560951,0.007654506667214984808)	
(0.02918716342458895982,0.011260761772721077437)	
(-0.008076866097674486808,0.0040780043554146947274)	
(-0.00024186152825362579972,0.013546160793551866378)	
(-0.046609618395769304711,0.020677544398073868098)	
(-0.0050690275192101855173,-0.0065888496940736248839)	
(-0.0020194290859285291516,-0.022649543609765857011)	
(0.029426913710775975258,0.021860672362094112769)	
(0.053204344395432853765,-0.0029995045473424747882)	
(0.0031790735201313057891,0.02924492788917130992)	
(-0.01300463824594849313,-0.01341147587333591483)	
(0.016964017446657386062,0.02458094874152521106)	
(-0.059787780690403240225,0.039613227410589209321)	
(0.016724350104647310589,0.023820458505618476858)	
(-0.0014586990558322476125,0.02290921091505498941)	
(-0.020423816500912857219,-0.0042514476029090293371)	
(-0.034544709948575322289,0.010840817717064051354)	
(0.011249798378091537335,-0.010635214755141807197)	
(0.051326978481860921488,-0.01647919169036543216)	
(0.030244692140650279721,-0.0073000927536045990759)	
(0.049605450995020380911,0.0058591353746283176412)	
(-0.0080782184651441140549,0.004077152629728357687)	
(0.043626057711901616853,-0.019241818619509441085)	
(0.030424998356212006045,0.013353828580188336489)	
(0.043626486347689466538,-0.019243006536011509483)	
(-0.046849699293469188044,0.014043150558206589362)	
(-0.016603849107991303785,0.044568471491905306547)	
(0.038918409685906332762,0.019204296404224219241)	
(-0.013015431694588837017,-0.00045420331613098844032)	
(-0.007006831964711684492,0.013161839040308707591)	
(0.038917118161990532643,0.01920474319931052623)	
(0.030426382330295868861,0.013354672721702032928)	
(-0.046849684934024436733,0.014043157838691096295)	
(-0.016603213825591389002,0.044568218065849624088)	
(-0.013015005103796491864,-0.00045484578594567426444)	
(-0.0070069141292681304256,0.013161393255230626961)	
(0.019223873484957611224,0.001541670209565801971)	
(-0.01233868436704816697,0.045515369715041803511)	
(0.016963495042389638984,0.0045768042744911410433)	
(0.01922521407329567944,0.0015419259427104463605)	
(-0.012338263902938970476,0.045515375043439401659)	
(0.016962992428144932355,0.0045768009037878499071)	
(0.018038382872010233493,0.022404989487513661539)	
(0.018038551377873041776,0.022405334782634841323)	
(-0.03746945844594388314,0.026010213552797228909)	
(-0.012339885914746745454,0.045531870403526429614)	
(0.018057632391824490065,0.022369881770183161485)	
(-0.0032012796282679849627,-0.0061577870363125185998)	
(0.035643814606343596219,0.0018296515163171481709)	
(0.040326597468425449955,-0.0055146665001038061224)	
(0.0046709543602277900365,-0.019997641507400961552)	
(0.035320084240570280565,0.0041284534872972188796)	
(0.043688202283173965812,-0.019296295552670126444)	
(-0.037469232376185671041,0.026010169465902621688)	
(-0.0032016758140290479083,-0.0061579163918584088264)	
(0.035643889226927842617,0.0018300267562901568075)	
(0.040326206623475857604,-0.0055159215811629112164)	
(0.0046702922691503577501,-0.019997837047463534049)	
(-0.012340069126387411338,0.045530988754605178359)	
(0.035322984267954146698,0.0041296008210002562583)	
(0.018058039783977953424,0.022369385314572394485)	
(0.043688317089793302084,-0.01929580472373636571)	
(-0.017434794334328585635,-0.00095190678461276384201)	
(-0.015502954229462420632,0.0061376884178816143792)	
(-0.03459843104527934865,0.010922758507519234397)	
(0.038840998530455334015,0.019175860056725963637)	
(0.019221038641078495163,0.0015299945539857303517)	
(0.01696029686867445152,0.0045961114259341585495)	
(0.0022191945417482585208,-0.007131905440298430543)	
(0.0082587503081328443588,6.4872725833476193235e-05)	
(0.0021036726256517764878,-0.017529635154526462815)	
(0.028374345318047892311,-0.013221381600239444018)	
(0.053783320701713231704,0.0092105950372684125549)	
(0.0030686946926503349403,-0.0086941291371422004669)	
(0.030366068376726885331,0.013365019777494491215)	
(-0.046810454233881929054,0.014156001433440040457)	
(-0.012973376475829192025,-0.00044938134240369659528)	
(-0.015503231693036910108,0.0061378054942842364544)	
(-0.017435122460920712134,-0.00095208473824737627645)	
(0.03884007541990219109,0.019176711316207375319)	
(0.019221234487412447445,0.001529253112847922362)	
(0.016960351058612422454,0.0045966724801060447614)	
(-0.034598990380448904625,0.010922161127449061396)	
(0.0022190499538311137667,-0.0071323063220388649083)	
(0.0082582163348217194759,6.4605070452078221764e-05)	
(0.0021011938670586205458,-0.017528887089939541866)	
(0.028374732009866857063,-0.013220645066600521592)	
(0.053782651444420681575,0.0092115957967919236127)	
(0.0030679502834913018917,-0.0086935317094392356579)	
(0.030364793074725584393,0.013364364552076258078)	
(-0.046811158352749807077,0.014156512934054850394)	
(-0.012973608238223497541,-0.00044956190818240033711)	
(-0.014302324204093637763,-0.0082475507254463533563)	
(-0.0077494793990584287524,0.002515029896368591554)	
(-0.021414019613535808378,0.013608992740731793922)	
(-0.00029406630777858435658,0.013470972095740926799)	
(-0.046679477630640835162,0.020688427559404587441)	
(-0.013433012517613336992,0.0022873944694155579592)	
(0.048616907265218493872,0.003498868919178253073)	
(0.0004413001087702412336,-0.0050404504160633306284)	
(0.068272685093206553208,-0.0058535827837146491362)	
(0.017315918001784533914,-0.017608615177548816999)	
(0.00010757937239854121125,0.011587237286082354218)	
(-0.014484314603075523417,0.007702229702125371405)	
(-0.016608674360625814287,0.044647253410258665174)	
(-0.0069900020102621890361,0.013166092689512656072)	
(0.0048536654398764634416,-0.0033473249816576584187)	
(0.029173471917423463018,0.011224809421176264526)	
(0.0032077867700467934883,0.029297854267057148875)	
(0.016957459533399252966,0.024513047207610473566)	
(0.01672451367047265644,0.023837922873519948319)	
(-0.021414292526858356991,0.013608480872659062255)	
(-0.014302310702464914732,-0.0082481387202919635715)	
(0.068272298447201104632,-0.0058523357533378636205)	
(0.017316539104655255532,-0.017610889752656570112)	
(0.00010729157619944278655,0.011587922183140114685)	
(-0.014484672307377283867,0.0077031602949651639678)	
(-0.016607668729469365898,0.044646126253968354547)	
(-0.0069901506978766051251,0.013166446557406003351)	
(-0.0077495876263933465358,0.0025142535973028171635)	
(-0.00029477669266315340837,0.013469979089361986541)	
(-0.046680227518189690294,0.02068809081846577011)	
(-0.013432261671779705675,0.0022867353964948129198)	
(0.04861624228628746297,0.0034984057728187395626)	
(0.00044206343427670869578,-0.0050401240175598216453)	
(0.0048540464671009376715,-0.0033469982597847010297)	
(0.02917382633078255405,0.011224409806508101051)	
(0.0032075350805550397089,0.029297808255229706997)	
(0.016957687732987954121,0.024512362758487990511)	
(0.01672397737454369912,0.023837276444691007232)	
(-0.0051173779795149918967,-0.0066080540570431734945)	
(-0.020460768836448518793,-0.0041930364877446864649)	
(-0.034620304098071957855,0.0109165416617365129)	
(0.01127725064990693811,-0.010622184820256317522)	
(-0.0020193359486985751339,-0.022702676841220060383)	
(0.029458082286067114458,0.02183386869866127053)	
(0.053176721311398937597,-0.0030276182827625266504)	
(0.051300718517265711527,-0.016519044004699504763)	
(0.030264577034254995513,-0.007289692351487522641)	
(0.049653012689406299252,0.0058669257835450147262)	
(-0.012998195886820993958,-0.013407545090504726856)	
(-0.059764698614475524063,0.03959558145450957356)	
(-0.0014407390271712391255,0.02293370842670073434)	
(-0.0081130386430608193715,0.0040833466017740141507)	
(-0.0051178214810890633804,-0.0066079432719799375065)	
(-0.0020187038186518092668,-0.022704529545648322736)	
(0.029459898239421876409,0.021834443773731643246)	
(0.05317761290575458849,-0.0030276588638559107612)	
(-0.012999119147803637336,-0.013406753090625261188)	
(-0.059764286755891973812,0.039596638558429472776)	
(-0.0014401092445596220832,0.022932808297931726871)	
(-0.020461666319477277848,-0.0041932125909863319016)	
(-0.034621158613239354229,0.010915590782719137089)	
(0.011276252874368798348,-0.010622518516780227182)	
(0.051300910170405007726,-0.016519041035094168823)	
(0.030263443346284068375,-0.0072905660064531037368)	
(0.049653263763379126838,0.0058670001843560371999)	
(-0.0081122378557312406488,0.0040830826295730369632)	
(-0.0050910583075364545039,-0.0065824058682005430823)	
(0.026289201955912840092,-0.0037144978783038846808)	
(-0.0077205649419051841295,0.0024952187875048360832)	
(-0.014293853824789377882,-0.0081667606955964609783)	
(-0.015525018796502506116,0.0061338342734492887209)	
(0.011261733460561466902,-0.010622702938464879951)	
(0.029353717011348957888,-0.0062295202311841981965)	
(0.04707661594075222139,-0.0040967303850560441575)	
(-0.041659488653225024146,0.014415253039305249427)	
(0.047076222562276733019,-0.0040983502902882246177)	
(0.074235970406616849648,-0.0068828944001442802017)	
(0.038248203859235656299,-0.0029171371598557139376)	
(0.030261228927328968213,-0.034295266613629707408)	
(-0.03530172223660436176,0.021584857899909278001)	
(0.040782065913042030159,0.03887186759813168746)	
(0.04870226100547110637,0.025558798676871833516)	
(0.017245886101872318075,-0.0023131386773772568896)	
(0.0072062542824023329002,0.026771445543597966604)	
(-0.012736357337504477724,0.015613603622182652825)	
(0.0045331080086025935666,0.029450149844343322808)	
(0.026288337694248379434,-0.0037158920514007215061)	
(0.047077604813600869293,-0.004095059527649235788)	
(0.030261863269567115114,-0.034294266200998554939)	
(0.048701680156813788314,0.025558448881378627304)	
(0.0072065289109057668535,0.026772441527010512607)	
(-0.062769909477319460467,0.026456046723246782332)	
(-0.02254227384088292388,0.034637092447504812254)	
(0.017866182173702917918,0.017019466031527260425)	
(-0.0077118347290683932072,0.012277449497729133257)	
(-0.0077212658507242667993,0.0024941523493082463046)	
(0.029353294180941714997,-0.0062301058528964319699)	
(0.038249373888588476811,-0.0029198752461898546881)	
(-0.012734593625023745214,0.015612496874793650725)	
(0.0045340997899599227647,0.029449107630800011592)	
(0.017866810812853434198,0.01701939571481720509)	
(-0.0050911774874161158308,-0.0065832324011588722393)	
(-0.014294517184352567574,-0.0081678302362875286613)	
(-0.015525624882277787309,0.0061332066667197666227)	
(0.011261182336666798395,-0.01062435280023399202)	
(-0.041659875975693039241,0.014415223563510557239)	
(0.047074175296821278713,-0.0040992614345385066169)	
(0.074236561968229114461,-0.0068825882891786578296)	
(-0.035302778444896314169,0.021585583413742674003)	
(0.040780765017545711482,0.038870179069824831175)	
(0.017248124036270882226,-0.002314693400226261466)	
(-0.062770177865770784842,0.026455899966736098894)	
(-0.022543174445198783246,0.034636116090172627824)	
(-0.0077127030969582083958,0.012277106556903127216)	
(-0.0077505242989277575022,0.0025111124870369895372)	
(-0.035099574874637232136,0.021722261409986010072)	
(-0.0077505643883656284363,0.0025104830647168915533)	
(-0.035099753663837635065,0.021721617428721220339)	
(-0.04163449602035738939,0.014379932331725860106)	
(0.02622727339758725712,-0.0037041978288927563008)	
(0.047065746742722354423,-0.0040185048944023837522)	
(0.030252467533953952133,-0.034347841704914464089)	
(0.048663358154576716319,0.025573980032863898731)	
(0.0072782889747424707114,0.026756091719668508022)	
(-0.041635518158896059338,0.014379128547521147913)	
(0.026227022757942128339,-0.0037019326865920087338)	
(0.047066551550053112307,-0.0040191536153887036723)	
(0.030253098751962876484,-0.034348449030176600449)	
(0.048664035536672492488,0.025572850365582839444)	
(0.0072777902626914034792,0.02675605961936991864)	
(-0.0050950164347586517771,-0.0065749605778897563663)	
(-0.014301349025348190219,-0.0082195563442706304907)	
(-0.015452973178394868378,0.0061413541202517607162)	
(0.011272588561786769934,-0.010603158437739932524)	
(0.02933086391063104148,-0.0062299162678005285537)	
(0.047060687175750452738,-0.0040122396584951376675)	
(0.074318326006809709572,-0.0069051712833286347376)	
(0.038242246798982200418,-0.0028895749325521620163)	
(0.040778524032904397978,0.0389325782686075067)	
(0.017213213816086953001,-0.0023387096093212731383)	
(-0.012751018583405861195,0.015617711299828430579)	
(0.0045295203044957372054,0.029456471520114584778)	
(-0.022493602544781634428,0.034654007957321951439)	
(0.017878415074432760234,0.017028814147251259553)	
(-0.0077006420475351161983,0.012252928795562877465)	
(0.029331367704579988653,-0.0062288207154808060417)	
(0.038242529388585674854,-0.0028889048466832472489)	
(-0.012750060273630148613,0.015616004796031543803)	
(0.0045298886566974743209,0.029456985259551135559)	
(0.017878503304366095278,0.017028803047878598997)	
(-0.0050953125077337407464,-0.0065746068460045591422)	
(-0.014301922784409512937,-0.0082193710854716658248)	
(-0.015453293825815443696,0.0061412361483617434674)	
(0.011270983929622458916,-0.010602181227168107694)	
(0.047062077497998566766,-0.0040134215850346844148)	
(0.074318003248730224453,-0.0069060665006415245318)	
(0.040778920450598984959,0.038931614698268390828)	
(0.017213470717102073715,-0.0023388483691517171492)	
(-0.022493615141216168757,0.034653630065445993613)	
(-0.0077009372319470021165,0.012253094137101077851)	
(-0.0092937719613801934859,0.0097288707021870000913)	
(-0.017431675725879600125,-0.00097563749966470025062)	
(-0.021418343273617749395,0.016213352277408596414)	
(0.0021351697470263831559,-0.0072217055521127011819)	
(-0.013445301101604509308,0.0022956006955946960633)	
(0.048604995088901009614,0.0034736728652174806917)	
(-0.0020171150784214315552,-0.022657531970071961847)	
(0.051325440146231970928,-0.016479168426775499257)	
(0.038266471681765772128,-0.0029106552402619768199)	
(0.030241522107949742743,-0.034315107717104158247)	
(0.017245860632102486681,-0.0023098035912006540001)	
(-0.022941931790274740222,0.064353423831161937763)	
(-0.0092943619619467073012,0.009728605487448790945)	
(-0.021418845867870388994,0.016212165543224812958)	
(-0.017432066491493345556,-0.0009760363833795134697)	
(0.0021346831917724126866,-0.0072230688900056126342)	
(-0.013448430081720729942,0.0022951829895642744846)	
(-0.0020197520793962466142,-0.022658786482078162317)	
(0.051324866191768639401,-0.016477975690381705537)	
(0.038269506761767962955,-0.0029102479799503599284)	
(0.017245470074135429289,-0.0023057682169792888434)	
(-0.02294072746440783267,0.064353097789218813296)	
(-0.022545060436260987852,0.034633650276947376689)	
(-0.0021926475385285241169,0.055864468973446095024)	
(0.04860522326607345095,0.0034738647108000426413)	
(0.030241424728774547043,-0.034314153010034854907)	
(-0.022545246028650874764,0.034634392062817986879)	
(-0.0021926344388218631243,0.055864346828809162415)	
(-0.013448547353997086784,0.0022836682938680913021)	
(-0.013446979516303870714,0.002284326528398276674)	
(0.038243642033539755609,-0.0028877027674678048229)	
(-0.022903538756854920078,0.064411781763488856756)	
(0.038242065065202744678,-0.0028864764303168162669)	
(-0.022902674826193309549,0.064413013832049212382)	
(-0.0094123172045818496306,0.0095342745984201230508)	
(-0.017428811977028311336,-0.00095796086590718937219)	
(-0.02123055092555203513,0.016342048820391447128)	
(0.0022164089329146127554,-0.0071512810548522267109)	
(0.048611076607771058766,0.0035031312574569112989)	
(-0.0020319253023388141044,-0.02270653583307906398)	
(0.051317279014932604131,-0.016515446854831514201)	
(0.030258334250674787796,-0.034360237613769016585)	
(0.017223833453787491116,-0.0023497988458545749149)	
(-0.0094128271398299535183,0.0095336938359697250694)	
(-0.021231590930605441503,0.016342585724319239754)	
(-0.017429417670131997636,-0.00095843055815444315286)	
(0.0022158034559274669174,-0.0071516020256703833127)	
(-0.0020312345068265597048,-0.022705847686989934914)	
(0.051317150631125622862,-0.016517266312100063741)	
(0.017224033181904158107,-0.0023492854923502074806)	
(-0.022494644052240948817,0.034666132124034902684)	
(-0.0021751512847472545889,0.05588244239361088439)	
(0.04861050446541463621,0.0035028547361910635297)	
(0.030256871869423388605,-0.034360588758339874471)	
(-0.02249429058474059287,0.03466613498452377623)	
(-0.0021748334139248602474,0.055881766624093963391)	
(-0.0031551669871385883658,-0.00623848403813920694)	
(-0.00750163770705108892,-0.0011333127306269938361)	
(0.03565321664940492713,0.0018488052510530874131)	
(0.0083213460352797186809,5.2982560152947018599e-05)	
(-0.05400187230475957112,0.028758758418128346768)	
(-0.034180520288153402875,0.010927126037017242249)	
(0.0020749294689612015653,-0.017569719225902887677)	
(0.00041562074525903851784,-0.0050260591533873065842)	
(0.029418553880075876822,0.021853920253896937098)	
(0.029417983882173395077,0.02185325641196478319)	
(0.068293431974184512501,-0.0058624652648410118319)	
(0.053185788759846724938,-0.0029755767029508591558)	
(0.030225212188167326771,-0.007299359064238630096)	
(0.030225417065721044141,-0.0073007898593110409635)	
(0.0048710523978391191344,-0.0033296121419831258004)	
(0.049597600306373390566,0.0058527657299642559321)	
(0.048674430637000373756,0.025563065734163361448)	
(-0.0075029264791145024519,-0.0011335444375366919914)	
(-0.054002388056780849246,0.028758289292870577863)	
(-0.0031556073354718212724,-0.0062392477993115950594)	
(0.0083214082664351835678,5.060345534009858307e-05)	
(0.00041811493472546388877,-0.0050276168022319123532)	
(0.053186097340760657426,-0.0029774586575022506628)	
(0.0495965275700446101,0.0058543570664614120319)	
(0.048676076580938650029,0.025559926737048894313)	
(-0.012994938686673366754,-0.013435408140928264964)	
(0.0072006826864195643337,0.026785416086606401997)	
(-0.012736738329094920638,0.015607947373858200094)	
(0.0045167643287129417839,0.029441192241767118187)	
(-0.0077158780885829177099,0.012276182376823409348)	
(-0.012737609343820784774,0.015608050413149937921)	
(0.0072013514864802561852,0.026785476772306516385)	
(0.0045178466282030614598,0.029440551830903050057)	
(-0.0080800907291643016966,0.0040852038043339934312)	
(0.017867620102303728713,0.017020106134250596874)	
(0.035651716854616016805,0.0018447314568831732831)	
(-0.034180820489131416573,0.01092693977324393946)	
(0.0020758367498784208172,-0.017571458587110306421)	
(0.068293755212725015813,-0.005863565936193894379)	
(0.0048655936353220350862,-0.0033330665515759775805)	
(-0.012995444793465291827,-0.013433648500814783164)	
(-0.0080804024553844562562,0.004085482268943039369)	
(-0.0077160892466229978257,0.012276703201073012328)	
(0.017867945140432345968,0.017020280235224595489)	
(-0.0032054376285865502152,-0.0061449189804582632704)	
(-0.0074272730714201283531,-0.0011632567702440669774)	
(0.0082547302532032951899,6.2335522686966901747e-05)	
(0.00043326863200509560959,-0.0050377017181261144613)	
(0.029452861315470809517,0.021833303464981350384)	
(0.030268150746483719199,-0.0072915403062115847349)	
(0.048647102353637707017,0.025568310172958737952)	
(-0.012735781299129875221,0.015622542354401228529)	
(-0.0077000287612007866853,0.012252488710948866366)	
(-0.003206238942967412197,-0.0061448918686573348463)	
(-0.0074276612508572857976,-0.0011637031015051019396)	
(0.0082549665729704582717,6.3603470874940066962e-05)	
(0.00043280502444409440013,-0.0050382661652948902004)	
(0.02945349262015371089,0.021835111089369842186)	
(0.030267752370292794889,-0.0072924799244949633711)	
(0.048647139668202298013,0.025567313459173377638)	
(-0.012736057138829005864,0.01562230901296964708)	
(-0.0076998200832870036109,0.012253276377418048648)	
(0.053176821742984207997,-0.0030365799726621081622)	
(0.049647616351287796044,0.0058660606006755728475)	
(0.0045393688251098044881,0.029465337347246729066)	
(0.053178321788909271861,-0.0030377626771753603319)	
(0.049647771852673508453,0.0058659762846023991156)	
(0.0045400959601507974786,0.029466136830857147383)	
(0.035625572615402667509,0.0018380878448072505982)	
(-0.034110905513251861543,0.010894628315530939869)	
(0.0021023413544939955483,-0.017529407265909038166)	
(0.068270868519663574503,-0.0058617253824705941798)	
(0.0048424317280123556004,-0.0033463530170832573793)	
(-0.013009206278949103988,-0.013406368471290805097)	
(0.0072910109424855285357,0.026761364252268798891)	
(0.0072913830596095614497,0.026761628928539255012)	
(-0.0081000758889824622799,0.0040785431703808548362)	
(0.017883635675031477053,0.01702497935538098417)	
(0.035626623349773976768,0.0018402018171544854298)	
(-0.034111519290651495795,0.010893587151803522592)	
(0.0020995155938454551636,-0.017527810215491417684)	
(0.068271364596037484307,-0.005861007553912316731)	
(0.0048423547746595848457,-0.0033455168365214486663)	
(-0.013009457977804912004,-0.013405440909448151574)	
(-0.0081000804135611548934,0.0040781183821147473298)	
(0.017883697661479708296,0.017025195841456300383)	
(-0.0019971497583108222679,-0.0032093906753671470888)	
(-0.0012732199550607142379,-0.0055519156315399524268)	
(-0.012276581806907261446,0.0043139647420074927683)	
(-0.0044034648690390023815,-0.0034727160410111730139)	
(0.037089320200415845652,-0.0047125591234518596911)	
(0.040411028750519696617,-0.0054922842542893647935)	
(0.0046960665916389544502,-0.020017345936894165304)	
(0.02838572337953250424,-0.013191307341243439094)	
(-0.027481684824074269907,0.017489354037147214482)	
(-0.031972651572459112601,0.012016214096387551474)	
(0.035292876147362851891,0.0041097713132698266564)	
(0.053752659433575745995,0.0092907398052743880856)	
(-0.0019987191648397719702,-0.0032076709826101843306)	
(0.01733937547836914353,-0.017616978529728977848)	
(0.01733879736070244662,-0.017615407415440029193)	
(0.0030412655479846572443,-0.0086780037646451129579)	
(8.8082763384122640064e-05,0.011616982040147222008)	
(0.029169017757865779022,0.011232834000407915589)	
(0.029169314021427729389,0.011231622146742429105)	
(-0.014428798014116396911,0.0076366169503594800647)	
(0.0031858296022617472489,0.029267359453137672953)	
(0.040409859470102747758,-0.0054946893773605339634)	
(0.028383838268068967842,-0.013191586544352977561)	
(0.0031839520060423227681,0.02926979516116356983)	
(-0.059777993779596860779,0.039644709259840794913)	
(0.016975768803262750173,0.024574030640604486303)	
(-0.0014557683251905902469,0.022903931620480266762)	
(-0.012276855949947047819,0.0043135690181872188287)	
(-0.0012750503486325948099,-0.0055493862549521842664)	
(-0.027482385359398821267,0.017488611935297462135)	
(0.0046927575898911147792,-0.020014273075973431498)	
(0.05375142173710262955,0.0092956772101673180303)	
(9.0775883941289316269e-05,0.011620045723397224788)	
(-0.059779637706918263562,0.039645302235298218729)	
(0.016975061375854451351,0.024570755370217085833)	
(-0.0014532546468831294886,0.02290412073937318424)	
(0.016728162158105269741,0.023823261129409734754)	
(-0.0044039341268890938239,-0.0034749458440284037089)	
(0.037087420146458049963,-0.0047078438590984136858)	
(-0.031973515457607536161,0.012015985455578994529)	
(0.035290012035098600185,0.004107672062975805706)	
(0.003039519033191030728,-0.0086736882171565832245)	
(-0.014432640415239894605,0.0076353740642683054149)	
(0.016728153591189041244,0.023822615558636857369)	
(-0.0020088176330213072286,-0.0032599071229232143981)	
(-0.0122973972581358372,0.0043823057014177220492)	
(-0.0020097725786474176894,-0.0032611033172315032243)	
(-0.012298224555048937329,0.0043815006605352002991)	
(-0.0013159520089346128224,-0.0055755837789281947892)	
(-0.004378145775210795683,-0.0035183842884639756309)	
(0.037045065053634015917,-0.0046996591336038191083)	
(0.040335677897420214866,-0.0055111742401174317746)	
(0.0046787256996027731804,-0.020007445545747279403)	
(0.028397445580643790319,-0.013219295475212274743)	
(0.035294307381026512882,0.0041161522329840240925)	
(0.053780723444142218559,0.0092091921704345984512)	
(0.017303460642986965429,-0.017607974325335104537)	
(0.0030643357043880622634,-0.0087126404116747695888)	
(9.423470542889318929e-05,0.011570183327311288693)	
(0.029177769855032020113,0.011215695192099464292)	
(-0.014474373452718901009,0.0076920846596495676822)	
(0.003216070221931532306,0.029296724124383704407)	
(-0.059760360145190823122,0.039592412266221191364)	
(0.040332982703930486679,-0.0055095978518161200024)	
(0.028397417233440531981,-0.013217227118400608557)	
(0.017302130537497063117,-0.0176097964685006797)	
(0.029178848862513220852,0.01121578657991226767)	
(0.016959050973432504561,0.024545931846311198204)	
(-0.001435698845727227408,0.022928963169315069032)	
(-0.0013167822804368450353,-0.0055771046418611009907)	
(0.0046806955336507255136,-0.020007829420365705331)	
(0.053780020814069962043,0.00921083204068212473)	
(9.4584588146182148349e-05,0.011571804180898826939)	
(0.0032174240689888840283,0.029297645475564300377)	
(-0.059759201274869985787,0.039592650897509566732)	
(-0.0043794412232352319253,-0.003518573814408731959)	
(0.037045544702773984536,-0.0046994643676283214331)	
(0.035299868717302139431,0.0041164670308780982114)	
(0.0030632256881625821894,-0.0087155149575489157532)	
(-0.014474422593889207586,0.0076906032837816776931)	
(0.016958571186044383433,0.024546632469318561964)	
(-0.0014356290806635150451,0.022929319081090089594)	
(0.016724218934932821162,0.023842678773403905984)	
(0.016723918122662249225,0.023842387098425722042)	
(0.022061863346124643837,-0.014293480898282922772)	
(-0.014279217699849780857,0.00061751846597985231204)	
(-0.007633393616051659808,-0.0032845781149709973694)	
(-0.026311629639895802585,-0.010427367001235874136)	
(0.05842551612182531745,-0.027238292561304403017)	
(0.057672244489548864232,-0.0022091026231975518374)	
(0.04909748152967638446,-0.010395109157994989954)	
(0.054152953831249350802,-0.017494952437462595041)	
(0.043653447865528223482,-0.019257387114646185716)	
(0.038905228562208592213,0.019210189244300356765)	
(0.030420960571434396691,0.013350599412122828372)	
(0.022061278369281411144,-0.014295524861513591794)	
(0.057673252408701143612,-0.0022063278445426004644)	
(0.030420017618195759057,0.013349831084846526877)	
(-0.04686050900234539629,0.014034641675911901579)	
(-0.016605775257930593253,0.044571440614201603136)	
(-0.014279846880140809745,0.0006174675484100812517)	
(-0.026313180373290910585,-0.010430033938202404667)	
(0.049099764246043536842,-0.010393348465980448841)	
(0.043656966020793400163,-0.019258719665807284838)	
(-0.046864375834431558354,0.014036657450896250152)	
(-0.016608400328562082648,0.044571972071537506455)	
(-0.013015996871013877506,-0.00045604859769113450857)	
(-0.0070019102370070546854,0.013146450420591279315)	
(-0.007634588446487673534,-0.0032855253818178491165)	
(0.058425414785809724749,-0.027239071568754547048)	
(0.054151837881595644986,-0.017497369192051810682)	
(0.038911368762462483772,0.019207507262708967827)	
(-0.013014955697394848394,-0.00045578342877464900207)	
(-0.0070021883820748261062,0.013146366797091947609)	
(0.0045294240283828600749,-0.0095350241612535881902)	
(0.0045286568023963930801,-0.0095359658336534956075)	
(0.022028868942878861853,-0.014240563933588348475)	
(-0.026329501810178006227,-0.010410366003850099817)	
(0.057678736648041704915,-0.0021851475795659227284)	
(0.022027861385959805057,-0.014240834103969625402)	
(-0.026331924149024684562,-0.010410137929538067908)	
(0.057678109039892747067,-0.0021842776083521608411)	
(0.058407186678868072693,-0.027303873303157893959)	
(0.049119952756163751117,-0.010398326733470790451)	
(0.043685066741699009329,-0.019292033727072374627)	
(0.038862434853745089769,0.019162614079628107616)	
(0.030361518318048355547,0.013367363916516942363)	
(-0.046817096208901141929,0.014150213417799380189)	
(-0.016596033890735942956,0.044659677053006781311)	
(0.04368378048387437651,-0.019293815239607589596)	
(0.030359447527177164244,0.01336723414351831396)	
(-0.016596080413456133079,0.044659899095179519946)	
(-0.0069801305504028588952,0.013156705122825469723)	
(0.058405263268624788009,-0.027300528564429337591)	
(0.049117399279336781959,-0.010401359545614127441)	
(0.038861464141412768725,0.019162046855113419597)	
(-0.046817004953588786664,0.014150507021991201931)	
(-0.0069795150912320960343,0.013157667626127231286)	
(0.054127087557897288206,-0.017540731884158711901)	
(-0.012989250771433454371,-0.00045481160906215076364)	
(0.054128885015085823063,-0.017539128064205225521)	
(-0.012989495246394764175,-0.00045476173974267648922)	
(-0.020144577881363086996,-0.010342254230852034047)	
(0.045678069364478657288,-0.030267716641311684378)	
(0.049288175346162255153,-0.025494364622796597541)	
(0.031267309840003303101,-0.0063604089671090886793)	
(0.058740662389952416622,0.032459140517932548453)	
(0.026588044990469079931,0.015538555091253227966)	
(0.049287326860825084185,-0.025494204175555323227)	
(0.026586807473651559441,0.015539965124530054005)	
(-0.013119619405604594081,0.027716867839781875182)	
(0.019215238636870305561,0.0015510781757055432193)	
(-0.020146951447612200525,-0.010341384439784846033)	
(0.031267314782562019571,-0.0063545238707020607408)	
(-0.013118674421515572753,0.027720097288385810858)	
(0.019216629964804773228,0.0015528211487013680783)	
(-0.01234153868689787277,0.045517247778092753685)	
(0.016947845554422451969,0.004583668560457063515)	
(0.045678300674066155129,-0.030266633212934383051)	
(0.058737125638688929274,0.03246505996460226362)	
(-0.012342101325106352716,0.045514163734777984827)	
(0.016948142992715103938,0.0045834082075781896332)	
(0.079615447678181378022,-0.034606721775248677764)	
(0.049324018861235642552,-0.02545834507017654888)	
(0.079616740453540765787,-0.034606839793584087683)	
(0.049323397498206356104,-0.025457411366720930634)	
(0.031211230114315653694,-0.0063538209841432456704)	
(0.026642404197480831773,0.015553890726574386497)	
(0.031209906225693955645,-0.0063560156215882396627)	
(0.026641569894293691545,0.015553664681499480144)	
(0.019225211379074607504,0.0015371173767883567624)	
(0.019222973916922292403,0.0015349570852232713534)	
(-0.01311485935425615347,0.027700310048254562362)	
(0.016963190012030657239,0.0045998275355434185482)	
(-0.013113461968445244005,0.027698781376014513372)	
(0.016963058701984737309,0.0045997985422714191689)	
(0.058718473277637871222,0.032421737453387888817)	
(-0.012358559714248691305,0.045538022944348485743)	
(0.058719114760862216318,0.032420631693402167384)	
(-0.012357705233393339456,0.045538595700415407386)	
(0.10993787719672454273,-0.00728993361880396918)	
(0.043854178075230135225,0.0042477810585001881533)	
(0.00030031438062081664171,0.0068663354919232966883)	
(0.075898543051158423589,0.028753318368939080607)	
(0.10993594317704710739,-0.0072930818135040660632)	
(0.043852054001401706562,0.0042448254625072215709)	
(0.00029748278774604217968,0.0068668391548961614512)	
(0.00079800365356143038078,0.022467727890393873053)	
(0.00079469435638100953314,0.022466198287649990356)	
(0.01803350684565647663,0.022397550177851961034)	
(0.075898280127088449398,0.028752975562943226817)	
(0.0072236674722195928777,0.019223724489397815002)	
(0.018033736141152282434,0.022399731061333132132)	
(0.007221999390399231819,0.019227426808215840326)	
(0.00030740978646693419051,0.0068751129683480311644)	
(-0.064303370917122820716,0.0053647163143968048735)	
(0.00030874452742617224587,0.0068726175212530278558)	
(-0.064304562586470395691,0.0053629002598778200903)	
(0.00080676898245748062885,0.022437578498040029046)	
(0.00080599783577311849298,0.022441463371219560335)	
(0.01804504400716737747,0.022367103840259090763)	
(0.0072086209659889145113,0.019240366630859307567)	
(0.018046811753942570977,0.022367507280442969209)	
(0.0072066065465985554295,0.019240244756772908324)	
(0.012240935270995506948,-0.0080425062316872748813)	
(0.012243255602016174521,-0.0080441996247234918288)	


real	951m46.088s
user	652m29.672s
sys	275m24.120s
