clang++ -std=c++14 -stdlib=libc++ -O3 -ferror-limit=2 -Weverything -Wno-c++98-compat -Wno-c++98-compat-pedantic -Wno-sign-conversion -Wno-exit-time-destructors -Wno-float-equal -Wno-global-constructors -Wno-missing-declarations -Wno-unused-parameter -Wno-padded -Wno-shadow -Wno-weak-vtables -Wno-missing-prototypes -Wno-unused-variable -ferror-limit=1 -Wno-deprecated -Wno-conversion -Wno-double-promotion -c src/direct_cuda_pattern.cc -o ./obj/direct_cuda_pattern.o -Iinclude -I/usr/local/cuda/include -I/usr/local/include -I/usr/include/c++/v1
nvcc src/cuda_pattern.cu -o ./obj/_cuda_pattern.o -Iinclude -I/usr/local/cuda/include -I/usr/local/include -I/usr/include/c++/v1 -m64 -dc -gencode arch=compute_70,code=sm_70 --relocatable-device-code true  -Xptxas -v
ptxas info    : 9754 bytes gmem
ptxas info    : Compiling entry function '_Z5ZaxpymddP7double2S0_' for 'sm_70'
ptxas info    : Function properties for _Z5ZaxpymddP7double2S0_
    0 bytes stack frame, 0 bytes spill stores, 0 bytes spill loads
ptxas info    : Used 30 registers, 392 bytes cmem[0]
ptxas info    : Function properties for cudaGetDevice
    0 bytes stack frame, 0 bytes spill stores, 0 bytes spill loads
ptxas info    : Compiling entry function '_Z5DasummP7double2Pd' for 'sm_70'
ptxas info    : Function properties for _Z5DasummP7double2Pd
    0 bytes stack frame, 0 bytes spill stores, 0 bytes spill loads
ptxas info    : Used 26 registers, 1024 bytes smem, 376 bytes cmem[0]
ptxas info    : Compiling entry function '_Z8sum_diagP7double2mdd' for 'sm_70'
ptxas info    : Function properties for _Z8sum_diagP7double2mdd
    0 bytes stack frame, 0 bytes spill stores, 0 bytes spill loads
ptxas info    : Used 10 registers, 384 bytes cmem[0]
ptxas info    : Compiling entry function '_Z5ZgemmP7double2S0_S0_md' for 'sm_70'
ptxas info    : Function properties for _Z5ZgemmP7double2S0_S0_md
    0 bytes stack frame, 0 bytes spill stores, 0 bytes spill loads
ptxas info    : Used 40 registers, 8704 bytes smem, 392 bytes cmem[0]
ptxas info    : Function properties for cudaFuncGetAttributes
    0 bytes stack frame, 0 bytes spill stores, 0 bytes spill loads
ptxas info    : Function properties for cudaOccupancyMaxActiveBlocksPerMultiprocessorWithFlags
    0 bytes stack frame, 0 bytes spill stores, 0 bytes spill loads
ptxas info    : Compiling entry function '_Z22extract_intensity_diffP7double2PdS1_mm' for 'sm_70'
ptxas info    : Function properties for _Z22extract_intensity_diffP7double2PdS1_mm
    0 bytes stack frame, 0 bytes spill stores, 0 bytes spill loads
ptxas info    : Used 24 registers, 392 bytes cmem[0], 8 bytes cmem[2]
ptxas info    : Compiling entry function '_Z9compose_aPdPmS_dP7double2m' for 'sm_70'
ptxas info    : Function properties for _Z9compose_aPdPmS_dP7double2m
    0 bytes stack frame, 0 bytes spill stores, 0 bytes spill loads
ptxas info    : Used 30 registers, 400 bytes cmem[0]
ptxas info    : Function properties for cudaOccupancyMaxActiveBlocksPerMultiprocessor
    0 bytes stack frame, 0 bytes spill stores, 0 bytes spill loads
ptxas info    : Compiling entry function '_Z5ZscalmdP7double2' for 'sm_70'
ptxas info    : Function properties for _Z5ZscalmdP7double2
    0 bytes stack frame, 0 bytes spill stores, 0 bytes spill loads
ptxas info    : Used 27 registers, 376 bytes cmem[0]
ptxas info    : Function properties for cudaMalloc
    0 bytes stack frame, 0 bytes spill stores, 0 bytes spill loads
ptxas info    : Compiling entry function '_Z38make_individual_pattern_intensity_diffPdS_PmS_dS0_S_S_mP7double2mm' for 'sm_70'
ptxas info    : Function properties for _Z38make_individual_pattern_intensity_diffPdS_PmS_dS0_S_S_mP7double2mm
    24 bytes stack frame, 0 bytes spill stores, 0 bytes spill loads
ptxas info    : Used 72 registers, 448 bytes cmem[0], 104 bytes cmem[2]
ptxas info    : Compiling entry function '_Z5ZcopymP7double2S0_' for 'sm_70'
ptxas info    : Function properties for _Z5ZcopymP7double2S0_
    0 bytes stack frame, 0 bytes spill stores, 0 bytes spill loads
ptxas info    : Used 28 registers, 376 bytes cmem[0]
ptxas info    : Function properties for cudaDeviceGetAttribute
    0 bytes stack frame, 0 bytes spill stores, 0 bytes spill loads
ptxas info    : Compiling entry function '_Z6Dznrm2mP7double2Pd' for 'sm_70'
ptxas info    : Function properties for _Z6Dznrm2mP7double2Pd
    0 bytes stack frame, 0 bytes spill stores, 0 bytes spill loads
ptxas info    : Used 28 registers, 1024 bytes smem, 376 bytes cmem[0]
ptxas info    : Compiling entry function '_Z34extract_intensity_diff_with_offsetP7double2PdS1_S1_mmdd' for 'sm_70'
ptxas info    : Function properties for _Z34extract_intensity_diff_with_offsetP7double2PdS1_S1_mmdd
    0 bytes stack frame, 0 bytes spill stores, 0 bytes spill loads
ptxas info    : Used 24 registers, 416 bytes cmem[0], 8 bytes cmem[2]
nvcc -dlink ./obj/_cuda_pattern.o -arch=sm_70 -o ./obj/cuda_pattern.o -m64 -lcudadevrt -L/usr/local/cuda/lib64  -rdc=true -Xptxas -v
clang++ -o ./bin/direct_cuda_pattern ./obj/_cuda_pattern.o ./obj/direct_cuda_pattern.o ./obj/cuda_pattern.o  -lcudadevrt -lcublas -lcudart -m64 -L/usr/local/cuda/lib64  -lc++ -lc++abi -O3 -pthread

solution:
(0.99872445988767033498,-0.00086005354943624926466)	
(0.01018682871079211287,0.0088443677080650030115)	
(0.010186828708465163473,0.0088443677073603808869)	
(0.010101846877493084534,0.0095193268098540482353)	
(0.010101846878994799953,0.009519326811797417312)	
(0.0099984342901928962427,0.0095644782444472709743)	
(0.0099984342900381797253,0.0095644782472684118646)	
(0.010116745563468230312,0.0096624774462325292712)	
(0.010116745564273390071,0.0096624774450276111615)	
(0.010032284346159339727,0.009762822457940929094)	
(0.010032284344328699921,0.0097628224555775678511)	
(0.010039889984889711211,0.0097329651529452932551)	
(0.010039889984588556276,0.0097329651560154155365)	
(0.010050455432630549246,0.0097180145468338998554)	
(0.010050455431606812595,0.0097180145477099889872)	
(0.010186828707570164121,0.0088443677048833466842)	
(0.010145521600574964119,0.00904819108247154405)	
(0.010145521599570665044,0.0090481910871279651321)	
(0.010098005431128598275,0.0094298535078751605232)	
(0.010098005428270044603,0.0094298535141277509825)	
(0.010009423091752808407,0.0096107488318370650621)	
(0.010009423090600185272,0.0096107488365586267454)	
(0.010043174265398385758,0.0096981465868090418331)	
(0.010043174263370448912,0.0096981465900783710848)	
(0.010020699934483040527,0.0097421341040555466811)	
(0.010020699933059743283,0.0097421341060757588037)	
(0.010053717734029739977,0.0097987739463103549348)	
(0.010053717733478297405,0.0097987739495080921487)	
(0.010023337585821103651,0.0098389233198093294791)	
(0.010023337584432473121,0.0098389233190406284041)	
(0.01018682870843858751,0.0088443677044604332438)	
(0.010145521600575120244,0.0090481910885977841902)	
(0.010145521602787907489,0.0090481910856262601217)	
(0.010098005427658126101,0.0094298535127931831096)	
(0.010098005427465226586,0.0094298535079175242052)	
(0.010021601007748280956,0.010068009770127369154)	
(0.010009702136509158674,0.010061216834346629542)	
(0.010009423091457107444,0.0096107488343278226622)	
(0.010021601006032205758,0.010068009770400959332)	
(0.010009702137083437146,0.01006121683550918397)	
(0.010009423092577933098,0.0096107488406561806388)	
(0.010019237060911170487,0.010052127120821024303)	
(0.010008097967752213955,0.010046364858804222517)	
(0.010043174267313719969,0.0096981465886459995024)	
(0.010019237061528709493,0.01005212712182430336)	
(0.010008097967550743171,0.010046364856094463017)	
(0.010043174263696623763,0.0096981465890235221683)	
(0.010015544633838613028,0.010038342022343492085)	
(0.010005656075272950992,0.010034013912609333202)	
(0.010020699933374089055,0.0097421341043728119924)	
(0.010015544634227055779,0.010038342022874848294)	
(0.010005656074452676588,0.010034013911646188708)	
(0.010020699934693242175,0.009742134105535191213)	
(0.010011737538990610544,0.010027580926104527614)	
(0.010004438997502081848,0.010024389508705116095)	
(0.010053717733340305357,0.0097987739459692684008)	
(0.010011737538486149487,0.010027580927279882567)	
(0.010004438998253392321,0.01002438950915387865)	
(0.010053717732992198397,0.0097987739491150419729)	
(0.01000892800006561445,0.010018026782900611715)	
(0.010003889663653554171,0.010015913333379748706)	
(0.010023337584191039512,0.0098389233213159541652)	
(0.010008927999734691661,0.010018026784114923353)	
(0.010003889663362314916,0.010015913334088440492)	
(0.01002333758242941221,0.009838923319527827227)	
(0.01000598717271303055,0.010012125245238130342)	
(0.010002402101763554695,0.010010111456095602614)	
(0.010009702136708719528,0.010061216836738613722)	
(0.010005987171044519735,0.010012125243384416978)	
(0.010002402102583945326,0.010010111455816239276)	
(0.010009702135881830623,0.010061216834560919933)	
(0.010002875329474013658,0.010006217813462002161)	
(0.010001221160757340842,0.010004383273508353491)	
(0.010008097969312589048,0.010046364856027931167)	
(0.010002875328153986237,0.010006217814142417954)	
(0.010001221161185985808,0.010004383272225306906)	
(0.010008097968357538773,0.010046364858577896614)	
(0.010101846878920305722,0.009519326810752395604)	
(0.01009800542799397377,0.0094298535128265678629)	
(0.010098005430173499428,0.009429853506245597719)	
(0.010006027321136484395,0.0094548822468679301345)	
(0.010006027321576379044,0.009454882240708549837)	
(0.010003234257302285118,0.009624827118185765723)	
(0.01000323425538668029,0.0096248271226229021452)	
(0.010038424179142689183,0.0096585497940175155801)	
(0.010038424180332905511,0.0096585497968353570264)	
(0.010005656074234221126,0.010034013911179542888)	
(0.010012536739804010419,0.0097476956238977726515)	
(0.010005656075561256829,0.010034013911561306953)	
(0.010012536739693935275,0.0097476956291689276918)	
(0.01000443899917726788,0.010024389508616704178)	
(0.0099985794686408262927,0.0097578395775419872471)	
(0.01000443899738470005,0.010024389508113872027)	
(0.0099985794698875252173,0.0097578395814609340114)	
(0.010003889663909427618,0.010015913335316824206)	
(0.010012669243161785929,0.0097863733122286293564)	
(0.010003889663341970079,0.010015913333957390807)	
(0.010012669244776816954,0.0097863733143783559337)	
(0.010002402103171955869,0.010010111455523433566)	
(0.0099969531342291931275,0.010055927127441572147)	
(0.010002402102017148716,0.010010111455231673894)	
(0.0099969531347493811868,0.010055927125767171945)	
(0.010001221160608428709,0.010004383272579620706)	
(0.0099964087386021863862,0.010041018995374153405)	
(0.010001221161056917178,0.010004383273117443964)	
(0.0099964087391068798955,0.010041018995115948489)	
(0.010101846876144201723,0.0095193268119589495579)	
(0.010098005427729333031,0.0094298535076763802948)	
(0.010098005428452773435,0.0094298535142982517487)	
(0.01000602732176237783,0.0094548822388356539015)	
(0.010006027321286527568,0.0094548822457976942207)	
(0.010003234257000299251,0.0096248271176750336414)	
(0.010003234256536836649,0.0096248271220991821889)	
(0.010038424178542842621,0.0096585497960009290136)	
(0.010038424176732728063,0.009658549799220299964)	
(0.010012536738892045471,0.0097476956267982303034)	
(0.010012536737658152275,0.0097476956291112030334)	
(0.0099985794716798796766,0.0097578395782382497392)	
(0.0099985794692630854813,0.0097578395804558282906)	
(0.010012669245447573807,0.0097863733147158498554)	
(0.010012669245832224452,0.0097863733149351518625)	
(0.0099969531353613881597,0.010055927127139475258)	
(0.0099969531340141411929,0.01005592712598074763)	
(0.0099964087389805486583,0.010041018995009459019)	
(0.0099964087391551451067,0.010041018996268680913)	
(0.010003234254788289162,0.0096248271228721593573)	
(0.0099999425414997733519,0.0096049621588051026233)	
(0.010019816809684676043,0.0096684505586775229546)	
(0.010015698558119880135,0.0097259393764174695285)	
(0.0099999425417244859615,0.0096049621579563509988)	
(0.010019816808169343045,0.0096684505569843304934)	
(0.010015698557395430121,0.009725939375984211932)	
(0.010002521826344729083,0.0098103107944535541951)	
(0.0099865458570558267998,0.0098005117000660550708)	
(0.010019816808745387465,0.0096684505581451536671)	
(0.0100004912809650362,0.0098258862878323732087)	
(0.0099946107643267816795,0.0097241174769467295103)	
(0.010029872224101557196,0.0097615166635773888137)	
(0.009994610765575808603,0.0097241174764998335178)	
(0.01002987222431234865,0.0097615166626184874527)	
(0.0099946107657121682766,0.0097241174751249558755)	
(0.010020865360609976236,0.0097962060276051664276)	
(0.0099809487981202833079,0.0097786732539271396109)	
(0.0099809487994408866568,0.0097786732579101896118)	
(0.010002521827856740086,0.0098103107942369895816)	
(0.010003234255941101383,0.0096248271231946409821)	
(0.0099922400190809688991,0.010065946117124881937)	
(0.010000491277978621266,0.0098258862923316456911)	
(0.0099915536421985081533,0.010059508540445237165)	
(0.009992383916465844701,0.010064530428969403753)	
(0.010009423090208781348,0.0096107488404878066435)	
(0.0099943212677988946258,0.01005455562056437914)	
(0.010038424177447765467,0.0096585498004516101567)	
(0.0099922400177571198826,0.010065946117865541207)	
(0.010015698557873533789,0.0097259393753189819082)	
(0.010029872224045917675,0.0097615166645277189061)	
(0.010009423089241530763,0.009610748839877378269)	
(0.010019816808974096878,0.0096684505590347354781)	
(0.010020865361045221825,0.0097962060265257017849)	
(0.009980948798471776448,0.009778673254375768592)	
(0.0099948219907547587032,0.010051209912241726788)	
(0.0099915536407621050735,0.010059508540847654848)	
(0.0099957892308896543337,0.010039399729280607323)	
(0.009993935189522377624,0.010046862600332233731)	
(0.0099915536406045939166,0.010059508538670575151)	
(0.009992732792587747867,0.010053470752346261793)	
(0.0099927327928262116297,0.010053470750742758005)	
(0.0099939351905474257259,0.010046862599225788934)	
(0.0099933149276704037051,0.010043292478873134393)	
(0.0099942589981286758527,0.010045569707474938728)	
(0.0099865458588941895951,0.0098005116977425751207)	
(0.009994821990668163042,0.010051209912328979909)	
(0.009996229982932080052,0.010036362684121242356)	
(0.009994843305657863386,0.010033145272641871143)	
(0.0099949566420864215111,0.010036472957065493972)	
(0.010038424176089411066,0.0096585498008365869294)	
(0.0099946107656873183628,0.0097241174752060940967)	
(0.0099923839154133671514,0.010064530428160779751)	
(0.0099927327925251139412,0.010053470752409253072)	
(0.0099962299834500494,0.010036362683809038968)	
(0.0099933149288406360189,0.010043292477770075777)	
(0.0099970399807935653863,0.010026905157194896875)	
(0.0099948433030242929409,0.010033145274968614108)	
(0.0099970181454281728528,0.010018309371728640472)	
(0.0099966784987756511505,0.010024256791286297388)	
(0.0099984342885971726894,0.0095644782479405634351)	
(0.010043174268802525576,0.0096981465883595515537)	
(0.009993314930011456404,0.010043292478303782536)	
(0.0099949566425273309728,0.01003647295863217305)	
(0.0099950008786084832552,0.010027643302097846018)	
(0.0099962414104512262863,0.010029380365718413085)	
(0.0099966784991514998082,0.010024256790587807511)	
(0.0099963977681412265891,0.010020918143343054627)	
(0.0099960020868160893992,0.01002249047366755505)	
(0.009995789229955925545,0.010039399728264654377)	
(0.0099970399804290357992,0.010026905158525882544)	
(0.0099982398943547247383,0.010016405809236288149)	
(0.0099978815541020248092,0.010014091951456383436)	
(0.0099970459290117680978,0.010016150110799428366)	
(0.010015698555894875232,0.0097259393744466363096)	
(0.0099809487975280972855,0.0097786732556215429091)	
(0.0099942589987934080109,0.010045569706894214024)	
(0.0099949566410456897741,0.010036472956928036218)	
(0.0099950008811041848172,0.01002764330276713009)	
(0.0099982398914359605496,0.010016405809764062154)	
(0.0099963977669856509539,0.010020918143683468088)	
(0.0099984999487856048711,0.010009505338306563457)	
(0.0099978815529776499105,0.010014091951120525359)	
(0.0099960020896206966401,0.010022490474336233704)	
(0.0099972904986898956242,0.010016948796103179384)	
(0.0099979767139470633597,0.010010637004507747655)	
(0.0099978032617935481963,0.010010782191554551054)	
(0.009998984356672582785,0.010008649572436733102)	
(0.0099989253688973003809,0.010006426373566038035)	
(0.0099982683149653899662,0.010006804629502479009)	
(0.0099943212700131685289,0.010054555620945402478)	
(0.0099970181424911402912,0.01001830937251642524)	
(0.0099984999486017710202,0.010009505336894269564)	
(0.0099994226345130610145,0.01000449706061841415)	
(0.0099998397045529176935,0.010002387449107199083)	
(0.0099996226173141456589,0.01000338252602462133)	
(0.010029872225688990506,0.0097615166644337576091)	
(0.0099927327924079385746,0.010053470750553916008)	
(0.009996241413602297704,0.01002938036659337985)	
(0.0099960020874709006738,0.010022490474023182036)	
(0.0099970459279651365664,0.010016150112825647836)	
(0.0099989843550469387212,0.010008649573373988584)	
(0.0099979767138255338371,0.010010637005428677654)	
(0.0099994226343444129329,0.010004497060937846131)	
(0.0099989253678637174394,0.010006426372420449203)	
(0.0099979148144835449513,0.010007894049649506546)	
(0.0099988544545642661643,0.010003808222911350287)	
(0.009998434289617831941,0.0095644782465558915441)	
(0.0099915536398430832704,0.010059508540859294842)	
(0.0099949566430638306369,0.01003647295809022115)	
(0.0099972905000449193563,0.010016948795779887643)	
(0.009997803262433378399,0.010010782189892951377)	
(0.0099982683147242460558,0.010006804631045944018)	
(0.0099998397045050740201,0.01000238744887378857)	
(0.0099996226160406972983,0.010003382527268633168)	
(0.010043174268097577323,0.0096981465886836256546)	
(0.0099933149309372817926,0.010043292479498172609)	
(0.0099960020888730169442,0.01002249047383423769)	
(0.009997914814120848967,0.010007894050020811963)	
(0.0099988544553424561767,0.010003808223362576149)	
(0.0099948530082098249044,0.010041408624942571581)	
(0.0099948530086852033216,0.010041408626451754985)	
(0.0099954735266562719231,0.010029864296965691067)	
(0.0099955025327597840645,0.010028038456565224398)	
(0.0099963860182917772812,0.010021040188523143433)	
(0.0099963306449872679077,0.010019262273976630578)	
(0.009995502533225857425,0.010028038458431708796)	
(0.0099954735252239992199,0.010029864297185000013)	
(0.0099963306428914166374,0.010019262275898960929)	
(0.0099975597296704209194,0.010012398709303921632)	
(0.00999801223323028114,0.010010868948299339251)	
(0.0099980122343552874781,0.010010868949507764972)	
(0.0099963860174013697418,0.010021040188618131686)	
(0.0099975597281100250097,0.010012398708990368629)	
(0.0099988838235989686148,0.010005437615572009002)	
(0.0099992572058122571044,0.010004086238003235751)	
(0.0099988838234417471568,0.010005437615802992637)	
(0.0099992572058639154348,0.01000408623761260378)	
(0.0099957686635849200135,0.010029351921131437336)	
(0.0099957686647275337949,0.01002935192239928254)	
(0.0099966937631939256637,0.010020793432529017872)	
(0.0099966937626511896686,0.010020793432574502321)	
(0.0099982221691014665221,0.010013480145617793815)	
(0.0099977496026639675608,0.010013822800935587298)	
(0.0099987062445432168395,0.010008221470206024595)	
(0.0099984399734948797844,0.010008162739359846918)	
(0.0099995674144265755262,0.010003318533018478939)	
(0.0099995188201013485846,0.010003333698010239555)	
(0.0099982221698418013989,0.010013480144880218883)	
(0.0099977496021112777225,0.010013822801023284509)	
(0.0099987062451189438056,0.010008221470147800336)	
(0.0099984399736664560793,0.010008162738531993508)	
(0.009998166171648991199,0.010006954491954810418)	
(0.0099989137799108077087,0.010002492126608929918)	
(0.0099981661708668633642,0.01000695449194162652)	
(0.0099995674139661920587,0.010003318532974005833)	
(0.0099995188190660361238,0.010003333698243382921)	
(0.0099989137794656308272,0.010002492125864230477)	
(0.0099993587928287972627,0.010001274396133710137)	
(0.0099993587927915666275,0.010001274395748830509)	
(0.0099957686655716537077,0.010029351922133222796)	
(0.0099966937623607345087,0.010020793433821607171)	
(0.009998222168570838897,0.010013480146890078176)	
(0.0099987062441986712669,0.010008221471630319305)	
(0.0099995674135741723088,0.010003318531301486072)	
(0.0099957686651405905365,0.010029351920505103282)	
(0.0099966937609956025429,0.010020793433571135653)	
(0.010002521830107640941,0.0098103107925853142574)	
(0.0099865458574886437765,0.0098005116936297365787)	
(0.0100156985592145132,0.0097259393705407971159)	
(0.0099943212706886230129,0.01005455562216197446)	
(0.010019816809599591326,0.0096684505534147605066)	
(0.0099948530092893519972,0.010041408628046444643)	
(0.0099999425416843895631,0.0096049621511843253502)	
(0.0099954735252616479235,0.010029864297978082627)	
(0.010003234255992624405,0.0096248271198390942388)	
(0.0099963860177275289803,0.010021040187608614563)	
(0.0099982221688509828605,0.010013480144973429045)	
(0.0099987062454016516905,0.010008221469861026259)	
(0.010002521827732105408,0.0098103107943433697641)	
(0.010015698560061238667,0.0097259393688194431538)	
(0.0099865458556922213906,0.0098005116941213780285)	
(0.010019816809654302769,0.0096684505534681986633)	
(0.0099943212697241219644,0.01005455562151792194)	
(0.0099999425412430967275,0.0096049621523647873284)	
(0.0099948530093974963934,0.010041408626747879221)	
(0.010003234255304950528,0.0096248271181074967345)	
(0.0099954735244085889806,0.010029864298163193234)	
(0.009999567414590649142,0.010003318532221023088)	
(0.0099963860194706311707,0.010021040190093579922)	
(0.010009423093667334237,0.0096107488332394051117)	
(0.009997749601468410019,0.010013822802030378223)	
(0.0099984399741274519041,0.010008162738291795021)	
(0.009999518819346759485,0.01000333369653899282)	
(0.0099977496018071737582,0.010013822803405323519)	
(0.0099984399742852458209,0.010008162738442573717)	
(0.0099946107625347637565,0.0097241174735618537972)	
(0.010029872226298766624,0.0097615166617784545483)	
(0.0099922400181834160338,0.010065946119040200535)	
(0.010000491280390785484,0.0098258862861318289894)	
(0.0099948219901275104499,0.010051209912659380546)	
(0.0099957892301769674798,0.010039399731766136467)	
(0.0099955025317359433301,0.010028038458014859949)	
(0.0099963306452988329176,0.010019262274094175441)	
(0.0099975597272862360559,0.010012398707091888991)	
(0.0099981661705395713513,0.010006954491717645964)	
(0.0099989137819013560599,0.010002492126488429086)	
(0.010009423092809411129,0.0096107488357768614679)	
(0.010029872226553975673,0.009761516660407617077)	
(0.0099922400176594410731,0.010065946117029645618)	
(0.0099948219928382882327,0.010051209912820545031)	
(0.009995789230201036768,0.01003939973095955597)	
(0.0099955025316456180134,0.010028038458142225081)	
(0.0099963306441585835643,0.010019262272685592122)	
(0.0099975597277946956498,0.010012398708516400542)	
(0.0099981661694413387353,0.010006954492530913819)	
(0.0099995188198088238996,0.010003333697842285363)	
(0.0099989137811307381154,0.010002492125761477601)	
(0.0099962299826089062726,0.010036362684323035799)	
(0.0099970399800453427219,0.010026905156896130655)	
(0.0099970181427881214808,0.010018309371884694461)	
(0.0099980122347639397568,0.010010868950497775129)	
(0.0099988838222565441793,0.010005437616296283809)	
(0.0099993587926870044352,0.010001274394639665666)	
(0.0099946107651516166714,0.0097241174730631051853)	
(0.010000491277632330561,0.0098258862912773570902)	
(0.0099962299846867233577,0.010036362684050441352)	
(0.009997039982488022461,0.010026905156963498641)	
(0.0099970181430123553068,0.010018309371606349406)	
(0.0099980122339047277497,0.010010868950644831107)	
(0.009998883823230617432,0.010005437616612098892)	
(0.0099993587914247502452,0.010001274395099105444)	
(0.0099809487977447278184,0.0097786732511766939063)	
(0.010020865360526723387,0.009796206021332402869)	
(0.0099915536438579255485,0.010059508541588102482)	
(0.010019816808692518298,0.0096684505558586215923)	
(0.0099946107647489196985,0.0097241174729806711258)	
(0.0099939351908134941432,0.010046862601964573827)	
(0.010038424178706401024,0.0096585497956833531868)	
(0.0099923839150504664697,0.010064530430520376644)	
(0.0099927327949016989811,0.010053470752891011802)	
(0.0099933149294133445661,0.010043292480445321219)	
(0.0099948433073772068036,0.010033145274338971936)	
(0.0099966784987144691882,0.01002425679169894647)	
(0.0099982398912748307596,0.010016405809446498471)	
(0.0099809487977784161483,0.0097786732504257269094)	
(0.009991553641336399158,0.010059508540742027535)	
(0.0099939351902244549092,0.010046862601120191971)	
(0.0099949566425133005293,0.010036472960263040366)	
(0.0099950008790616953758,0.010027643303875817885)	
(0.0099963977672410646996,0.010020918142857576649)	
(0.0099978815546610897563,0.010014091950648715268)	
(0.0099984999493373614282,0.010009505337991088381)	
(0.0099989843538780334709,0.010008649572787246124)	
(0.0099992572070427675895,0.010004086238406605797)	
(0.0099994226335239910775,0.010004497060002080777)	
(0.010019816808346203307,0.0096684505561308621557)	
(0.010020865362279977179,0.0097962060240755818169)	
(0.0099927327937410458103,0.0100534707537753773)	
(0.0099933149306038540627,0.010043292481838108146)	
(0.0099948433053507392682,0.010033145274358527474)	
(0.0099966784986356364145,0.010024256790844775569)	
(0.0099982398914079829294,0.010016405809831437079)	
(0.0099984999492995132314,0.010009505338646227518)	
(0.0099992572068018040904,0.01000408623776620487)	
(0.0099970459269167564337,0.010016150112042921522)	
(0.0099979767139459531367,0.010010637005780941011)	
(0.0099989253688802445796,0.010006426372502871119)	
(0.0099998397048567787965,0.010002387448346472532)	
(0.0099950008805080852586,0.010027643304345693759)	
(0.0099963977681845252871,0.010020918143669071618)	
(0.009997881552967446267,0.010014091951323826277)	
(0.0099989843530987835424,0.010008649572361957847)	
(0.0099994226343080375163,0.01000449706098653635)	
(0.0099946107623972990641,0.0097241174735458318912)	
(0.010038424181194164492,0.0096585497940710543507)	
(0.0099923839159593297321,0.010064530430783877671)	
(0.0099949566422033765678,0.010036472959021254178)	
(0.0099970459267392543234,0.010016150112774891562)	
(0.0099979767154577247473,0.010010637004903394712)	
(0.009998925368242634823,0.010006426373307179128)	
(0.0099998397053209248792,0.010002387448194260955)	
(0.0099809487988527009067,0.0097786732524643843467)	
(0.010015698559503795687,0.0097259393704290618421)	
(0.010029872225628120794,0.0097615166588364814942)	
(0.0099915536422780018566,0.010059508541618590247)	
(0.0099927327926511537448,0.010053470756112894632)	
(0.0099942589984100185102,0.010045569708799747047)	
(0.01004317426763111018,0.0096981465829682374225)	
(0.0099933149288666152377,0.010043292480215869344)	
(0.0099949566413143030308,0.010036472959712348929)	
(0.009996241408558304703,0.010029380365615314999)	
(0.009996002088627423468,0.01002249047503441827)	
(0.0100156985568133957,0.0097259393699956932233)	
(0.0099809487970976933091,0.0097786732533447270205)	
(0.0099942589984360046679,0.010045569708549339713)	
(0.0099960020873850335965,0.010022490476344675728)	
(0.0099972904988785311897,0.010016948797500925886)	
(0.009997803262587902362,0.010010782192731531443)	
(0.0099982683155069463493,0.010006804632332669952)	
(0.0099996226168462421652,0.010003382527651474496)	
(0.010029872226058077211,0.0097615166612502538013)	
(0.0099927327927254450124,0.010053470754955041305)	
(0.0099962414102159179857,0.010029380364304981213)	
(0.0099960020888936809702,0.010022490474818165906)	
(0.009997914815170431263,0.010007894049998881589)	
(0.0099988544553275097992,0.010003808223889932086)	
(0.009991553642767280613,0.010059508542908658993)	
(0.0099949566409451573445,0.010036472960423448511)	
(0.009997290499001354816,0.010016948798183789374)	
(0.0099978032624184094701,0.010010782190202734826)	
(0.0099982683155261670854,0.010006804630254623883)	
(0.0099996226172529307369,0.01000338252708951603)	
(0.010043174269946952143,0.0096981465878747293019)	
(0.0099933149312010326193,0.010043292481433773594)	
(0.009996002088281349604,0.010022490476220882391)	
(0.0099979148150895515157,0.010007894048959506406)	
(0.0099988544549255656962,0.010003808223431909577)	
(0.010012536738352662696,0.0097476956275365234106)	
(0.010002521824368294442,0.0098103107982193214071)	
(0.0099865458552118244184,0.0098005116970101089496)	
(0.010012536736878610913,0.009747695627769292076)	
(0.010002521824792458618,0.0098103108000000185246)	
(0.0099922400163216032465,0.010065946118885551672)	
(0.010020699933793543457,0.0097421341049310720278)	
(0.0099985794699692567139,0.0097578395820783307701)	
(0.010012669242968766717,0.0097863733154329203556)	
(0.0099922400167938296711,0.010065946117466527052)	
(0.01011674555417689178,0.009662477444685341546)	
(0.0100537177343315038,0.009798773949670644412)	
(0.0099943212674480814972,0.010054555619574211123)	
(0.0099948219897366928632,0.010051209912326755994)	
(0.0099939351907964834448,0.010046862599487589932)	
(0.0099939351896741659281,0.01004686259869988843)	
(0.0099957892316501918001,0.010039399729398304842)	
(0.0099962299852884798496,0.010036362686266562735)	
(0.0099948433044310096979,0.010033145273700153077)	
(0.0099865458559550129153,0.0098005116973109412254)	
(0.0099948219894560666465,0.010051209909338918586)	
(0.0099962299842026609148,0.010036362686429186122)	
(0.0099948433041348108685,0.010033145273054239199)	
(0.00999500087911599569,0.010027643303029333544)	
(0.0099970399766187191537,0.010026905155253628549)	
(0.0099950008804664570994,0.010027643303801661925)	
(0.0099966784990222993385,0.01002425678567988275)	
(0.0099963977673744475877,0.010020918139771203478)	
(0.0099966784976115909828,0.010024256786956273202)	
(0.0099963977666773489589,0.010020918144061637806)	
(0.0099970459265197233328,0.0100161501118537586)	
(0.0099970181438179470113,0.010018309371915633255)	
(0.0099982398921868286673,0.010016405807808994102)	
(0.0099970459285026961466,0.01001615011116080943)	
(0.0099978815536878838655,0.010014091950641196976)	
(0.0099978032640767357242,0.010010782191094037483)	
(0.0099979767130861357111,0.010010637006327314721)	
(0.010020699936077310382,0.0097421341049826973985)	
(0.010116745557100610339,0.0096624774433011536429)	
(0.0099985794708026612398,0.0097578395835153236559)	
(0.0099957892304291251495,0.01003939972955427383)	
(0.0099970399762912640768,0.010026905155579569212)	
(0.0099982398902259614348,0.010016405809206064062)	
(0.0099978815526176254003,0.010014091951116800908)	
(0.0099978032637690165962,0.010010782191537507396)	
(0.0099979767139383082103,0.010010637006090969056)	
(0.0099982683147562083359,0.010006804630697316641)	
(0.0099984999491864526289,0.010009505337616523418)	
(0.0099989843549028178948,0.01000864957306232296)	
(0.0099982683153814339017,0.010006804632123458831)	
(0.0099989253668225190619,0.010006426372714280135)	
(0.009998854454848242132,0.010003808222816294379)	
(0.0099996226182180181219,0.010003382527328765622)	
(0.0099989843551713305375,0.010008649572560705115)	
(0.0099989253679077984976,0.010006426373821973932)	
(0.0099988544549659830185,0.010003808223258471924)	
(0.0099996226167618027653,0.010003382527341659822)	
(0.0099994226351684031145,0.010004497061194186219)	
(0.0099998397044066666267,0.010002387447805323809)	
(0.010012669242408376441,0.0097863733162979575642)	
(0.010053717733847044105,0.0097987739497626263896)	
(0.0099943212694111899924,0.010054555618714334717)	
(0.009997018144292274186,0.010018309370521023133)	
(0.0099984999482429313261,0.010009505337254118867)	
(0.0099994226348680669697,0.010004497061671417321)	
(0.009999839704404099236,0.010002387448444612777)	
(0.0099993747846132755019,0.010001178878177410456)	
(0.0099993747840116976866,0.010001178877687028415)	
(0.010012536738328858821,0.0097476956208041067031)	
(0.01001253673833896185,0.0097476956223774401805)	
(0.010002521827069369917,0.0098103107963152472865)	
(0.0099922400176272949124,0.010065946119196204217)	
(0.010002521828198815412,0.0098103107970273443345)	
(0.0099922400186060363059,0.010065946118541712131)	
(0.0099939351902793571725,0.010046862598554260129)	
(0.0099948433052506908264,0.010033145273521885954)	
(0.0099950008794034445742,0.010027643303919557202)	
(0.009993935191728791495,0.010046862599640091207)	
(0.0099950008788061341786,0.01002764330370213737)	
(0.009996397766889311351,0.010020918142624407263)	
(0.0099970459282376373383,0.010016150112764975882)	
(0.0099978032634850510368,0.010010782190861391983)	
(0.0099948433051723975518,0.010033145275297210633)	
(0.0099970459266506498525,0.010016150111509403847)	
(0.00999780326366893346,0.010010782191002204691)	
(0.0099982683151835782809,0.010006804630664761085)	
(0.0099988544563679310206,0.010003808223799301458)	
(0.0099993747835928330908,0.010001178879048722159)	
(0.0099963977676572630254,0.010020918144049831278)	
(0.0099982683156292235377,0.01000680463203896739)	
(0.0099988544553072968013,0.010003808223530332583)	
(0.0099993747831713976348,0.010001178879295745047)	
(0.0099865458548911868047,0.0098005116941473173486)	
(0.010020699934354034347,0.009742134103229270134)	
(0.0099985794705872085841,0.0097578395798254106974)	
(0.010012669242004855474,0.009786373313219872902)	
(0.010053717734056735744,0.0097987739480405698644)	
(0.0099943212683978842337,0.0100545556234970003)	
(0.0099948219903235931832,0.010051209914264782122)	
(0.0099957892308529302378,0.010039399728917057855)	
(0.00999622998423142263,0.010036362685889492832)	
(0.0099865458561438132795,0.0098005116945343775242)	
(0.0099948219893687649529,0.010051209912661911508)	
(0.0099962299849335172625,0.010036362686996069468)	
(0.0099970399769682572605,0.010026905155891850663)	
(0.0099966784985413038866,0.010024256787886718159)	
(0.0099966784998357025027,0.010024256787416583811)	
(0.0099970181441544157114,0.010018309373644141216)	
(0.0099982398900801267017,0.010016405809090200146)	
(0.0099978815530102297521,0.010014091952249259618)	
(0.0099979767142054070533,0.010010637005556615245)	
(0.010020699934452105204,0.0097421341015421786952)	
(0.0099985794683994377863,0.009757839579493178192)	
(0.009995789230009148596,0.010039399729435875483)	
(0.0099970399785147510963,0.010026905157209524064)	
(0.0099982398904776038917,0.010016405810825102299)	
(0.0099978815536342618281,0.010014091951257667393)	
(0.0099979767135992166083,0.010010637006397657758)	
(0.0099984999499125124661,0.010009505339667096671)	
(0.0099989843530458779458,0.010008649573067933056)	
(0.0099989253685183413639,0.010006426372744983005)	
(0.0099996226179104290982,0.010003382527146527717)	
(0.0099989843527775439797,0.010008649572031024649)	
(0.0099989253686500259577,0.010006426374712783928)	
(0.0099996226160277111583,0.01000338252839862857)	
(0.0099994226361571608014,0.010004497060246300352)	
(0.0099998397048507384893,0.010002387447580411706)	
(0.010012669242708112372,0.0097863733142221943917)	
(0.010053717735903808586,0.0097987739448915714413)	
(0.0099943212686313918913,0.010054555621149968009)	
(0.009997018144467914938,0.010018309371079473988)	
(0.0099984999498640200061,0.010009505338781190739)	
(0.0099994226351176954126,0.010004497062159481771)	
(0.0099998397044699094405,0.010002387447941872567)	
(0.010032284346787144827,0.0097628224573952978455)	
(0.010023337588034735707,0.0098389233207569221779)	
(0.0099969531347812029543,0.010055927127119055828)	
(0.0099964087388554872388,0.010041018998459485742)	
(0.0099948530099240266017,0.010041408625457009032)	
(0.010032284346438795006,0.0097628224556360367059)	
(0.010023337587146395958,0.0098389233197938488068)	
(0.009996953135893445197,0.010055927126881029215)	
(0.0099948530101657117458,0.010041408625806699795)	
(0.0099954735263604686107,0.010029864298598709441)	
(0.0099955025300492630208,0.010028038456382398422)	
(0.0099955025337698493598,0.010028038457902083841)	
(0.0099963860185684101645,0.010021040186397373387)	
(0.0099963306445511532217,0.010019262273220539208)	
(0.0099964087390570048608,0.010041018997717698902)	
(0.0099954735259957881027,0.010029864299253175505)	
(0.009996330644435634516,0.010019262272582546078)	
(0.0099975597264663571689,0.010012398706640805376)	
(0.009998012236899150168,0.010010868950345126402)	
(0.0099980122361616793197,0.010010868950810861491)	
(0.0099988838239281150472,0.01000543761476386552)	
(0.0099992572056897838922,0.010004086237308574409)	
(0.0099963860192214225309,0.010021040188655405689)	
(0.0099975597268991828193,0.010012398707219228103)	
(0.0099988838230372027033,0.010005437616759548652)	
(0.0099992572058752830777,0.010004086237431946207)	
(0.010039889988460306419,0.0097329651523864208623)	
(0.010009702138175364042,0.010061216835119582425)	
(0.01003988998889993739,0.0097329651539281858419)	
(0.010009702139892381195,0.010061216834360758865)	
(0.0099998220705776758727,0.010000188820484565838)	
(0.0099998220709899016817,0.01000018882054597158)	
(0.0099998220706788380069,0.010000188819639743362)	
(0.0099998220720569908071,0.010000188819260444339)	
(0.010023337587108440208,0.0098389233220924493528)	
(0.0099969531347939809274,0.010055927127902373683)	
(0.009994853008490577756,0.010041408628198904285)	
(0.0099955025326477417447,0.010028038458739611805)	
(0.010023337585531455138,0.0098389233199134753377)	
(0.0099969531352772471322,0.010055927126337012995)	
(0.0099948530092267545005,0.010041408626401602394)	
(0.0099955025310296402585,0.010028038458563762886)	
(0.010009702137998918378,0.010061216834906827264)	
(0.009996408740628074524,0.010041018998860739425)	
(0.009995473525820785729,0.010029864299642888073)	
(0.0099963306453448134981,0.010019262275253766961)	
(0.0099980122366816505386,0.01001086895144058346)	
(0.0099992572060382360621,0.010004086239171358641)	
(0.010009702137666789956,0.010061216835702616046)	
(0.0099964087397752584424,0.010041018999905297962)	
(0.0099954735254559074625,0.010029864299663186072)	
(0.0099963306453074197988,0.010019262276159655173)	
(0.0099980122366002972117,0.010010868950353525933)	
(0.0099992572062926627502,0.010004086240245461253)	
(0.0099963860177734575191,0.010021040188905299545)	
(0.0099975597275887874427,0.010012398708248998122)	
(0.0099988838236149679695,0.010005437614990975517)	
(0.0099963860188459624512,0.010021040190119052601)	
(0.0099975597278123256445,0.010012398709153227938)	
(0.0099988838242427695996,0.010005437615470675131)	
(0.010050455431651582339,0.0097180145445858630293)	
(0.010050455433847119494,0.0097180145479976564465)	
(0.010021601010907398022,0.010068009770522632837)	
(0.010019237063027841908,0.010052127122294075151)	
(0.010008097970151773673,0.010046364860441766784)	
(0.010008097971309398017,0.010046364858743510665)	
(0.009995768665363233621,0.010029351920995663999)	
(0.010015544631399671618,0.010038342023707761894)	
(0.010005656074528654007,0.01003401391569215019)	
(0.0099957686655966371952,0.010029351920619709523)	
(0.010021601009896246789,0.010068009769486126886)	
(0.010005656074461235713,0.010034013915001284423)	
(0.0099966937630517806873,0.010020793432293549977)	
(0.010011737542581842023,0.010027580933465531782)	
(0.010004438998755476806,0.010024389508157016335)	
(0.0099966937636463380767,0.010020793432630358683)	
(0.010019237062615088743,0.010052127123282961207)	
(0.010004438999545395284,0.010024389508163884105)	
(0.009998222171610456066,0.010013480144366784103)	
(0.0099977496019524915438,0.010013822803283419297)	
(0.010003889664299056919,0.01001591333489181522)	
(0.0099982221707880375439,0.010013480144876327899)	
(0.0099977496041176745073,0.010013822800914491326)	
(0.010015544632748240444,0.010038342023529482627)	
(0.010003889664699276707,0.010015913334212611999)	
(0.0099987062447909891283,0.010008221472440294655)	
(0.0099984399738162286347,0.010008162738771027994)	
(0.009998166172094521964,0.010006954490723947784)	
(0.010002402101453762573,0.010010111456063276042)	
(0.0099987062443782533105,0.010008221472763373025)	
(0.0099984399736875711334,0.010008162739640740282)	
(0.0099981661718395575117,0.010006954491230037746)	
(0.010011737541308575808,0.010027580932021685003)	
(0.010002402102016303906,0.010010111456156741208)	
(0.0099995674164104729476,0.010003318532903144114)	
(0.0099995188211134920786,0.010003333698857709219)	
(0.0099989137796319352974,0.010002492125493285882)	
(0.0099993587941014303033,0.010001274395124189545)	
(0.009999567416042947493,0.0100033185317858625)	
(0.0099995188208097766924,0.010003333699249203348)	
(0.0099989137808472600133,0.010002492126351816143)	
(0.0099993587933910766524,0.010001274394981995997)	
(0.010008097970111352881,0.010046364860018976509)	
(0.010008097972694196542,0.010046364862163066969)	
(0.009999822071630757106,0.01000018882001022999)	
(0.0099998220705968081379,0.010000188819713873301)	
(0.010005656073415625934,0.010034013915122218935)	
(0.0099957686667944533471,0.010029351922114151247)	
(0.010004438999219576051,0.010024389510412842069)	
(0.009999913373739257455,0.010000092517546951831)	
(0.0099999133736511092163,0.010000092517947986939)	
(0.010005656073655742888,0.010034013917286916176)	
(0.0099957686656969024774,0.010029351920278548396)	
(0.0099999133727398641786,0.010000092517688260671)	
(0.0099999133726704995256,0.010000092517504822337)	
(0.010004438999146785319,0.010024389509094450493)	
(0.0099966937637892289842,0.010020793432969785086)	
(0.0099966937625381689647,0.010020793432575586523)	
(0.0099999133731215120169,0.010000092518041825071)	
(0.0099982221687656223225,0.010013480143283496129)	
(0.0099977496029193674287,0.010013822802745360116)	
(0.01000388966459631046,0.010015913333073906549)	
(0.0099999133736437349068,0.010000092517186792013)	
(0.0099977496033134168052,0.010013822802960052963)	
(0.0099982221681356921866,0.010013480144915707856)	
(0.0099999133740735161174,0.010000092516468724047)	
(0.0099981661716353233127,0.010006954491914006253)	
(0.0099984399738023387039,0.010008162740154279147)	
(0.0099999133734980250737,0.010000092517443957829)	
(0.0099981661711272037246,0.010006954492595280734)	
(0.010003889664495092815,0.010015913336236395917)	
(0.0099984399744934178422,0.010008162739632862903)	
(0.0099987062440494729049,0.010008221470891283736)	
(0.0099987062437996970105,0.010008221471919322501)	
(0.0099995188187608063241,0.010003333698971857493)	
(0.0099989137793170153323,0.010002492128206983205)	
(0.009999358793911068688,0.010001274395353271923)	
(0.0099998220721870933331,0.010000188820268460926)	
(0.0099995188194033652468,0.010003333699345034677)	
(0.0099989137797868131441,0.010002492127738682459)	
(0.0099993587939374000556,0.0100012743953160569)	
(0.0099998220718578775118,0.010000188819626438033)	
(0.010002402102243951668,0.010010111455631427041)	
(0.010002402101181338129,0.010010111455584648488)	
(0.0099995674154794191024,0.010003318533139625088)	
(0.0099995674161804867786,0.010003318533177298078)	
(0.010008928000042499259,0.01001802678342408881)	
(0.010008928000426088253,0.010018026785184609359)	
(0.010005987173713764768,0.010012125244843494629)	
(0.010005987173484011052,0.010012125243866321425)	
(0.010002875330025409392,0.010006217812676977338)	
(0.010001221160997806475,0.010004383273737612811)	
(0.010001221162330304823,0.010004383272535485871)	
(0.010002875327720293225,0.010006217814260986304)	
(0.010001221161375568533,0.01000438327287657414)	
(0.010001221161602551896,0.010004383272900719756)	

