clang++ -std=c++14 -stdlib=libc++ -O3 -ferror-limit=2 -Weverything -Wno-c++98-compat -Wno-c++98-compat-pedantic -Wno-sign-conversion -Wno-exit-time-destructors -Wno-float-equal -Wno-global-constructors -Wno-missing-declarations -Wno-unused-parameter -Wno-padded -Wno-shadow -Wno-weak-vtables -Wno-missing-prototypes -Wno-unused-variable -ferror-limit=1 -Wno-deprecated -Wno-conversion -Wno-double-promotion -c src/direct_cuda_pattern.cc -o ./obj/direct_cuda_pattern.o -Iinclude -I/usr/local/cuda/include -I/usr/local/include -I/usr/include/c++/v1
nvcc src/cuda_pattern.cu -o ./obj/_cuda_pattern.o -Iinclude -I/usr/local/cuda/include -I/usr/local/include -I/usr/include/c++/v1 -m64 -dc -gencode arch=compute_70,code=sm_70 --relocatable-device-code true  -Xptxas -v
ptxas info    : 9754 bytes gmem
ptxas info    : Compiling entry function '_Z5ZaxpymddP7double2S0_' for 'sm_70'
ptxas info    : Function properties for _Z5ZaxpymddP7double2S0_
    0 bytes stack frame, 0 bytes spill stores, 0 bytes spill loads
ptxas info    : Used 30 registers, 392 bytes cmem[0]
ptxas info    : Function properties for cudaGetDevice
    0 bytes stack frame, 0 bytes spill stores, 0 bytes spill loads
ptxas info    : Compiling entry function '_Z5DasummP7double2Pd' for 'sm_70'
ptxas info    : Function properties for _Z5DasummP7double2Pd
    0 bytes stack frame, 0 bytes spill stores, 0 bytes spill loads
ptxas info    : Used 26 registers, 1024 bytes smem, 376 bytes cmem[0]
ptxas info    : Compiling entry function '_Z8sum_diagP7double2mdd' for 'sm_70'
ptxas info    : Function properties for _Z8sum_diagP7double2mdd
    0 bytes stack frame, 0 bytes spill stores, 0 bytes spill loads
ptxas info    : Used 10 registers, 384 bytes cmem[0]
ptxas info    : Compiling entry function '_Z5ZgemmP7double2S0_S0_md' for 'sm_70'
ptxas info    : Function properties for _Z5ZgemmP7double2S0_S0_md
    0 bytes stack frame, 0 bytes spill stores, 0 bytes spill loads
ptxas info    : Used 40 registers, 8704 bytes smem, 392 bytes cmem[0]
ptxas info    : Function properties for cudaFuncGetAttributes
    0 bytes stack frame, 0 bytes spill stores, 0 bytes spill loads
ptxas info    : Function properties for cudaOccupancyMaxActiveBlocksPerMultiprocessorWithFlags
    0 bytes stack frame, 0 bytes spill stores, 0 bytes spill loads
ptxas info    : Compiling entry function '_Z22extract_intensity_diffP7double2PdS1_mm' for 'sm_70'
ptxas info    : Function properties for _Z22extract_intensity_diffP7double2PdS1_mm
    0 bytes stack frame, 0 bytes spill stores, 0 bytes spill loads
ptxas info    : Used 24 registers, 392 bytes cmem[0], 8 bytes cmem[2]
ptxas info    : Compiling entry function '_Z9compose_aPdPmS_dP7double2m' for 'sm_70'
ptxas info    : Function properties for _Z9compose_aPdPmS_dP7double2m
    0 bytes stack frame, 0 bytes spill stores, 0 bytes spill loads
ptxas info    : Used 30 registers, 400 bytes cmem[0]
ptxas info    : Function properties for cudaOccupancyMaxActiveBlocksPerMultiprocessor
    0 bytes stack frame, 0 bytes spill stores, 0 bytes spill loads
ptxas info    : Compiling entry function '_Z5ZscalmdP7double2' for 'sm_70'
ptxas info    : Function properties for _Z5ZscalmdP7double2
    0 bytes stack frame, 0 bytes spill stores, 0 bytes spill loads
ptxas info    : Used 27 registers, 376 bytes cmem[0]
ptxas info    : Function properties for cudaMalloc
    0 bytes stack frame, 0 bytes spill stores, 0 bytes spill loads
ptxas info    : Compiling entry function '_Z38make_individual_pattern_intensity_diffPdS_PmS_dS0_S_S_mP7double2mm' for 'sm_70'
ptxas info    : Function properties for _Z38make_individual_pattern_intensity_diffPdS_PmS_dS0_S_S_mP7double2mm
    24 bytes stack frame, 0 bytes spill stores, 0 bytes spill loads
ptxas info    : Used 72 registers, 448 bytes cmem[0], 104 bytes cmem[2]
ptxas info    : Compiling entry function '_Z5ZcopymP7double2S0_' for 'sm_70'
ptxas info    : Function properties for _Z5ZcopymP7double2S0_
    0 bytes stack frame, 0 bytes spill stores, 0 bytes spill loads
ptxas info    : Used 28 registers, 376 bytes cmem[0]
ptxas info    : Function properties for cudaDeviceGetAttribute
    0 bytes stack frame, 0 bytes spill stores, 0 bytes spill loads
ptxas info    : Compiling entry function '_Z6Dznrm2mP7double2Pd' for 'sm_70'
ptxas info    : Function properties for _Z6Dznrm2mP7double2Pd
    0 bytes stack frame, 0 bytes spill stores, 0 bytes spill loads
ptxas info    : Used 28 registers, 1024 bytes smem, 376 bytes cmem[0]
ptxas info    : Compiling entry function '_Z34extract_intensity_diff_with_offsetP7double2PdS1_S1_mmdd' for 'sm_70'
ptxas info    : Function properties for _Z34extract_intensity_diff_with_offsetP7double2PdS1_S1_mmdd
    0 bytes stack frame, 0 bytes spill stores, 0 bytes spill loads
ptxas info    : Used 24 registers, 416 bytes cmem[0], 8 bytes cmem[2]
nvcc -dlink ./obj/_cuda_pattern.o -arch=sm_70 -o ./obj/cuda_pattern.o -m64 -lcudadevrt -L/usr/local/cuda/lib64  -rdc=true -Xptxas -v
clang++ -o ./bin/direct_cuda_pattern ./obj/_cuda_pattern.o ./obj/direct_cuda_pattern.o ./obj/cuda_pattern.o  -lcudadevrt -lcublas -lcudart -m64 -L/usr/local/cuda/lib64  -lc++ -lc++abi -O3 -pthread

solution:
(0.99974685392417350638,-6.6768753487263666612e-06)	
(0.00046023342416639400785,-0.00012946452316937273846)	
(0.00046023878498774344796,-0.00012919482642627808859)	
(0.055277633875812748343,6.2723474064672262129e-06)	
(0.055272302185972344013,4.4757189756761017971e-06)	
(-0.00088616589672784698995,0.00037189410395691095126)	
(-0.00088605459305393251181,0.0003719513793731787899)	
(0.01662336558351214591,1.3337225161942226824e-05)	
(0.016623992716655558444,1.5242348853473739414e-05)	
(-0.00046211439279336859187,0.00034195667634247630447)	
(-0.00046207475620095800686,0.00034191613786619122527)	
(0.00025712331876390800804,1.327681241971187183e-05)	
(0.00025721326361255897894,1.3486322919016040023e-05)	
(0.010458016349830578234,-1.4792503036116184796e-05)	
(0.010462023863134653143,-9.6424926631974541461e-06)	
(-0.00012119370003008511757,6.6066548071584360081e-05)	
(-0.00012106736475887680115,6.6138764252600436831e-05)	
(-0.00025899250133619037889,-2.2933917401520068747e-05)	
(-0.00025895456506582609484,-2.2871646058987739206e-05)	
(-7.7692371105475953471e-05,-0.0009835704112608621881)	
(-7.7590719672291670736e-05,-0.00098360544517359874833)	
(0.0028599686158837962779,-0.00056023426173732837445)	
(0.002860373938929451805,-0.00056038998378573820752)	
(0.0021151192894335322028,-0.005453905155086646861)	
(0.002115116480792459449,-0.0054538282265981369301)	
(0.0064276447672048583892,-0.0041700156882888174403)	
(0.0064275964146359937726,-0.0041698711603237225212)	
(-0.00053886953808318616924,1.8161708051301994973e-05)	
(0.04279793289678262419,9.3518692913125702707e-06)	
(-0.00027902007118497468502,9.0529365198864110279e-05)	
(0.036656947755397406574,-6.7030734687325769141e-06)	
(0.017396780273516859044,-1.5871124616636770471e-05)	
(0.010643353153491246985,-1.4227899251363102385e-05)	
(0.0055902587383941920035,-2.2246274993343153546e-05)	
(0.00025695203438695103908,1.3132506277350631673e-05)	
(-0.00012077300557734105605,6.6330709869653317525e-05)	
(0.0055901452816151846539,-2.2455794082336128642e-05)	
(0.0040341369559728536276,0.00013984080728776933735)	
(0.007983258966833904624,7.6198324028769076846e-06)	
(0.0058243115281836474115,6.396427669598158327e-05)	
(0.0035763984290771008365,3.5885183998453429116e-05)	
(0.0060178400736330354276,0.0080762160917016607986)	
(0.002609447200305899453,0.0040218389977307927516)	
(0.0043902100677249700222,-0.001595576604283973363)	
(-0.00053874928065976153239,1.81864143664324068e-05)	
(0.042797267238890449037,1.1655516347629657769e-05)	
(-0.00027896325553111229372,9.0475058584233686407e-05)	
(0.017397531432193392986,-1.4446295385697577963e-05)	
(0.036656636799600732235,-7.8383166047341087072e-06)	
(0.0055900510292291186523,-2.2284076931930307385e-05)	
(0.010645211668735317032,-1.4532015842040364113e-05)	
(-0.00012088000970360683627,6.6402087135953623081e-05)	
(0.00025697847823418379929,1.3153232731369557038e-05)	
(0.004034076762124249281,0.00013988599114733132932)	
(0.0055898778947800695227,-2.2872148797255492902e-05)	
(0.0058239653200133122482,6.3902402597145724328e-05)	
(0.0079833262214681760538,7.3469814948223327467e-06)	
(0.0035764323718873989623,3.5796443988709479795e-05)	
(0.0060177615524986977774,0.0080762547609299073503)	
(0.0026093815308503758368,0.00402183601902518853)	
(0.0043902329820077910447,-0.0015955138410894795405)	
(0.021487763662608044823,-1.1601062450307208403e-05)	
(0.00045998384110017531126,-0.00012917016620239596034)	
(0.0074650947859694798472,2.703634792800029056e-05)	
(-0.00088610466564701111537,0.00037136509520983401441)	
(-0.00019967853513559375074,0.00057278214278989739768)	
(-0.00046222771900049201572,0.0003415654874567658158)	
(-0.00025919252347842049048,-2.323305113551985614e-05)	
(0.017402223246085184866,-1.2345419162747439074e-05)	
(0.005824880475032333943,6.3932918087272692909e-05)	
(-0.00019989339657550746448,0.00057231831681745751368)	
(0.0085752461474091160737,-0.0025857051056476254049)	
(-0.00010052617926538865887,0.000416346690787433929)	
(0.0085752350145761706279,-0.0025852625960737702672)	
(0.00044750734755799386963,-0.00021019382657799640904)	
(0.0070469734390955270781,0.0016369535590410658459)	
(0.0025663469177424754961,0.0090907708997635984505)	
(0.010986742365142869796,0.0017925325313492995218)	
(0.021487292129831844778,-1.0941390889461995758e-05)	
(0.0074646370971692740243,2.7650007173570109124e-05)	
(-0.000199602507842624728,0.00057274296781507113945)	
(-0.00088609402925513675552,0.00037129127824398128806)	
(-0.00025920028410798270305,-2.3313843817937451495e-05)	
(-0.00046214583228285956162,0.00034164862466167628639)	
(0.00582441075233821378,6.3893701726397685394e-05)	
(0.01740248367918022232,-1.2781995687415560186e-05)	
(0.0085751567181344551249,-0.0025856498416175887484)	
(-0.00019993497288743611318,0.00057237216380288502126)	
(0.0085751808044943669124,-0.0025852190089334214224)	
(-0.00010062506432393098085,0.00041634576361946213632)	
(0.0070469497662328161799,0.0016370918766012900608)	
(0.010986756798770092036,0.0017925507860392544783)	
(-0.00088599909000585102409,0.00037189799351007167723)	
(0.042797971804090458037,1.1696604886885798361e-05)	
(0.016624939764692699823,1.6384191948130229401e-05)	
(0.00045997516080415926749,-0.00012896828881423229806)	
(-0.00027893514682747521174,9.0465174002919693436e-05)	
(-0.00030551751364063615014,0.00072953829540721090718)	
(0.0079832161075987107673,7.9937756642494438351e-06)	
(0.0074653622205188598093,2.693361101216302638e-05)	
(0.0091999534253695870734,-9.5447040133814250291e-05)	
(-0.0016730340691555535722,0.010589987059248929038)	
(0.010822625243777445059,0.0079254940320934129383)	
(0.0083787339117489829238,-8.2555147315586092471e-05)	
(0.0073410205186032655503,0.0081443279305395636231)	
(-0.00088609472367761157353,0.00037183036659332028466)	
(0.016624374209880839193,1.4505316881861971635e-05)	
(0.042797837103693163463,1.1765262259155491776e-05)	
(-0.00027902140797423638161,9.0536997847328110262e-05)	
(-0.00030550579383008458949,0.00072957952881747554271)	
(0.0079831467029353748305,8.2315022008050855697e-06)	
(0.0074653278249839586517,2.5651435419657925643e-05)	
(0.010822621247100124367,0.0079254951036262562963)	
(0.007341034340197196556,0.0081443715675674037413)	
(0.0083787752301242128528,-8.2602664867777959097e-05)	
(0.0074652785591398460735,2.577419458083817118e-05)	
(0.0091994437323655847,-9.4366597354592234351e-05)	
(-0.00010129225065750343919,0.00041584703478270791449)	
(-7.7085974904982546181e-05,-0.0009840459429353994817)	
(0.016624303053443961059,6.609672446398479243e-07)	
(0.0028608483546795947586,-0.00056074045804903620196)	
(-0.0002792959305105268005,9.0449229263014931904e-05)	
(0.0060176386139354368435,0.0080760622238162434877)	
(-0.00030562806656225213796,0.00073029477439442297415)	
(0.00027278302656977894977,0.0063246944392895626877)	
(0.005274125681650024787,0.0053506043952224425705)	
(0.0074645827575154531305,2.6342549828359778627e-05)	
(0.0091995436388877041556,-9.4467468724974539571e-05)	
(-0.00010119085214496986085,0.00041589238603344632012)	
(-7.7143373466196583617e-05,-0.00098404102643700986849)	
(0.0028602378839736181115,-0.00056038878115803559751)	
(0.016625010225590947793,1.9896214114413425278e-06)	
(0.0060175212085719596844,0.0080761093497124306073)	
(-0.0002793515835482235257,9.0501159386957252232e-05)	
(0.00027273117931445148591,0.0063248650954706581162)	
(0.0052740808419798161644,0.0053506138529702739967)	
(-0.00046204475098315109585,0.0003420202010227538442)	
(0.036652814583689213856,-1.0218044415353384803e-05)	
(0.017397336393670873034,-1.4478451396795160474e-05)	
(-0.00088603983388424434851,0.00037134640985056602052)	
(-0.00019956133877224838157,0.00057274179394409122697)	
(-0.00010122432968479888897,0.00041591840347055230838)	
(0.0035760074416541325071,3.5986472807754764207e-05)	
(0.021489209723473661623,-9.4081830304214654254e-06)	
(0.011265502668921465249,-0.003167839000750528964)	
(0.0097927105738306128441,0.0077274629730030236843)	
(0.012640038678898997057,0.0031220270698774309735)	
(0.010556651318354330973,0.0096557702941025488896)	
(-0.00046203053621819700769,0.00034208009453017533151)	
(0.017398164780936382218,-1.5815466923554755759e-05)	
(0.036656420623541900727,-7.7227368591286217023e-06)	
(-0.00019964085540955656259,0.00057277696632955564602)	
(-0.00088604856219239231437,0.00037139275698362997878)	
(-0.00010129793483087304697,0.00041590669436301853836)	
(0.0035759062393965527181,3.6136756009182781401e-05)	
(0.009792710614481803591,0.0077274649683360110627)	
(0.011265548843619625774,-0.003167815615348388604)	
(0.010556655734802092295,0.0096557747717667050114)	
(0.00025723560099755356234,1.3345534246738413137e-05)	
(0.010647636730049083939,-1.4931596955880784217e-05)	
(0.0055899300157236627221,-2.260790539975422248e-05)	
(-0.00046224302954335895564,0.00034161296934774197567)	
(-0.00025916911865938647335,-2.3278020969352247846e-05)	
(0.0079831502494925443009,7.8681103433416753399e-06)	
(-7.7067405904230229822e-05,-0.00098401585487303778674)	
(0.0035760096999717869148,3.597547678697023642e-05)	
(0.011161133062312965716,0.0035485777233987617074)	
(0.0024115311355236740583,0.004548261984520212374)	
(0.055272587857228085151,7.5046461202499828392e-06)	
(0.0085507508132714807325,0.010343213075471825377)	
(0.0037777910382860010671,0.0092621354614865775839)	
(0.010861791869222203744,0.0099060384459327618933)	
(0.010418111455434246604,0.010362464076225427062)	
(0.0080164150750879400315,0.010739383630699237543)	
(0.00025711904211476571116,1.3319585976740416354e-05)	
(0.0055898488590758041092,-2.2632417241582734635e-05)	
(0.010644926407796217668,-1.4491589540894403315e-05)	
(-0.00025918472166394700227,-2.3284848243431111828e-05)	
(-0.00046222605226299665363,0.00034151640470287016179)	
(0.0079833233595242129865,8.0288836864038185274e-06)	
(-7.7078617739693826034e-05,-0.00098408864703659545969)	
(0.0035759648892100294459,3.6075931281085257167e-05)	
(0.011160897447247771289,0.0035492099957420177037)	
(0.00241154951035230233,0.0045482787386703785529)	
(0.0085507522913119467928,0.010343217076257056261)	
(0.010861788234670075731,0.0099060364558531677215)	
(0.0037778797679697416652,0.0092620480603605604558)	
(0.0080164299718517954829,0.010739385499666079943)	
(0.010418109904809335145,0.010362462331168302218)	
(0.0104665884365240415,-5.3073880552852448821e-06)	
(0.00025706194467539275877,1.3181746352588992769e-05)	
(-0.0001207963046492124869,6.6481918691503244837e-05)	
(0.017402009195656664015,-1.2778484187565745218e-05)	
(0.0058252613953446536962,6.4066472506211057515e-05)	
(0.016625448563285915443,3.4668464839318947946e-06)	
(0.0028612055415255890391,-0.00056080403284875055426)	
(0.0024115323206477068223,0.0045482689052198238544)	
(0.0076917293156342093213,0.011202632866985123145)	
(0.0068351910150082255749,0.010494820074646801084)	
(0.0052176941523777598669,0.010133185706693133982)	
(0.0041397268118669042561,0.014382103629005596121)	
(0.01046169485755379068,-9.9936274462604255211e-06)	
(-0.00012068841798803142847,6.6496898887276226046e-05)	
(0.00025702589816953833653,1.3353486278100420537e-05)	
(0.005824799826165218998,6.3947278208994066712e-05)	
(0.017401219550846332845,-1.2703099772393736485e-05)	
(0.0028606413720407503423,-0.00056053958309297731172)	
(0.016624520467829351916,2.418490856442654423e-06)	
(0.0024115466704945028899,0.0045483153953497406155)	
(0.0068352254237545847018,0.010494816004837557999)	
(0.0076917200282452030322,0.011202628291209174027)	
(0.0041396907376308692689,0.014382085247272647852)	
(0.0052177702328170304583,0.010133161162028458263)	
(-0.00012114351145000749671,6.6142337943244478666e-05)	
(0.0055899807763177102385,-2.2835052769177520529e-05)	
(0.0040340823158943285229,0.00013985618779938099681)	
(-0.00019987775917308962456,0.00057233184111945428502)	
(0.0085752445330225662845,-0.0025856709303796704229)	
(-0.00027928239451320584956,9.0434007016512772768e-05)	
(0.006017558400236561883,0.0080761001128758346662)	
(0.055269343282347511981,6.0864344751961437012e-06)	
(0.0085507509611925363452,0.010343215533485439206)	
(0.0095461429426905858309,0.0099836738074896343859)	
(0.0067539862746596335957,0.01428574341872020613)	
(0.0070419874927372255735,0.012434102589126904206)	
(0.0095883918376059185801,0.011017792393133472167)	
(-0.0001210667402031764448,6.6004400217248922374e-05)	
(0.0040341352177123371986,0.00013985911917438145378)	
(0.0055902601263911498239,-2.2414558069492604631e-05)	
(0.00857523592471800232,-0.0025856991991767865058)	
(-0.00019999415034340818371,0.00057239905274116659704)	
(0.0060175854333350360312,0.0080760631134120988012)	
(-0.00027938836580688357954,9.0544941443477042079e-05)	
(0.0085507512255674003598,0.010343217882313212111)	
(0.0067539732467155506879,0.014285775405194945861)	
(0.009546124614947927231,0.0099836378514714038679)	
(0.0095883902949096249529,0.011017793267823944997)	
(0.0070419905387094482857,0.012434106726264486376)	
(-0.00025895448552086102476,-2.2900279986090719741e-05)	
(0.007983227119449622794,7.2883945565188488813e-06)	
(0.0058248161561402032188,6.410298297277940312e-05)	
(-0.00010048133457127952407,0.00041631322203721096101)	
(0.0085752424509760675347,-0.0025852012142046540931)	
(0.0074658948793734280711,2.5011887464618145615e-05)	
(-0.00030559117382228650215,0.00073028630564474911451)	
(0.02148958741656311483,-9.8164592602942693826e-06)	
(0.011308239608499600845,0.0092580451218670107433)	
(0.0077932624921647711963,0.0095384790000654050279)	
(0.01280826715067600978,0.010569319278155400385)	
(0.010866913564458255056,0.010323556774077419576)	
(-0.00025897684416532873973,-2.2885265508328070161e-05)	
(0.0058243516651609889695,6.3992672575861994817e-05)	
(0.0079832118591067324082,7.4116149067580487224e-06)	
(0.0085752763333231535325,-0.0025852269482774291667)	
(-0.00010057317277854905071,0.00041627243945848915871)	
(0.0074658486030103003023,2.6681426067136820222e-05)	
(0.0077932238196317489207,0.0095384645836116502965)	
(0.011308250587986172497,0.0092580442516194752511)	
(0.010866906068925387061,0.010323563618478363152)	
(-7.7591004704964224785e-05,-0.00098357232296649344146)	
(0.0035764797217121141459,3.5737864989313669443e-05)	
(0.0028609205301342987421,-0.00056061931141545239248)	
(0.00044755073773468931949,-0.00021018725142092384663)	
(0.006017791266758517818,0.0080762667807047095608)	
(0.0091998369670704127632,-9.5344344952128710869e-05)	
(0.010121762186127255395,0.010153088717509270097)	
(0.01068145619468211828,0.01044715532352279673)	
(0.010368053878341698323,0.0099021109605501554662)	
(0.010296006406572888112,0.0099981129365216154375)	
(-7.7628662504175918214e-05,-0.00098359873558466221627)	
(0.0028605182829382915476,-0.00056052181474544268431)	
(0.0035764668418335576576,3.5753767258763096445e-05)	
(0.0060178662376730376882,0.0080762260274523881703)	
(0.010681439144907838371,0.010447149263976197864)	
(0.010295991191558948388,0.0099981252180474707719)	
(0.01036806461686320957,0.0099021028070092140944)	
(0.0070470398961356367842,0.0016370312109735105262)	
(0.00027273057711018776263,0.006324736767447712224)	
(0.0087899884784088892081,0.009627036128904037024)	
(0.0070470000067988560616,0.0016369612071750626239)	
(0.00027278631604241436633,0.0063247204947799199812)	
(0.0087899737275003615722,0.0096270210519155303974)	
(0.011030792786610559009,0.015596195622769471606)	
(0.0089818250210503703529,0.011233320680969022254)	
(0.01073559154654960511,0.0036570831794564329954)	
(0.015338723549943799121,0.012317404355169073518)	
(0.007740834503506211807,0.0063431276477817159082)	
(0.0067724444588218848592,0.0078116196547876179043)	
(0.0074682955936019729259,0.0096930446301798142)	
(0.014180827085066750534,0.0080323233794929258661)	
(0.012736462911363450462,0.010241348077757299675)	
(0.0066903144915357185343,0.009256720859475505922)	
(0.0073166566799399805621,0.0092706606190141004065)	
(0.0077159365805792318876,0.0094867595369585566017)	
(0.0098460472791482220312,0.009986023486660378784)	
(0.010191962641431257658,0.011183248160585607112)	
(0.0098505751378167409615,0.010826447749337799603)	
(0.009898898275366770777,0.009502529143980944365)	
(0.010143406352788890759,0.0086440343079772930662)	
(0.01004643438308770384,0.0097788315068394540686)	
(0.0090383005520273881905,0.010000687596224652406)	
(0.0084254275556361821198,0.0061790520364000045203)	
(0.0092641757221691104635,0.007895909044573311622)	
(0.011385102601335374967,0.010755289843972355018)	
(0.011034704545135489914,0.010697028236999903128)	
(0.011030770139946599953,0.015596129600471814874)	
(0.0107356213396528552,0.0036571120467348461509)	
(0.0089818345355207312303,0.011233334383585471747)	
(0.0077408531122636799193,0.0063431935766913132013)	
(0.0074682971748613368249,0.009693040137207155349)	
(0.012736442425877967169,0.010241326979904890118)	
(0.014180815130851546005,0.0080322913160538536581)	
(0.0073166575288150315429,0.0092706644376590943701)	
(0.0066902990052711231936,0.0092566787536762749899)	
(0.0098460461035693030984,0.0099860190395736972424)	
(0.0077157988808789993579,0.0094867211145760656915)	
(0.0098505971740102012124,0.010826401892992890824)	
(0.010191940644768873736,0.011183282350474397018)	
(0.010143420730428672621,0.0086440281994177546598)	
(0.0098988411456950847062,0.0095025084108911438141)	
(0.0090383252768679277211,0.010000684706970431118)	
(0.010046431970367697417,0.0097788346569812750753)	
(0.0092641715600330337005,0.0078959087604805588273)	
(0.011034712608974149226,0.010697015285424176304)	
(0.011385114303837495092,0.010755288608551315244)	
(0.012318343271267106695,0.010270513465616576756)	
(0.010137042836675737995,0.0086488937986947938413)	
(0.011909981956534664016,0.006991823358345878453)	
(0.010968259849707591783,0.0098716233253952120202)	
(0.010520263342894046674,0.010332475086364542941)	
(0.0098739567593347388891,0.010492709837664971478)	
(0.009849644059192452436,0.0074397621209654424615)	
(0.0098755635524646404044,0.0080393409799783994985)	
(0.0091899011354660449513,0.010932374229103258845)	
(0.0098100742913284928043,0.010012851354401950191)	
(0.0087421983472089209721,0.010188921433529438132)	
(0.0090843868761080418667,0.010530849933225967102)	
(0.0088444800046808737942,0.0097404317840056493794)	
(0.012318341009894222607,0.010270567108787136829)	
(0.010136973840665718105,0.0086486782828715524918)	
(0.010968253689904524859,0.0098716252325256916011)	
(0.0098739558383511040474,0.01049269022810796724)	
(0.010520264053521461226,0.010332482545416432976)	
(0.0098755403067552517682,0.0080393095871858985535)	
(0.0098496321943884416333,0.007439823091959497231)	
(0.0098100827325223495523,0.010012838498121083911)	
(0.0091898965771484188159,0.010932401615591490554)	
(0.0090843954340990139967,0.010530846371654066854)	
(0.0088444712779443702272,0.0097404385651871268348)	
(0.0093329723118467915882,0.008168351784068935556)	
(0.0097370774489733968871,0.0033272181122420878621)	
(0.011476629911267317158,-0.0028599256777430445524)	
(0.0098096051275979867512,0.0088513922602818286695)	
(-0.00053992594283510384531,1.7958962540851317643e-05)	
(0.0078979265223508305499,0.0068054429596280264364)	
(0.0004472088273810172058,-0.00021078592011100746786)	
(0.00044725120731969701801,-0.00021077936865589313466)	
(0.014068979996674035524,0.0066659569227412208969)	
(0.010224752013781897644,0.010497161628130571506)	
(0.0083653095123498357605,0.0058949548927329170969)	
(0.0086129348033399163315,0.0090967868472699320997)	
(0.01076856953074717925,0.0052273398095487510692)	
(-0.00053991247033955541961,1.800314877700357857e-05)	
(0.010569011138640581338,0.010254855679327766135)	
(0.0098128532685920824563,0.008740983074049350765)	
(0.010138935700771730536,0.0096995836553123871565)	
(0.0069045701449557614349,0.010784080715179875098)	
(0.0057765546781452514757,0.010846758268971886177)	
(0.0098275375049860502763,0.01035343399007483331)	
(0.0096471486893271677504,0.0099861529593238025637)	
(0.0087363654832305921022,0.010664746189422310424)	
(0.0085630002461772377481,0.0090119951445181093602)	
(0.010125451047040759031,0.0094459172384334395139)	
(0.010083846987330906744,0.0089598044009861054632)	
(0.0098919865631095574288,0.0082653988610081365052)	
(0.0096500761310050735958,0.00953040660907811428)	
(0.0097883630831187666554,0.0096058799108162760266)	
(0.0092328432263281759451,0.010314611126270399957)	
(0.010236584687115182421,0.010094717232777343854)	
(0.0083573711901842664962,0.010356527124006113458)	
(0.0079795432869210255328,0.010270222878181065052)	
(0.0096119315470018455022,0.0068809239299005313037)	
(0.008859313723936763571,0.010009709160204115913)	
(0.010020566076833695504,0.01011916479866776207)	
(0.0088478841307873933725,0.0091094487164799543832)	
(0.0099382692149648250296,0.01017734858096906031)	
(0.010463613168872825526,0.010642573963797542433)	
(0.0098378472418774124547,0.0084090895970818715921)	
(0.0094403384997905227111,0.0099455534064527457982)	
(0.010961687389734338025,0.010840554200754862896)	
(0.010354815676422194151,0.010309071184078946043)	
(0.011476582799139262506,-0.0028600174688424070263)	
(0.014069016220808543485,0.0066659063812771713817)	
(0.0057764992996565288005,0.010846749297519400757)	
(0.0069045763130608115918,0.010784083399246760515)	
(0.0109616961920642568,0.010840555737855426047)	
(0.008736366328293795544,0.010664749727324906309)	
(0.0096471415009526158973,0.0099861529139168847546)	
(0.0096120219315621400341,0.0068806225918559274154)	
(0.010083881243856051071,0.0089598269895346440567)	
(0.0098378093192528458244,0.0084090960273562470606)	
(0.0092328247298649537833,0.010314604394419064903)	
(0.010354821275076062786,0.010309069426844416281)	
(0.0083573662983021882594,0.010356540030203194996)	
(0.010236588661605547715,0.010094714700542717009)	
(0.009332954808153888504,0.0081683539487694967196)	
(0.0098096096365036713344,0.0088513896813357841042)	
(0.0086129174758761747194,0.0090967884047355607874)	
(0.010569020245233489916,0.01025485581330152357)	
(0.0098275312092321216728,0.010353429703056239025)	
(0.0085629940744245871403,0.0090119878382087115903)	
(0.010125450690742440057,0.0094459218453812766186)	
(0.0088478764515603717383,0.0091094472800789041966)	
(0.0099382727168494458536,0.010177345838981010501)	
(0.0094403325999818515912,0.009945556760810887742)	
(0.0097371074773705563327,0.0033272005873890642472)	
(0.0078979155761557343768,0.0068053834671035016296)	
(0.010224753030159331249,0.010497153395032685769)	
(0.010138935810997990947,0.0096995674097082630605)	
(0.0079795413878805225572,0.010270248427920495096)	
(0.0088592824522109384078,0.010009723713518102126)	
(0.010020567475942715116,0.010119164150803577895)	
(0.010463608223098280411,0.010642576551294186463)	
(0.0098095384727278391035,0.0088513684355832969453)	
(0.0087402689149070188906,0.010468695127260117458)	
(0.010190447124925630651,0.010157693266243371724)	
(0.012755279367195332743,0.013709901951171332701)	
(0.011018993273061961427,0.01052162436558309877)	
(0.010089371458158555989,0.010552284595611525694)	
(0.0099599918280370586948,0.010045880738763834916)	
(0.010005520848155360567,0.01014383763657191774)	
(0.011147673201707019447,0.010344464646808635561)	
(0.010125443824842391902,0.0094459054941498261926)	
(0.0098775702565349655926,0.0089279744362703670341)	
(0.0098945140432381128298,0.0097927785421589239045)	
(0.0087143428157859890298,0.0093454362730658966513)	
(0.010490983685418141247,0.010519801940486401062)	
(0.009717862554261474245,0.010642543778708588031)	
(0.0096696221474299598464,0.0095640538775426491014)	
(0.010128506561714217468,0.010151086869581044461)	
(0.010521269244935594137,0.010572358350328776855)	
(0.0087402155962653174659,0.010468676220779469035)	
(0.010190450392495675053,0.010157691820661127538)	
(0.011018993646937933276,0.010521625368286574576)	
(0.011147674973896837952,0.010344463851037273561)	
(0.0098775592469098442983,0.0089279053632243185468)	
(0.0098945154736046585231,0.0097927776702878173432)	
(0.010490985315585775808,0.010519798515375456197)	
(0.010521275100365618665,0.010572353522078940455)	
(0.009809541899912023119,0.0088513685791947079029)	
(0.012755273118825849465,0.013709813790963816527)	
(0.010089374468099321369,0.010552304536478988167)	
(0.0099599947125349076044,0.010045876109849015759)	
(0.010005527479515944483,0.010143838478024505903)	
(0.01012544242247190307,0.0094459106120128380479)	
(0.0087144444292862749402,0.0093453798557885624232)	
(0.0097178631656151259754,0.010642548371420465503)	
(0.0096696242766101236227,0.0095640521136089381993)	
(0.010128505437301331751,0.01015108974787094949)	
(0.0064268307668920573658,-0.0041695693246619949107)	
(0.011147702092563670923,0.010344471546815545149)	
(0.0057766214698401372948,0.010846753882549809919)	
(0.0043901558773410936237,-0.0015954005626878685949)	
(0.0087401644634016398966,0.010468685922790611428)	
(0.010961679205413424332,0.010840533047088938071)	
(0.011476665707635459387,-0.0028600504312782291071)	
(0.011018944143050725046,0.01052158603583833868)	
(0.0037777994858198080813,0.0092625241237728715704)	
(0.0076918251467552817627,0.011202572031315896975)	
(0.0095461095822926278487,0.0099836781338148890275)	
(0.010190451581949314802,0.010157677327661989927)	
(0.0077932848276593674058,0.0095385308083767387372)	
(0.010866917564240744648,0.010323517652137223499)	
(0.010735585851211062319,0.0036569375211163591272)	
(0.010521278726433080583,0.010572356649690922356)	
(0.0098377973541857541978,0.0084091266618034551938)	
(0.0077407468680977878361,0.0063430598414148196135)	
(0.0098775308094472425574,0.0089279499680923104371)	
(0.010354827305950733973,0.010309058615620272925)	
(0.0096119097387438751784,0.0068810396291172004277)	
(0.010490976343043703634,0.010519792524225394029)	
(0.0077159528674304381224,0.0094867239251861593119)	
(0.010191976665256206186,0.011183250580931237625)	
(0.0098988835334206139172,0.0095025574938381335982)	
(0.009894517993397350733,0.0097927775705468744077)	
(0.0090382924653098738188,0.010000688151186369612)	
(0.0090843536061987629343,0.010530838179020212547)	
(0.0094403287350924378757,0.0099455476599070186811)	
(0.0099382656640704877815,0.010177345729581427358)	
(0.010463617815889333235,0.010642572256629333552)	
(0.0096696246665607232113,0.0095640544869346841989)	
(0.010128506563169163007,0.010151086521301975682)	
(0.0098275388187768330378,0.010353433219674275725)	
(0.01056903030990730824,0.01025484577752290398)	
(0.010138933574143627753,0.0096996008200192704307)	
(0.0099599868469729332943,0.010045887005320752391)	
(0.010005513048630298306,0.010143843568030781743)	
(0.006426731356742089625,-0.004170042264242535511)	
(0.011147705806431453673,0.010344470916836483176)	
(0.0057765755093182576466,0.010846750087916875657)	
(0.0043901185743996399766,-0.0015952144667203843088)	
(0.0087401063240326922615,0.010468678008853749689)	
(0.0109616844472764461,0.01084053629371116087)	
(0.011476684580743393496,-0.0028601167840133587955)	
(0.01101894752035885959,0.01052159023704491575)	
(0.0037778922767212359118,0.0092624382779876949373)	
(0.0076918571943561820509,0.011202588361285048188)	
(0.0095461122538225955808,0.0099836588359710036478)	
(0.010190453805430984419,0.010157678318729714342)	
(0.0077932680061947503386,0.0095385178916691654161)	
(0.010866906383474757986,0.010323533360707234235)	
(0.010735543595667342009,0.0036569235555497623009)	
(0.010521282438007435733,0.010572354468166915778)	
(0.0098377686118653866892,0.0084091376946394263969)	
(0.007740739267798924482,0.0063429971664149291041)	
(0.0098775253962480290271,0.0089278833960110808715)	
(0.010354831535071495896,0.010309057113408804859)	
(0.0096119802092393229198,0.0068808035561080029691)	
(0.010490977826797568198,0.010519790936294971459)	
(0.0077158425818682156022,0.009486703543276707451)	
(0.010191955672217103968,0.011183272981058246104)	
(0.0098988374379068953812,0.0095025437658457796025)	
(0.0098945188136492293052,0.0097927774597143697755)	
(0.0090382719544383743199,0.01000069179085124986)	
(0.0090843479474942423479,0.010530843962204959607)	
(0.0094403216401682948922,0.009945550483954269938)	
(0.0099382682580778213682,0.010177343518350909224)	
(0.010463613816642094306,0.010642575034019744959)	
(0.0096696265538433849585,0.009564053665105064217)	
(0.010128505824629492615,0.010151088784872513288)	
(0.0098275341982347400038,0.010353429973230540359)	
(0.010569036862485997955,0.010254843830455304815)	
(0.010138937404761480185,0.0096995876156280962099)	
(0.009959988320783560653,0.010045886855033195686)	
(0.010005521386815690449,0.010143847249110044331)	
(0.002115650810035834585,-0.0054532365785871957098)	
(0.0069045785310871314946,0.010784052253945748678)	
(0.0096471504426289770434,0.0099861565925429586488)	
(0.0087363856719543230706,0.010664769723881074165)	
(0.010681408259872158389,0.010447126846324029242)	
(0.0026093221579221071056,0.0040219754424396930714)	
(0.0083788145481650481289,-8.2612355264354597512e-05)	
(0.0070420314164125032488,0.012434146058270171761)	
(0.011308245150777589821,0.009258020710498159056)	
(0.010986791640994034852,0.0017926052007784826648)	
(0.010296023061763668466,0.0099981421717854884051)	
(0.0126399642106014478,0.0031219971034844367849)	
(0.011265552638245555223,-0.003167585972086651297)	
(0.0083652578029563273709,0.0058950682610146359561)	
(0.010418086674510608838,0.010362475867882886549)	
(0.010768532930323589797,0.0052273106979972639233)	
(0.005217762899748248917,0.010133235444553845978)	
(0.0098128258664251996612,0.0087410107805244632168)	
(0.011030687796884541818,0.015596208462254106814)	
(0.0092328131113425786908,0.010314590825898473092)	
(0.010236582172454338283,0.010094723628548428473)	
(0.0083573620632887181403,0.010356525442067790466)	
(0.0089818041481659269265,0.011233380038659233208)	
(0.014180817071472945692,0.0080322476639343182853)	
(0.0091900335132536828397,0.010932425771040987089)	
(0.010046410129038417514,0.0097788428285767725612)	
(0.0092641934527200684585,0.0078959130246784824114)	
(0.011909975355391077406,0.0069918502199035467357)	
(0.0098920066565480122001,0.00826539581290570112)	
(0.0096498415600589221297,0.0095302206754888877521)	
(0.0097883709909500141166,0.0096058495209840610851)	
(0.012317983554129913193,0.010271007398702481153)	
(0.011034706798902785968,0.010697023155111191201)	
(0.0085629811162127068835,0.0090119508914060873078)	
(0.010137023898754211892,0.0086486722400649224118)	
(0.010083856206437138633,0.0089597813321249143714)	
(0.0098739155047293473283,0.010492688004352122844)	
(0.0098755722036537475078,0.0080392644683862680977)	
(0.0098101104834727604481,0.010012853959885142235)	
(0.0093329908584747923311,0.0081683133216500693891)	
(0.0087899883939403181815,0.0096270455389413870512)	
(0.0066904649177876342192,0.0092566804425204679552)	
(0.010520193131999757211,0.010332464129592969573)	
(0.0098495896369153821542,0.007439768227203146303)	
(0.0088444939382529702554,0.0097404338551802197715)	
(0.01002056981868948253,0.010119156713159684763)	
(0.0088478932838960949042,0.0091094553176602789668)	
(0.0052739280231042630701,0.0053507043017601311694)	
(0.014068832001088132921,0.0066658547247692460577)	
(0.010224760215306520281,0.010497157107474577864)	
(0.0080164238141726580633,0.010739395974873115064)	
(0.0086129302251680660285,0.0090967672718158584105)	
(0.0041398235238384231,0.014382221157621135482)	
(0.0095883764565191150625,0.011017803212547066377)	
(0.0067542403573308392936,0.014285728469755192352)	
(0.010143496633670907522,0.0086439882629869239233)	
(0.0021153698889370175021,-0.0054531049509195092181)	
(0.010986782627097452583,0.0017925040917208510689)	
(0.011265607095677082974,-0.003167575419213925457)	
(0.01041808953663226657,0.010362478746524720133)	
(0.005217801534628286296,0.010133208513986404972)	
(0.0093329767913419049707,0.0081683190183848425336)	
(0.0067542297608831052685,0.014285749704426066453)	
(0.011030746358680718067,0.015596273865127836464)	
(0.012318023606990269672,0.010270931242436000599)	
(0.0066904261374983358193,0.0092566497467604664379)	
(0.01052019290938977121,0.010332466980185967334)	
(0.0098495949126761773995,0.0074398057041169278134)	
(0.0085629749123987790316,0.009011948856093163901)	
(0.010143481256998709839,0.0086439862995586896899)	
(0.0098755860149422804856,0.0080392803355286823058)	
(0.0098100980111247848559,0.010012865447730641758)	
(0.010020570986893366852,0.010119156607155807212)	
(0.0088478894342400582484,0.0091094559570326499864)	
(0.0041397395280291888683,0.014382222759289596536)	
(0.0095883764054135074695,0.011017814929746926056)	
(0.010224759902030464143,0.010497149617894238269)	
(0.0086129153728936921203,0.009096763800253341789)	
(0.0069046014745667190493,0.010784058210949368228)	
(0.0096471430327394747106,0.0099861574576406413745)	
(0.0087363924823601994685,0.010664777010841714963)	
(0.010681397873538448634,0.010447121444275364946)	
(0.0026093199223023739314,0.0040218879031969790444)	
(0.0083788166993553712253,-8.2485861707793818186e-05)	
(0.0070420542318603198545,0.012434156844784619023)	
(0.011308257727087732414,0.0092580180202105361725)	
(0.010296024172102241287,0.0099981762856136413564)	
(0.012639970800710048984,0.0031220089918800914171)	
(0.0083652656628147251811,0.005895065433949620709)	
(0.010768539334563542384,0.005227329096052812582)	
(0.0098128318884815671219,0.0087410120099411063588)	
(0.0092328053227600619113,0.010314587669361311231)	
(0.010236585490185827127,0.01009472242389396375)	
(0.0083573603057844683684,0.010356535545684769986)	
(0.0089818035902475834575,0.011233364883986841215)	
(0.014180833070935525142,0.0080322339309166265048)	
(0.009190037712846285331,0.010932451469425294791)	
(0.010046407178156078685,0.0097788453141676463104)	
(0.0092641971621020488548,0.0078959158647817460908)	
(0.011909967456288410304,0.0069918516684612311285)	
(0.0098920050016611457688,0.0082653961148174640711)	
(0.0096498117630397645117,0.0095302137405821139154)	
(0.009788371538063353125,0.009605849797174513538)	
(0.011034705159892820026,0.010697034635467311814)	
(0.010137074819816639312,0.0086488153828286340463)	
(0.010083886253478800687,0.0089598057903013585829)	
(0.0098739129972382697065,0.010492698332007621004)	
(0.0087899632711754670938,0.0096270407649983701093)	
(0.0088445006129789366378,0.0097404296644171429326)	
(0.0052737763744211511863,0.0053507224207661411436)	
(0.014068863935537854679,0.0066658049092196535595)	
(0.0080164497133749564733,0.01073940347921983722)	
(0.007341238938470599773,0.0081443604436004842645)	
(0.01055663541890407113,0.0096557798032841455488)	
(0.012736487149645644296,0.010241286178748426269)	
(0.010968189023987098482,0.0098716344071065002114)	
(0.0073413256420092401489,0.0081444586691901098285)	
(0.01055664116500619476,0.0096557799771716940063)	
(0.01273650316428096875,0.010241303261297993871)	
(0.010968193937224247209,0.0098716344192159820314)	
(0.0021156938631903604228,-0.0054533653030156845412)	
(0.0064268351468148750272,-0.0041697536457520317094)	
(0.002609375694440262388,0.0040219619787644766973)	
(0.0043901666924359636357,-0.0015953277480685694456)	
(0.0025666751984701600443,0.0090910141342964625316)	
(0.0070468914405088286385,0.0016369126507635156902)	
(-0.0016729770559931124614,0.010590121427299082485)	
(0.010822630062328036579,0.007925493738026048729)	
(0.0083788305051394930401,-8.2562878531228545988e-05)	
(0.010121706848879452253,0.010153097619219552186)	
(0.01036809881147698377,0.0099021121122715820284)	
(0.011030718451912320185,0.01559627811503559551)	
(0.008981787708538373563,0.011233369073557066681)	
(0.010735489783373675793,0.003656953420777046132)	
(0.015338646256728045991,0.012317424142639697357)	
(0.0067721739753992772279,0.0078115179455380406859)	
(0.0084254490645942741595,0.0061790179156271220554)	
(0.0077407163742689803071,0.0063429892355400243828)	
(0.0074682574461898947743,0.0096929887569449091345)	
(0.0092641953506531916213,0.007895914871004459934)	
(0.01138509136416299139,0.010755280715034393549)	
(0.012736502300236667365,0.010241307265110709268)	
(0.0073166478997983095539,0.0092706885943102477349)	
(0.0090382671068320874497,0.010000694915580112671)	
(0.011034702862621871902,0.010697032576620961464)	
(0.0098460586166788412188,0.0099859854345919207841)	
(0.0098505855231245127018,0.010826450597784051041)	
(0.010143484264142360249,0.0086439933757695291972)	
(0.0070468444850415225961,0.0016370440386739772577)	
(0.0109867942966308859,0.0017926258755397808144)	
(0.010822626746856004246,0.0079254948220476972159)	
(0.0073413139975698135653,0.0081444085571786353772)	
(0.010681390573520101878,0.010447131801325785366)	
(0.010296010032008140467,0.009998163034154836093)	
(0.010368100906717244575,0.009902097556294909772)	
(0.0074682581336255483145,0.0096929842828062280635)	
(0.0073166475493421064338,0.0092706902077265077033)	
(0.01418082915140732661,0.008032235890176335838)	
(0.0066904301107850424127,0.0092566392122095022404)	
(0.010046405937119615853,0.0097788447034203428848)	
(0.011385101333942384064,0.010755279633041049669)	
(0.0098460565588748116123,0.0099859802379161383828)	
(0.0098506074514364914269,0.010826413516340048851)	
(0.0077157917649462847559,0.0094866589917986226393)	
(0.010191953259320808006,0.011183278047396527297)	
(0.0098988148677338350101,0.0095025348828309454813)	
(0.0097926978355500696183,0.0077274906638177022489)	
(0.012808271358984454555,0.010569328480266468318)	
(0.0070469304136488069082,0.0016369990977413899445)	
(0.012318048578774472637,0.010270965285155420066)	
(0.0087421542037014101506,0.010188902517009056775)	
(0.010137074928843154559,0.0086488328223904634151)	
(0.01096819167810818979,0.0098716347272817684538)	
(0.0090843460619419447166,0.010530841778857392629)	
(0.0088445025259515155924,0.0097404259881952864886)	
(0.0098739230029342879569,0.010492700981306755242)	
(0.0098755939992107889813,0.0080392923246561699691)	
(0.0098101019651671960559,0.010012859207618044974)	
(0.0052738446294752364465,0.00535075055562259181)	
(0.0097926991807059434597,0.00772748893783736443)	
(0.011265561472768876455,-0.0031675773057186534971)	
(0.010556638745458452044,0.0096557838716874368895)	
(0.0077932531761082243435,0.0095385204045401600359)	
(0.011308252041769840598,0.0092580212981863904687)	
(0.010866903564168658644,0.010323524079114979046)	
(0.0070468801669787981337,0.0016369174965671262796)	
(0.0087899702196976067098,0.0096270376712176385092)	
(0.01052019527317373665,0.010332468047346825279)	
(0.0098495831075221789569,0.0074398206557341655179)	
(0.0091900362812813735786,0.010932454023964231077)	
(0.010861769027652469141,0.0099060431986418909234)	
(0.01116105227383883125,0.003548856665643333394)	
(0.0024117579146489967826,0.00454855412988431837)	
(0.0085507799032359613906,0.0103432447667469226)	
(0.006835299608773101783,0.010494822321664015741)	
(0.0024117658049267565006,0.0045485568134098998058)	
(0.0085507777021814508622,0.01034324459201017149)	
(0.010861768260825386406,0.0099060415064965642862)	
(0.0037779157299067970752,0.009262357330270327288)	
(0.0080164339085332624035,0.010739401696407337161)	
(0.010418087940087694676,0.010362477855777350172)	
(0.011160902595949994537,0.0035493961429063042128)	
(0.0024117656281783523935,0.0045485724391374597608)	
(0.0085507851491526364052,0.01034324751669590467)	
(0.006835337795266686195,0.010494798620558588517)	
(0.0076918316384896332286,0.011202552878491497598)	
(0.0041397924026411719173,0.014382212638636314092)	
(0.005217851594156932768,0.010133200419338026302)	
(0.0024117715569189394041,0.004548607477679478088)	
(0.0067542219826279966885,0.014285759932657370042)	
(0.0095461038875762523059,0.0099836262910564816525)	
(0.00958837209818522683,0.011017810424969951)	
(0.0070420348635282939767,0.01243415410430576129)	
(0.0085507815681743117725,0.010343246662902708805)	
(0.0021153635471297879689,-0.0054530070306228290919)	
(0.006426746384533414333,-0.0041702591186048064767)	
(0.0026092517127733411489,0.0040218848264792529668)	
(0.0043901383036977397259,-0.0015953317835558323765)	
(0.0025665958451881725616,0.0090911526201005957853)	
(-0.0016731058949000898305,0.010590105300560627433)	
(0.010822625696167660625,0.0079254934300191839242)	
(0.008378870789132193686,-8.2547006373196479714e-05)	
(0.011030712042146719951,0.01559621543153176873)	
(0.0089818150749567029351,0.011233369619087708174)	
(0.01073556526004132948,0.0036569423470119441846)	
(0.015338654508584384853,0.012317418377905713783)	
(0.0067721931141431091633,0.0078114596316443268842)	
(0.0084254548802659198076,0.0061790149127936991671)	
(0.0077407411673648795353,0.0063430508385241808969)	
(0.0074682576399344993354,0.009692983040146943563)	
(0.0092641965766442953972,0.0078959142090148891346)	
(0.011385102521269651818,0.010755280739107680316)	
(0.012736493108520510059,0.010241273378839753361)	
(0.0073166478696154802278,0.0092706924873532086523)	
(0.0090382893435802507537,0.010000685730126518749)	
(0.011034710315597807961,0.010697028455064778313)	
(0.0098460580500102472257,0.0099859834809951607271)	
(0.0098505794823793534076,0.010826427270249242701)	
(0.010143500155273344268,0.0086439902815675095926)	
(0.010121698193385614967,0.01015309109509044197)	
(0.010368112511639712009,0.0099021103329449827735)	
(0.010986625697262882712,0.0017925376805519842045)	
(0.0108226258227500996,0.0079254909048536610616)	
(0.0073412763811951369658,0.0081444125172701921367)	
(0.007468257954246725755,0.009692986156613842344)	
(0.0073166482141957299781,0.0092706885254749855918)	
(0.014180841039016480604,0.0080322419748114666505)	
(0.0066904520693816292923,0.0092566882299645776577)	
(0.010046411598025465836,0.0097788362978259765063)	
(0.011385092511498317094,0.010755283750121521352)	
(0.0098460591817989290969,0.0099859822139244502209)	
(0.0098505892068660189792,0.010826443424158893603)	
(0.0077159439359056518695,0.0094867141196396109759)	
(0.010191950519161024902,0.011183262513384755951)	
(0.0098988751673396643826,0.0095025555928316268739)	
(0.010681416061811933177,0.010447123372343053091)	
(0.010296031395765931071,0.0099981533129063944465)	
(0.010368108077874992057,0.0099021217302849885711)	
(0.0097926963997723107808,0.0077274886378165940498)	
(0.012808271527304473936,0.01056933878641161742)	
(0.012318005551445229684,0.010271014160439680823)	
(0.0087421574506003109362,0.010188902865445133641)	
(0.010137041537171159397,0.0086486175497008047769)	
(0.010968187033107040448,0.0098716362754436622756)	
(0.0090843573757385023132,0.010530838986366640106)	
(0.0088444983246720471765,0.0097404301366728375522)	
(0.0098739164475924717096,0.010492687430725344822)	
(0.0098756076755810925927,0.0080392884535251969008)	
(0.0098101099825263042564,0.010012856046775457305)	
(0.0052738322474296861139,0.0053507303308880128923)	
(0.0097926948002353235434,0.0077274847840073301528)	
(0.011265575084812051374,-0.0031675375965390575178)	
(0.010556634287475613262,0.0096557767984938053935)	
(0.0077932934573105051845,0.0095385256221843222474)	
(0.011308248629037698577,0.0092580181979096815015)	
(0.010866915833753064413,0.010323519853604736993)	
(0.010520194175011659751,0.010332463908412822459)	
(0.0098496510170204918527,0.0074397900913718804927)	
(0.0091900383424840456636,0.010932431602881202692)	
(0.0087899788042480244549,0.0096270479385585586846)	
(0.010861767917828189789,0.0099060396657305715279)	
(0.0068353644439307151282,0.010494831153861067588)	
(0.01086177087428071876,0.0099060400425190330703)	
(0.0037777954965157655928,0.0092625065260988591331)	
(0.0080164232920603636923,0.010739392471319527192)	
(0.010418091790141512099,0.010362478050252680109)	
(0.0068353358761120679848,0.010494836967880940767)	
(0.0076918672044226912496,0.011202583453075842801)	
(0.0041397824251852965299,0.014382275926393493087)	
(0.0052177507772361046354,0.010133255307700381534)	
(0.0067542578032693794537,0.014285724026041220908)	
(0.0095461099418969706798,0.009983665942374682703)	
(0.0095883771175119189567,0.011017805933513463018)	
(0.0070420311924943631426,0.012434145860303362149)	
(0.0057765679970323002834,0.010846741752755025001)	
(0.0087363869658351866326,0.010664774631824310014)	
(0.011476692474387682058,-0.0028601158891232623081)	
(0.0069045850180894366085,0.010784057764386095757)	
(0.0096471418950969094891,0.0099861563031800899132)	
(0.010961686701559981982,0.010840535512039206276)	
(0.0098377576607665689901,0.0084091355156174340396)	
(0.0083573604839580362819,0.010356540051549657788)	
(0.0096119936057662454243,0.0068807012050849016699)	
(0.0092328039876382935608,0.010314589509455992025)	
(0.010236585626852694186,0.010094722024616961664)	
(0.010354831452703452954,0.010309056778921838957)	
(0.010083885030870733818,0.0089598056949193958381)	
(0.014068862817110734664,0.0066658116229405912564)	
(0.0057766231482939472616,0.010846734123595607943)	
(0.0087363822684443041139,0.01066476715294774856)	
(0.011476731772336185022,-0.0028600117380018596873)	
(0.0069045710606916053595,0.010784046367268049563)	
(0.0096471517956746456052,0.0099861578464524800025)	
(0.010961681710042419854,0.010840536011415918133)	
(0.0098377980100215062231,0.008409123007687539092)	
(0.0083573669483580012574,0.010356528590560515682)	
(0.0096119076453077718913,0.0068810373762525234992)	
(0.009232818908829477228,0.010314595380235302632)	
(0.010236584458596266825,0.010094722660253846805)	
(0.010354826680979799594,0.010309059369663003958)	
(0.010083864137330112234,0.0089597794245144472131)	
(0.014068817614173511482,0.0066658726816461177922)	
(0.0085629730307275522122,0.0090119441332904646341)	
(0.010125445723880070747,0.0094459068044022952149)	
(0.0094403225458604932141,0.0099455500601374705744)	
(0.0088478859314025867788,0.0091094554817183290979)	
(0.009938270112414807414,0.010177342336501984943)	
(0.0093329773237023835875,0.0081683074525577218511)	
(0.0098095434856219736186,0.0088513652555563000074)	
(0.0098275274652060030239,0.010353429169050354375)	
(0.0086129145535928132438,0.009096764841398766871)	
(0.010569035606978012184,0.010254847220632135052)	
(0.0085629780425790294474,0.0090119526286692591688)	
(0.010125444747294265468,0.0094459060448760651107)	
(0.0094403276689638028485,0.0099455481247241375037)	
(0.0088478978239107178294,0.009109452866078452532)	
(0.0099382658761406946629,0.01017734554096839418)	
(0.0093329953484059344909,0.0081683088573704654145)	
(0.009809540214905475633,0.0088513684021715721695)	
(0.0098275375641522621367,0.010353431930776755762)	
(0.0086129262280943749003,0.0090967648373996932293)	
(0.01056903014778927917,0.010254845828462453433)	
(0.0079795558145346247997,0.010270243474936217171)	
(0.0088592752071331836577,0.010009730155917046304)	
(0.010020571602407116196,0.010119155670245396847)	
(0.010463612761076409099,0.010642575451951121965)	
(0.0097371112181178828132,0.0033272174664685915529)	
(0.0078979194097684377041,0.0068053950495477414512)	
(0.01022476115386895118,0.010497150520384971456)	
(0.010138933525702950936,0.0096995820823753894913)	
(0.011147703961386206881,0.010344470897818900529)	
(0.011018947268461526737,0.010521590830969292443)	
(0.0087401246497720887219,0.010468669891783022319)	
(0.01019045524989902092,0.010157677580013761351)	
(0.010521283074088715395,0.010572352694647842858)	
(0.010490976942403945626,0.010519789981403921547)	
(0.0098775190129102661413,0.0089278768096505544544)	
(0.0098945193176323397583,0.0097927765264458482841)	
(0.011147702736117624106,0.010344473093723405635)	
(0.011018944940357844678,0.010521586199086451624)	
(0.0087401754578298532228,0.010468668746812242673)	
(0.010190452660366411744,0.010157678182092972491)	
(0.01052127862620716274,0.010572357139975839188)	
(0.010490976053166452958,0.010519792154646679175)	
(0.0098775302675056797508,0.0089279509819832209017)	
(0.0098945178812127488471,0.0097927774668380568324)	
(0.0079795431825559291067,0.010270219843598044421)	
(0.0088593158053710003436,0.010009716899620305433)	
(0.010020569518451673957,0.010119156655037023565)	
(0.0097370572316740882507,0.0033272154305997512884)	
(0.007897916121588107255,0.0068054328257218747039)	
(0.010224761414332698972,0.010497155961606061472)	
(0.010463617909189660768,0.010642573406720827814)	
(0.010138927118277902065,0.0096996002600418657069)	
(0.0087144593119775886486,0.00934534444768580011)	
(0.010125453086101762409,0.009445918978668683616)	
(0.009717865777433718974,0.010642548134955987296)	
(0.0096696265555100170686,0.0095640525995764787137)	
(0.010128506732646194374,0.010151089201550255944)	
(0.012755256227548339085,0.013709777512594075941)	
(0.0098096123581095321514,0.0088513969611139602101)	
(0.010089371926752454048,0.010552306080539581093)	
(0.0099599878030319013988,0.010045883077718338952)	
(0.010005518476653933041,0.010143842963961495832)	
(0.0087143380301632523965,0.0093454393473272993897)	
(0.010125452587358812692,0.009445919081931269598)	
(0.0097178614657509512081,0.010642544952247078374)	
(0.0096696245527505275685,0.0095640545599824412781)	
(0.010128506468097774745,0.010151086472166016492)	
(0.012755282698379106013,0.013709917109270507857)	
(0.0098096049922840669599,0.0088513965476999436482)	
(0.010089370021640684319,0.010552279339211637424)	
(0.0099599854339999481512,0.010045888205161598861)	
(0.010005512663624730949,0.010143842385809813053)	
(0.0064275154317333157289,-0.0041702636710412603269)	
(0.0043902675661948286495,-0.0015953795764741568897)	
(0.0087402030182285317395,0.010468695043029791619)	
(0.010190450179723019655,0.010157694023507060979)	
(0.011476642737093102273,-0.0028599614185399091677)	
(0.011018994202145037525,0.010521628577213001238)	
(0.0037779064693831895805,0.0092620190928582989826)	
(0.0099599937473212694222,0.010045878741062138143)	
(0.0076917408601899668608,0.01120265206551251079)	
(0.010569014642103535112,0.010254854108541273938)	
(0.010005527934532151488,0.010143841171077515664)	
(0.01114767616677427714,0.010344463235898172446)	
(0.009546147838424737242,0.0099836504840594541416)	
(0.010138942953771231878,0.0096995689218018141253)	
(0.0057765109439984387713,0.010846760564645546027)	
(0.010961691550975372067,0.010840551955610093146)	
(0.0077932483608355281393,0.0095384735723853825845)	
(0.010866909102252717695,0.010323563411554491018)	
(0.0098275322059253166634,0.010353430673729147396)	
(0.010735563967325776821,0.0036570627910749694059)	
(0.0077408332212758595298,0.0063431176809029049188)	
(0.0098775684960106004129,0.0089279006450129240469)	
(0.0098945146778134963894,0.009792778320976514711)	
(0.0096120122400132190083,0.006880614497243558135)	
(0.010490984249402000861,0.01051979967371710796)	
(0.0077157921911612040167,0.0094867253566020583178)	
(0.0096696237249915550915,0.0095640523099080384378)	
(0.010191941966628766114,0.011183285887402510256)	
(0.009938272567913410474,0.010177345638197851305)	
(0.01012850686999800659,0.01015108944897052945)	
(0.010521272143395788215,0.010572354592157186953)	
(0.0098988458809072671363,0.0095025101712819561028)	
(0.010463608743519056329,0.010642577515090997919)	
(0.0098378141050314248106,0.0084091010628744109617)	
(0.010354819405121199957,0.010309068291951092866)	
(0.0090382988623379078436,0.01000069262588790947)	
(0.0090843912669917453728,0.010530848789100988316)	
(0.0094403334471911300174,0.009945554500074223897)	
(0.0021148686669039454787,-0.0054536475762236953299)	
(0.010986729518220321455,0.0017924625120768235276)	
(0.0093329612852404084111,0.0081683685000743782439)	
(0.011265486433608735625,-0.0031678639709831189243)	
(0.010224752103630392608,0.010497153948446942898)	
(0.010418115816741031071,0.010362464317514781878)	
(0.00861292192317596704,0.0090967863303657112845)	
(0.0052177312265518733733,0.010133164498216180177)	
(0.0041396470134183876999,0.014382101883964718697)	
(0.0067539827612283168806,0.014285769367296490343)	
(0.0095883968963785242562,0.011017801894247647096)	
(0.01103078162152063002,0.015596199123852797636)	
(0.012318377715711401749,0.010270464542805741309)	
(0.0085630025526196654195,0.0090119891319793820478)	
(0.006690273005432319578,0.0092566688322555188556)	
(0.010020567778450855181,0.010119163854628569765)	
(0.010520262465632269563,0.010332475909452566026)	
(0.0088478760494879894055,0.0091094517680135010662)	
(0.0098496291761260412051,0.0074398212101395334861)	
(0.0098755353779953567589,0.0080393477726000625583)	
(0.010143401624619841767,0.0086440297200110812609)	
(0.0098100782121207236175,0.010012841269098897434)	
(0.0064275116631350853735,-0.0041705139946496966319)	
(0.0021148801999630764507,-0.0054535591082412859104)	
(0.0043902331729112880482,-0.0015955092706322188383)	
(0.010986571094953051161,0.0017924855725402573034)	
(0.0093329673049735838858,0.0081683608658190322988)	
(0.008740247042493022589,0.010468694260014526146)	
(0.010190449101565720105,0.010157692189548964481)	
(0.011476614221993830869,-0.0028598548540246619687)	
(0.011018988876996897372,0.010521620323939535543)	
(0.011265489230880705238,-0.0031678028009544259916)	
(0.010224753640001318922,0.010497158692373066355)	
(0.0037777962532946364992,0.0092621698378049701489)	
(0.010418115768632571147,0.010362460275284779768)	
(0.0086129297206869667725,0.0090967911588284433577)	
(0.0076917340200133282185,0.011202661294233248052)	
(0.0052176730199369140278,0.010133220777437132107)	
(0.00413968396114102518,0.014382146884299883485)	
(0.010569011524698274096,0.010254855077797145682)	
(0.011147673361798641697,0.010344465496780063871)	
(0.0095461330682841162576,0.0099836774462424039689)	
(0.0067540186782114189704,0.014285744548151037975)	
(0.0095883974205574137861,0.011017792355771936427)	
(0.005776555679185353849,0.01084675071412582667)	
(0.010961689853405983189,0.010840551521634539736)	
(0.007793271009291196337,0.0095384766705211149196)	
(0.010866921058275623782,0.010323556830640963355)	
(0.010735666831231284804,0.0036570357306565728917)	
(0.011030727164481071711,0.015596129320514406924)	
(0.0077408515844337227527,0.0063431826104406122818)	
(0.012318305351406299772,0.01027053507178574826)	
(0.0085630066096906206491,0.0090119933694495241855)	
(0.0098775755014857899439,0.0089279705440159021212)	
(0.0098945140564128120086,0.0097927784452704075974)	
(0.0096119449957245313432,0.0068808838763664056243)	
(0.010490983596512524004,0.010519800455345793347)	
(0.0066903186716589296487,0.0092567025617143212229)	
(0.010020566429099117198,0.010119164751954172476)	
(0.0077159166848142380496,0.0094867650696178629915)	
(0.010520263532826647571,0.010332477076052110423)	
(0.0088478844951922139273,0.0091094471615403224685)	
(0.010191936708493007716,0.011183282701980800863)	
(0.009849677267373589673,0.0074398166643176609145)	
(0.0098755607836560031776,0.0080393582178861985876)	
(0.0099382697377963982038,0.010177348843263472195)	
(0.010521270052866866368,0.010572356325194598448)	
(0.0098988958299795083012,0.0095025241933753817197)	
(0.010143418671065511719,0.0086440350893917262259)	
(0.0098100907840525230358,0.010012841550280329739)	
(0.0098378450000035297385,0.0084090851540714623563)	
(0.010354816158476890658,0.01030907116510493618)	
(0.0090383173557888416699,0.010000682583967615905)	
(0.0090844002276745296903,0.01053084442429208685)	
(0.0099599926215741506341,0.010045879061483032821)	
(0.010005522540575175969,0.01014383956208210133)	
(0.010138935328784433668,0.0096995833723061038179)	
(0.0098275407345929741837,0.010353433527816200896)	
(0.0096696220851000408425,0.0095640534657560477561)	
(0.010128506369443604843,0.010151087313919140293)	
(0.010463612990015335943,0.010642575140047402099)	
(0.0094403400185317353638,0.0099455531635726200645)	
(0.0026093879427484022518,0.0040217456125652270224)	
(0.0083787354651411339451,-8.2413115708147800711e-05)	
(0.0052739891589069750125,0.0053506486577266686513)	
(0.012640034748933314315,0.0031220891353034734873)	
(0.014069015846039556808,0.0066659014170030225083)	
(0.0083652879224554565346,0.0058949536322094415672)	
(0.0080164476949232416764,0.010739377564181069521)	
(0.010768588653049644688,0.0052273764290586286277)	
(0.0070420094112606029454,0.012434099478312976572)	
(0.0098128481850219672483,0.0087409861568699311757)	
(0.0069045956104290869687,0.010784071388283592019)	
(0.01130825443571911032,0.0092580426938797567848)	
(0.0089817948204800098638,0.011233316975010685171)	
(0.014180799017583326296,0.0080323220609249557783)	
(0.0101370099174704284,0.0086489131871702578519)	
(0.011910001004966485477,0.0069918214732507472445)	
(0.010083867982491929657,0.0089598188218318348258)	
(0.0098919856521974061647,0.0082653972118477830877)	
(0.0098739518336500679829,0.010492701244852116124)	
(0.0096500523277422423085,0.0095303793818979076757)	
(0.0091899098087591078732,0.010932400637555572676)	
(0.009788362744215513972,0.0096058780996074403374)	
(0.0092328302711809414477,0.010314602777080310661)	
(0.010046427583548603671,0.009778833053061790001)	
(0.010236586574215665243,0.010094714686685407612)	
(0.0083573664349041731914,0.010356540443287313991)	
(0.009264169423913507645,0.0078959074053289446393)	
(0.011034714660028682037,0.010697022311502565536)	
(0.0088444822537220614544,0.0097404333995828040749)	
(0.0096471389523468190075,0.0099861546616505213886)	
(0.0087363756498499006709,0.010664747156622099433)	
(0.010681440474629502746,0.010447155947687698785)	
(0.010296011458206766678,0.0099981481572702091132)	
(0.0087899601484021528536,0.0096270359100099189148)	
(0.0073410152615236510393,0.0081444446779514664825)	
(0.010556656382590352827,0.0096557718226753866397)	
(0.012736447845181046376,0.010241364417381534913)	
(0.010968258137712490544,0.009871624087225019592)	
(0.0083786879765814815946,-8.2501831133949724115e-05)	
(0.0073409046051360763233,0.0081443944982996421128)	
(0.0052740803849788478463,0.0053506216061887917207)	
(0.010556650295783865171,0.0096557695234550967867)	
(0.014068973468857094017,0.0066659625952978640573)	
(0.008016422691107246562,0.010739375548339598343)	
(0.0070419891709873026764,0.012434102549419965081)	
(0.0069045673012161279045,0.010784070287299878099)	
(0.011308247994919412918,0.0092580419990121627649)	
(0.014180781280042353831,0.0080323210275232061889)	
(0.012736442512773671343,0.010241339630289400878)	
(0.010137002317680077548,0.0086487761385513495932)	
(0.010968255188371290459,0.0098716238320820017677)	
(0.010083851926494675696,0.0089597908626065855819)	
(0.0098739502009832485346,0.010492697227102842222)	
(0.0091899037707152374244,0.010932380239063512264)	
(0.0092328348975716702934,0.010314604410985752161)	
(0.010046434471925606152,0.0097788257953524831967)	
(0.0083573700598342671314,0.010356532016060241569)	
(0.010236585896022692976,0.010094714471944470774)	
(0.0092641714585892185468,0.0078959046006536609541)	
(0.011034716178220462662,0.010697020321766415388)	
(0.0087363646583759613229,0.010664741689796903776)	
(0.0096471483074188173201,0.0099861555265416384469)	
(0.010681459644070146961,0.010447146848936005731)	
(0.01029601581131360695,0.0099981211074760059643)	
(0.0026093301181090255807,0.0040217559026197351527)	
(0.0089818106081821363906,0.011233319392297200223)	
(0.0088444815392417202443,0.0097404349184641181997)	
(0.0087899778107993885995,0.0096270358057391793027)	
(0.0025663069859425137985,0.0090908861047416713447)	
(-0.0016732484428925956544,0.010589903635614641986)	
(0.010822616055471027258,0.007925487623842665183)	
(0.010822615570446595182,0.0079254852203092616275)	
(0.0097927037678943503612,0.0077274661554183558115)	
(0.0097927009735135090579,0.0077274660072390631907)	
(0.010861790236977900484,0.0099060322073786909874)	
(0.010861790252808809984,0.0099060321807831440422)	
(0.0068352400633406211819,0.010494833834818025758)	
(0.0068352075958754907048,0.010494859249257037365)	
(0.012808269347903458377,0.010569331449682098367)	
(0.015338699933176871623,0.012317404787124024493)	
(0.0067723512569079716977,0.007811741728524916259)	
(0.0074682927407268813805,0.0096930404522323626582)	
(0.0073166549710763882641,0.0092706609257642690752)	
(0.0098460441744866664115,0.0099860179206092049981)	
(0.0098505673518858583027,0.010826439570448645119)	
(0.0084254355466821268666,0.0061790446854615458869)	
(0.011385117221004777133,0.010755284958189222783)	
(0.007468294074619957236,0.0096930431027191493037)	
(0.0073166565924107206803,0.0092706593230495511898)	
(0.0098460461940045942986,0.0099860173008065843125)	
(0.0098505785931478438006,0.010826446934196437208)	
(0.011385109365043612553,0.010755287960638739223)	
(0.0087422030987693386678,0.010188915969240312787)	
(0.010121745063971577736,0.010153095244403052486)	
(0.010368069540453574845,0.0099021156322654582671)	
(0.01036807346582594748,0.00990213341151818284)	

