clang++ -std=c++14 -stdlib=libc++ -O3 -ferror-limit=2 -Weverything -Wno-c++98-compat -Wno-c++98-compat-pedantic -Wno-sign-conversion -Wno-exit-time-destructors -Wno-float-equal -Wno-global-constructors -Wno-missing-declarations -Wno-unused-parameter -Wno-padded -Wno-shadow -Wno-weak-vtables -Wno-missing-prototypes -Wno-unused-variable -ferror-limit=1 -Wno-deprecated -Wno-conversion -Wno-double-promotion -c src/direct_cuda_pattern.cc -o ./obj/direct_cuda_pattern.o -Iinclude -I/usr/local/cuda/include -I/usr/local/include -I/usr/include/c++/v1
nvcc src/cuda_pattern.cu -o ./obj/_cuda_pattern.o -Iinclude -I/usr/local/cuda/include -I/usr/local/include -I/usr/include/c++/v1 -m64 -dc -gencode arch=compute_70,code=sm_70 --relocatable-device-code true  -Xptxas -v
ptxas info    : 9754 bytes gmem
ptxas info    : Compiling entry function '_Z5ZaxpymddP7double2S0_' for 'sm_70'
ptxas info    : Function properties for _Z5ZaxpymddP7double2S0_
    0 bytes stack frame, 0 bytes spill stores, 0 bytes spill loads
ptxas info    : Used 30 registers, 392 bytes cmem[0]
ptxas info    : Function properties for cudaGetDevice
    0 bytes stack frame, 0 bytes spill stores, 0 bytes spill loads
ptxas info    : Compiling entry function '_Z5DasummP7double2Pd' for 'sm_70'
ptxas info    : Function properties for _Z5DasummP7double2Pd
    0 bytes stack frame, 0 bytes spill stores, 0 bytes spill loads
ptxas info    : Used 26 registers, 1024 bytes smem, 376 bytes cmem[0]
ptxas info    : Compiling entry function '_Z8sum_diagP7double2mdd' for 'sm_70'
ptxas info    : Function properties for _Z8sum_diagP7double2mdd
    0 bytes stack frame, 0 bytes spill stores, 0 bytes spill loads
ptxas info    : Used 10 registers, 384 bytes cmem[0]
ptxas info    : Compiling entry function '_Z5ZgemmP7double2S0_S0_md' for 'sm_70'
ptxas info    : Function properties for _Z5ZgemmP7double2S0_S0_md
    0 bytes stack frame, 0 bytes spill stores, 0 bytes spill loads
ptxas info    : Used 40 registers, 8704 bytes smem, 392 bytes cmem[0]
ptxas info    : Function properties for cudaFuncGetAttributes
    0 bytes stack frame, 0 bytes spill stores, 0 bytes spill loads
ptxas info    : Function properties for cudaOccupancyMaxActiveBlocksPerMultiprocessorWithFlags
    0 bytes stack frame, 0 bytes spill stores, 0 bytes spill loads
ptxas info    : Compiling entry function '_Z22extract_intensity_diffP7double2PdS1_mm' for 'sm_70'
ptxas info    : Function properties for _Z22extract_intensity_diffP7double2PdS1_mm
    0 bytes stack frame, 0 bytes spill stores, 0 bytes spill loads
ptxas info    : Used 24 registers, 392 bytes cmem[0], 8 bytes cmem[2]
ptxas info    : Compiling entry function '_Z9compose_aPdPmS_dP7double2m' for 'sm_70'
ptxas info    : Function properties for _Z9compose_aPdPmS_dP7double2m
    0 bytes stack frame, 0 bytes spill stores, 0 bytes spill loads
ptxas info    : Used 30 registers, 400 bytes cmem[0]
ptxas info    : Function properties for cudaOccupancyMaxActiveBlocksPerMultiprocessor
    0 bytes stack frame, 0 bytes spill stores, 0 bytes spill loads
ptxas info    : Compiling entry function '_Z5ZscalmdP7double2' for 'sm_70'
ptxas info    : Function properties for _Z5ZscalmdP7double2
    0 bytes stack frame, 0 bytes spill stores, 0 bytes spill loads
ptxas info    : Used 27 registers, 376 bytes cmem[0]
ptxas info    : Function properties for cudaMalloc
    0 bytes stack frame, 0 bytes spill stores, 0 bytes spill loads
ptxas info    : Compiling entry function '_Z38make_individual_pattern_intensity_diffPdS_PmS_dS0_S_S_mP7double2mm' for 'sm_70'
ptxas info    : Function properties for _Z38make_individual_pattern_intensity_diffPdS_PmS_dS0_S_S_mP7double2mm
    24 bytes stack frame, 0 bytes spill stores, 0 bytes spill loads
ptxas info    : Used 72 registers, 448 bytes cmem[0], 104 bytes cmem[2]
ptxas info    : Compiling entry function '_Z5ZcopymP7double2S0_' for 'sm_70'
ptxas info    : Function properties for _Z5ZcopymP7double2S0_
    0 bytes stack frame, 0 bytes spill stores, 0 bytes spill loads
ptxas info    : Used 28 registers, 376 bytes cmem[0]
ptxas info    : Function properties for cudaDeviceGetAttribute
    0 bytes stack frame, 0 bytes spill stores, 0 bytes spill loads
ptxas info    : Compiling entry function '_Z6Dznrm2mP7double2Pd' for 'sm_70'
ptxas info    : Function properties for _Z6Dznrm2mP7double2Pd
    0 bytes stack frame, 0 bytes spill stores, 0 bytes spill loads
ptxas info    : Used 28 registers, 1024 bytes smem, 376 bytes cmem[0]
ptxas info    : Compiling entry function '_Z34extract_intensity_diff_with_offsetP7double2PdS1_S1_mmdd' for 'sm_70'
ptxas info    : Function properties for _Z34extract_intensity_diff_with_offsetP7double2PdS1_S1_mmdd
    0 bytes stack frame, 0 bytes spill stores, 0 bytes spill loads
ptxas info    : Used 24 registers, 416 bytes cmem[0], 8 bytes cmem[2]
nvcc -dlink ./obj/_cuda_pattern.o -arch=sm_70 -o ./obj/cuda_pattern.o -m64 -lcudadevrt -L/usr/local/cuda/lib64  -rdc=true -Xptxas -v
clang++ -o ./bin/direct_cuda_pattern ./obj/_cuda_pattern.o ./obj/direct_cuda_pattern.o ./obj/cuda_pattern.o  -lcudadevrt -lcublas -lcudart -m64 -L/usr/local/cuda/lib64  -lc++ -lc++abi -O3 -pthread

solution:
(0.91969706392484495971,0.032977652832931400595)	
(0.050565257098216610798,-0.016282564887120765107)	
(0.053170456319446154914,1.8166322571562602524e-05)	
(-0.06020315413679454275,0.39739584616580791998)	
(-0.037138223629767375122,0.45893645577313879613)	
(-0.049867390671045633277,0.010278984721193882082)	
(-0.050476245912051020959,0.0093465754531849697812)	
(-0.049228634617557102959,0.011318934882402084674)	
(-0.051212876602801930825,0.0081178073888141053654)	
(-0.094354510761203547187,0.24654805090480882979)	
(-0.10002730177244251175,0.24699299090919310529)	
(0.065392773381761568063,-0.4942110329935361368)	
(0.10229682007889175088,-0.55605734885090285502)	
(0.10289296908167777644,-0.55663131972451007634)	
(0.065238697599266148863,-0.49397246190603943949)	
(-0.10198945047449330115,0.24995653371863826853)	
(-0.092831004863800706262,0.24801540596042581655)	
(0.70441626413744173885,0.010834335645672578397)	
(0.70486384882281849507,0.011810585010384833798)	


real	36m22.918s
user	24m43.296s
sys	10m9.100s
