clang++ -std=c++14 -stdlib=libc++ -O3 -ferror-limit=2 -Weverything -Wno-c++98-compat -Wno-c++98-compat-pedantic -Wno-sign-conversion -Wno-exit-time-destructors -Wno-float-equal -Wno-global-constructors -Wno-missing-declarations -Wno-unused-parameter -Wno-padded -Wno-shadow -Wno-weak-vtables -Wno-missing-prototypes -Wno-unused-variable -ferror-limit=1 -Wno-deprecated -Wno-conversion -Wno-double-promotion -c src/direct_cuda_pattern.cc -o ./obj/direct_cuda_pattern.o -Iinclude -I/usr/local/cuda/include -I/usr/local/include -I/usr/include/c++/v1
nvcc src/cuda_pattern.cu -o ./obj/_cuda_pattern.o -Iinclude -I/usr/local/cuda/include -I/usr/local/include -I/usr/include/c++/v1 -m64 -dc -gencode arch=compute_70,code=sm_70 --relocatable-device-code true  -Xptxas -v
ptxas info    : 9754 bytes gmem
ptxas info    : Compiling entry function '_Z5ZaxpymddP7double2S0_' for 'sm_70'
ptxas info    : Function properties for _Z5ZaxpymddP7double2S0_
    0 bytes stack frame, 0 bytes spill stores, 0 bytes spill loads
ptxas info    : Used 30 registers, 392 bytes cmem[0]
ptxas info    : Function properties for cudaGetDevice
    0 bytes stack frame, 0 bytes spill stores, 0 bytes spill loads
ptxas info    : Compiling entry function '_Z5DasummP7double2Pd' for 'sm_70'
ptxas info    : Function properties for _Z5DasummP7double2Pd
    0 bytes stack frame, 0 bytes spill stores, 0 bytes spill loads
ptxas info    : Used 26 registers, 1024 bytes smem, 376 bytes cmem[0]
ptxas info    : Compiling entry function '_Z8sum_diagP7double2mdd' for 'sm_70'
ptxas info    : Function properties for _Z8sum_diagP7double2mdd
    0 bytes stack frame, 0 bytes spill stores, 0 bytes spill loads
ptxas info    : Used 10 registers, 384 bytes cmem[0]
ptxas info    : Compiling entry function '_Z5ZgemmP7double2S0_S0_md' for 'sm_70'
ptxas info    : Function properties for _Z5ZgemmP7double2S0_S0_md
    0 bytes stack frame, 0 bytes spill stores, 0 bytes spill loads
ptxas info    : Used 40 registers, 8704 bytes smem, 392 bytes cmem[0]
ptxas info    : Function properties for cudaFuncGetAttributes
    0 bytes stack frame, 0 bytes spill stores, 0 bytes spill loads
ptxas info    : Function properties for cudaOccupancyMaxActiveBlocksPerMultiprocessorWithFlags
    0 bytes stack frame, 0 bytes spill stores, 0 bytes spill loads
ptxas info    : Compiling entry function '_Z22extract_intensity_diffP7double2PdS1_mm' for 'sm_70'
ptxas info    : Function properties for _Z22extract_intensity_diffP7double2PdS1_mm
    0 bytes stack frame, 0 bytes spill stores, 0 bytes spill loads
ptxas info    : Used 24 registers, 392 bytes cmem[0], 8 bytes cmem[2]
ptxas info    : Compiling entry function '_Z9compose_aPdPmS_dP7double2m' for 'sm_70'
ptxas info    : Function properties for _Z9compose_aPdPmS_dP7double2m
    0 bytes stack frame, 0 bytes spill stores, 0 bytes spill loads
ptxas info    : Used 30 registers, 400 bytes cmem[0]
ptxas info    : Function properties for cudaOccupancyMaxActiveBlocksPerMultiprocessor
    0 bytes stack frame, 0 bytes spill stores, 0 bytes spill loads
ptxas info    : Compiling entry function '_Z5ZscalmdP7double2' for 'sm_70'
ptxas info    : Function properties for _Z5ZscalmdP7double2
    0 bytes stack frame, 0 bytes spill stores, 0 bytes spill loads
ptxas info    : Used 27 registers, 376 bytes cmem[0]
ptxas info    : Function properties for cudaMalloc
    0 bytes stack frame, 0 bytes spill stores, 0 bytes spill loads
ptxas info    : Compiling entry function '_Z38make_individual_pattern_intensity_diffPdS_PmS_dS0_S_S_mP7double2mm' for 'sm_70'
ptxas info    : Function properties for _Z38make_individual_pattern_intensity_diffPdS_PmS_dS0_S_S_mP7double2mm
    24 bytes stack frame, 0 bytes spill stores, 0 bytes spill loads
ptxas info    : Used 72 registers, 448 bytes cmem[0], 104 bytes cmem[2]
ptxas info    : Compiling entry function '_Z5ZcopymP7double2S0_' for 'sm_70'
ptxas info    : Function properties for _Z5ZcopymP7double2S0_
    0 bytes stack frame, 0 bytes spill stores, 0 bytes spill loads
ptxas info    : Used 28 registers, 376 bytes cmem[0]
ptxas info    : Function properties for cudaDeviceGetAttribute
    0 bytes stack frame, 0 bytes spill stores, 0 bytes spill loads
ptxas info    : Compiling entry function '_Z6Dznrm2mP7double2Pd' for 'sm_70'
ptxas info    : Function properties for _Z6Dznrm2mP7double2Pd
    0 bytes stack frame, 0 bytes spill stores, 0 bytes spill loads
ptxas info    : Used 28 registers, 1024 bytes smem, 376 bytes cmem[0]
ptxas info    : Compiling entry function '_Z34extract_intensity_diff_with_offsetP7double2PdS1_S1_mmdd' for 'sm_70'
ptxas info    : Function properties for _Z34extract_intensity_diff_with_offsetP7double2PdS1_S1_mmdd
    0 bytes stack frame, 0 bytes spill stores, 0 bytes spill loads
ptxas info    : Used 24 registers, 416 bytes cmem[0], 8 bytes cmem[2]
nvcc -dlink ./obj/_cuda_pattern.o -arch=sm_70 -o ./obj/cuda_pattern.o -m64 -lcudadevrt -L/usr/local/cuda/lib64  -rdc=true -Xptxas -v
clang++ -o ./bin/direct_cuda_pattern ./obj/_cuda_pattern.o ./obj/direct_cuda_pattern.o ./obj/cuda_pattern.o  -lcudadevrt -lcublas -lcudart -m64 -L/usr/local/cuda/lib64  -lc++ -lc++abi -O3 -pthread

solution:
(1.0000095927896770487,-1.1623382143275726679e-05)	
(0.00037397374174646220383,-3.7684559343043393077e-05)	
(0.00037400735221071825833,-3.7597471715347832819e-05)	
(0.055282179693640388918,-4.9632822873921849326e-07)	
(0.055283257772475606628,-1.142571360795695713e-06)	
(-0.0010829882696410601372,8.1437994969630475507e-05)	
(-0.0010827618989159312844,8.1446573057757746801e-05)	
(0.016615223895006088484,-1.4185860960395786985e-06)	
(0.016614023364297219459,3.6039656774171142142e-06)	
(-0.00049150714813693237651,0.00017671415365210003836)	
(-0.00049146883506935199696,0.00017672771594100174534)	
(0.00012425980871360236884,9.8678948470700097767e-05)	
(0.00012426462225653683987,9.8664824854239276575e-05)	
(0.01042746891979209195,-9.6635941639794227195e-06)	
(0.010426628314884668972,-9.8425777992567941758e-06)	
(-0.0002651797343224120574,0.00025720840851808490085)	
(-0.00026522342819700967442,0.00025716695557935557699)	
(-0.00038166434290408954647,0.00022588771312153488715)	
(-0.00038165950223386990248,0.00022593682413327018576)	
(-0.00018755273035063018934,-0.0007217103841255803837)	
(-0.00018754256473132359536,-0.0007217025430446990077)	
(0.0032825281746638465888,-0.00052045402315556335126)	
(0.0032824206700095078133,-0.00052045216347257122411)	
(0.001890345767784901718,-0.0047306234243856800162)	
(0.0018903447540903023198,-0.0047306016802063739421)	
(0.0062500913701886012808,-0.0040057917474910133965)	
(0.0062500952343541808093,-0.004005781555336703631)	
(-0.00069049072643758032091,5.0303475854425798669e-06)	
(0.042800611155722298462,-1.6307145526855323158e-06)	
(-0.00029173171059989282767,0.0001676853651949878211)	
(0.036653939576131680522,1.0789654253605529216e-07)	
(0.017416348364650675873,-1.7584789574997631434e-05)	
(0.010636129958730582146,-1.7617407423249754032e-05)	
(0.0056026994893273564594,-1.5702507684128094603e-05)	
(0.00012419600643390397532,9.8675463239950061056e-05)	
(-0.00026521944128907572538,0.00025716014125121746661)	
(0.0056026140784069576942,-1.5421556661731223312e-05)	
(0.0039849217240856002822,5.5513716596453456292e-05)	
(0.0080318191151388437093,1.9573988251555053029e-05)	
(0.0057569361854124421682,3.5472882925175823986e-05)	
(0.0036185142622740993322,-7.2107164826012531663e-05)	
(0.0036173031616485787354,0.0061617603568523641316)	
(0.0030948830939283565079,0.0028609222377955034582)	
(0.0040540722196045764214,-0.0023526376347183454614)	
(-0.00069049628606779062806,5.0422444117311588781e-06)	
(0.042796345463573658152,5.6016575210961327817e-06)	
(-0.00029174632967686448372,0.00016765382314717087032)	
(0.017417662258242743584,-1.7726256852393991215e-05)	
(0.03664885343547172325,1.4838485338896715947e-06)	
(0.005603086542306056142,-1.5524257433204984328e-05)	
(0.010636284999042301333,-1.7184564507681427705e-05)	
(-0.00026519538104714378713,0.00025720632166836241437)	
(0.00012421619317183363622,9.8694655112822836092e-05)	
(0.003984916785033753954,5.5793380423812574773e-05)	
(0.0056029027747649135655,-1.5228846669748744499e-05)	
(0.0057570216446906699592,3.5582445577511674477e-05)	
(0.0080317932579163069801,1.9426182629042016239e-05)	
(0.0036184972648134602555,-7.2089172043164661055e-05)	
(0.0036173535035116527458,0.0061617903129763404793)	
(0.0030949036786047500608,0.0028609249889327741448)	
(0.0040540442092776010283,-0.0023526587608181334134)	
(0.021497134197135749772,-9.6767756709670561214e-06)	
(0.00037392009619440077714,-3.7469340007467584724e-05)	
(0.0074674789980161788636,2.3563218173808129298e-05)	
(-0.0010828533238107461694,8.1328196088126833256e-05)	
(-0.00034784289470936953417,0.0005186493640057279449)	
(-0.00049142491388812399328,0.00017671343086074896181)	
(-0.0003816551665385922742,0.00022594167442127022455)	
(0.017417877451835733771,-1.7355622683221847796e-05)	
(0.0057568700748023273958,3.5468395680273390408e-05)	
(-0.00034787005255959216462,0.00051868953196968468639)	
(0.0083744352947504163004,-0.0019529706681001906751)	
(-0.00030430729903710234362,0.00081359056858616414856)	
(0.0083744387113801072725,-0.0019529777483075401196)	
(0.00032422859637649677038,-0.00012579420056422704628)	
(0.0066812973986366697848,0.0026706329960699379429)	
(0.0025309752766618327444,0.0087841875281698955646)	
(0.010775428926716455399,0.0012534051737271897226)	
(0.021496913066165950629,-9.5109578843106402089e-06)	
(0.0074693404229779969059,2.3758605084173458862e-05)	
(-0.00034786202871565983889,0.000518682208254184424)	
(-0.00108281651107525515,8.1410399988583333187e-05)	
(-0.00038165023022963524921,0.00022588617961807205565)	
(-0.00049144540769683860496,0.00017669461837521274251)	
(0.0057569755401788479457,3.5566945345363558807e-05)	
(0.017417547586572081075,-1.6472352454070372069e-05)	
(0.0083744733241706195009,-0.0019529822251435229909)	
(-0.00034782291569057340649,0.00051867332907813560369)	
(0.0083744742036782702371,-0.0019529787037413650578)	
(-0.00030432011866642712152,0.00081359851893787347912)	
(0.0066813150059125449298,0.0026706215354371917389)	
(0.01077545124645403786,0.0012534083509507772461)	
(-0.0010829283834950312326,8.1411490543077929399e-05)	
(0.042800113878427352432,1.8077017772664097106e-06)	
(0.01661758422613248895,-1.3044514075657322262e-06)	
(0.00037395752175168017447,-3.741048455927138591e-05)	
(-0.00029174126175275926246,0.00016763387957714168423)	
(-0.00037539435154503822834,0.00072810629187176803111)	
(0.008031534330776041869,1.9275756929238625374e-05)	
(0.0074687920834960565622,2.3271075364746955844e-05)	
(0.0092362265836208549269,-2.634978034755967329e-05)	
(-0.0017963815532287691085,0.010267914225494691877)	
(0.011942882524035648359,0.0085244129780916704647)	
(0.0081076090607514160469,-0.0013169652119272702399)	
(0.0071220961497163387879,0.007620490336247858279)	
(-0.0010828091484883985585,8.1436824084475759608e-05)	
(0.016615596037550112163,2.481538473041244143e-06)	
(0.042796431450465036161,5.3264869103606834707e-06)	
(-0.00029171996958846216135,0.00016766334975815139338)	
(-0.00037539207125402514111,0.00072810300182304704859)	
(0.0080317195531527923319,1.9525177698161158232e-05)	
(0.0074677095739451616885,2.3885592860857258747e-05)	
(0.011942875801212553266,0.0085244125976393532451)	
(0.0071221068298770260491,0.0076204958322913605301)	
(0.0081075819876315798063,-0.0013169609817437317144)	
(0.0074694101623525447145,2.3878494502540783862e-05)	
(0.0092361098959749480392,-2.6154662916305725757e-05)	
(-0.00030430272206590056223,0.00081359170049138224926)	
(-0.00018758179925211504457,-0.00072171679297440690867)	
(0.016617737059979199171,5.8811675473486741539e-06)	
(0.0032824877429684503824,-0.00052044024825353561899)	
(-0.00029167914051810413462,0.000167668119902791683)	
(0.0036173069558185916295,0.0061617662437758241242)	
(-0.00037545110777231988433,0.00072811134390827114606)	
(-0.0012495682460853330467,0.0075398977221076881466)	
(0.0044199301654377076698,0.0053237690085633816717)	
(0.0074676823295893720797,2.3717606604976742874e-05)	
(0.0092362566791270844097,-2.6192009488690096185e-05)	
(-0.00030429948896921375995,0.00081357861508654996663)	
(-0.00018757874258477574641,-0.00072173347825995302646)	
(0.0032825863328666778952,-0.00052038031381534206789)	
(0.016621000623532940915,2.0164738860859018642e-06)	
(0.0036173577613527250867,0.0061617955875593452206)	
(-0.0002916846661082701667,0.00016760832568669411071)	
(-0.0012495800759440977169,0.0075398915619102726063)	
(0.0044199160338767862211,0.005323770732433049345)	
(-0.00049147337314957230577,0.00017669609901106183127)	
(0.036655805854176305714,-4.6159324438428657396e-07)	
(0.017417788107084278965,-1.8057704168556984095e-05)	
(-0.0010828047583798278315,8.1287881391497557012e-05)	
(-0.00034785597315042493093,0.00051867570273235420394)	
(-0.00030429512252971965998,0.00081357285699387227925)	
(0.0036185209817107617976,-7.2164205111861925252e-05)	
(0.02149682309648664677,-1.100559502855608591e-05)	
(0.012362768746599080844,-0.0029949311094892372767)	
(0.010851991076638492495,0.0079556383247387906649)	
(0.01265098563997876617,0.0034180944957401776345)	
(0.010119944019379632089,0.0097199531629450480058)	
(-0.00049147544958072280838,0.00017671674210252916052)	
(0.01741643929442272809,-1.7207328996923115273e-05)	
(0.036648631652012486626,1.4969513879209168481e-06)	
(-0.00034785417227350804749,0.00051865192097292516556)	
(-0.0010827808793230529402,8.1427395708000971505e-05)	
(-0.00030431034129275693267,0.00081359740412297249564)	
(0.0036186432022724331244,-7.2105543239931040879e-05)	
(0.010851982580854435331,0.0079556468389196059038)	
(0.012362825960765792474,-0.0029949064450163448252)	
(0.010119947930254056742,0.0097199441500344842954)	
(0.00012425705585332656147,9.8705440628242197064e-05)	
(0.010635640221849320189,-1.8015981892452059712e-05)	
(0.005602999107936207715,-1.5671116783594262411e-05)	
(-0.00049139205084728287357,0.0001766923833822081093)	
(-0.00038164508833131178395,0.00022587446911384381223)	
(0.0080316398406676866445,1.9519897270022293616e-05)	
(-0.00018756951097714897269,-0.00072174137735612239712)	
(0.0036186497358109233,-7.2137304020442952744e-05)	
(0.012735122526475534804,0.0040896255542590799828)	
(0.0035329048100361313926,0.005553787118755921029)	
(0.055279007941254405811,-2.0425753682291030854e-06)	
(0.0093727847652314653232,0.010249198103747924476)	
(0.0039136647590838945579,0.009538924489418277447)	
(0.010573101922703260699,0.010286816980832334464)	
(0.010504318761651230268,0.010284374146718970947)	
(0.0081226419046685569697,0.010334400557355866851)	
(0.00012426211441780488543,9.8654633042962187992e-05)	
(0.00560285431577728886,-1.5485291583310215925e-05)	
(0.010636298024323613196,-1.7109142816202594723e-05)	
(-0.00038165497369848337553,0.00022595599958410666325)	
(-0.00049145074936713154488,0.00017671558984041181519)	
(0.008031606163950254576,1.9308318962773889354e-05)	
(-0.00018757161334917240593,-0.00072170554073433122906)	
(0.0036185241980905631827,-7.2146993317922161336e-05)	
(0.012735105393236002824,0.0040896755035868303033)	
(0.0035329510918778671801,0.0055537496551343167733)	
(0.0093727836195628827509,0.010249182375782156171)	
(0.010573098309254506943,0.010286820754746562462)	
(0.0039136703885858641766,0.0095389487438064714947)	
(0.00812263745632497286,0.010334414432041961335)	
(0.010504300426835186388,0.010284366782970118942)	
(0.010427961601630819297,-9.7010438033495066825e-06)	
(0.00012419330344895436772,9.8696237126993772732e-05)	
(-0.00026519097684125187645,0.00025720566930975165276)	
(0.017418069704271465364,-1.7656333352506150159e-05)	
(0.0057570287141141401888,3.5563629452638759404e-05)	
(0.016620609746561581382,5.8071327818287218588e-06)	
(0.0032826583208891159903,-0.00052039228064758378655)	
(0.0035329463160180215632,0.0055537461203143253727)	
(0.0069751781144906507479,0.010757503709003893647)	
(0.0063627112446768083892,0.010516281355651829754)	
(0.0048521504881102297049,0.010251455542612896918)	
(0.0043008664399456931343,0.014308117457184556243)	
(0.010426555514754798359,-9.8328371488088857388e-06)	
(-0.00026522287992502245613,0.00025717431623135971657)	
(0.00012422125606706258916,9.869691387314595912e-05)	
(0.0057568771033492923198,3.5454756736641106056e-05)	
(0.017417392503830002315,-1.6855557997676195742e-05)	
(0.0032824736988619871055,-0.00052037550810092364408)	
(0.016618710927692587759,2.9538510925058648456e-06)	
(0.0035329033852180007254,0.0055537919648554149449)	
(0.0063627480743989875064,0.010516276234823469446)	
(0.0069752018252792029329,0.010757509180778227625)	
(0.0043008659788873748742,0.014308127748623231459)	
(0.0048521747289843293952,0.010251451027539729144)	
(-0.00026517457892544942823,0.00025720173275367558654)	
(0.0056025732028086071626,-1.5508053816963375445e-05)	
(0.0039849118707646763449,5.5790280546667852949e-05)	
(-0.00034786415796447665199,0.00051868436527106810859)	
(0.0083744799990845362331,-0.0019529920512201626257)	
(-0.00029166626655950401168,0.00016764972998814921343)	
(0.0036173593779819232172,0.0061617940376360548146)	
(0.055280690756623569737,-2.4664337070051404223e-06)	
(0.0093727833144668874082,0.010249182212124483687)	
(0.0091607908435941808739,0.010047363453844252237)	
(0.006350402057291963491,0.013851742204299109101)	
(0.0069460603734175525165,0.012554860443413541279)	
(0.0094468717612658167915,0.010954549487027903307)	
(-0.00026522179914815981108,0.00025715886044842741365)	
(0.0039849244034517172786,5.551014087857879042e-05)	
(0.005602760392500954513,-1.5418327949155208513e-05)	
(0.008374437450555962531,-0.0019529702348802270833)	
(-0.00034781389895963918954,0.00051867326410883765001)	
(0.0036173105466772632367,0.0061617674854723605143)	
(-0.00029169299536707736075,0.00016763385443321386441)	
(0.0093727852310718021145,0.010249198700260090528)	
(0.0063503926531492862345,0.013851743622033355074)	
(0.0091608003068103793787,0.010047361797366023348)	
(0.009446884377514631545,0.010954552681587089932)	
(0.0069460445417502949747,0.012554864744572399177)	
(-0.00038165791926217509716,0.00022587436266547042158)	
(0.0080317599912216475905,1.9588866187428819778e-05)	
(0.0057570754652028956894,3.5580489883102956784e-05)	
(-0.00030430305497135018856,0.00081357915058045428541)	
(0.008374482105680621305,-0.0019529866042548914371)	
(0.0074689137778639240819,2.3458747170053276861e-05)	
(-0.00037544984412612319741,0.0007281107976619421605)	
(0.021496996288197806751,-1.1131267101416629706e-05)	
(0.011631029378042818598,0.010225231316813222782)	
(0.0079055019383568007896,0.010268638982264590917)	
(0.01320763611845603494,0.011014496965810133614)	
(0.010556487298884781323,0.010466607579221144306)	
(-0.00038166188388175862744,0.00022592948187954918732)	
(0.0057569202464915732523,3.5483101458802052087e-05)	
(0.0080317403588003634385,1.9385457214048358121e-05)	
(0.0083744378234616514978,-0.0019529739876718839407)	
(-0.00030431528863209602329,0.00081360170729186912127)	
(0.007467472612136023466,2.3688776813567014604e-05)	
(0.0079055204880170582699,0.010268645954324868985)	
(0.011631038802875750052,0.010225237510623579745)	
(0.010556478524207831005,0.010466614795244712915)	
(-0.00018754648665556545163,-0.00072171929593438312496)	
(0.0036185311817021961756,-7.2122193221500253708e-05)	
(0.0032826077478732944293,-0.0005204555648970597562)	
(0.00032422600646129330149,-0.00012579122707829989156)	
(0.0036173558819170251351,0.0061617848486446250705)	
(0.009236108700228163465,-2.6316062085643941466e-05)	
(0.0063204485209774367502,0.0084536379628670759584)	
(0.0092941496334060704626,0.0090342257604070913546)	
(0.0095776868109499636167,0.0098548370162315698795)	
(0.0085597723337750442757,0.010183054114664760736)	
(-0.00018754775814287509713,-0.00072170423797835825223)	
(0.0032824134778407622684,-0.00052052206430841551407)	
(0.003618484157474152578,-7.2114947271387938262e-05)	
(0.0036173016627466794345,0.0061617589154786033337)	
(0.0092941542273254264955,0.0090342240371975215257)	
(0.0085597734741907436501,0.01018305615144854577)	
(0.0095776853359380246383,0.0098548412702442415162)	
(0.0066813230705415971658,0.0026706198334704427805)	
(-0.0012495787496733339311,0.0075398996008385742867)	
(0.0084352903058448232276,0.010180810333001071369)	
(0.0066812904081123567282,0.002670624036809554451)	
(-0.0012495699039872304112,0.0075398915714550394929)	
(0.0084352912961991582258,0.010180807180107401266)	
(0.011671939071111287964,0.015903371214469448625)	
(0.0083044710004290481914,0.010759808563407398038)	
(0.008577816753625490398,0.005494388773873802069)	
(0.01482502617688864939,0.012162240678761791074)	
(0.008055798992957859464,0.006694054981597858181)	
(0.006227268055673242271,0.0081608030768788066001)	
(0.007940729955088264222,0.0098537914758203178078)	
(0.0143307191033485333,0.010865440675536627152)	
(0.012188631553132218965,0.01046956459768733777)	
(0.0078877543109102214725,0.0097124807940671218504)	
(0.0084873261270824104652,0.0096557972256013837459)	
(0.0071079478500236771901,0.010334790902527715706)	
(0.0096872696262444921156,0.0099554569378728936108)	
(0.010165837756098833333,0.010515111549469760219)	
(0.0098307831222228924534,0.01033372098781904988)	
(0.009683751899981057551,0.0097708110926803624224)	
(0.0099806134645606704725,0.0093225284604641078801)	
(0.0093140290467619690079,0.0094410763345237139199)	
(0.0085726784026515651105,0.009270106361657483654)	
(0.0089734450206994335192,0.0081729195781635160384)	
(0.0094876626193353338912,0.0086579514041738598468)	
(0.011279356475022228948,0.010627264330462182773)	
(0.011109451778349896042,0.01114522790753638519)	
(0.011671894585184271198,0.0159033577997238669)	
(0.0085777535527877049604,0.0054944061711509374624)	
(0.0083044622388105098637,0.010759812000282137703)	
(0.0080557716390888840091,0.0066940328210036079137)	
(0.0079407295043757743225,0.0098537922118472568572)	
(0.012188633932217052616,0.010469574500839410464)	
(0.014330698765406093761,0.010865432695504047972)	
(0.0084873232563988845051,0.009655799765623414993)	
(0.0078877386469328059776,0.0097124709121666590039)	
(0.0096872737374816050154,0.0099554548256681127394)	
(0.0071078983269744740528,0.010334808422467881006)	
(0.0098307895903773836327,0.010333713265256446595)	
(0.010165826162361236637,0.010515124595168503716)	
(0.0099806264939537557568,0.0093225267357956755065)	
(0.0096837537090252844701,0.009770824010645745572)	
(0.0085726700918542682317,0.0092701064664840338719)	
(0.0093140235498773323031,0.0094410818017079001924)	
(0.0094876635132029769892,0.0086579482247442565712)	
(0.011109448411667883008,0.011145208187705889225)	
(0.011279361208314337903,0.010627263297256224484)	
(0.01067604277228220884,0.0070688536667324860033)	
(0.0091501707564549273483,0.0093910884741304732903)	
(0.012863504131067897418,0.0081236160076068007763)	
(0.010558244391983656954,0.0098326782612789716265)	
(0.010636270874353167745,0.0099555273658462131725)	
(0.010738959745069659793,0.0099325060212285543049)	
(0.010049615936355867432,0.0078727912548962452471)	
(0.0095857875573650015016,0.0076163486124042412487)	
(0.0096999250915850571131,0.0098125384594121393966)	
(0.0096582704334596102685,0.010115973884089701079)	
(0.0093468618257145780204,0.0096268591246551193236)	
(0.0097342601519911954588,0.010082394446069434593)	
(0.0088246098053669803224,0.010105990547548999656)	
(0.010675999897720585621,0.0070688794940136166073)	
(0.0091501844877546235912,0.0093911079091268893221)	
(0.010558240309640067045,0.009832676661400446827)	
(0.010738962042896158314,0.0099325138478428727506)	
(0.010636281134555551631,0.0099555281148167706212)	
(0.0095858007939903962236,0.0076163835144954271719)	
(0.010049631548346149579,0.0078727824729765555345)	
(0.0096582515717246030656,0.010115976924938123102)	
(0.0096999218108220694456,0.0098125347057613498958)	
(0.0097342629892282379889,0.010082396256983887708)	
(0.0088246237016805940262,0.010105994699790062791)	
(0.0098117623475352539614,0.0082453664445420096069)	
(0.0099725212235736854227,0.0036479923934988919658)	
(0.01092220497850909626,-0.0030202103247552237499)	
(0.010159295452826374098,0.0087361042647494131091)	
(-0.00069052196032334746574,5.0277651886132873133e-06)	
(0.00786109956538088607,0.0063776314042389321834)	
(0.00032418327647064034986,-0.00012581091112466599269)	
(0.00032417921260742077819,-0.00012580756572715687605)	
(0.013738447038507529616,0.0069708159430851672489)	
(0.010435568253412557532,0.010398169456156172372)	
(0.0090021231900194401826,0.006464592132311026626)	
(0.008670010853289089256,0.0093114666559915952593)	
(0.011354456482185327007,0.0047303042033543405906)	
(-0.00069051745172540618823,5.022173911557735492e-06)	
(0.010300216424330278439,0.010343201214457847098)	
(0.0098138664964251068334,0.0088152454363807537796)	
(0.0099473865559427769589,0.009526728649631638346)	
(0.0071612227152010928671,0.011600085493220699956)	
(0.0055214691391893130565,0.010838154531702759095)	
(0.010175446835604244969,0.010129700158192150514)	
(0.009629481206756159567,0.0099513346811616106707)	
(0.0094107920464107340519,0.010821587590716412117)	
(0.0089036239416923033951,0.0093176471359473610895)	
(0.0099536404907216522592,0.0098037012539527474547)	
(0.0097642664303432217393,0.0095955435193292928919)	
(0.010192615100554544214,0.0096296876192282238743)	
(0.010984787575167041795,0.0098574235320623895124)	
(0.0099130242195964186208,0.0098233206716813164378)	
(0.0089507172770737063877,0.0099252840802055847247)	
(0.010189237816117842003,0.010173846386494277833)	
(0.0092524353769323584157,0.0099710668439038814548)	
(0.0097512202833878857539,0.0092742740922610918813)	
(0.0073909786833064742076,0.0058479483995269960703)	
(0.0091712915117706846763,0.0098008626712277821524)	
(0.010118770364902860553,0.010207701070833340509)	
(0.0091771852004372978656,0.0091177449500621111228)	
(0.009953329229435276676,0.010055699072858827886)	
(0.010298196911033008494,0.010486052497553712687)	
(0.0098093699480795559092,0.0087310647430859818219)	
(0.0097242578843889752871,0.0098827222852829500754)	
(0.010949219265049063912,0.010576672264256082798)	
(0.01045650440986527728,0.010224087532454162117)	
(0.010922176269771054907,-0.0030201712985486297083)	
(0.013738441879123793402,0.0069708185666324555194)	
(0.0055214789891021315987,0.010838151442792161305)	
(0.007161228092711784815,0.011600089933358389768)	
(0.010949215955058115915,0.010576682033162162697)	
(0.0094107929813107542988,0.010821584624401367827)	
(0.0096294794175305689632,0.0099513385401498455352)	
(0.0073909214343222274374,0.005847993142830708313)	
(0.009764271380919309698,0.009595542750987730643)	
(0.0098093802585624712692,0.0087310675746091262472)	
(0.0089507291899273821317,0.0099252788732762976809)	
(0.01045650395799153573,0.010224085535076778836)	
(0.0092524477707769878232,0.0099710725948090155046)	
(0.010189238425454093598,0.010173848227640067479)	
(0.0098117525496922656375,0.0082453540420671933564)	
(0.010159280039993574124,0.0087360967489280502707)	
(0.0086700177172980199408,0.0093114563570694825617)	
(0.010300214840835448388,0.010343202155300575476)	
(0.010175454445801059705,0.01012970094291057617)	
(0.0089036302065850676801,0.0093176516526926895373)	
(0.0099536484144246463457,0.009803705749061815411)	
(0.0091771894994308583077,0.0091177345060330476645)	
(0.0099533275163010900832,0.010055699668086602941)	
(0.009724259755721159984,0.0098827226914100629179)	
(0.0099725095005934460968,0.0036479994567969347731)	
(0.0078611318451471453445,0.0063776790367141688448)	
(0.010435573641908325176,0.01039816941461407275)	
(0.0099473818697071256928,0.0095267342898416040864)	
(0.009751244283816731459,0.0092742629632110822058)	
(0.0091713363353287460922,0.0098008485335540698746)	
(0.010118772531211258844,0.010207702090464324321)	
(0.010298209582723419006,0.010486061220574750819)	
(0.010159294450476429733,0.0087361005133930556138)	
(0.0088808517401196586383,0.010296803850887221998)	
(0.010018315931944920399,0.0098800643894875299356)	
(0.012524008947453129509,0.013371671280215602362)	
(0.010826288092271750887,0.010355733263187449911)	
(0.010160703405850039435,0.0099819235165381509783)	
(0.0099246268074046385677,0.0098391034509840609446)	
(0.0099951781674839403069,0.010081107381366109441)	
(0.010532925323330052242,0.010051011623143743523)	
(0.0099536411938946616623,0.0098037007531633704738)	
(0.0098769075257288743708,0.0093650802530905880028)	
(0.010081935335278718185,0.0099698363111880745902)	
(0.0088261807198606791885,0.010008665076457845186)	
(0.010480645143112419723,0.010273559194739897635)	
(0.0093532964231904189983,0.010318606119022447412)	
(0.0098683156076410372126,0.0097671326845412669709)	
(0.0098955458351422907748,0.01000382856915997716)	
(0.010641685579319508717,0.010124137433216296236)	
(0.0088808263363800640788,0.010296809316912609519)	
(0.010018320297438567529,0.0098800634899306998687)	
(0.010826279362219436153,0.010355734664619718755)	
(0.010532924841053378784,0.010051016570733676755)	
(0.0098769031944183471178,0.0093651204923530066704)	
(0.010081935035013429858,0.0099698348501849748393)	
(0.010480642899146267941,0.010273561995243466263)	
(0.010641681104406984851,0.010124137489627644051)	
(0.010159282008913033887,0.0087360928566632845699)	
(0.012523934301097529309,0.013371695876428422306)	
(0.010160700277925208829,0.0099819407280908566127)	
(0.0099246218223024203903,0.0098391043893874766818)	
(0.0099951782506849835841,0.010081111903031977559)	
(0.0099536481681838512303,0.0098037043821136652527)	
(0.0088262017066528461462,0.010008735390396917425)	
(0.0093532962689531814332,0.010318612147265503187)	
(0.0098683157815668571394,0.0097671326505836871673)	
(0.0098955443558962196543,0.010003833016137506431)	
(0.0062500893859869519412,-0.0040057720906820906345)	
(0.010532927170606673842,0.010051012014731911665)	
(0.0055214730537378837669,0.01083815547510172568)	
(0.0040540267812484266988,-0.0023526511308724412305)	
(0.0088808429389149075306,0.010296811087342896268)	
(0.010949219124702116307,0.010576671995696255643)	
(0.010922221152537847991,-0.0030202005517726629447)	
(0.010826287450589710051,0.01035573179997152822)	
(0.0039136805333303175194,0.0095389286548346451794)	
(0.0069751737069481739226,0.010757512998709358593)	
(0.0091607941451199159655,0.010047365680129472648)	
(0.010018316392742948606,0.0098800641966225819651)	
(0.0079055088610679724592,0.010268635636285348978)	
(0.01055648528989302018,0.01046661041107928812)	
(0.0085777642297709816299,0.0054944263640189332232)	
(0.010641685972094335269,0.010124137686297477248)	
(0.0098093698708669220532,0.0087310608184656725295)	
(0.008055778412311405054,0.0066940338686237764801)	
(0.0098769072996669742687,0.009365082001235501552)	
(0.010456504121489573755,0.010224087896661905941)	
(0.0073909969368164277551,0.005847968143731402911)	
(0.01048064576819152105,0.010273558861010615578)	
(0.0071079562578850296467,0.010334796244014799946)	
(0.010165837979061202387,0.01051510742615700475)	
(0.0096837538994177362744,0.0097708101131615716917)	
(0.010081935734231555965,0.0099698365868608456591)	
(0.0085726742583157166527,0.0092701066403663000964)	
(0.009734261632818508661,0.010082396553618420618)	
(0.0097242575747086609089,0.009882723158053323409)	
(0.0099533295121570133229,0.010055699605746733563)	
(0.010298197346727017143,0.010486052919856558158)	
(0.009868315559472212381,0.0097671327565544835414)	
(0.0098955454839391079197,0.010003828974539906438)	
(0.01017544978578803494,0.010129701832241435125)	
(0.01030021858870806134,0.010343200828607831965)	
(0.0099473895378670035977,0.0095267281450109667085)	
(0.0099246268459405161816,0.0098391035695393272431)	
(0.0099951795423470560231,0.010081108722817318235)	
(0.006250089936939920085,-0.0040059632599933623145)	
(0.010532927272416895553,0.01005101696658514121)	
(0.0055214761728625133541,0.010838144618609832706)	
(0.0040540429021639675516,-0.0023526553491660354318)	
(0.0088808077367588424134,0.010296799963670244873)	
(0.010949215958319871364,0.010576681824728935422)	
(0.010922171776188214012,-0.0030201778320846825975)	
(0.010826280123721693238,0.010355731642646259089)	
(0.0039136655183254608764,0.0095389740520571229127)	
(0.0069752075379179313136,0.010757523682594017506)	
(0.0091607953441707225262,0.01004736815141267503)	
(0.010018320941233884933,0.0098800635283073159898)	
(0.0079055248689676900498,0.010268648812758731856)	
(0.010556479619311233062,0.010466612525950351117)	
(0.0085778285293268054928,0.0054943999000875518718)	
(0.010641681682121801808,0.010124137633906744871)	
(0.0098093811853368542003,0.0087310615610925700059)	
(0.0080558005424343544915,0.0066940487027826733879)	
(0.0098769041573070880807,0.0093651231053393027559)	
(0.010456503709915226236,0.010224085724379749704)	
(0.0073909536497013461273,0.0058480186018973964734)	
(0.010480643679197725396,0.010273561695682180764)	
(0.0071078990043765234372,0.010334819441691209946)	
(0.010165826587110779466,0.010515120498012378927)	
(0.0096837542856729290353,0.0097708231504458759042)	
(0.010081935373419306096,0.0099698348845593687956)	
(0.0085726808382366407463,0.0092701049780268968137)	
(0.0097342590988529435064,0.010082394712247177634)	
(0.0097242596465971272574,0.0098827232058312751428)	
(0.0099533277062809153574,0.010055700183296475969)	
(0.010298210148951863346,0.010486061110381972306)	
(0.0098683156746674667581,0.0097671326244964089963)	
(0.0098955444244334216097,0.010003833320423406728)	
(0.010175455927345797291,0.010129705031176713254)	
(0.010300217981538154974,0.010343201307212874715)	
(0.0099473837842695266714,0.0095267370333347433514)	
(0.0099246217399755840699,0.0098391041553571936817)	
(0.0099951780328511648926,0.010081113197397783068)	
(0.0018902626007725243686,-0.0047307406201708016372)	
(0.0071612270920226135315,0.011600092752747464403)	
(0.0096294820470781070099,0.0099513335952619783042)	
(0.0094107930978753074475,0.010821589143815885797)	
(0.0092941501216995091317,0.0090342212523687528969)	
(0.0030948840385793935891,0.002860914063304023907)	
(0.0081075699678967386858,-0.0013170033110086805817)	
(0.0069460653141881862835,0.012554870288551402482)	
(0.0116310264776846254,0.010225231022442991466)	
(0.010775462480456894296,0.0012533858539212116082)	
(0.0085597682298995531047,0.010183056056037486509)	
(0.012650989102179495405,0.0034180720907368510562)	
(0.012362776069701432793,-0.0029949395331178309786)	
(0.009002133830039768525,0.0064646009867939486712)	
(0.010504318477342870428,0.010284374205065546781)	
(0.011354443462476580123,0.0047302949191899701376)	
(0.0048521427440136608369,0.01025144409210365648)	
(0.0098138695450750070698,0.0088152471592182323618)	
(0.011671921544490388573,0.015903323059883140572)	
(0.0089507186987725674554,0.009925286118309379832)	
(0.010189238059619779367,0.010173846278910278831)	
(0.0092524379125865936074,0.0099710624842888548325)	
(0.00830447876166877548,0.010759814558017520569)	
(0.014330705628049044201,0.010865439560602881131)	
(0.0096999301975658376584,0.0098125419613544675318)	
(0.0093140305594576165704,0.0094410744520107645755)	
(0.0094876662880643610615,0.0086579503076246507737)	
(0.012863502888831548909,0.0081236203340633670461)	
(0.010192613175115449592,0.0096296873633099269035)	
(0.010984777119316802355,0.0098574142497360999621)	
(0.0099130240545515623668,0.0098233198088086993299)	
(0.010676020123302308942,0.0070688987073622630564)	
(0.011109447063322237803,0.011145208560788356922)	
(0.008903623510300153962,0.0093176456953632941227)	
(0.0091501729214157126457,0.0093910983489548464226)	
(0.0097642705358299240748,0.0095955443996572353793)	
(0.010738964503481230814,0.0099325149965007256125)	
(0.0095858059993980705704,0.0076163764384147292219)	
(0.0096582514581649465957,0.010115978010225876865)	
(0.0098117661816625543342,0.0082453580847613207327)	
(0.0084352885690892106391,0.010180807333046647603)	
(0.0078877513270719686045,0.0097124861703166785049)	
(0.010636270193995184252,0.009955530092807302403)	
(0.010049623375013890317,0.0078727792208680910657)	
(0.0088246249431589134787,0.010105997993603305779)	
(0.0101187707662684645,0.010207701527491758187)	
(0.0091771841276873447613,0.009117744001060013731)	
(0.0044199355154628120271,0.0053237839679572381349)	
(0.013738440189195894395,0.0069708231357778170645)	
(0.010435569573313796185,0.0103981690711656867)	
(0.0081226401792563480281,0.010334410071820893454)	
(0.0086700111541467284049,0.0093114683477014421192)	
(0.0043008687646986240929,0.014308120666608879767)	
(0.0094468710739200600912,0.010954550937284129181)	
(0.0063504103135604708999,0.013851739155466322173)	
(0.0099806328086879149419,0.0093225296357106537948)	
(0.0018902177520403182828,-0.0047306647716407303553)	
(0.010775439469757173636,0.0012533974829930559849)	
(0.012362838001421277284,-0.0029949199869561838466)	
(0.010504301603439606186,0.010284366922013885026)	
(0.0048521568982795738184,0.010251451962539993856)	
(0.0098117600663402484984,0.0082453472310970010034)	
(0.0063504054078517245541,0.013851741262832993964)	
(0.011671967093648075511,0.015903339698418693382)	
(0.010676069874344908811,0.0070688715628425677004)	
(0.0078877375562320592439,0.009712473351553665632)	
(0.010636280037127699913,0.0099555303269351844153)	
(0.010049635993011328886,0.0078727662445329318897)	
(0.0089036292323034157969,0.0093176487184581033296)	
(0.0099806183904707669596,0.0093225289310578784291)	
(0.0095857841210478141047,0.0076163353750988470672)	
(0.0096582696694026554107,0.010115973593657432567)	
(0.010118772981574236658,0.010207702259228602915)	
(0.0091771890593998761698,0.0091177328820019089284)	
(0.0043008636097286402286,0.014308144394692832307)	
(0.0094468840365064046805,0.010954551105343034514)	
(0.010435575147349680086,0.010398168786811545772)	
(0.0086700174567767782086,0.0093114604484772472287)	
(0.0071612292503379732997,0.011600087950833247452)	
(0.0096294809740968025091,0.0099513366209515764782)	
(0.0094107947792350429145,0.010821582560737716405)	
(0.0092941533294860698144,0.0090342189898908308726)	
(0.0030948475020496704624,0.0028609048403895110703)	
(0.0081076387048026454102,-0.0013169686992755185242)	
(0.0069460450198734324107,0.012554862966365451168)	
(0.011631036731728073078,0.010225236672059261067)	
(0.0085597743383101117243,0.01018305753629961119)	
(0.012650988282948935279,0.0034180718804262357792)	
(0.0090021389993877667934,0.0064646021194935138904)	
(0.011354445667002374676,0.0047302948923029055142)	
(0.0098138710840852665801,0.0088152473257166134163)	
(0.0089507300185043079527,0.0099252813516481023376)	
(0.010189238475615097421,0.010173847934077601476)	
(0.009252450330405521256,0.0099710683027723900906)	
(0.0083044890888368111392,0.010759806989159787297)	
(0.014330694381814074873,0.010865431641658629056)	
(0.0096999254739208243259,0.0098125363861881111788)	
(0.0093140247531841718898,0.0094410788932806858492)	
(0.0094876647871256856309,0.0086579522283326618148)	
(0.012863502670978887651,0.0081236197755371313683)	
(0.010192612856270107102,0.0096296872726478934673)	
(0.010984774203129371931,0.0098574125957649281343)	
(0.0099130238866035214756,0.0098233196368218214656)	
(0.011109450630814102223,0.011145228154052432348)	
(0.0091501554034242836566,0.0093910774300193997077)	
(0.0097642765278297596193,0.0095955423068436844491)	
(0.010738958757098033409,0.0099325069788187125147)	
(0.0084352880032234796304,0.010180807142591901879)	
(0.0088246069524390499672,0.010105994006573918581)	
(0.0044198981008702290657,0.0053238098260257604721)	
(0.013738436356095437563,0.0069708257195483947638)	
(0.0081226382287701674734,0.010334415013220646373)	
(0.0071221092980944568362,0.007620462550215996618)	
(0.010119944828009968391,0.0097199549696243454922)	
(0.012188633019411167918,0.010469574184391903376)	
(0.010558240720481761044,0.0098326760572273411848)	
(0.007122134078527836594,0.0076204942889126362285)	
(0.010119948473506060888,0.009719946353250935589)	
(0.01218863011897907897,0.010469565654152716491)	
(0.010558245035134142947,0.0098326775931849002416)	
(0.0018902296916950387003,-0.0047307356775462697587)	
(0.006250133705385243002,-0.004005854854077579158)	
(0.0030948689919711859335,0.0028609097575755210001)	
(0.0040540395650613151798,-0.0023526707105257591707)	
(0.0025309482370543799103,0.0087841877110981219506)	
(0.0066813004724441526355,0.0026706389300909750759)	
(-0.0017963318717328074364,0.010267944211305536639)	
(0.011942884517049758009,0.0085244149298393037673)	
(0.0081076319265171534895,-0.0013169772332537019351)	
(0.0063204404855939332053,0.0084536312796004830367)	
(0.0095776859767877330076,0.0098548386300987278474)	
(0.011671965637386564826,0.015903342225583733116)	
(0.0083044878470742641841,0.010759811049275000081)	
(0.0085778304979225068749,0.0054944115489248277276)	
(0.0148250374133085637,0.012162231869888120647)	
(0.0062272966556878627323,0.0081607851414146580227)	
(0.0089734467807519920773,0.0081729265775565586305)	
(0.0080558026277141019794,0.0066940528487536687247)	
(0.0079407310048552823267,0.0098537904083230449387)	
(0.0094876648012433527357,0.0086579524462678230518)	
(0.011279355732904474546,0.010627265974377334348)	
(0.012188629486756918929,0.010469564024554922979)	
(0.0084873266889801991797,0.0096557962155703665891)	
(0.0085726821492456868612,0.0092701054071661348477)	
(0.01110945046566667177,0.011145228024453762011)	
(0.0096872699158388753116,0.0099554579982474890321)	
(0.009830783937430774555,0.010333717577294367768)	
(0.0099806186165674153077,0.0093225283482753808217)	
(0.006681339965471356189,0.0026706327101790592639)	
(0.010775476846593244271,0.0012533894592153130634)	
(0.011942878387503682441,0.0085244150725502440546)	
(0.0071221326673611261987,0.0076204867561459983458)	
(0.0092941547657046878067,0.0090342200176806632811)	
(0.0085597711520087726295,0.010183056689321155069)	
(0.0095776817810157358069,0.0098548425838604954835)	
(0.0079407300275882389956,0.0098537911385593365127)	
(0.0084873237224601019019,0.0096557984544479117522)	
(0.014330690164502455156,0.010865429145030353411)	
(0.0078877344814219287755,0.0097124789067696889328)	
(0.009314025644238129939,0.0094410792965325309595)	
(0.011279360186327995128,0.010627264748367028918)	
(0.0096872737293861119895,0.0099554558677674188927)	
(0.009830787353974114462,0.010333709926191916514)	
(0.0071079053459982537849,0.010334813749012624479)	
(0.01016582601659402757,0.010515121161783793496)	
(0.0096837549910679700249,0.0097708227430407645214)	
(0.010851992644400154306,0.0079556392247415435443)	
(0.013207635712410228587,0.011014495604741898066)	
(0.0066813442276818183624,0.0026706248077617181051)	
(0.010676066249794592677,0.0070688752820632326512)	
(0.0093468620102156521612,0.0096268610119540857367)	
(0.0091501533580614843877,0.0093910780762691790924)	
(0.010558244700127649915,0.009832677843425462888)	
(0.0097342589202306026297,0.010082394878614274816)	
(0.0088246085069349066571,0.010105994087435798273)	
(0.010738959819562018255,0.0099325065432359187223)	
(0.009585787379963510435,0.007616334381234182889)	
(0.0096582694007809818948,0.010115973852324024185)	
(0.0044199146631542004376,0.0053238057398834054412)	
(0.010851985254075754983,0.0079556476699381255269)	
(0.012362841430563473177,-0.0029949268912926076125)	
(0.010119948587999536352,0.0097199468815588867948)	
(0.0079055262258367602762,0.010268645481177226392)	
(0.011631037059139485296,0.010225239171439175906)	
(0.010556477622777900305,0.01046661319514054049)	
(0.0066812957849945956573,0.0026706381114591773093)	
(0.0084352906388633439733,0.010180805360536374429)	
(0.010636280112085779587,0.0099555300649219746756)	
(0.010049641453900734489,0.0078727666017950719002)	
(0.0096999257595148970224,0.0098125371014162274946)	
(0.010573102553915254831,0.010286818951660538224)	
(0.01273509944870348902,0.0040896201261932524362)	
(0.0035329093213182366506,0.0055537837743092136056)	
(0.0093727858642738606093,0.010249195904057026296)	
(0.0063627075495196480995,0.010516290596345878247)	
(0.0035329464302418255896,0.0055537453919375402711)	
(0.0093727834800491644646,0.01024918123044997291)	
(0.010573098804723601515,0.010286822618977512628)	
(0.003913672125904430095,0.0095389618967304523611)	
(0.0081226379010469283021,0.010334416631129746469)	
(0.010504300600735441695,0.010284366938056522731)	
(0.012735091971299333097,0.0040896613125380090054)	
(0.0035329508602186094311,0.0055537486627804544953)	
(0.0093727837926894201626,0.010249181216084302798)	
(0.0063627441765756907396,0.01051628742281257925)	
(0.006975197446486511646,0.010757520047382757022)	
(0.0043008647099611252082,0.014308127751325639201)	
(0.0048521599633363221571,0.010251442565713957816)	
(0.0035329084512181665317,0.0055537859376676469714)	
(0.0063503984897678757149,0.013851739067736807548)	
(0.0091607990452866640274,0.010047367654800977085)	
(0.0094468832169049415937,0.010954551230489483274)	
(0.0069460453984467518049,0.012554864538902026083)	
(0.0093727862551122396312,0.010249196557109223685)	
(0.0018902538955814208142,-0.0047306763359097805249)	
(0.0062499871675183267181,-0.0040058311368903311636)	
(0.0030948609785181675942,0.0028609079652753043391)	
(0.0040540220699414744945,-0.0023526395550072104479)	
(0.0025309505543995719501,0.0087842155087436302879)	
(-0.0017963518661758765341,0.010267952601951402247)	
(0.01194287718621782346,0.0085244146870118563813)	
(0.0081075692469443610272,-0.0013170022466918863795)	
(0.011671915056575155739,0.015903318934578605098)	
(0.0083044770563587590184,0.010759810523225356999)	
(0.0085777651195773248205,0.0054944100238069840808)	
(0.014825037391984744253,0.012162231017253046991)	
(0.00622730405360186548,0.0081607876144434276372)	
(0.0089734460113425392608,0.0081729256020882084383)	
(0.0080557785354046628629,0.0066940343885914512997)	
(0.0079407295356968866928,0.0098537914310597354145)	
(0.0094876662732284334362,0.008657950264150992073)	
(0.011279360332517149659,0.010627263908211351251)	
(0.012188632344385177952,0.010469578148262100731)	
(0.0084873241724475103481,0.0096557978799379686613)	
(0.0085726734846807359225,0.0092701068157273382869)	
(0.011109448050733754937,0.011145208629156704364)	
(0.0096872738603949893471,0.009955455984611538342)	
(0.0098307860396421933857,0.010333712916350249258)	
(0.0099806321299542415104,0.009322530926914979546)	
(0.0063204357560205899971,0.0084536331328054041545)	
(0.0095776845514402228488,0.0098548434195940802505)	
(0.010775420994977011335,0.0012533937383811951608)	
(0.01194288372389429656,0.0085244145207719994317)	
(0.0071221111609016795468,0.0076204655827684973993)	
(0.0079407305820602958057,0.0098537898600475435501)	
(0.0084873264145348247672,0.0096557959133317522449)	
(0.014330705091540591953,0.010865443887023512604)	
(0.0078877507911226784482,0.0097124869779799342245)	
(0.0093140299303338947023,0.0094410743426587232646)	
(0.011279355891052897723,0.010627265723361974809)	
(0.0096872696404523960662,0.0099554573500708586076)	
(0.0098307841594144455832,0.01033371678991628316)	
(0.0071079539546477273765,0.010334796414655398819)	
(0.010165835918444695099,0.010515110796607477286)	
(0.0096837530110003098432,0.0097708103838125351381)	
(0.0092941510883586767738,0.0090342198765639546848)	
(0.0085597699999628937967,0.010183056661298867454)	
(0.0095776885338793599917,0.009854839995724265847)	
(0.010851984125796562686,0.0079556471211481918915)	
(0.013207637673435211612,0.011014496434739298736)	
(0.010676018533960813725,0.007068887770190099458)	
(0.0093468621644083350886,0.0096268602582011350566)	
(0.0091501777772760896357,0.0093911000954204123387)	
(0.010558241265504199682,0.009832675790230619578)	
(0.0097342625142389071352,0.010082396486665449672)	
(0.0088246249194917757847,0.010105997333755559892)	
(0.010738963662992675324,0.0099325162389829850518)	
(0.0095858011211974181176,0.0076163786732267244051)	
(0.0096582522819484550175,0.010115977932968209588)	
(0.0044199358751518813548,0.00532379535854219689)	
(0.010851990999118358086,0.0079556392464090863043)	
(0.012362783973970824583,-0.0029949349501313879407)	
(0.010119944870279609303,0.0097199541857256217814)	
(0.007905511602733946569,0.010268631526942921875)	
(0.011631028272157529005,0.010225231355834018057)	
(0.01055648483709380539,0.010466610995202603809)	
(0.010636270654329853941,0.0099555305785320891837)	
(0.010049623632208423349,0.0078727810034917283105)	
(0.0096999305285068431609,0.0098125422753898381562)	
(0.0084352871284045245065,0.010180809023581979117)	
(0.010573098616357200913,0.010286821796321383646)	
(0.0063627542697843320063,0.010516291122052894361)	
(0.010573102416211810697,0.010286818651423315987)	
(0.0039136776586540123618,0.0095389252899927678281)	
(0.0081226410079841583622,0.010334410874180667561)	
(0.01050431940885237711,0.010284374234310235049)	
(0.0063627153322401101138,0.010516295515144867892)	
(0.0069751815520644839738,0.010757518028492641174)	
(0.0043008633047322518406,0.014308134028731980467)	
(0.0048521354983134343947,0.010251451165919835129)	
(0.0063504137293366215433,0.013851734181726362352)	
(0.0091607941941943184933,0.010047365291369606335)	
(0.009446871336834557556,0.010954551727817082515)	
(0.0069460664697897130798,0.012554871485934039968)	
(0.0055214779929901956074,0.010838145764252338915)	
(0.0094107945068901150548,0.010821582908705244461)	
(0.010922179953486830031,-0.0030201671484098944337)	
(0.0071612300153080250126,0.011600089050814334571)	
(0.0096294812517923912554,0.0099513369638397058264)	
(0.0109492159152752358,0.010576682462860160366)	
(0.0098093823449904183481,0.0087310603925660028313)	
(0.0092524502001984070682,0.0099710680525226351445)	
(0.0073909486285157564162,0.0058480187830257743947)	
(0.008950730094153522276,0.0099252810766638204648)	
(0.010189238753114195773,0.010173848073572097292)	
(0.010456503453986579905,0.010224086011870870891)	
(0.009764275988828813313,0.0095955418239356791987)	
(0.013738435625489275188,0.0069708251736940868293)	
(0.0055214722559322653231,0.01083815170714930165)	
(0.0094107927442715014893,0.010821589650892547707)	
(0.010922236151920302824,-0.0030201958485397200835)	
(0.0071612265511307778704,0.011600094353276465403)	
(0.0096294829169923101819,0.0099513337209585772669)	
(0.010949219483760279717,0.010576671735397013413)	
(0.0098093705864622862678,0.0087310595442426919277)	
(0.0092524388051939791822,0.0099710622631252847359)	
(0.0073909951309334151817,0.0058479697447203268096)	
(0.0089507192765124667794,0.009925286146246076191)	
(0.010189238063944186519,0.010173846166633129448)	
(0.010456503876948653256,0.010224087803070930694)	
(0.0097642700217597192675,0.0095955439202852592373)	
(0.013738438698958733292,0.0069708285305298241588)	
(0.0089036289940221634287,0.0093176501329082003083)	
(0.0099536483044473343662,0.0098037049376792639865)	
(0.0097242597934006063526,0.0098827231001387370879)	
(0.0091771892450748775855,0.0091177332664631790399)	
(0.0099533276161070643323,0.010055700141912116488)	
(0.0098117592121595379601,0.0082453474900730586161)	
(0.010159280931547680707,0.0087360937546996694086)	
(0.010175456779917513642,0.010129704536335520926)	
(0.0086700176559813720012,0.0093114579493015024042)	
(0.010300217086903259295,0.010343201677174267833)	
(0.0089036232574229365322,0.0093176455920479656081)	
(0.0099536408559882834368,0.0098037008630834296397)	
(0.009724257511529027509,0.0098827234102474049993)	
(0.0091771837428140067006,0.0091177440677675507946)	
(0.0099533296052131646492,0.010055699436539810784)	
(0.0098117651352403467691,0.0082453582250768195361)	
(0.010159294073678472314,0.0087361001831398835821)	
(0.010175451411529588472,0.010129700828112450303)	
(0.0086700098535119566462,0.0093114682461644775191)	
(0.010300218701773297333,0.010343201250494466967)	
(0.0097512438929482133515,0.0092742634039234897458)	
(0.0091713365801565707724,0.0098008471975712212199)	
(0.010118772845805158386,0.010207702333503267458)	
(0.010298209810003455811,0.010486061058406041802)	
(0.0099725088745524301942,0.0036480000790929884361)	
(0.0078611324289181057356,0.0063776784720380487459)	
(0.010435574722170862585,0.01039816898412435596)	
(0.0099473847301571327595,0.009526736122564622572)	
(0.010532927055212866485,0.010051016896140574364)	
(0.010826279724625000045,0.010355733380956558612)	
(0.0088808080144729371896,0.010296803983167126043)	
(0.010018321212008967844,0.009880063711695450529)	
(0.010641681488915283316,0.010124137880496259304)	
(0.010480643578000044952,0.010273561641607644249)	
(0.0098769063932391265581,0.0093651228163903928181)	
(0.010081935293020793595,0.0099698351011068206406)	
(0.01053292761979193401,0.010051012103590122385)	
(0.010826287470927143178,0.010355731445728188697)	
(0.0088808450571044115357,0.010296813387951270213)	
(0.01001831601319459579,0.0098800641233502874833)	
(0.010641685940295957102,0.010124137780157889746)	
(0.01048064570887095176,0.010273558916778823338)	
(0.0098769076684364336821,0.0093650821373860403118)	
(0.010081935633420850695,0.009969836634970499073)	
(0.0097512219950627795906,0.0092742737313104024049)	
(0.0091712914527050191232,0.0098008608876750478306)	
(0.010118770720216579972,0.010207701260312071825)	
(0.0099725226709832994615,0.0036479847580898018197)	
(0.0078610966604809422165,0.0063776257120025329345)	
(0.010435569800709938032,0.010398169020661466103)	
(0.010298197385684070004,0.010486053495681862263)	
(0.0099473892961511791583,0.0095267266699512031386)	
(0.008826204778928151834,0.010008737376400327762)	
(0.0099536480980600468976,0.0098037051357141111879)	
(0.0093532961023071268386,0.010318612161993543155)	
(0.0098683157561987432799,0.0097671326297409065409)	
(0.0098955444772389818814,0.010003833330745883975)	
(0.012523935561677121409,0.013371692234177660896)	
(0.010159280682436371002,0.0087360958828418891486)	
(0.010160700031272659749,0.0099819407950806730845)	
(0.0099246218920793303347,0.0098391043934223272605)	
(0.0099951782183878082333,0.010081113278874329064)	
(0.0088261794252110382236,0.010008664979708840545)	
(0.0099536399825623667753,0.0098037013512716035535)	
(0.0093532959103256128192,0.010318605920313512689)	
(0.0098683155747865871493,0.0097671327625843736703)	
(0.0098955454635162830301,0.010003829047355019752)	
(0.012524014839874839794,0.01337167087599855364)	
(0.010159295544260449687,0.0087361035702280560172)	
(0.01016070362038541848,0.0099819223009983068517)	
(0.009924626688671486785,0.0098391033491575692616)	
(0.0099951803073386243786,0.010081108267281976149)	
(0.0062500676696869940027,-0.0040058875988199177734)	
(0.0040540506518950934767,-0.002352650977651609375)	
(0.0088808226891187360547,0.010296800860853268927)	
(0.010018320135388728703,0.0098800633587458781826)	
(0.01092216748834435279,-0.003020178052012288672)	
(0.010826280172010755223,0.010355733173154024751)	
(0.0039136695185680381651,0.0095389615252148424185)	
(0.0099246217060430519386,0.0098391042478139876387)	
(0.0069752120312472449745,0.010757511691824310496)	
(0.010300215659483963684,0.01034320171492000319)	
(0.0099951776744061325564,0.010081112235149656403)	
(0.010532925417059635365,0.010051016821027431228)	
(0.0091608000348767891496,0.010047360958322476901)	
(0.0099473811962437850426,0.0095267352793659519639)	
(0.0055214772509142202861,0.010838149633919776094)	
(0.01094921634745144208,0.010576681701450259959)	
(0.0079055196989428304366,0.010268647889502213744)	
(0.010556480443781091766,0.010466613346158002915)	
(0.010175453389199996118,0.010129701432709529302)	
(0.0085778155831584042973,0.0054943727909092590633)	
(0.0080557945004566082481,0.0066940501705836348914)	
(0.0098769052727202127917,0.0093651199460385650686)	
(0.010081935150314283792,0.0099698347491971300166)	
(0.0073909390023856212301,0.0058479968268337120113)	
(0.010480643198918452447,0.01027356196723440071)	
(0.0071078936264456519731,0.010334806034839851691)	
(0.009868315762608976735,0.0097671327952388257293)	
(0.010165827581365872653,0.010515123492131668234)	
(0.0099533276739276494577,0.01005569960119652613)	
(0.0098955442922320901306,0.010003833124950980288)	
(0.010641681513220533836,0.010124137373590020098)	
(0.0096837531552751224262,0.0097708221751899321933)	
(0.010298209577340726451,0.010486061053029696599)	
(0.0098093793606429443427,0.0087310672182700829053)	
(0.010456503998513480905,0.010224085427871449153)	
(0.0085726764302454638161,0.0092701062174481603517)	
(0.0097342605249287686431,0.010082394730357033263)	
(0.0097242595795282108645,0.0098827229696274287302)	
(0.0018903350514979213107,-0.0047305737635314039705)	
(0.0107754171209068772,0.0012534097590239671929)	
(0.0098117535315411560232,0.0082453534600410733485)	
(0.012362825076105716376,-0.0029949062057865747169)	
(0.010435573774812356707,0.010398169359164152054)	
(0.010504301267351955421,0.010284367086941441014)	
(0.008670017852389463181,0.0093114573579630016686)	
(0.0048521723161790656503,0.010251459916650154311)	
(0.0043008642681575410399,0.014308142661657958714)	
(0.0063503971185905876834,0.013851746313782472078)	
(0.0094468844116289592272,0.010954552657447619995)	
(0.011671939280348290688,0.015903368343432887355)	
(0.010676042120885209999,0.0070688495080192112127)	
(0.0089036298533304875785,0.0093176501503513496638)	
(0.0078877409124673177054,0.0097124664695942084652)	
(0.010118772583266624071,0.010207702165475542044)	
(0.01063628079250802938,0.0099555282427261550943)	
(0.0091771895367209616046,0.0091177336594500790062)	
(0.010049625615407824925,0.0078727793237460905879)	
(0.0095857827177098092752,0.0076163482155033636334)	
(0.0099806123723236439549,0.009322529577008180357)	
(0.0096582706038585170588,0.01011597365603270765)	
(0.0062500123081559401036,-0.0040058199781576502366)	
(0.0018903370444810852283,-0.0047305550023023588274)	
(0.0040540669504421080957,-0.0023526289251606549539)	
(0.010775399338777304561,0.0012534118606277240993)	
(0.0098117613093581749345,0.0082453665912681599337)	
(0.0088808556306956294019,0.010296806860775626485)	
(0.010018315609647311659,0.0098800643778466385597)	
(0.010922224160059341991,-0.0030202068104815747544)	
(0.01082628804205607205,0.010355733117164537399)	
(0.012362775998402930969,-0.0029949271579095856737)	
(0.010435568855654093687,0.010398169482975512523)	
(0.0039136644260516989871,0.0095389199157707559723)	
(0.010504319601111752197,0.010284374141569392266)	
(0.008670009860367353105,0.0093114655920333629785)	
(0.0069751820091668520832,0.010757508894114189632)	
(0.0048521461841234967208,0.010251460966834382085)	
(0.004300862116827990772,0.014308127140252997062)	
(0.010300216742449998242,0.010343201534492106608)	
(0.010532926023542617255,0.01005101209334036301)	
(0.0091607925158197021226,0.010047362058781131658)	
(0.0063504036226799129641,0.013851737172156868005)	
(0.0094468725018241016256,0.010954549613697297031)	
(0.0055214688195233995252,0.010838150666684823187)	
(0.010949219601743316252,0.010576672257812088154)	
(0.0079055036141346558126,0.01026863297139666252)	
(0.010556486549458522425,0.010466608113177207698)	
(0.008577753899849238986,0.0054944004451370487274)	
(0.011671890664268947876,0.01590335495228019369)	
(0.0080557713368391310055,0.0066940332909259858338)	
(0.010676001193684652585,0.0070688712609777142742)	
(0.0089036237829229446239,0.0093176470674005192757)	
(0.0098769078410271445023,0.0093650800821364933724)	
(0.010081935394548146093,0.009969836503190701929)	
(0.0073909767500552241495,0.005847950305662813833)	
(0.010480645151818530209,0.010273559354696579216)	
(0.0078877542648073031145,0.009712480113872504206)	
(0.010118770433379950871,0.010207701109624585031)	
(0.0071079489763508424058,0.010334789473845118132)	
(0.010636271554614221829,0.0099555281197720880276)	
(0.0091771850797294496349,0.0091177449170616129553)	
(0.010165836693150393996,0.010515114532704660649)	
(0.010049615830879557454,0.0078727954605859930964)	
(0.0095858008928045718156,0.0076163887216353157172)	
(0.0099533295625729312911,0.010055698961078217077)	
(0.010641685576304023286,0.010124137611954331026)	
(0.0096837517039661639984,0.0097708110294819974784)	
(0.0099806272396037384875,0.0093225263569299138267)	
(0.009658252197851846868,0.010115977315208184162)	
(0.0098093706506959272434,0.0087310640848277300957)	
(0.01045650436866544207,0.010224087789369847024)	
(0.0085726692009598318839,0.0092701053745666093381)	
(0.0097342636882081622768,0.010082396230298129938)	
(0.0099246267239104981467,0.009839103519099074574)	
(0.0099951788701388589314,0.010081106949046163973)	
(0.0099473864836480616058,0.0095267268619502690902)	
(0.010175448342770903806,0.010129698830805866291)	
(0.009868315673167742802,0.0097671327356883136384)	
(0.0098955458417125038983,0.010003828627817996574)	
(0.010298197076915014542,0.010486052897874367784)	
(0.0097242582082696996104,0.0098827225677501680939)	
(0.0030948665931361755282,0.0028609162984233587473)	
(0.0081076185927064572945,-0.0013169600626956046163)	
(0.0044199106957202895229,0.0053237773491219440511)	
(0.012650987347647192974,0.0034180952687300090662)	
(0.013738441267124302386,0.0069708186080938991727)	
(0.009002127443246474639,0.0064645945974811189899)	
(0.0081226367611583506767,0.010334412184526580933)	
(0.011354457795043718452,0.0047303033091421172254)	
(0.0069460431196882062299,0.012554862442755535326)	
(0.0098138678408478310228,0.0088152457106727491465)	
(0.0071612255220724497368,0.011600087645489459004)	
(0.011631039123275819375,0.010225235760345081221)	
(0.0083044709270905323756,0.010759805519253042363)	
(0.014330701584088865325,0.01086543588800503897)	
(0.0091501749482892792004,0.0093910899229346419398)	
(0.012863504391443009514,0.0081236156945811276858)	
(0.0097642707380660546945,0.009595542996553192705)	
(0.010192615756695165216,0.0096296877226781357056)	
(0.010738959222506162111,0.0099325061811400394002)	
(0.010984785548620085507,0.0098574219396724994252)	
(0.0096999218337170331483,0.0098125341842432694389)	
(0.0099130243355290085377,0.0098233207116431540962)	
(0.0089507291148253134705,0.0099252792026906250938)	
(0.009314022922165213908,0.0094410814552092683222)	
(0.010189238069252913935,0.010173848254172014258)	
(0.0092524478345140104274,0.009971072499313574089)	
(0.009487662695729577253,0.0086579512423662491338)	
(0.011109452442926454757,0.011145227676929913771)	
(0.0088246085408574138215,0.010105989680185487045)	
(0.0096294793072863697769,0.0099513384374758477591)	
(0.0094107930057394807016,0.010821583989897635286)	
(0.0092941540946726852734,0.0090342235959698490716)	
(0.0085597753961303823383,0.010183056437432955535)	
(0.0084352897382387465042,0.010180808233104575097)	
(0.0071221094541288297586,0.0076204972601929023279)	
(0.010119947583073340275,0.0097199438064442863355)	
(0.012188630999515346134,0.010469566981393178123)	
(0.010558244635987555637,0.0098326781916210272833)	
(0.0081075779078421915391,-0.0013169579688488404576)	
(0.0071220951954475532689,0.0076204976752615120189)	
(0.0044199239893876873103,0.0053237803749677757581)	
(0.010119944084966879527,0.0097199526677567166938)	
(0.013738448661648540103,0.006970822433876973194)	
(0.0081226423510667809108,0.010334401462621076867)	
(0.0069460610295233541495,0.012554861153979713154)	
(0.0071612221007211615195,0.011600087454551879021)	
(0.011631031020662999098,0.010225231349225002639)	
(0.01433071926108311564,0.010865443802480055299)	
(0.012188634656280407029,0.01046957853423013951)	
(0.0091501860029661978568,0.0093911103711784762321)	
(0.010558240811283392882,0.0098326768215239793158)	
(0.0097642672438995100487,0.0095955451275616839013)	
(0.0107389611622576292,0.0099325157257530959087)	
(0.0096999250591718339659,0.0098125388695970792302)	
(0.0089507173345963180616,0.0099252841310082870474)	
(0.0093140287215377065566,0.0094410763613870830879)	
(0.0092524363563119584042,0.0099710667742873970026)	
(0.010189237901625016261,0.010173846132173315973)	
(0.0094876639767757474375,0.0086579482517668369251)	
(0.011109449101831153292,0.011145208562433962449)	
(0.0094107912823134156483,0.010821588543112659053)	
(0.0096294819767576995267,0.0099513347105718592128)	
(0.0092941502201660322613,0.0090342244230611455647)	
(0.0085597738651060715359,0.010183054417757712515)	
(0.0030948836824600304239,0.0028609216257605898232)	
(0.0083044619540528340912,0.010759808164459743612)	
(0.0088246237379848192772,0.010105994973975620729)	
(0.0084352888923495527446,0.010180812020785183492)	
(0.0025309755350288267763,0.0087842092852712938544)	
(-0.0017963974559342466616,0.010267921153708283247)	
(0.011942874956831996472,0.008524411853099248329)	
(0.011942881725754785072,0.008524413063527495546)	
(0.010851981834885763081,0.0079556459960435661066)	
(0.010851989703258941786,0.0079556387865301007173)	
(0.010573098334399396586,0.010286820280503606792)	
(0.010573101828677582831,0.010286816711555797632)	
(0.006362755918106461836,0.010516279008111429835)	
(0.0063627169747397420776,0.010516285690062602762)	
(0.013207637752818173621,0.011014497589508771488)	
(0.014825026327011513183,0.012162239596169953718)	
(0.0062272755694136464402,0.008160805685041338034)	
(0.00794072901573707364,0.0098537925391236260569)	
(0.0084873237856089162046,0.0096557994465467887613)	
(0.0096872738003941378376,0.0099554550325855178244)	
(0.0098307881078395983887,0.010333716773262400027)	
(0.0089734446735851586957,0.0081729185946830106707)	
(0.011279361758334775084,0.010627262213408813357)	
(0.0079407294774152831912,0.0098537909337535981719)	
(0.0084873259964962192992,0.0096557968460040579511)	
(0.0096872694910764313436,0.0099554562632097973879)	
(0.0098307831320407039477,0.010333719890516325501)	
(0.011279356419911743328,0.010627264534495460893)	
(0.0093468620425033784732,0.0096268585266367865533)	
(0.0063204446868379291283,0.0084536394103844787751)	
(0.0095776874182247079964,0.0098548423864160909075)	
(0.0095776889443017158149,0.0098548374624020679963)	

