clang++ -std=c++14 -stdlib=libc++ -O3 -ferror-limit=2 -Weverything -Wno-c++98-compat -Wno-c++98-compat-pedantic -Wno-sign-conversion -Wno-exit-time-destructors -Wno-float-equal -Wno-global-constructors -Wno-missing-declarations -Wno-unused-parameter -Wno-padded -Wno-shadow -Wno-weak-vtables -Wno-missing-prototypes -Wno-unused-variable -ferror-limit=1 -Wno-deprecated -Wno-conversion -Wno-double-promotion -c src/direct_cuda_pattern.cc -o ./obj/direct_cuda_pattern.o -Iinclude -I/usr/local/cuda/include -I/usr/local/include -I/usr/include/c++/v1
nvcc src/cuda_pattern.cu -o ./obj/_cuda_pattern.o -Iinclude -I/usr/local/cuda/include -I/usr/local/include -I/usr/include/c++/v1 -m64 -dc -gencode arch=compute_70,code=sm_70 --relocatable-device-code true  -Xptxas -v
ptxas info    : 9754 bytes gmem
ptxas info    : Compiling entry function '_Z5ZaxpymddP7double2S0_' for 'sm_70'
ptxas info    : Function properties for _Z5ZaxpymddP7double2S0_
    0 bytes stack frame, 0 bytes spill stores, 0 bytes spill loads
ptxas info    : Used 30 registers, 392 bytes cmem[0]
ptxas info    : Function properties for cudaGetDevice
    0 bytes stack frame, 0 bytes spill stores, 0 bytes spill loads
ptxas info    : Compiling entry function '_Z5DasummP7double2Pd' for 'sm_70'
ptxas info    : Function properties for _Z5DasummP7double2Pd
    0 bytes stack frame, 0 bytes spill stores, 0 bytes spill loads
ptxas info    : Used 26 registers, 1024 bytes smem, 376 bytes cmem[0]
ptxas info    : Compiling entry function '_Z8sum_diagP7double2mdd' for 'sm_70'
ptxas info    : Function properties for _Z8sum_diagP7double2mdd
    0 bytes stack frame, 0 bytes spill stores, 0 bytes spill loads
ptxas info    : Used 10 registers, 384 bytes cmem[0]
ptxas info    : Compiling entry function '_Z5ZgemmP7double2S0_S0_md' for 'sm_70'
ptxas info    : Function properties for _Z5ZgemmP7double2S0_S0_md
    0 bytes stack frame, 0 bytes spill stores, 0 bytes spill loads
ptxas info    : Used 40 registers, 8704 bytes smem, 392 bytes cmem[0]
ptxas info    : Function properties for cudaFuncGetAttributes
    0 bytes stack frame, 0 bytes spill stores, 0 bytes spill loads
ptxas info    : Function properties for cudaOccupancyMaxActiveBlocksPerMultiprocessorWithFlags
    0 bytes stack frame, 0 bytes spill stores, 0 bytes spill loads
ptxas info    : Compiling entry function '_Z22extract_intensity_diffP7double2PdS1_mm' for 'sm_70'
ptxas info    : Function properties for _Z22extract_intensity_diffP7double2PdS1_mm
    0 bytes stack frame, 0 bytes spill stores, 0 bytes spill loads
ptxas info    : Used 24 registers, 392 bytes cmem[0], 8 bytes cmem[2]
ptxas info    : Compiling entry function '_Z9compose_aPdPmS_dP7double2m' for 'sm_70'
ptxas info    : Function properties for _Z9compose_aPdPmS_dP7double2m
    0 bytes stack frame, 0 bytes spill stores, 0 bytes spill loads
ptxas info    : Used 30 registers, 400 bytes cmem[0]
ptxas info    : Function properties for cudaOccupancyMaxActiveBlocksPerMultiprocessor
    0 bytes stack frame, 0 bytes spill stores, 0 bytes spill loads
ptxas info    : Compiling entry function '_Z5ZscalmdP7double2' for 'sm_70'
ptxas info    : Function properties for _Z5ZscalmdP7double2
    0 bytes stack frame, 0 bytes spill stores, 0 bytes spill loads
ptxas info    : Used 27 registers, 376 bytes cmem[0]
ptxas info    : Function properties for cudaMalloc
    0 bytes stack frame, 0 bytes spill stores, 0 bytes spill loads
ptxas info    : Compiling entry function '_Z38make_individual_pattern_intensity_diffPdS_PmS_dS0_S_S_mP7double2mm' for 'sm_70'
ptxas info    : Function properties for _Z38make_individual_pattern_intensity_diffPdS_PmS_dS0_S_S_mP7double2mm
    24 bytes stack frame, 0 bytes spill stores, 0 bytes spill loads
ptxas info    : Used 72 registers, 448 bytes cmem[0], 104 bytes cmem[2]
ptxas info    : Compiling entry function '_Z5ZcopymP7double2S0_' for 'sm_70'
ptxas info    : Function properties for _Z5ZcopymP7double2S0_
    0 bytes stack frame, 0 bytes spill stores, 0 bytes spill loads
ptxas info    : Used 28 registers, 376 bytes cmem[0]
ptxas info    : Function properties for cudaDeviceGetAttribute
    0 bytes stack frame, 0 bytes spill stores, 0 bytes spill loads
ptxas info    : Compiling entry function '_Z6Dznrm2mP7double2Pd' for 'sm_70'
ptxas info    : Function properties for _Z6Dznrm2mP7double2Pd
    0 bytes stack frame, 0 bytes spill stores, 0 bytes spill loads
ptxas info    : Used 28 registers, 1024 bytes smem, 376 bytes cmem[0]
ptxas info    : Compiling entry function '_Z34extract_intensity_diff_with_offsetP7double2PdS1_S1_mmdd' for 'sm_70'
ptxas info    : Function properties for _Z34extract_intensity_diff_with_offsetP7double2PdS1_S1_mmdd
    0 bytes stack frame, 0 bytes spill stores, 0 bytes spill loads
ptxas info    : Used 24 registers, 416 bytes cmem[0], 8 bytes cmem[2]
nvcc -dlink ./obj/_cuda_pattern.o -arch=sm_70 -o ./obj/cuda_pattern.o -m64 -lcudadevrt -L/usr/local/cuda/lib64  -rdc=true -Xptxas -v
clang++ -o ./bin/direct_cuda_pattern ./obj/_cuda_pattern.o ./obj/direct_cuda_pattern.o ./obj/cuda_pattern.o  -lcudadevrt -lcublas -lcudart -m64 -L/usr/local/cuda/lib64  -lc++ -lc++abi -O3 -pthread

solution:
(0.77128024210899648327,-0.0023884367421561263425)	
(0.0036705677163106084984,0.0089115218890890978559)	
(0.0043647849954692643365,0.0079546126558303394821)	
(-0.0079109873911564262267,0.0084484500266882138486)	
(-0.010788491373354375941,0.0043989456605825500574)	
(0.0057909024655635682813,0.0030267102340142690645)	
(0.0054228667175135946907,0.003229207811832498793)	
(0.0024293356697739506254,0.015231571641995577532)	
(-0.0097304364990865414853,0.019909749734919521963)	
(-0.0086443279139419414853,0.012690566196268390775)	
(-0.00024671103136336946507,0.01734196480974560528)	
(0.0050183339872387818653,-0.0012722869739987116219)	
(0.012042484372064673342,-0.0020258299325949021691)	
(0.045725102721424833174,-0.0013798393646053605521)	
(-0.019011249993914312861,-0.0031250335494155544354)	
(0.012603565582213580032,0.016044970071873849299)	
(0.037482107454919033618,-0.009443471178639771535)	
(0.00040652475524993167194,0.026596554639890680055)	
(-0.01198148231236372506,-0.0040130985982788375949)	
(0.089913464479437835153,0.019582365177440958642)	
(0.01493253898680913308,0.010335697332077594182)	
(0.0044828979421524701998,0.027435169631995642153)	
(0.037907760680564769884,-0.029205103182650776067)	
(0.0017011756438061271992,0.021215172066986500571)	
(0.013516610734522281623,0.0083224268814093768643)	
(-0.039573035921769333934,0.040250271792605568644)	
(0.021965314321082996668,0.0060655742424479885608)	
(0.0085131132387662750843,0.034701119051917569958)	
(0.0022895494770028891086,-0.0049874976285105140569)	
(-0.033745476802359980484,0.0075173626369328203772)	
(0.022042036488137222577,0.0025687694047434451831)	
(-0.017593437838181045368,0.068345270894435053433)	
(-0.01132157342003273573,0.011086228958227325667)	
(0.030494296274489022386,-0.0051331644858801546427)	
(-0.022728586765772947065,0.09773644735189877808)	
(0.033474665687511326317,0.023597228386513232484)	
(-0.011881357083396524438,0.010697840077868843445)	
(0.019232382463221890656,-0.0098304307450805279017)	
(0.0046506444336686580607,0.0090512970871011993318)	
(0.07757462141871868111,-0.015196013317216655256)	
(-0.025857854494867604789,0.12332869000863087849)	
(0.060257361645863274924,-0.049275729158531476892)	
(0.014105828542250715626,0.0024468857963231421815)	
(-0.018185582925047363845,-0.0041667205560194176331)	
(0.01440146791243962672,0.022972090870912311583)	
(0.011650760554643950148,0.0077086171591964755198)	
(0.00640036672726685546,0.032771245776041298126)	
(0.022628331245519203718,-0.0023285622810410660198)	
(0.0071658663337943713859,0.020023718015111116597)	
(-0.0091857811428970159023,0.011624460401270882495)	
(0.046279197292317331147,0.030479922762345783294)	
(0.0050652354895429864065,0.0086723017764001805729)	
(0.086746828450109350617,-0.0075976685620602456978)	
(0.0082157665790338826883,-0.00026278848854232911454)	
(-0.014032754435254651479,0.027177981054276764)	
(-0.021204599030395437226,0.0029190978328593091343)	
(0.017215109809396809265,0.017025940960545962038)	
(0.013922121949936300603,0.0049064661445115719321)	
(-0.033405703274686754378,0.046666525222946869667)	
(0.022778284564869195894,0.0042587668448606785798)	
(0.0339303734193913617,-0.02107126665025268325)	
(-0.0070912703939408003317,0.01230408242720207844)	
(0.080141062484021821644,-0.02108973841278650313)	
(0.020316874310226332861,0.0076576607524592400431)	
(0.0064407100517682681559,0.014674488778333475217)	
(0.0097658402549708322321,0.015119999540707185909)	
(0.012445677098857022003,0.005474917092193957481)	
(0.0069442882534252042825,0.0047951670771634704107)	
(0.011094950348098148521,0.0090038816873714479921)	
(0.018925447976520695659,0.0090282819599872953659)	
(0.011486028447848363118,-0.00019121349456619829779)	
(-0.0028249815185833544902,0.0025502600548234131105)	
(0.0091098136665875417001,-0.00013501888955614888953)	
(0.022848662514740915308,0.00034583580513414084734)	
(0.00050187086011669191764,-0.00039411034742984420469)	
(0.0087061050157817652245,0.008711675791802880528)	
(-0.052215189402337908176,-0.0058698063030135534668)	
(-0.010196031217692060056,0.0078294476873131679806)	
(0.0056041167033279298826,0.0014172960711205668648)	
(0.017358559992092792434,0.0061122171686474290053)	
(0.0088132394176141642256,0.018857269229039672065)	
(-0.0046535684577318197491,0.0058443243657032130714)	
(-0.010535747369208333865,0.0039087185509993583807)	
(0.006111231313241561984,0.0002346152845479109795)	
(-0.021838280063078748666,-0.019845434157607633879)	
(-0.0054887899972840444029,0.01583434950414679826)	
(0.022126198583666718822,0.024663605684547392632)	
(-0.049070353960000999416,0.026564750148917241207)	
(-0.022782992937952648016,0.040975644464646729381)	
(-0.00077191131005128739515,-0.04731826020971326846)	
(0.014473634711622643603,0.0055996128727425851374)	
(-0.0086311243638083744861,0.020906114040341851334)	
(0.036938510032605793854,-0.013553560291450088976)	
(0.063053874067350454413,-0.0045793143306842370652)	
(0.054626161535807148117,0.026381704794778665368)	
(-0.0031097974577661245676,0.0074921805744514371334)	
(0.076761753030814672272,0.00087976193679596269726)	
(-0.035015708310818488558,-0.02517971658269682611)	
(-0.00084439930304196306882,0.0054617817636251645916)	
(0.024092034268045250944,0.0048717471559267810921)	
(-0.067863637805624960064,-0.021579270269165330004)	
(0.027212599281865524486,0.043499344401058064047)	
(-0.031930796699535080041,-0.027458469836601273606)	
(0.044635262495234750979,0.043463277416014939325)	
(0.037221140118708528899,-0.01274081890022360844)	
(0.025527550997761414703,0.0072324249397038931422)	
(-0.012593844830522156128,0.026369981212399928178)	
(0.042267252814867747879,-0.019031969967159459434)	
(0.024519161472503790689,0.013255276727432910647)	
(0.013181691803291923151,0.013011421924517745791)	
(0.019731846259064836357,0.0061760784736648085408)	
(0.05184605222162438215,-0.024608068297151886733)	
(0.01385045164890006883,-0.015882914011054433123)	
(0.010397988580781232504,0.026255339209489584468)	
(0.013786473631778624685,0.039747319340212444727)	
(-0.0059745483286943743342,-0.030010420025194231575)	
(0.024005126945269062572,0.052440322315982036694)	
(0.010785575936522193499,-0.032472587167540943598)	
(0.057379231700386786053,-0.0050709311831287906536)	
(-0.076025884540964927538,-0.034752270073731258981)	
(5.9375124177400543274e-06,-0.032020690972223417314)	
(0.064774219473085162257,0.0080377058207646116805)	
(-0.0027218792940352752596,-0.023694597438442890902)	
(0.01710565710274446205,-0.0050940840632556164819)	
(0.013777766746223258851,-0.024269824395479162177)	
(-0.0004137304221570936363,0.019016713447891651911)	
(-0.0156684150038629115,-0.039442524756184010881)	
(0.035162677540870719561,0.015354795331332247305)	
(-0.050126978934439507529,0.022210998529841468468)	
(0.021631852194560579478,0.047630599558924430204)	
(0.052899464899683140695,0.057028157924607685014)	
(0.029002601615105011446,-0.096192129290211064729)	
(0.062036456063168932129,0.045223547567480232301)	
(0.0068391546524459723155,0.0050628897983534676408)	
(0.052373021896990099022,0.034752005306805021367)	
(0.015072934703482948615,-0.024132901525683526228)	
(-0.0068304032472321302497,0.005849073887046580926)	
(0.030788497013563290855,-0.043004635864604796869)	
(0.041126218531581701376,-0.024239038933357652528)	
(0.022956520883635953695,-0.005079524326189174821)	
(2.7041315837848788354e-05,0.01337381890414795875)	
(0.0084225063467812284757,0.0012375558179234741676)	
(0.0024228702368613839503,-0.0061398761584886725473)	
(0.019890961929191784685,0.012134597995912063326)	
(0.023807831597073239593,0.0078430373090531118468)	
(0.012285529049884445427,0.014792210192088907361)	
(0.0043157982930674678931,0.0063163140090667863405)	
(0.0079324340207859323632,0.012035952668569110599)	
(0.010888625910748685535,0.010465063661146493598)	
(0.0011655157044175798193,0.0022364194741317320464)	
(0.032683933639540564686,-0.029535417771904156486)	
(0.021277093587423561577,0.026792119927988040234)	
(0.027585186742326087139,0.02621242443383151044)	
(0.020782152331077354684,0.012125239977620829238)	
(-0.019406707026287939311,0.048175154802872745263)	
(0.023467745092782255761,0.0062877824765160648945)	
(0.011493574661313199839,0.00054400686449050672262)	
(0.00082739816429025741899,0.02541394264007921025)	
(0.010151305566763045574,-0.0014535406097492588069)	
(-0.0074647640522654051462,-0.024524397510002311079)	
(0.024092404334358902968,0.011881581650412057979)	
(0.010072129611703679875,-0.020765704938336515539)	
(0.0087465094101171342311,0.017673869774024880686)	
(0.0083424124925010594706,0.0069386645144971703311)	
(-0.047862217219424497971,-0.013269013692129353471)	
(-0.046189479538832338423,0.02431496471664742684)	
(-0.044921932632215937076,0.027459486286940382876)	
(0.018082814792667649406,0.023811308352481044132)	
(0.028844832116707672109,0.031395332859181376839)	
(-0.014692210908304314393,-0.012406586747288186889)	
(0.014871251413089422305,0.0020061623567837472137)	
(0.062481768804506787607,-0.00020884193438193597516)	
(0.017846907668138393965,-0.00063861252402571365427)	
(0.024773434325115931132,-0.0048308289725526145156)	
(0.082025921952573493945,-0.010330410262227453233)	
(0.0063157939624730406042,0.00062357003662103253558)	
(0.0074185160901121876761,-0.0086793387699707832961)	
(-0.03708910865238614768,-0.01752006011738536928)	
(0.048215827856481346947,0.019071852838746634895)	
(0.041554496028159762511,0.029702326746367836707)	
(0.02507456540888175836,-0.068502058186965100739)	
(0.004290672645311105482,0.020635563050366290128)	
(0.021120022899867293975,0.011981400018698604854)	
(0.019327749314251102541,0.0057079378092236036576)	
(-0.0043051446440904514446,0.016669435861418325368)	
(-0.042499638266259541497,-0.050281245374601511722)	
(0.015013423247884518166,-0.0024495541549043654307)	
(0.036763597422800969872,0.03461405859389934947)	
(0.066047383049399360777,-0.039754520899645068299)	
(0.0012386711697365867645,-0.00010140001935653976601)	
(0.015885011391311543161,0.0071289101521960964586)	
(0.00057525093614526365358,0.011009110111164791684)	
(0.009112475523003142619,-0.00011101277537761155049)	
(0.030340238571476354362,0.029654055823816225651)	
(-0.034959492002937207766,0.02600880462205255525)	
(0.030836342152207329298,-0.010227679915617078621)	
(0.014829583231474404229,0.0072858983159538818347)	
(0.0098818001533169837203,-0.00039428383595093335944)	
(0.030431342257963209935,-0.00065273424301594620833)	
(0.032778539417796501154,-0.001367666262418395411)	
(0.065249826423946888365,0.044802442805094364053)	
(0.053229001310948272085,0.011448477157041008975)	
(-0.11538184825702468839,0.057868709837614308589)	
(0.0042882626862875607848,-0.0026929778405332879809)	
(0.012972241078165230171,-0.029106132255662189173)	
(-0.012445040470062911434,0.0023668084256955046474)	
(0.0092129749501375264586,-0.010847013863420913726)	
(0.0019491140765085963882,-0.048937726234364431477)	
(-0.019645089948769064309,-0.0018759905795214506987)	
(0.047315999618101046986,-0.037199319804481614793)	
(0.0178225108565709979,0.023237343962079166915)	
(-0.016554660755779243564,-0.0049350090754967483597)	
(0.059011137720275982921,-0.028524466952305642387)	
(-0.019134696352711574874,0.00079331216335613635379)	
(0.0062905282106488326702,-0.0077394165035540810754)	
(0.013226531867816511065,0.01337629113009187673)	
(0.0089974409966742212308,0.0021457299507726349669)	
(-0.0099427256986890626828,-0.0042704339807741690388)	
(0.0040734602889021375577,0.0042345406629138585344)	
(-0.0054706860219002791113,0.016264565564248614771)	
(-0.0053615807882873142351,0.015029037682167798243)	
(0.015218887141806062072,0.0095613702326495086242)	
(-0.018404432758153219107,0.023903361235096395182)	
(0.038789665926625659098,-0.0097096736955786782514)	
(0.0085324934885340538576,0.044315224969563034307)	
(0.015193648820630246618,-0.00099766660786251219577)	
(0.030547110372855977578,-0.01494865971774618843)	
(0.01646657743344779809,0.014222700687040486581)	
(-0.056481123848901984563,-0.011061651047868529055)	
(-0.015102533579631934046,-0.014333706205183488133)	
(0.024289291088143122321,-0.025159562718616839544)	
(-0.053846563381830456207,-0.0039607952072771264798)	
(0.016910705984622215192,0.036603660483639485768)	
(0.017532071678453890057,0.01216271271889104999)	
(0.063643821016257956513,0.03861223338845946873)	
(0.0061341042649740145504,0.025137019818907344743)	
(0.0020224597627464609324,-0.081381164947620196481)	
(0.034578208210224378738,0.027131314420787949748)	
(-0.0068161677581770503676,-0.00066448496702467628027)	
(0.0018147114238498244804,0.020057665358111636394)	
(0.0017450131527780739487,-0.010093565153941741822)	
(0.034566715051714394513,-0.011723705783397332311)	
(0.039072213336373826098,0.020353390564018837561)	
(-0.011302999395591852017,-0.025732250332283344851)	
(-0.055477189657705920645,-0.055482877698804722311)	
(0.059451274597500297636,0.0065233923969626904024)	
(-0.014026537950167233468,-0.072353709774936866839)	
(0.012109104752273088315,0.041036434404664146047)	
(0.060433444861055951591,-0.024094329730390929428)	
(0.0015420093144247939282,0.014046996488952646562)	
(0.020505333387624776614,-0.0020069571255653334899)	
(0.014660264635018682711,0.037234303609977988103)	
(0.0068850238193959049579,-0.038728843938328476326)	
(0.0065340064781251681186,0.058112468109802757621)	
(0.072127755192412004726,-0.01666647161921559761)	
(0.01455733269732338922,0.0021989135043002879834)	
(-0.046717372562770191624,0.02274420513142031558)	
(0.018265648224782174425,0.053652524898822127886)	
(-0.041016459585571776736,7.3257656321640339352e-05)	
(-0.014217182184088154526,0.018665497904941191071)	
(-0.040606323416757100775,0.030632055280587242724)	
(-0.054076807899686489545,0.048608927293093025235)	
(0.024677431964210107262,0.03989664766420028541)	
(-0.032719411415933243037,0.018606553565498291924)	
(-0.057319916247557098354,0.058376216629981887707)	
(-0.023266650645779502621,-0.0034232528248957076224)	
(0.025173930133864812209,0.048269621907756445067)	
(0.059093411303409393298,0.037011571269828791308)	
(-0.015044819166843697786,-0.0069705209208081354844)	
(0.003494372552696850022,0.01460583318279195901)	
(0.002138077470178369275,-0.00074517775694989260224)	
(0.017992184183121429086,0.014250683924832306324)	
(-0.034604402797978044137,0.063139858244211727323)	
(-0.065411051956262525331,0.036815396231702976482)	
(0.012446651543296764764,0.0068042960298362606744)	
(0.018795511696203016233,0.0027770270566771703899)	
(0.012981313079430551946,0.063538767944267715571)	
(-0.053205376730990287804,-0.0036280507840727553581)	
(-0.074773434990657902666,-0.003867860511157246179)	
(0.0011108031426253328188,0.0016835111118778159876)	
(-0.050356881952917383061,-0.016022973817672359759)	
(0.045732964152845112515,0.023346338677636236519)	
(0.052053777675983500806,0.00057942544393658091274)	
(-0.055289632164789666302,0.022162856376097030131)	
(0.031422122771170277189,0.034371734861345544509)	
(-0.0039457456053514604333,0.023023116183986270383)	
(-0.020020090797829948742,-0.0043459326691509788179)	
(0.011497752241462965914,-0.0014073946929287631594)	
(0.014071792519323200396,-0.019666419913130693542)	
(0.029612742247212359148,0.0019083717467384773286)	
(0.057576801853628074845,-0.019320035274942436165)	
(0.038995607148326859315,0.016576900342363459079)	
(0.0032787117434283858178,-0.032341632373464102024)	
(-0.0070026764119175063938,0.0459780795240398929)	
(-0.021560776748855352974,-0.008713618624382309108)	
(0.0063571431052784456786,-0.057920918733536004563)	
(0.033233156024876545076,0.020948230142194313591)	
(-0.024317815777896073515,-0.031283314639302596538)	
(0.017319869586423560642,-0.021086914582721320854)	
(-0.031494534816413656542,-0.013461749893596716005)	
(0.040467854821919772845,-0.015684115492211377768)	
(-0.00090131392894226929329,-0.010132522686796494385)	
(0.021055718621615898689,0.0043247146528120226569)	
(-0.012157564237872562837,0.024395229041734509123)	
(0.006071912607285997153,-0.0090704915743345139456)	
(-0.0038836728532172931638,0.020457834594594284661)	
(0.027490497321557567922,-0.078908548414896695355)	
(0.05374140666340426753,-0.023551027388416113928)	
(0.04090297272471044715,0.0040125271115052192281)	
(0.06971926682871990022,-0.0090592950743739932701)	
(0.035006087477052728885,0.031326299223836118202)	
(0.037945092879327263491,-0.022046013385735998419)	
(-0.0061389179929176558928,0.0046199399234053287536)	
(-0.010981967226489568884,0.011081849307629029408)	
(0.038071675916178764065,0.01290657776182119014)	
(-0.038022759844633352566,-0.00015481255251707990686)	
(-0.027071591871898986054,0.039598109125459413082)	
(-0.017963957516396122926,0.060891942888409045231)	
(0.051567919930863924394,-0.011087198800895925466)	
(-0.031036327032492077443,0.093779022863958783063)	
(0.016177053646637108708,0.027043961933707550555)	
(0.013347684407970286311,0.02604071389871888062)	
(0.070975478772015196394,-0.046596155387144941318)	
(0.0064949248192902051327,0.010955427085517905478)	
(-0.0051049949663678293593,-0.016792743687565454824)	
(0.024673560736599139953,-0.00049699263698511897663)	
(0.043376261975246473146,0.020377733256563116543)	
(0.0054932370193228313021,0.11722014200267104334)	
(0.07253456063010652044,-0.058802197130860316132)	
(0.004683268219118494162,-0.002327526542041500994)	
(-0.025248790130300551721,0.059921788927939916014)	
(0.032478253138936485911,-0.0060576087902865019541)	
(0.045743881691410699653,-0.080789398731773195972)	
(0.0047555047283083925688,0.046998952439547422855)	
(-0.008933408904629088973,0.021745182520602271414)	
(-0.04313221684488392077,0.037901392391716144659)	
(-0.033557998028298313686,0.025649925521519935379)	
(0.014292218040086733175,0.08012156322253891072)	
(0.030381571553117686646,-0.0052903081436209420385)	
(-0.0059699248245305789468,0.014258040124483402356)	
(0.039255679153385167335,-0.020279681923293314122)	
(0.0039303115794231853475,0.031467317791450746811)	
(0.0082850229005906987634,0.0019505854279137202056)	
(-0.041210313970058275179,-0.011012512803381080753)	
(0.022535283064394069641,0.0056859053725464674123)	
(0.011583424038709783793,0.016870026678492286432)	
(0.0053887061879982021267,0.020218502604959553981)	
(0.027834026146497169857,0.00037167810116259209852)	
(0.011324080793990482993,0.021698714620061055475)	
(0.0026335188006054318331,0.010914706019956647159)	
(-0.043664132154849356893,0.032095481362422913219)	
(0.015451788359326619829,0.017103416145343670884)	
(0.022701747612849928343,-0.0063409803668634349971)	
(0.0070936500316491372595,0.0046766249039320731753)	
(0.01981543127086131742,-0.019852105283368559618)	
(0.013055584911910042556,0.021532671991585383003)	
(0.021065750485228559863,0.034172758483720040712)	


real	961m26.064s
user	681m30.932s
sys	275m36.400s
