clang++ -std=c++14 -stdlib=libc++ -O3 -ferror-limit=2 -Weverything -Wno-c++98-compat -Wno-c++98-compat-pedantic -Wno-sign-conversion -Wno-exit-time-destructors -Wno-float-equal -Wno-global-constructors -Wno-missing-declarations -Wno-unused-parameter -Wno-padded -Wno-shadow -Wno-weak-vtables -Wno-missing-prototypes -Wno-unused-variable -ferror-limit=1 -Wno-deprecated -Wno-conversion -Wno-double-promotion -c src/direct_cuda_pattern.cc -o ./obj/direct_cuda_pattern.o -Iinclude -I/usr/local/cuda/include -I/usr/local/include -I/usr/include/c++/v1
nvcc src/cuda_pattern.cu -o ./obj/_cuda_pattern.o -Iinclude -I/usr/local/cuda/include -I/usr/local/include -I/usr/include/c++/v1 -m64 -dc -gencode arch=compute_70,code=sm_70 --relocatable-device-code true  -Xptxas -v
ptxas info    : 9754 bytes gmem
ptxas info    : Compiling entry function '_Z5ZaxpymddP7double2S0_' for 'sm_70'
ptxas info    : Function properties for _Z5ZaxpymddP7double2S0_
    0 bytes stack frame, 0 bytes spill stores, 0 bytes spill loads
ptxas info    : Used 30 registers, 392 bytes cmem[0]
ptxas info    : Function properties for cudaGetDevice
    0 bytes stack frame, 0 bytes spill stores, 0 bytes spill loads
ptxas info    : Compiling entry function '_Z5DasummP7double2Pd' for 'sm_70'
ptxas info    : Function properties for _Z5DasummP7double2Pd
    0 bytes stack frame, 0 bytes spill stores, 0 bytes spill loads
ptxas info    : Used 26 registers, 1024 bytes smem, 376 bytes cmem[0]
ptxas info    : Compiling entry function '_Z8sum_diagP7double2mdd' for 'sm_70'
ptxas info    : Function properties for _Z8sum_diagP7double2mdd
    0 bytes stack frame, 0 bytes spill stores, 0 bytes spill loads
ptxas info    : Used 10 registers, 384 bytes cmem[0]
ptxas info    : Compiling entry function '_Z5ZgemmP7double2S0_S0_md' for 'sm_70'
ptxas info    : Function properties for _Z5ZgemmP7double2S0_S0_md
    0 bytes stack frame, 0 bytes spill stores, 0 bytes spill loads
ptxas info    : Used 40 registers, 8704 bytes smem, 392 bytes cmem[0]
ptxas info    : Function properties for cudaFuncGetAttributes
    0 bytes stack frame, 0 bytes spill stores, 0 bytes spill loads
ptxas info    : Function properties for cudaOccupancyMaxActiveBlocksPerMultiprocessorWithFlags
    0 bytes stack frame, 0 bytes spill stores, 0 bytes spill loads
ptxas info    : Compiling entry function '_Z22extract_intensity_diffP7double2PdS1_mm' for 'sm_70'
ptxas info    : Function properties for _Z22extract_intensity_diffP7double2PdS1_mm
    0 bytes stack frame, 0 bytes spill stores, 0 bytes spill loads
ptxas info    : Used 24 registers, 392 bytes cmem[0], 8 bytes cmem[2]
ptxas info    : Compiling entry function '_Z9compose_aPdPmS_dP7double2m' for 'sm_70'
ptxas info    : Function properties for _Z9compose_aPdPmS_dP7double2m
    0 bytes stack frame, 0 bytes spill stores, 0 bytes spill loads
ptxas info    : Used 30 registers, 400 bytes cmem[0]
ptxas info    : Function properties for cudaOccupancyMaxActiveBlocksPerMultiprocessor
    0 bytes stack frame, 0 bytes spill stores, 0 bytes spill loads
ptxas info    : Compiling entry function '_Z5ZscalmdP7double2' for 'sm_70'
ptxas info    : Function properties for _Z5ZscalmdP7double2
    0 bytes stack frame, 0 bytes spill stores, 0 bytes spill loads
ptxas info    : Used 27 registers, 376 bytes cmem[0]
ptxas info    : Function properties for cudaMalloc
    0 bytes stack frame, 0 bytes spill stores, 0 bytes spill loads
ptxas info    : Compiling entry function '_Z38make_individual_pattern_intensity_diffPdS_PmS_dS0_S_S_mP7double2mm' for 'sm_70'
ptxas info    : Function properties for _Z38make_individual_pattern_intensity_diffPdS_PmS_dS0_S_S_mP7double2mm
    24 bytes stack frame, 0 bytes spill stores, 0 bytes spill loads
ptxas info    : Used 72 registers, 448 bytes cmem[0], 104 bytes cmem[2]
ptxas info    : Compiling entry function '_Z5ZcopymP7double2S0_' for 'sm_70'
ptxas info    : Function properties for _Z5ZcopymP7double2S0_
    0 bytes stack frame, 0 bytes spill stores, 0 bytes spill loads
ptxas info    : Used 28 registers, 376 bytes cmem[0]
ptxas info    : Function properties for cudaDeviceGetAttribute
    0 bytes stack frame, 0 bytes spill stores, 0 bytes spill loads
ptxas info    : Compiling entry function '_Z6Dznrm2mP7double2Pd' for 'sm_70'
ptxas info    : Function properties for _Z6Dznrm2mP7double2Pd
    0 bytes stack frame, 0 bytes spill stores, 0 bytes spill loads
ptxas info    : Used 28 registers, 1024 bytes smem, 376 bytes cmem[0]
ptxas info    : Compiling entry function '_Z34extract_intensity_diff_with_offsetP7double2PdS1_S1_mmdd' for 'sm_70'
ptxas info    : Function properties for _Z34extract_intensity_diff_with_offsetP7double2PdS1_S1_mmdd
    0 bytes stack frame, 0 bytes spill stores, 0 bytes spill loads
ptxas info    : Used 24 registers, 416 bytes cmem[0], 8 bytes cmem[2]
nvcc -dlink ./obj/_cuda_pattern.o -arch=sm_70 -o ./obj/cuda_pattern.o -m64 -lcudadevrt -L/usr/local/cuda/lib64  -rdc=true -Xptxas -v
clang++ -o ./bin/direct_cuda_pattern ./obj/_cuda_pattern.o ./obj/direct_cuda_pattern.o ./obj/cuda_pattern.o  -lcudadevrt -lcublas -lcudart -m64 -L/usr/local/cuda/lib64  -lc++ -lc++abi -O3 -pthread
Merit: 1.16459e-05
ABS: 0.0222931
a is 
0	0.00024414000000000000371	-0	0.064142500000000005067	6.3790100000000002881e-09	0.0005930819999999999842	
-0	0.064142500000000005067	0	0.2849121099999999962	6.3790100000000002881e-09	0.0005930819999999999842	
-6.3790100000000002881e-09	0.0005930819999999999842	-6.3790100000000002881e-09	0.0005930819999999999842	0	-0.48144531000000001519	

max dim 9
thickness = (0,1)
ug_size = 25
tilt_size = 81
column_index = 0
ar0 = 
0	2	1	
1	0	4	
2	3	0	

ar1 = 
0	6	6	
5	0	0	
5	0	0	

ar29 = 
0	2	7	6	5	
1	0	6	16	8	
8	5	0	1	20	
5	15	2	0	14	
6	7	19	13	0	

ar 30 
0	2	1	7	10	6	
1	0	4	6	7	16	
2	3	0	10	18	7	
8	5	9	0	2	1	
9	8	17	1	0	4	
5	15	8	2	3	0	

ar 33 
0	7	7	
8	0	0	
8	0	0	

Intensity0 = 
0.99999929652498209531	
3.5173688058270160857e-07	
3.517381372473892238e-07	

Intensity30 = 
0.99181042982604616931	
3.5008662435678405756e-07	
3.5008750294701419971e-07	
3.5618574719756433968e-07	
0.0040942569082486847051	
0.0040942569058307794194	

ug to reconstruct: 
(0.23589499999999999358,0)	
(0.0005930819999999999842,-6.3790100000000002881e-09)	
(0.0005930819999999999842,6.3790100000000002881e-09)	
(0.082869600000000001594,-7.396030000000000153e-09)	
(0.082869600000000001594,7.396030000000000153e-09)	
(0.064142500000000005067,0)	
(0.064142500000000005067,0)	
(0.0005930819999999999842,6.3790100000000002881e-09)	
(0.0005930819999999999842,-6.3790100000000002881e-09)	
(0.064142500000000005067,5.735679999999999781e-09)	
(0.064142500000000005067,-5.735679999999999781e-09)	
(0.054937899999999997847,-9.8186800000000006741e-09)	
(0.054937899999999997847,9.8186800000000006741e-09)	
(0.054937899999999997847,0)	
(0.054937899999999997847,0)	
(-0.0016485899999999999079,2.4185200000000001434e-10)	
(-0.0016485899999999999079,-2.4185200000000001434e-10)	
(-0.0016485899999999999079,7.1914300000000001048e-11)	
(-0.0016485899999999999079,-7.1914300000000001048e-11)	
(-0.0016485899999999999079,2.4185200000000001434e-10)	
(-0.0016485899999999999079,-2.4185200000000001434e-10)	
(-0.0016485899999999999079,-7.1914300000000001048e-11)	
(-0.0016485899999999999079,7.1914300000000001048e-11)	
(0.082869600000000001594,-7.396030000000000153e-09)	
(0.082869600000000001594,7.396030000000000153e-09)	

weights0 
1	
1	
1	


real	0m0.962s
user	0m0.168s
sys	0m0.664s
