clang++ -std=c++14 -stdlib=libc++ -O3 -ferror-limit=2 -Weverything -Wno-c++98-compat -Wno-c++98-compat-pedantic -Wno-sign-conversion -Wno-exit-time-destructors -Wno-float-equal -Wno-global-constructors -Wno-missing-declarations -Wno-unused-parameter -Wno-padded -Wno-shadow -Wno-weak-vtables -Wno-missing-prototypes -Wno-unused-variable -ferror-limit=1 -Wno-deprecated -Wno-conversion -Wno-double-promotion -c src/direct_cuda_pattern.cc -o ./obj/direct_cuda_pattern.o -Iinclude -I/usr/local/cuda/include -I/usr/local/include -I/usr/include/c++/v1
nvcc src/cuda_pattern.cu -o ./obj/_cuda_pattern.o -Iinclude -I/usr/local/cuda/include -I/usr/local/include -I/usr/include/c++/v1 -m64 -dc -gencode arch=compute_70,code=sm_70 --relocatable-device-code true  -Xptxas -v
ptxas info    : 9754 bytes gmem
ptxas info    : Compiling entry function '_Z5ZaxpymddP7double2S0_' for 'sm_70'
ptxas info    : Function properties for _Z5ZaxpymddP7double2S0_
    0 bytes stack frame, 0 bytes spill stores, 0 bytes spill loads
ptxas info    : Used 30 registers, 392 bytes cmem[0]
ptxas info    : Function properties for cudaGetDevice
    0 bytes stack frame, 0 bytes spill stores, 0 bytes spill loads
ptxas info    : Compiling entry function '_Z5DasummP7double2Pd' for 'sm_70'
ptxas info    : Function properties for _Z5DasummP7double2Pd
    0 bytes stack frame, 0 bytes spill stores, 0 bytes spill loads
ptxas info    : Used 26 registers, 1024 bytes smem, 376 bytes cmem[0]
ptxas info    : Compiling entry function '_Z8sum_diagP7double2mdd' for 'sm_70'
ptxas info    : Function properties for _Z8sum_diagP7double2mdd
    0 bytes stack frame, 0 bytes spill stores, 0 bytes spill loads
ptxas info    : Used 10 registers, 384 bytes cmem[0]
ptxas info    : Compiling entry function '_Z5ZgemmP7double2S0_S0_md' for 'sm_70'
ptxas info    : Function properties for _Z5ZgemmP7double2S0_S0_md
    0 bytes stack frame, 0 bytes spill stores, 0 bytes spill loads
ptxas info    : Used 40 registers, 8704 bytes smem, 392 bytes cmem[0]
ptxas info    : Function properties for cudaFuncGetAttributes
    0 bytes stack frame, 0 bytes spill stores, 0 bytes spill loads
ptxas info    : Function properties for cudaOccupancyMaxActiveBlocksPerMultiprocessorWithFlags
    0 bytes stack frame, 0 bytes spill stores, 0 bytes spill loads
ptxas info    : Compiling entry function '_Z22extract_intensity_diffP7double2PdS1_mm' for 'sm_70'
ptxas info    : Function properties for _Z22extract_intensity_diffP7double2PdS1_mm
    0 bytes stack frame, 0 bytes spill stores, 0 bytes spill loads
ptxas info    : Used 24 registers, 392 bytes cmem[0], 8 bytes cmem[2]
ptxas info    : Compiling entry function '_Z9compose_aPdPmS_dP7double2m' for 'sm_70'
ptxas info    : Function properties for _Z9compose_aPdPmS_dP7double2m
    0 bytes stack frame, 0 bytes spill stores, 0 bytes spill loads
ptxas info    : Used 30 registers, 400 bytes cmem[0]
ptxas info    : Function properties for cudaOccupancyMaxActiveBlocksPerMultiprocessor
    0 bytes stack frame, 0 bytes spill stores, 0 bytes spill loads
ptxas info    : Compiling entry function '_Z5ZscalmdP7double2' for 'sm_70'
ptxas info    : Function properties for _Z5ZscalmdP7double2
    0 bytes stack frame, 0 bytes spill stores, 0 bytes spill loads
ptxas info    : Used 27 registers, 376 bytes cmem[0]
ptxas info    : Function properties for cudaMalloc
    0 bytes stack frame, 0 bytes spill stores, 0 bytes spill loads
ptxas info    : Compiling entry function '_Z38make_individual_pattern_intensity_diffPdS_PmS_dS0_S_S_mP7double2mm' for 'sm_70'
ptxas info    : Function properties for _Z38make_individual_pattern_intensity_diffPdS_PmS_dS0_S_S_mP7double2mm
    24 bytes stack frame, 0 bytes spill stores, 0 bytes spill loads
ptxas info    : Used 72 registers, 448 bytes cmem[0], 104 bytes cmem[2]
ptxas info    : Compiling entry function '_Z5ZcopymP7double2S0_' for 'sm_70'
ptxas info    : Function properties for _Z5ZcopymP7double2S0_
    0 bytes stack frame, 0 bytes spill stores, 0 bytes spill loads
ptxas info    : Used 28 registers, 376 bytes cmem[0]
ptxas info    : Function properties for cudaDeviceGetAttribute
    0 bytes stack frame, 0 bytes spill stores, 0 bytes spill loads
ptxas info    : Compiling entry function '_Z6Dznrm2mP7double2Pd' for 'sm_70'
ptxas info    : Function properties for _Z6Dznrm2mP7double2Pd
    0 bytes stack frame, 0 bytes spill stores, 0 bytes spill loads
ptxas info    : Used 28 registers, 1024 bytes smem, 376 bytes cmem[0]
ptxas info    : Compiling entry function '_Z34extract_intensity_diff_with_offsetP7double2PdS1_S1_mmdd' for 'sm_70'
ptxas info    : Function properties for _Z34extract_intensity_diff_with_offsetP7double2PdS1_S1_mmdd
    0 bytes stack frame, 0 bytes spill stores, 0 bytes spill loads
ptxas info    : Used 24 registers, 416 bytes cmem[0], 8 bytes cmem[2]
nvcc -dlink ./obj/_cuda_pattern.o -arch=sm_70 -o ./obj/cuda_pattern.o -m64 -lcudadevrt -L/usr/local/cuda/lib64  -rdc=true -Xptxas -v
clang++ -o ./bin/direct_cuda_pattern ./obj/_cuda_pattern.o ./obj/direct_cuda_pattern.o ./obj/cuda_pattern.o  -lcudadevrt -lcublas -lcudart -m64 -L/usr/local/cuda/lib64  -lc++ -lc++abi -O3 -pthread

solution:
(0.93301682710072553206,-0.0022901236129003847697)	
(0.029403561671863587268,-0.024383756869405078666)	
(0.027143435031986823391,-0.023878959869659564796)	
(0.027153846417354007836,-0.023876550499368751068)	
(0.029487793754584847722,-0.024338649522353494187)	
(0.035753698031959525727,-0.01052623756298136197)	
(0.035937927334014324598,-0.010081374270140403687)	
(0.034723944642403276051,-0.010090152893690180688)	
(0.034549207608111504042,-0.010572683606124453834)	
(0.027752050217474347887,-0.0010703015931762178449)	
(0.027704010316027486566,-0.0011690598398718093226)	
(0.030186151905521926148,-0.0011789763559430579964)	
(0.030578302345972273313,-0.00027345590689690753641)	
(0.014112947288477440538,-0.01149132313179687323)	
(0.013067409704243471147,-0.011562230550898774245)	
(0.014112688520930992755,-0.01146455714708035506)	
(0.013043869366617109537,-0.011528599705947141507)	
(0.014136963192061625938,-0.011744520524686722501)	
(0.012871014402970396701,-0.011138077800847445351)	
(0.012880810926437077577,-0.011125791147117867694)	
(0.01416122328625067997,-0.01178584833629659108)	
(0.022084612080099780967,-0.0020108059773494228045)	
(0.022170851948244595792,-0.0019316609670548814601)	
(0.021416757155705446608,-0.0020380478873279987001)	
(0.021372921941973196946,-0.0020548763386354718455)	
(0.021262262117340498951,-0.0031855597167001611578)	
(0.019731148125710983726,-0.0029607378215121063492)	
(0.019735953984221350777,-0.002950795649430760885)	
(0.021307069780846177309,-0.0032198937642971929562)	
(0.013811087256556357425,-0.0040315493884039623612)	
(0.014858948472594371917,-0.0039814868656364082664)	
(0.013813012446943570208,-0.0040376786495258240248)	
(0.014842593696060906241,-0.0039683901679927711947)	
(0.014520048289858453888,-0.0044160717344821952615)	
(0.014546243054993994101,-0.0043520337596013635231)	
(0.01537070478111618628,-0.0043312620039922308107)	
(0.015363812239829428147,-0.0044107795524667581938)	
(0.015020153728910285926,-0.0031280951255854725843)	
(0.015735382833957062276,-0.0028776431329659022187)	
(0.015774742845233703792,-0.0028714573278833558853)	
(0.014980257527833612183,-0.0031398830452767454574)	
(0.015720948372878407184,-0.003040913608412788155)	
(0.01569083272242627336,-0.0030878433384178829643)	
(0.014917498708610921199,-0.0030936014471804077972)	
(0.014874301114887101063,-0.0031469723748485511211)	
(0.01680366339299586842,0.001917620383343109948)	
(0.01558863165391215222,0.0018334926636982451682)	
(0.016775872009742395091,0.0019094781925417009423)	
(0.015592115325988396141,0.0018341978305235263381)	
(0.013044507713681227287,-0.0018200014834946079759)	
(0.013494311771316998272,-0.0018584697318984330985)	
(0.013750454913431310253,-0.0020813523152759787899)	
(0.013806218286463835601,-0.0020550358675490015825)	
(0.013565530284770940458,-0.0019333954300958496389)	
(0.013494854665983166755,-0.0018391546430975977064)	
(0.013036579241309407748,-0.001823708287316276079)	
(0.013502240827356334907,-0.0019694404900997899976)	
(0.014626784888358832989,0.0019700224575796721621)	
(0.01496304379670256382,0.0020888565868252490301)	
(0.014620371433334113445,0.0019430363290981285049)	
(0.01495765634264261193,0.0021067177939928880687)	
(0.016001309501155629167,-0.00088715314246046433205)	
(0.016231083205142174397,-0.0005518500315345445037)	
(0.016409582333265938098,-0.00088556619904387248732)	
(0.016436260253042914159,-0.00077927325033115991265)	
(0.016323198353138168581,-0.00047518300145869482587)	
(0.015329559797175339175,-0.00090972746761772745744)	
(0.015949924242755722514,-0.0010154872718751645558)	
(0.015451137352887629045,-0.00079756655954951131277)	
(0.01449882523993296056,0.0015062671018277228388)	
(0.012745752018653345311,0.0023671173437314193752)	
(0.013474609936425952644,0.0026180349547904138187)	
(0.013470691328129183462,0.002639751131042371475)	
(0.014025593573639874578,0.0013886007593399384008)	
(0.014116871865072279021,0.0013922236407895426796)	
(0.014004623275483841366,0.0014007441517809825215)	
(0.014280125094275139194,0.0015434695935957502486)	
(0.014284245188469435472,0.001562873681515454527)	
(0.012744504889697543318,0.0023669317804321686124)	
(0.014157522738226657397,0.0013914110824275625553)	
(0.01455465407352375326,0.0015268756870787710683)	
(0.014658009622857945398,0.00059663582203519846536)	
(0.014676970032031484356,0.00065069764116944782406)	
(0.014263085061772257447,0.00048142140825244497671)	
(0.014138431538164308171,0.00079572105643894303073)	
(0.013751887409857412731,0.00051755129365435841721)	
(0.014217833426548313197,0.00079629778600492483881)	
(0.013823597864271361044,0.00052099380152434600355)	
(0.014210280451397371351,0.00043629422665130389303)	
(0.015209787425807044792,0.00083690849789476873949)	
(0.015114095954039022396,0.00073527771635913986847)	
(0.01513067775300825854,0.00046155073773459110581)	
(0.015144540876999000936,0.00072410163485630771318)	
(0.015066100760226278435,0.00038038931207706391802)	
(0.014524070870645746506,0.00043750340038514225205)	
(0.014484884166826382523,0.00040346239030443920709)	
(0.01517260428700553318,0.00073917411932066575536)	
(0.013007804236459058478,0.0028690562480977849745)	
(0.012714206258900465768,0.002829615247319068605)	
(0.012726744476121636812,0.0028238346008823017076)	
(0.013031119135691294,0.0028686237914312203053)	
(0.014637811487417327558,0.0020927386573205428513)	
(0.015091400146978350971,0.002331841165018875596)	
(0.015156297417078093415,0.0024085059038587938209)	
(0.014694538474217328644,0.0021632481543050838951)	
(0.015450656480579843394,0.0021017291109068181147)	
(0.015136427289447289962,0.0019203421019912524786)	
(0.015093414375999413338,0.0019232135625171110221)	
(0.015457651269278994272,0.0020788433657474309629)	
(0.012860775313050486213,0.0026844099011518315553)	
(0.013251653611852241138,0.0028867334737954462864)	
(0.012863176013589277744,0.0026855661670124007789)	
(0.013200309394755955703,0.0028887969324517181677)	
(0.013800826482906827786,0.0023741620633398801896)	
(0.014279531152945838107,0.0023721807010129891853)	
(0.014229678152898722274,0.00225494651603079738)	
(0.013744797346514864983,0.0023331146284369269107)	
(0.014220646114213510158,0.0023475944689448401473)	
(0.013831732957096401493,0.0023781045451805506857)	
(0.01379251115326741127,0.0023434899954440030836)	
(0.014265623993421390134,0.0022698606456621295106)	
(0.0070600949509778123878,0.01090348374923310118)	
(0.007013891605754611798,0.010959742802719166926)	
(0.0074831955031691450159,0.010977842919104256053)	
(0.0075221121769360041118,0.010963070453589459502)	
(0.0075381852627558918953,0.010951415834234839997)	
(0.0075071673850931304808,0.01096015603702959508)	
(0.0072693738220621154089,0.010505139674630802754)	
(0.0072453383459223337851,0.010607957423961127813)	
(0.0075568643377010693077,0.010559280634806433863)	
(0.0070528287264882459986,0.01086786030174534054)	
(0.0079829048601988208955,0.010145271266828155901)	
(0.0069963450122394335931,0.010931231598233958485)	
(0.0079925095958784039829,0.010142289308569904516)	
(0.0069973611381686810426,0.010862133510661321767)	
(0.0074595258685009107821,0.010964219608220863306)	
(0.0072182543661344199942,0.010562074177363007382)	
(0.0073012265383547549427,0.01038501803662864216)	
(0.0074935945191292865561,0.010975206219433002522)	
(0.0075216844534396276947,0.010414683704774918213)	
(0.0079092041997521102259,0.010162623132897454295)	
(0.0069638482175054736145,0.010983664060065520887)	
(0.0079286852398215545284,0.01016710413080952613)	
(0.0070305724994863139782,0.010800077939898717824)	
(0.0074929854587495641274,0.010952487854186074637)	
(0.0072559083377799690751,0.010443269157081613158)	
(0.0072541755737353733058,0.01047505137582171314)	
(0.0075159121256699011615,0.010961660354372898887)	
(0.0075181025175768178073,0.010418498320358723919)	
(0.0069941334609098827768,0.010900791522216188648)	
(0.0078864150858601184124,0.010171806640456349663)	
(0.0079413602320597392187,0.010159642256496086501)	
(0.0072235804862106544819,0.010531010266306050499)	
(0.007251956755382522532,0.010450950083901648299)	
(0.0075243663664278535516,0.010558053595133244304)	
(0.0079732534866580034166,0.01014150397657750946)	
(0.0079501053446330328944,0.010146942224205382499)	
(0.0077510521868506066304,0.010212255204706087094)	
(0.008025439853307038407,0.010118306779071491869)	
(0.0080504206280631509379,0.010119827821585129432)	
(0.0078110789591087463613,0.010068453196944894198)	
(0.0079057298994027417477,0.010037627962641213625)	
(0.0077737469666816320923,0.010209281397645977515)	
(0.008072102091492876913,0.010112421015896240831)	
(0.0080448515025459566702,0.010122909206807403915)	
(0.007819707994502685458,0.010075188643460903162)	
(0.0078459192546089743386,0.010078308723165172942)	
(0.0077062797824952438547,0.010311451382746170818)	
(0.0080255030433047623573,0.010146327301636462459)	
(0.0079777196741834723731,0.010160823290626069468)	
(0.0078367388969284631356,0.010096084088334377968)	
(0.0077949833657741142423,0.010121404086659308713)	
(0.0076888674235120087197,0.01031292211756528257)	
(0.0079722012645145508281,0.010154167174074926749)	
(0.008001987941311544672,0.010152515908564150107)	
(0.0077693563810271194098,0.010118677425069852113)	
(0.0078775585657105511028,0.010079782614193821474)	
(0.0081159450452356271533,0.010028865428671266541)	
(0.0081899175594228670882,0.010028379035513637629)	
(0.0084041532630086384498,0.0097557587427288868648)	
(0.0085925976330825520888,0.0098474692184604903367)	
(0.008590546570206853208,0.009857047560279313253)	
(0.0081588396918804099306,0.0099643076749813160042)	
(0.0081509010894973612377,0.010083062651051213215)	
(0.0084048787671887840306,0.009754344680855224492)	
(0.0085830897733375818154,0.0098605280483759789184)	
(0.0086018846266332597839,0.0098460763281914883555)	
(0.0080980040220854174887,0.010094508523819076956)	
(0.0081158542756687036129,0.010012636912593639651)	
(0.0083113541586383350712,0.0097616216092302893204)	
(0.0086211688922614541919,0.0099048600721995776197)	
(0.0086145444869139310706,0.0099168910091288840075)	
(0.0081260484251113127702,0.010017589413901194922)	
(0.0080908750220069890896,0.010076080681335796221)	
(0.0083123684602918190834,0.009761315774834329953)	
(0.0086223599531302739379,0.0099178211599907171309)	
(0.0086268534388736061586,0.0099108005574229298545)	
(0.0083237001258480835392,0.0099624191238067601184)	
(0.0086660958030221196813,0.0098712393908243750013)	
(0.0083197510393087752145,0.0099770643438950833148)	
(0.0086797840802549323241,0.009817185020743642021)	
(0.0082889599295456403705,0.010074147238572989799)	
(0.0082926617859804922783,0.010055705655707597446)	
(0.0086211693528294268407,0.0099066144613164461991)	
(0.0086540365998357647592,0.0098345743143588657681)	
(0.0083235348803703031878,0.009975208305716352572)	
(0.0086690962958836433744,0.0098693829347721185458)	
(0.0083218549365258586564,0.0099667473753305424466)	
(0.0086773490793174805347,0.0098156715705686233692)	
(0.0082867101134100062954,0.010061711232040682767)	
(0.0082963601275841108301,0.010071222821934408889)	
(0.0086139142219224806851,0.0099138499805309365787)	
(0.00865663599057087986,0.0098359454977537310455)	
(0.0086624344449646884653,0.0098793615214308096867)	
(0.0086826770255087077494,0.0098229358326107681781)	
(0.0086175465747711458425,0.0099116503274492440828)	
(0.0086523151150452413949,0.0098483111286316003807)	
(0.0086242217000532181426,0.0099089458183329037766)	
(0.0086508856554996377275,0.0098428918398324148631)	
(0.0086649651377641717653,0.0098774634911430094636)	
(0.0086841883330170902694,0.0098187799333228319154)	
(0.0089010745686920605957,0.009873101539611312677)	
(0.008975021088913964426,0.0097776124939121938917)	
(0.0089630669610033849443,0.0097863546463931999631)	
(0.0087392942749916803502,0.0097356472163890976634)	
(0.0088025607657852313059,0.0097331212470765978567)	
(0.0089010028482498296243,0.0098740825698738574762)	
(0.0089699830479866918265,0.0097788322262366920296)	
(0.0089652900385087021945,0.0097859351423739675963)	
(0.008796605164778479799,0.0097271973121753462638)	
(0.0087440029417430141512,0.0097345531871326912432)	
(0.0088999427934017480424,0.0099102797886635955044)	
(0.0089505817825800589038,0.0098338929689161698466)	
(0.0089442365113618863687,0.0098293682940457111769)	
(0.0087326022792404093403,0.0097836345756399500234)	
(0.0087721022327100616617,0.0097694068607495406636)	
(0.0088986985158995557388,0.0099103461143272217337)	
(0.0089559407110620381509,0.0098314174920698174653)	
(0.0089403477773883719554,0.0098309186601643686054)	
(0.008724406372293002504,0.0097792330841792052959)	
(0.0087777225955340335006,0.0097746026831534698481)	
(0.0092409746674181492826,0.0095928810927069299574)	
(0.0091373864103601286357,0.009751340754728872115)	
(0.0091363466846796515669,0.0097583437415485196897)	
(0.0092207768409242364671,0.0096215531261661709633)	
(0.0091919926858535297431,0.0097243850620025336362)	
(0.0091883714395203756886,0.0097378086535477512142)	
(0.009220368899414077557,0.0096234244088534964118)	
(0.00918893112750829473,0.0097317141096056655053)	
(0.0091900573025463210691,0.0097278342936369006921)	
(0.0092423233126624412814,0.0095952521968797558488)	
(0.009136261887183628333,0.0097587254151706524091)	
(0.0091360250099230475018,0.0097487763927807339487)	
(0.0090929445010285298023,0.0098378761101576787246)	
(0.0092720886464499122082,0.0097457249365051970558)	
(0.0091167135372007962468,0.0098088670566636622372)	
(0.0092878223770024356115,0.0097401476785553102455)	
(0.0090948642000369464555,0.0098394321437696510846)	
(0.0092718449035516670859,0.0097476416431213804004)	
(0.0091155597086382458144,0.0098101107365423691198)	
(0.0092883207277667800827,0.009738974955067817435)	
(0.0090905318688240342034,0.0098451653513828858016)	
(0.0092753987263829787424,0.0097766878925648302567)	
(0.0090903102918347897243,0.0098442304044511659555)	
(0.0092732432391498184621,0.0097774764532917324972)	
(0.0091091430456513005492,0.0098187070635376971078)	
(0.0092811344329827051569,0.0097784166953360177749)	
(0.0091085890570295861834,0.0098194965829874053531)	
(0.0092824129099090945533,0.0097792200052860770582)	
(0.0093198649540336478414,0.0097682696287245285999)	
(0.0094138479351262207423,0.0098141213752641447143)	
(0.009307019646072861585,0.0097642136527387006495)	
(0.0093980494218329213574,0.0097278688384289813823)	
(0.0093374096903595295988,0.009756539363612972901)	
(0.0094318220563861659977,0.0097930028608673724833)	
(0.0093508224624432121491,0.009766151205508227448)	
(0.009421866356343620505,0.0097167667343969234273)	
(0.0093464278354558737866,0.0097588348165588492678)	
(0.0094328359951611623346,0.009793822955629853666)	
(0.0093438443768032973524,0.0097635696845677476946)	
(0.0094210776380724437634,0.009716884456785956567)	
(0.0093092854895451392777,0.0097663468179171545464)	
(0.0094114717363559842467,0.0098124507058818481037)	
(0.0093178920667725383814,0.0097656403624276320874)	
(0.0093992865614144754244,0.0097276794642354048187)	
(0.0094284413604973256462,0.0098015705316892281357)	
(0.0093977183495652077266,0.0097022095793369775296)	
(0.0094298203912032158708,0.0098021801278426121118)	
(0.0094006133018603461188,0.0097014892844673340094)	
(0.0094122438400448399376,0.0098069354444520785707)	
(0.009377127517209963084,0.0097176941063297390955)	
(0.0094134333650535469834,0.0098074453605415130159)	
(0.0093760607933289046023,0.0097176205463422177244)	
(0.0096242751923747132253,0.009777245760005456518)	
(0.0096339582073492555786,0.0097209600686154699206)	
(0.009643100083211656251,0.0097214867656763796072)	
(0.0096432701987474063465,0.009770307142965131697)	
(0.0096430660397394188377,0.0097484511892462627491)	
(0.0096470465219534798362,0.0097402940606615018987)	
(0.0096258117235866903078,0.0097786536673612027559)	
(0.0096431469230054550623,0.0097211374059143710463)	
(0.0096343975119287557363,0.0097195969880996997692)	
(0.0096430617397244445393,0.009771833457072496773)	
(0.0096470404809643802574,0.0097384529939722516007)	
(0.0096430997165600339932,0.0097487613066831544512)	
(0.0095294854387657397521,0.0097895210067094774048)	
(0.0096803122377018512024,0.0097877586972652912134)	
(0.0095482478769494671944,0.009772147257531272474)	
(0.0096853881871403636056,0.0097823727906189376219)	
(0.0095360219963754357109,0.0097735249056066456769)	
(0.0096279603260912213769,0.0097900823876528875189)	
(0.0095368843817798965717,0.0097730808843671749392)	
(0.0096282818173671590178,0.0097901950932428958435)	
(0.0095206027278385337714,0.0097892028574363774279)	
(0.0096322500327856424435,0.0097901629265359797066)	
(0.0095493575724964682716,0.0097733931721362514444)	
(0.0096837738162996317426,0.0097820434664412023174)	
(0.0095314948244762092572,0.0097911904610635501489)	
(0.0096784880607874036046,0.0097876496371152241216)	
(0.0095211050598042017146,0.009789322143264231682)	
(0.0096308732513108001594,0.009789898710307875021)	
(0.0095891391483241324861,0.0097536724048373768525)	
(0.0096582595344848892749,0.0098130903581419553355)	
(0.0096586321604301850902,0.0098064394942439705311)	
(0.0096326779907378416723,0.0097399638799551373214)	
(0.0096827531356637030341,0.0098036334264955185547)	
(0.0096884309366378935924,0.0098103699487603526069)	
(0.009587204060285913626,0.0097545451989698300777)	
(0.0096571378391313595496,0.0098120229760791568413)	
(0.0096592900787640881971,0.0098067041135961475345)	
(0.009634315602362688441,0.0097399829286608004958)	
(0.0096835826454679321817,0.0098033811709016711877)	
(0.0096880517425381590391,0.0098101537993546764765)	
(0.0096940179229262953692,0.0098321016802097316312)	
(0.0097340479456517487594,0.0098111087564807381023)	
(0.0097129018913370921556,0.0098222392199814011204)	
(0.0097496569276706440688,0.0098154056810773500363)	
(0.0097031055667219437422,0.0098248396606711602824)	
(0.0097415430878842902002,0.0098094069168446224732)	
(0.0097024196853073840785,0.0098245652257072605545)	
(0.009741866436800398002,0.0098094902161104443467)	
(0.0097138234373059274829,0.0098221173260786952958)	
(0.0097495455268283414546,0.0098147977200826568012)	
(0.0096984801275282681021,0.009836029704719388353)	
(0.0097423908358712906636,0.0098216422495066291187)	
(0.0096931446556387541175,0.0098324640656586911186)	
(0.0097346628130486941716,0.0098116103218271726732)	
(0.0096990193273067785984,0.0098352744596668876392)	
(0.0097415856861864640742,0.009819771412151862694)	
(0.0098746232871456778024,0.0098404987561393035544)	
(0.0098582163275633613586,0.0098940979612848686808)	
(0.0098764586555089087239,0.0098394893570346413092)	
(0.0098487306236890413691,0.0098717296850554456245)	
(0.0099126998197917644967,0.0098947752631835458881)	
(0.009906895296417484939,0.009891491869461076572)	
(0.0099121295929335724584,0.0098887581525678378003)	
(0.0099142701208209619429,0.0098853862889841225686)	
(0.0099064376894790508177,0.0098806560831521204197)	
(0.0099099345694518888722,0.0098817020812420452297)	
(0.0099143259457495965664,0.0098854337585684813605)	
(0.0099101774219831056251,0.0098817689736301964065)	
(0.0099063989038200659515,0.0098807583297635288855)	
(0.0098510991523246740215,0.0098470345220596083857)	
(0.0098506859462302569924,0.0098537977020066586098)	
(0.0098499526186822932566,0.0098996293041240315813)	
(0.0098329767276258452091,0.009871581827922823113)	
(0.0098523481550189372785,0.0098993267997306531869)	
(0.0098414504505032734255,0.0098770113301723926752)	
(0.0098514591601925934755,0.0098450397094193928954)	
(0.0098500659560017082145,0.0098562458748380748358)	
(0.0098495929988322451082,0.0099000415489863720364)	
(0.0098334115229106490441,0.0098716464325656130829)	
(0.0098550599245941939569,0.0099030019936091808613)	
(0.0098386042796830257967,0.0098680336684414012016)	
(0.0098770922852713938234,0.0098384392193084039407)	
(0.0098737137673951293204,0.0098415908272092029324)	
(0.0098553152487499649792,0.0099031063587036050749)	
(0.0098399864798033465779,0.0098683712528643795225)	
(0.0099126749780434116749,0.0098947839864408811128)	
(0.0099115078267039725957,0.0098886971647845437611)	
(0.0099073264241799543356,0.009891557366041353952)	
(0.0098525223315390087625,0.0098991366440223989981)	
(0.0098408094570458012201,0.0098773755263971384222)	
(0.0098590985148250733644,0.0098944108109269846008)	
(0.0098485739336402235156,0.0098721207158445015845)	
(0.0098766294046063757978,0.0098599346633281240854)	
(0.0098768533314444375421,0.0098595295407158233675)	
(0.0098737781591500105999,0.0098675868299363204278)	
(0.0098856686404096474202,0.0098818156930117022341)	
(0.0098808655606133395655,0.0098852368540903543664)	
(0.0098860438064912060235,0.0098816478418524977823)	
(0.0098810821201702810773,0.0098853657997138820457)	
(0.0098735302147477249646,0.0098678293117091704645)	
(0.0099300506363542498378,0.0099211101918626753982)	
(0.0099357784757976401468,0.0099235862857539620246)	
(0.0099317927372944113384,0.0099239518268980156379)	
(0.0099388513309960676428,0.0099290425145739276414)	
(0.0099239298044388381953,0.0099203325511577570422)	
(0.0099340033477499922743,0.0099238848134255638889)	
(0.0099317230359607846374,0.0099239716952042658638)	
(0.009938783001231292491,0.0099291158521590643093)	
(0.0099235344135653238279,0.0099203141200759660523)	
(0.0099338306281966919781,0.0099237857145323231378)	
(0.0099252671218330763836,0.0099252250118297743325)	
(0.0099350126307153289323,0.009930931676068321598)	
(0.0099249766950311388292,0.0099252674067912150663)	
(0.0099350105951869303184,0.0099308615874255084383)	
(0.009929910914172529468,0.0099210675591943006668)	
(0.0099356226893850090043,0.009923564927218773285)	
(0.0099632478866085987662,0.0099378760242523293128)	
(0.0099753966550996560347,0.009967241595217843711)	
(0.0099752312097697269644,0.0099662311146787949806)	
(0.0099573920303843658358,0.009936598479432616482)	
(0.0099733902551153112009,0.0099679281331898402646)	
(0.0099733906003393046902,0.0099663305643622225605)	
(0.0099572879304288819391,0.0099366296212353138334)	
(0.0099734240324069901168,0.0099678512549640583412)	
(0.009973276126502568506,0.0099663939415567757291)	
(0.00996321661388470739,0.00993791309801655455)	
(0.0099754574501849744422,0.0099671945196014733598)	
(0.0099751725856500727402,0.0099662768248926555253)	
(0.0099886305684106380803,0.009982573131758980256)	
(0.0099716991124592022078,0.0099669757393876876744)	
(0.0099896428827433454006,0.0099827703412306845188)	
(0.0099738091076274296848,0.009966482876553764067)	
(0.0099896608472677724672,0.0099827445566658540299)	
(0.0099738051926711538547,0.0099664272966415948934)	
(0.0099886471176813384359,0.0099825357363923974269)	
(0.0099716611483952697498,0.0099669223541396494842)	
(0.0099893188276027403139,0.0099815774826041807344)	
(0.0099724291792108576277,0.0099633395904471320353)	
(0.0099884397083938904205,0.0099810323585789520462)	
(0.0099710775118978696441,0.0099638134149619937696)	
(0.0099883932818642523488,0.0099810762184069819203)	
(0.0099711329068247461088,0.0099638620559555340223)	
(0.00998935286569392622,0.0099815477177955004573)	
(0.0099724401718409433348,0.0099633230353764930254)	
(0.0099680621156781265557,0.0099603923828813691749)	
(0.0099779579284401537231,0.0099754850420678588263)	
(0.0099778179760483080851,0.0099753008211347291012)	
(0.0099692997790335538544,0.0099570853516533532057)	
(0.0099783731168744723566,0.0099738498437894583526)	
(0.0099786239035535000824,0.0099736708335552582555)	
(0.0099680825100779673481,0.0099603945634463494918)	
(0.0099778138122834265922,0.0099753195889609059394)	
(0.009977980281697940157,0.0099754713748986742483)	
(0.0099692497934425593903,0.0099570862982074868908)	
(0.0099785686662217636805,0.009973661817372700758)	
(0.0099783431362857489405,0.0099738533829737182484)	
(0.009989518562500637397,0.009986652153536985585)	
(0.0099895583818021618794,0.0099860639265629720651)	
(0.0099894212435885747225,0.0099858638050883408166)	
(0.0099891511115367485202,0.0099867887738370117456)	
(0.0099895209372299828554,0.0099860580597645933615)	
(0.0099895028111849776264,0.0099866633264214087901)	
(0.0099891519423765586655,0.0099868026471634438468)	
(0.0099894257632885986864,0.0099858590187177909137)	

