clang++ -std=c++14 -stdlib=libc++ -O3 -ferror-limit=2 -Weverything -Wno-c++98-compat -Wno-c++98-compat-pedantic -Wno-sign-conversion -Wno-exit-time-destructors -Wno-float-equal -Wno-global-constructors -Wno-missing-declarations -Wno-unused-parameter -Wno-padded -Wno-shadow -Wno-weak-vtables -Wno-missing-prototypes -Wno-unused-variable -ferror-limit=1 -Wno-deprecated -Wno-conversion -Wno-double-promotion -c src/direct_cuda_pattern.cc -o ./obj/direct_cuda_pattern.o -Iinclude -I/usr/local/cuda/include -I/usr/local/include -I/usr/include/c++/v1
nvcc src/cuda_pattern.cu -o ./obj/_cuda_pattern.o -Iinclude -I/usr/local/cuda/include -I/usr/local/include -I/usr/include/c++/v1 -m64 -dc -gencode arch=compute_70,code=sm_70 --relocatable-device-code true  -Xptxas -v
ptxas info    : 9754 bytes gmem
ptxas info    : Compiling entry function '_Z5ZaxpymddP7double2S0_' for 'sm_70'
ptxas info    : Function properties for _Z5ZaxpymddP7double2S0_
    0 bytes stack frame, 0 bytes spill stores, 0 bytes spill loads
ptxas info    : Used 30 registers, 392 bytes cmem[0]
ptxas info    : Function properties for cudaGetDevice
    0 bytes stack frame, 0 bytes spill stores, 0 bytes spill loads
ptxas info    : Compiling entry function '_Z5DasummP7double2Pd' for 'sm_70'
ptxas info    : Function properties for _Z5DasummP7double2Pd
    0 bytes stack frame, 0 bytes spill stores, 0 bytes spill loads
ptxas info    : Used 26 registers, 1024 bytes smem, 376 bytes cmem[0]
ptxas info    : Compiling entry function '_Z8sum_diagP7double2mdd' for 'sm_70'
ptxas info    : Function properties for _Z8sum_diagP7double2mdd
    0 bytes stack frame, 0 bytes spill stores, 0 bytes spill loads
ptxas info    : Used 10 registers, 384 bytes cmem[0]
ptxas info    : Compiling entry function '_Z5ZgemmP7double2S0_S0_md' for 'sm_70'
ptxas info    : Function properties for _Z5ZgemmP7double2S0_S0_md
    0 bytes stack frame, 0 bytes spill stores, 0 bytes spill loads
ptxas info    : Used 40 registers, 8704 bytes smem, 392 bytes cmem[0]
ptxas info    : Function properties for cudaFuncGetAttributes
    0 bytes stack frame, 0 bytes spill stores, 0 bytes spill loads
ptxas info    : Function properties for cudaOccupancyMaxActiveBlocksPerMultiprocessorWithFlags
    0 bytes stack frame, 0 bytes spill stores, 0 bytes spill loads
ptxas info    : Compiling entry function '_Z22extract_intensity_diffP7double2PdS1_mm' for 'sm_70'
ptxas info    : Function properties for _Z22extract_intensity_diffP7double2PdS1_mm
    0 bytes stack frame, 0 bytes spill stores, 0 bytes spill loads
ptxas info    : Used 24 registers, 392 bytes cmem[0], 8 bytes cmem[2]
ptxas info    : Compiling entry function '_Z9compose_aPdPmS_dP7double2m' for 'sm_70'
ptxas info    : Function properties for _Z9compose_aPdPmS_dP7double2m
    0 bytes stack frame, 0 bytes spill stores, 0 bytes spill loads
ptxas info    : Used 30 registers, 400 bytes cmem[0]
ptxas info    : Function properties for cudaOccupancyMaxActiveBlocksPerMultiprocessor
    0 bytes stack frame, 0 bytes spill stores, 0 bytes spill loads
ptxas info    : Compiling entry function '_Z5ZscalmdP7double2' for 'sm_70'
ptxas info    : Function properties for _Z5ZscalmdP7double2
    0 bytes stack frame, 0 bytes spill stores, 0 bytes spill loads
ptxas info    : Used 27 registers, 376 bytes cmem[0]
ptxas info    : Function properties for cudaMalloc
    0 bytes stack frame, 0 bytes spill stores, 0 bytes spill loads
ptxas info    : Compiling entry function '_Z38make_individual_pattern_intensity_diffPdS_PmS_dS0_S_S_mP7double2mm' for 'sm_70'
ptxas info    : Function properties for _Z38make_individual_pattern_intensity_diffPdS_PmS_dS0_S_S_mP7double2mm
    24 bytes stack frame, 0 bytes spill stores, 0 bytes spill loads
ptxas info    : Used 72 registers, 448 bytes cmem[0], 104 bytes cmem[2]
ptxas info    : Compiling entry function '_Z5ZcopymP7double2S0_' for 'sm_70'
ptxas info    : Function properties for _Z5ZcopymP7double2S0_
    0 bytes stack frame, 0 bytes spill stores, 0 bytes spill loads
ptxas info    : Used 28 registers, 376 bytes cmem[0]
ptxas info    : Function properties for cudaDeviceGetAttribute
    0 bytes stack frame, 0 bytes spill stores, 0 bytes spill loads
ptxas info    : Compiling entry function '_Z6Dznrm2mP7double2Pd' for 'sm_70'
ptxas info    : Function properties for _Z6Dznrm2mP7double2Pd
    0 bytes stack frame, 0 bytes spill stores, 0 bytes spill loads
ptxas info    : Used 28 registers, 1024 bytes smem, 376 bytes cmem[0]
ptxas info    : Compiling entry function '_Z34extract_intensity_diff_with_offsetP7double2PdS1_S1_mmdd' for 'sm_70'
ptxas info    : Function properties for _Z34extract_intensity_diff_with_offsetP7double2PdS1_S1_mmdd
    0 bytes stack frame, 0 bytes spill stores, 0 bytes spill loads
ptxas info    : Used 24 registers, 416 bytes cmem[0], 8 bytes cmem[2]
nvcc -dlink ./obj/_cuda_pattern.o -arch=sm_70 -o ./obj/cuda_pattern.o -m64 -lcudadevrt -L/usr/local/cuda/lib64  -rdc=true -Xptxas -v
clang++ -o ./bin/direct_cuda_pattern ./obj/_cuda_pattern.o ./obj/direct_cuda_pattern.o ./obj/cuda_pattern.o  -lcudadevrt -lcublas -lcudart -m64 -L/usr/local/cuda/lib64  -lc++ -lc++abi -O3 -pthread
Error: Failed to open file "/testpool/ops/samfairman/larbed-refinement/testdata/new_txt/Intensities_30.txt"
Error: Failed to open file "/testpool/ops/samfairman/larbed-refinement/testdata/new_txt/Intensities_31.txt"
Error: Failed to open file "/testpool/ops/samfairman/larbed-refinement/testdata/new_txt/Intensities_30.txt"
Error: Failed to open file "/testpool/ops/samfairman/larbed-refinement/testdata/new_txt/Intensities_31.txt"
Error: Failed to open file "/testpool/ops/samfairman/larbed-refinement/testdata/new_txt/Intensities_30.txt"
Error: Failed to open file "/testpool/ops/samfairman/larbed-refinement/testdata/new_txt/Intensities_31.txt"
Error: Failed to open file "/testpool/ops/samfairman/larbed-refinement/testdata/new_txt/Intensities_30.txt"
Error: Failed to open file "/testpool/ops/samfairman/larbed-refinement/testdata/new_txt/Intensities_31.txt"
Error: Failed to open file "/testpool/ops/samfairman/larbed-refinement/testdata/new_txt/Intensities_30.txt"
Error: Failed to open file "/testpool/ops/samfairman/larbed-refinement/testdata/new_txt/Intensities_31.txt"
Error: Failed to open file "/testpool/ops/samfairman/larbed-refinement/testdata/new_txt/Intensities_30.txt"
Error: Failed to open file "/testpool/ops/samfairman/larbed-refinement/testdata/new_txt/Intensities_31.txt"
Error: Failed to open file "/testpool/ops/samfairman/larbed-refinement/testdata/new_txt/Intensities_30.txt"
Error: Failed to open file "/testpool/ops/samfairman/larbed-refinement/testdata/new_txt/Intensities_31.txt"
Error: Failed to open file "/testpool/ops/samfairman/larbed-refinement/testdata/new_txt/Intensities_30.txt"
Error: Failed to open file "/testpool/ops/samfairman/larbed-refinement/testdata/new_txt/Intensities_31.txt"
Error: Failed to open file "/testpool/ops/samfairman/larbed-refinement/testdata/new_txt/Intensities_30.txt"
Error: Failed to open file "/testpool/ops/samfairman/larbed-refinement/testdata/new_txt/Intensities_31.txt"
Error: Failed to open file "/testpool/ops/samfairman/larbed-refinement/testdata/new_txt/Intensities_30.txt"
Error: Failed to open file "/testpool/ops/samfairman/larbed-refinement/testdata/new_txt/Intensities_31.txt"
Error: Failed to open file "/testpool/ops/samfairman/larbed-refinement/testdata/new_txt/Intensities_30.txt"
Error: Failed to open file "/testpool/ops/samfairman/larbed-refinement/testdata/new_txt/Intensities_31.txt"
Error: Failed to open file "/testpool/ops/samfairman/larbed-refinement/testdata/new_txt/Intensities_30.txt"
Error: Failed to open file "/testpool/ops/samfairman/larbed-refinement/testdata/new_txt/Intensities_31.txt"
Error: Failed to open file "/testpool/ops/samfairman/larbed-refinement/testdata/new_txt/Intensities_30.txt"
Error: Failed to open file "/testpool/ops/samfairman/larbed-refinement/testdata/new_txt/Intensities_31.txt"
*** Error in `./direct_cuda_pattern': free(): invalid next size (normal): 0x000000000312eb10 ***
======= Backtrace: =========
/lib/x86_64-linux-gnu/libc.so.6(+0x777e5)[0x7f64f4ea67e5]
/lib/x86_64-linux-gnu/libc.so.6(+0x8037a)[0x7f64f4eaf37a]
/lib/x86_64-linux-gnu/libc.so.6(cfree+0x4c)[0x7f64f4eb353c]
/usr/lib/x86_64-linux-gnu/libcuda.so.1(+0x2f0625)[0x7f64f4086625]
/usr/lib/x86_64-linux-gnu/libcuda.so.1(+0x1e13e4)[0x7f64f3f773e4]
/usr/lib/x86_64-linux-gnu/libcuda.so.1(+0x1ca257)[0x7f64f3f60257]
/usr/lib/x86_64-linux-gnu/libcuda.so.1(+0x2faf86)[0x7f64f4090f86]
/usr/lib/x86_64-linux-gnu/libcuda.so.1(+0xe4f3e)[0x7f64f3e7af3e]
/usr/lib/x86_64-linux-gnu/libcuda.so.1(+0xe5103)[0x7f64f3e7b103]
/usr/lib/x86_64-linux-gnu/libcuda.so.1(cuLaunchKernel+0xc0)[0x7f64f3fd1e60]
/usr/local/cuda/lib64/libcudart.so.9.1(+0x15f70)[0x7f64f61faf70]
/usr/local/cuda/lib64/libcudart.so.9.1(cudaLaunch+0x1c8)[0x7f64f6219838]
./direct_cuda_pattern[0x40473a]
./direct_cuda_pattern[0x404419]
./direct_cuda_pattern[0x4044a4]
./direct_cuda_pattern[0x4036f6]
./direct_cuda_pattern[0x40f79e]
./direct_cuda_pattern[0x40f613]
./direct_cuda_pattern[0x406573]
/lib/x86_64-linux-gnu/libc.so.6(__libc_start_main+0xf0)[0x7f64f4e4f830]
./direct_cuda_pattern[0x403509]
======= Memory map: ========
00400000-00543000 r-xp 00000000 00:2e 1139662                            /testpool/ops/samfairman/larbed-refinement/bin/direct_cuda_pattern
00742000-00743000 r--p 00142000 00:2e 1139662                            /testpool/ops/samfairman/larbed-refinement/bin/direct_cuda_pattern
00743000-00744000 rw-p 00143000 00:2e 1139662                            /testpool/ops/samfairman/larbed-refinement/bin/direct_cuda_pattern
023dc000-03150000 rw-p 00000000 00:00 0                                  [heap]
200000000-200200000 rw-s 00000000 00:06 535                              /dev/nvidiactl
200200000-200600000 ---p 00000000 00:00 0 
200600000-200800000 rw-s 00000000 00:06 541                              /dev/nvidia2
200800000-200c00000 rw-s 00000000 00:06 535                              /dev/nvidiactl
200c00000-200e00000 rw-s 00000000 00:06 541                              /dev/nvidia2
200e00000-201c00000 ---p 00000000 00:00 0 
201c00000-202000000 rw-s 00000000 00:06 535                              /dev/nvidiactl
202000000-202e00000 ---p 00000000 00:00 0 
202e00000-203200000 rw-s 00000000 00:06 535                              /dev/nvidiactl
203200000-204000000 ---p 00000000 00:00 0 
204000000-204400000 rw-s 00000000 00:06 535                              /dev/nvidiactl
204400000-205200000 ---p 00000000 00:00 0 
205200000-205600000 rw-s 00000000 00:06 535                              /dev/nvidiactl
205600000-206400000 ---p 00000000 00:00 0 
206400000-206800000 rw-s 00000000 00:06 535                              /dev/nvidiactl
206800000-207600000 ---p 00000000 00:00 0 
207600000-207a00000 rw-s 00000000 00:06 535                              /dev/nvidiactl
207a00000-208800000 ---p 00000000 00:00 0 
208800000-208c00000 rw-s 00000000 00:06 535                              /dev/nvidiactl
208c00000-209a00000 ---p 00000000 00:00 0 
209a00000-209e00000 rw-s 00000000 00:06 535                              /dev/nvidiactl
209e00000-20a200000 rw-s 00000000 00:06 535                              /dev/nvidiactl
20a200000-20a600000 rw-s 00000000 00:06 535                              /dev/nvidiactl
20a600000-20aa00000 rw-s 00000000 00:06 535                              /dev/nvidiactl
20aa00000-20ae00000 rw-s 00000000 00:06 535                              /dev/nvidiactl
20ae00000-20b200000 rw-s 00000000 00:06 535                              /dev/nvidiactl
20b200000-20b600000 rw-s 00000000 00:06 535                              /dev/nvidiactl
20b600000-20ba00000 rw-s 00000000 00:06 535                              /dev/nvidiactl
20ba00000-20be00000 rw-s 00000000 00:06 535                              /dev/nvidiactl
20be00000-20c200000 rw-s 00000000 00:06 535                              /dev/nvidiactl
20c200000-20c600000 rw-s 00000000 00:06 535                              /dev/nvidiactl
20c600000-20ca00000 rw-s 00000000 00:06 535                              /dev/nvidiactl
20ca00000-20ce00000 rw-s 00000000 00:06 535                              /dev/nvidiactl
20ce00000-20d200000 rw-s 00000000 00:06 535                              /dev/nvidiactl
20d200000-20d600000 rw-s 00000000 00:06 535                              /dev/nvidiactl
20d600000-20da00000 rw-s 00000000 00:06 535                              /dev/nvidiactl
20da00000-20de00000 rw-s 00000000 00:06 535                              /dev/nvidiactl
20de00000-20e200000 rw-s 00000000 00:06 535                              /dev/nvidiactl
20e200000-20e600000 rw-s 00000000 00:06 535                              /dev/nvidiactl
20e600000-20ea00000 rw-s 00000000 00:06 535                              /dev/nvidiactl
20ea00000-20ec00000 ---p 00000000 00:00 0 
20ec00000-20ee00000 rw-s 00000000 00:06 535                              /dev/nvidiactl
20ee00000-20f000000 rw-s 00000000 00:06 535                              /dev/nvidiactl
20f000000-20f400000 ---p 00000000 00:00 0 
20f400000-21028d000 rw-s 00000000 00:05 122567809                        /dev/zero (deleted)
21028d000-300200000 ---p 00000000 00:00 0 
10000000000-10004000000 ---p 00000000 00:00 0 
7f6448000000-7f6448021000 rw-p 00000000 00:00 0 
7f6448021000-7f644c000000 ---p 00000000 00:00 0 
7f644fa00000-7f64e0000000 ---p 00000000 00:00 0 
7f64e0600000-7f64e5400000 ---p 00000000 00:00 0 
7f64e5400000-7f64e5600000 rw-s 00000000 00:05 122567808                  /dev/zero (deleted)
7f64e5600000-7f64e7600000 ---p 00000000 00:00 0 
7f64e7600000-7f64e7819000 rw-s 00000000 00:06 535                        /dev/nvidiactl
7f64e7819000-7f64e7c00000 ---p 00000000 00:00 0 
7f64e7c00000-7f64e7e00000 rw-s 00000000 00:06 535                        /dev/nvidiactl
7f64e7e00000-7f64e8000000 rw-s 00000000 00:05 122567806                  /dev/zero (deleted)
7f64e8000000-7f64e8021000 rw-p 00000000 00:00 0 
7f64e8021000-7f64ec000000 ---p 00000000 00:00 0 
7f64ec200000-7f64ec400000 rw-s 00000000 00:06 535                        /dev/nvidiactl
7f64ec400000-7f64ec600000 rw-s 00000000 00:05 122567805                  /dev/zero (deleted)
7f64ec600000-7f64eca00000 ---p 00000000 00:00 0 
7f64ecb42000-7f64ecb43000 ---p 00000000 00:00 0 
7f64ecb43000-7f64ed343000 rw-p 00000000 00:00 0 
7f64ed343000-7f64ed344000 ---p 00000000 00:00 0 
7f64ed344000-7f64edb44000 rw-p 00000000 00:00 0 
7f64edb44000-7f64f3b44000 ---p 00000000 00:00 0 
7f64f3b44000-7f64f3b87000 r-xp 00000000 fc:00 5254046                    /usr/lib/x86_64-linux-gnu/libnvidia-fatbinaryloader.so.387.26
7f64f3b87000-7f64f3d86000 ---p 00043000 fc:00 5254046                    /usr/lib/x86_64-linux-gnu/libnvidia-fatbinaryloader.so.387.26
7f64f3d86000-7f64f3d91000 rw-p 00042000 fc:00 5254046                    /usr/lib/x86_64-linux-gnu/libnvidia-fatbinaryloader.so.387.26
7f64f3d91000-7f64f3d96000 rw-p 00000000 00:00 0 
7f64f3d96000-7f64f46c4000 r-xp 00000000 fc:00 5254041                    /usr/lib/x86_64-linux-gnu/libcuda.so.387.26
7f64f46c4000-7f64f48c3000 ---p 0092e000 fc:00 5254041                    /usr/lib/x86_64-linux-gnu/libcuda.so.387.26
7f64f48c3000-7f64f4a15000 rw-p 0092d000 fc:00 5254041                    /usr/lib/x86_64-linux-gnu/libcuda.so.387.26
7f64f4a15000-7f64f4a23000 rw-p 00000000 00:00 0 
7f64f4a23000-7f64f4a26000 r-xp 00000000 fc:00 12322944                   /lib/x86_64-linux-gnu/libdl-2.23.so
7f64f4a26000-7f64f4c25000 ---p 00003000 fc:00 12322944                   /lib/x86_64-linux-gnu/libdl-2.23.so
7f64f4c25000-7f64f4c26000 r--p 00002000 fc:00 12322944                   /lib/x86_64-linux-gnu/libdl-2.23.so
7f64f4c26000-7f64f4c27000 rw-p 00003000 fc:00 12322944                   /lib/x86_64-linux-gnu/libdl-2.23.so
7f64f4c27000-7f64f4c2e000 r-xp 00000000 fc:00 12322942                   /lib/x86_64-linux-gnu/librt-2.23.so
7f64f4c2e000-7f64f4e2d000 ---p 00007000 fc:00 12322942                   /lib/x86_64-linux-gnu/librt-2.23.so
7f64f4e2d000-7f64f4e2e000 r--p 00006000 fc:00 12322942                   /lib/x86_64-linux-gnu/librt-2.23.so
7f64f4e2e000-7f64f4e2f000 rw-p 00007000 fc:00 12322942                   /lib/x86_64-linux-gnu/librt-2.23.so
7f64f4e2f000-7f64f4fef000 r-xp 00000000 fc:00 12322967                   /lib/x86_64-linux-gnu/libc-2.23.so
7f64f4fef000-7f64f51ef000 ---p 001c0000 fc:00 12322967                   /lib/x86_64-linux-gnu/libc-2.23.so
7f64f51ef000-7f64f51f3000 r--p 001c0000 fc:00 12322967                   /lib/x86_64-linux-gnu/libc-2.23.so
7f64f51f3000-7f64f51f5000 rw-p 001c4000 fc:00 12322967                   /lib/x86_64-linux-gnu/libc-2.23.so
7f64f51f5000-7f64f51f9000 rw-p 00000000 00:00 0 
7f64f51f9000-7f64f5211000 r-xp 00000000 fc:00 12322947                   /lib/x86_64-linux-gnu/libpthread-2.23.so
7f64f5211000-7f64f5410000 ---p 00018000 fc:00 12322947                   /lib/x86_64-linux-gnu/libpthread-2.23.so
7f64f5410000-7f64f5411000 r--p 00017000 fc:00 12322947                   /lib/x86_64-linux-gnu/libpthread-2.23.so
7f64f5411000-7f64f5412000 rw-p 00018000 fc:00 12322947                   /lib/x86_64-linux-gnu/libpthread-2.23.so
7f64f5412000-7f64f5416000 rw-p 00000000 00:00 0 
7f64f5416000-7f64f542c000 r-xp 00000000 fc:00 12321295                   /lib/x86_64-linux-gnu/libgcc_s.so.1
7f64f542c000-7f64f562b000 ---p 00016000 fc:00 12321295                   /lib/x86_64-linux-gnu/libgcc_s.so.1
7f64f562b000-7f64f562c000 rw-p 00015000 fc:00 12321295                   /lib/x86_64-linux-gnu/libgcc_s.so.1
7f64f562c000-7f64f5734000 r-xp 00000000 fc:00 12322975                   /lib/x86_64-linux-gnu/libm-2.23.so
7f64f5734000-7f64f5933000 ---p 00108000 fc:00 12322975                   /lib/x86_64-linux-gnu/libm-2.23.so
7f64f5933000-7f64f5934000 r--p 00107000 fc:00 12322975                   /lib/x86_64-linux-gnu/libm-2.23.so
7f64f5934000-7f64f5935000 rw-p 00108000 fc:00 12322975                   /lib/x86_64-linux-gnu/libm-2.23.so
7f64f5935000-7f64f5aa7000 r-xp 00000000 fc:00 5246691                    /usr/lib/x86_64-linux-gnu/libstdc++.so.6.0.21
7f64f5aa7000-7f64f5ca7000 ---p 00172000 fc:00 5246691                    /usr/lib/x86_64-linux-gnu/libstdc++.so.6.0.21
7f64f5ca7000-7f64f5cb1000 r--p 00172000 fc:00 5246691                    /usr/lib/x86_64-linux-gnu/libstdc++.so.6.0.21
7f64f5cb1000-7f64f5cb3000 rw-p 0017c000 fc:00 5246691                    /usr/lib/x86_64-linux-gnu/libstdc++.so.6.0.21
7f64f5cb3000-7f64f5cb7000 rw-p 00000000 00:00 0 
7f64f5cb7000-7f64f5cfb000 r-xp 00000000 fc:00 5259371                    /usr/lib/x86_64-linux-gnu/libc++abi.so.1.0
7f64f5cfb000-7f64f5efb000 ---p 00044000 fc:00 5259371                    /usr/lib/x86_64-linux-gnu/libc++abi.so.1.0
7f64f5efb000-7f64f5efd000 r--p 00044000 fc:00 5259371                    /usr/lib/x86_64-linux-gnu/libc++abi.so.1.0
7f64f5efd000-7f64f5efe000 rw-p 00046000 fc:00 5259371                    /usr/lib/x86_64-linux-gnu/libc++abi.so.1.0
7f64f5efe000-7f64f5fda000 r-xp 00000000 fc:00 5245453                    /usr/lib/x86_64-linux-gnu/libc++.so.1.0
7f64f5fda000-7f64f61da000 ---p 000dc000 fc:00 5245453                    /usr/lib/x86_64-linux-gnu/libc++.so.1.0
7f64f61da000-7f64f61e0000 r--p 000dc000 fc:00 5245453                    /usr/lib/x86_64-linux-gnu/libc++.so.1.0
7f64f61e0000-7f64f61e2000 rw-p 000e2000 fc:00 5245453                    /usr/lib/x86_64-linux-gnu/libc++.so.1.0
7f64f61e2000-7f64f61e5000 rw-p 00000000 00:00 0 
7f64f61e5000-7f64f624f000 r-xp 00000000 fc:00 5638757                    /usr/local/cuda-9.1/lib64/libcudart.so.9.1.85
7f64f624f000-7f64f644e000 ---p 0006a000 fc:00 5638757                    /usr/local/cuda-9.1/lib64/libcudart.so.9.1.85
7f64f644e000-7f64f6452000 rw-p 00069000 fc:00 5638757                    /usr/local/cuda-9.1/lib64/libcudart.so.9.1.85
7f64f6452000-7f64f6453000 rw-p 00000000 00:00 0 
7f64f6453000-7f64f97a4000 r-xp 00000000 fc:00 5638804                    /usr/local/cuda-9.1/lib64/libcublas.so.9.1.85
7f64f97a4000-7f64f99a4000 ---p 03351000 fc:00 5638804                    /usr/local/cuda-9.1/lib64/libcublas.so.9.1.85
7f64f99a4000-7f64f99db000 rw-p 03351000 fc:00 5638804                    /usr/local/cuda-9.1/lib64/libcublas.so.9.1.85
7f64f99db000-7f64f99ea000 rw-p 00000000 00:00 0 
7f64f99ea000-7f64f9a10000 r-xp 00000000 fc:00 12322945                   /lib/x86_64-linux-gnu/ld-2.23.so
7f64f9bc9000-7f64f9bd9000 -w-s 00000000 00:06 541                        /dev/nvidia2
7f64f9be8000-7f64f9be9000 rw-p 00000000 00:00 0 
7f64f9be9000-7f64f9bea000 rw-s 00000000 00:06 535                        /dev/nvidiactl
7f64f9bea000-7f64f9beb000 rw-s 00000000 00:06 535                        /dev/nvidiactl
7f64f9beb000-7f64f9bec000 rw-s 00000000 00:06 535                        /dev/nvidiactl
7f64f9bec000-7f64f9bed000 rw-s 00000000 00:06 535                        /dev/nvidiactl
7f64f9bed000-7f64f9bee000 rw-s 00000000 00:06 535                        /dev/nvidiactl
7f64f9bee000-7f64f9bef000 rw-s 00000000 00:06 535                        /dev/nvidiactl
7f64f9bef000-7f64f9bf0000 rw-s 00000000 00:06 535                        /dev/nvidiactl
7f64f9bf0000-7f64f9bf1000 rw-s 00000000 00:06 535                        /dev/nvidiactl
7f64f9bf1000-7f64f9bf2000 rw-s 00000000 00:06 535                        /dev/nvidiactl
7f64f9bf2000-7f64f9bf3000 rw-s 00000000 00:06 535                        /dev/nvidiactl
7f64f9bf3000-7f64f9bf4000 rw-s 00000000 00:06 535                        /dev/nvidiactl
7f64f9bf4000-7f64f9bf5000 rw-s 00000000 00:06 535                        /dev/nvidiactl
7f64f9bf5000-7f64f9bf6000 rw-s 00000000 00:06 535                        /dev/nvidiactl
7f64f9bf6000-7f64f9bf7000 rw-s 00000000 00:06 535                        /dev/nvidiactl
7f64f9bf7000-7f64f9bf8000 rw-s 00000000 00:06 535                        /dev/nvidiactl
7f64f9bf8000-7f64f9bf9000 rw-s 00000000 00:06 535                        /dev/nvidiactl
7f64f9bf9000-7f64f9c01000 rw-p 00000000 00:00 0 
7f64f9c01000-7f64f9c02000 rw-s 00000000 00:06 535                        /dev/nvidiactl
7f64f9c02000-7f64f9c03000 rw-s 00000000 00:06 535                        /dev/nvidiactl
7f64f9c03000-7f64f9c04000 rw-s 00000000 00:06 535                        /dev/nvidiactl
7f64f9c04000-7f64f9c05000 rw-s 00000000 00:06 535                        /dev/nvidiactl
7f64f9c05000-7f64f9c06000 rw-s 00000000 00:06 535                        /dev/nvidiactl
7f64f9c06000-7f64f9c07000 rw-s 00000000 00:06 535                        /dev/nvidiactl
7f64f9c07000-7f64f9c08000 rw-s 00000000 00:06 535                        /dev/nvidiactl
7f64f9c08000-7f64f9c09000 rw-s 00000000 00:06 535                        /dev/nvidiactl
7f64f9c09000-7f64f9c0a000 rw-s 00000000 00:06 535                        /dev/nvidiactl
7f64f9c0a000-7f64f9c0b000 rw-s 00000000 00:06 535                        /dev/nvidiactl
7f64f9c0b000-7f64f9c0c000 r--s 00000000 00:06 541                        /dev/nvidia2
7f64f9c0c000-7f64f9c0d000 rw-s 00000000 00:06 535                        /dev/nvidiactl
7f64f9c0d000-7f64f9c0e000 rw-s 00000000 00:06 535                        /dev/nvidiactl
7f64f9c0e000-7f64f9c0f000 rw-p 00000000 00:00 0 
7f64f9c0f000-7f64f9c10000 r--p 00025000 fc:00 12322945                   /lib/x86_64-linux-gnu/ld-2.23.so
7f64f9c10000-7f64f9c11000 rw-p 00026000 fc:00 12322945                   /lib/x86_64-linux-gnu/ld-2.23.so
7f64f9c11000-7f64f9c12000 rw-p 00000000 00:00 0 
7ffd6f99e000-7ffd6f9bf000 rw-p 00000000 00:00 0                          [stack]
7ffd6f9dc000-7ffd6f9df000 r--p 00000000 00:00 0                          [vvar]
7ffd6f9df000-7ffd6f9e1000 r-xp 00000000 00:00 0                          [vdso]
ffffffffff600000-ffffffffff601000 r-xp 00000000 00:00 0                  [vsyscall]
Merit: /var/spool/slurmd/job04981/slurm_script: line 16:  2137 Aborted                 (core dumped) ./direct_cuda_pattern

real	0m0.721s
user	0m0.028s
sys	0m0.540s
