clang++ -std=c++14 -stdlib=libc++ -O3 -ferror-limit=2 -Weverything -Wno-c++98-compat -Wno-c++98-compat-pedantic -Wno-sign-conversion -Wno-exit-time-destructors -Wno-float-equal -Wno-global-constructors -Wno-missing-declarations -Wno-unused-parameter -Wno-padded -Wno-shadow -Wno-weak-vtables -Wno-missing-prototypes -Wno-unused-variable -ferror-limit=1 -Wno-deprecated -Wno-conversion -Wno-double-promotion -c src/direct_cuda_pattern.cc -o ./obj/direct_cuda_pattern.o -Iinclude -I/usr/local/cuda/include -I/usr/local/include -I/usr/include/c++/v1
nvcc src/cuda_pattern.cu -o ./obj/_cuda_pattern.o -Iinclude -I/usr/local/cuda/include -I/usr/local/include -I/usr/include/c++/v1 -m64 -dc -gencode arch=compute_70,code=sm_70 --relocatable-device-code true  -Xptxas -v
ptxas info    : 9754 bytes gmem
ptxas info    : Compiling entry function '_Z5ZaxpymddP7double2S0_' for 'sm_70'
ptxas info    : Function properties for _Z5ZaxpymddP7double2S0_
    0 bytes stack frame, 0 bytes spill stores, 0 bytes spill loads
ptxas info    : Used 30 registers, 392 bytes cmem[0]
ptxas info    : Function properties for cudaGetDevice
    0 bytes stack frame, 0 bytes spill stores, 0 bytes spill loads
ptxas info    : Compiling entry function '_Z5DasummP7double2Pd' for 'sm_70'
ptxas info    : Function properties for _Z5DasummP7double2Pd
    0 bytes stack frame, 0 bytes spill stores, 0 bytes spill loads
ptxas info    : Used 26 registers, 1024 bytes smem, 376 bytes cmem[0]
ptxas info    : Compiling entry function '_Z8sum_diagP7double2mdd' for 'sm_70'
ptxas info    : Function properties for _Z8sum_diagP7double2mdd
    0 bytes stack frame, 0 bytes spill stores, 0 bytes spill loads
ptxas info    : Used 10 registers, 384 bytes cmem[0]
ptxas info    : Compiling entry function '_Z5ZgemmP7double2S0_S0_md' for 'sm_70'
ptxas info    : Function properties for _Z5ZgemmP7double2S0_S0_md
    0 bytes stack frame, 0 bytes spill stores, 0 bytes spill loads
ptxas info    : Used 40 registers, 8704 bytes smem, 392 bytes cmem[0]
ptxas info    : Function properties for cudaFuncGetAttributes
    0 bytes stack frame, 0 bytes spill stores, 0 bytes spill loads
ptxas info    : Function properties for cudaOccupancyMaxActiveBlocksPerMultiprocessorWithFlags
    0 bytes stack frame, 0 bytes spill stores, 0 bytes spill loads
ptxas info    : Compiling entry function '_Z22extract_intensity_diffP7double2PdS1_mm' for 'sm_70'
ptxas info    : Function properties for _Z22extract_intensity_diffP7double2PdS1_mm
    0 bytes stack frame, 0 bytes spill stores, 0 bytes spill loads
ptxas info    : Used 24 registers, 392 bytes cmem[0], 8 bytes cmem[2]
ptxas info    : Compiling entry function '_Z9compose_aPdPmS_dP7double2m' for 'sm_70'
ptxas info    : Function properties for _Z9compose_aPdPmS_dP7double2m
    0 bytes stack frame, 0 bytes spill stores, 0 bytes spill loads
ptxas info    : Used 30 registers, 400 bytes cmem[0]
ptxas info    : Function properties for cudaOccupancyMaxActiveBlocksPerMultiprocessor
    0 bytes stack frame, 0 bytes spill stores, 0 bytes spill loads
ptxas info    : Compiling entry function '_Z5ZscalmdP7double2' for 'sm_70'
ptxas info    : Function properties for _Z5ZscalmdP7double2
    0 bytes stack frame, 0 bytes spill stores, 0 bytes spill loads
ptxas info    : Used 27 registers, 376 bytes cmem[0]
ptxas info    : Function properties for cudaMalloc
    0 bytes stack frame, 0 bytes spill stores, 0 bytes spill loads
ptxas info    : Compiling entry function '_Z38make_individual_pattern_intensity_diffPdS_PmS_dS0_S_S_mP7double2mm' for 'sm_70'
ptxas info    : Function properties for _Z38make_individual_pattern_intensity_diffPdS_PmS_dS0_S_S_mP7double2mm
    24 bytes stack frame, 0 bytes spill stores, 0 bytes spill loads
ptxas info    : Used 72 registers, 448 bytes cmem[0], 104 bytes cmem[2]
ptxas info    : Compiling entry function '_Z5ZcopymP7double2S0_' for 'sm_70'
ptxas info    : Function properties for _Z5ZcopymP7double2S0_
    0 bytes stack frame, 0 bytes spill stores, 0 bytes spill loads
ptxas info    : Used 28 registers, 376 bytes cmem[0]
ptxas info    : Function properties for cudaDeviceGetAttribute
    0 bytes stack frame, 0 bytes spill stores, 0 bytes spill loads
ptxas info    : Compiling entry function '_Z6Dznrm2mP7double2Pd' for 'sm_70'
ptxas info    : Function properties for _Z6Dznrm2mP7double2Pd
    0 bytes stack frame, 0 bytes spill stores, 0 bytes spill loads
ptxas info    : Used 28 registers, 1024 bytes smem, 376 bytes cmem[0]
ptxas info    : Compiling entry function '_Z34extract_intensity_diff_with_offsetP7double2PdS1_S1_mmdd' for 'sm_70'
ptxas info    : Function properties for _Z34extract_intensity_diff_with_offsetP7double2PdS1_S1_mmdd
    0 bytes stack frame, 0 bytes spill stores, 0 bytes spill loads
ptxas info    : Used 24 registers, 416 bytes cmem[0], 8 bytes cmem[2]
nvcc -dlink ./obj/_cuda_pattern.o -arch=sm_70 -o ./obj/cuda_pattern.o -m64 -lcudadevrt -L/usr/local/cuda/lib64  -rdc=true -Xptxas -v
clang++ -o ./bin/direct_cuda_pattern ./obj/_cuda_pattern.o ./obj/direct_cuda_pattern.o ./obj/cuda_pattern.o  -lcudadevrt -lcublas -lcudart -m64 -L/usr/local/cuda/lib64  -lc++ -lc++abi -O3 -pthread

solution:
(0.99846070288976185303,-0.00027093443624551829781)	
(0.010061487472381619099,-5.0283078135442356752e-05)	
(0.0097543172458342056186,4.9058720435656407105e-05)	
(0.010358450949940752744,-0.00034090190116369928049)	
(0.013146009803396720844,-0.0081981663141333493278)	
(0.0094186234289914145396,-0.0002030829511656729897)	
(0.012788792503296226091,-0.0082426655209431026056)	
(0.00091837997014843541967,-0.0017821497411152076307)	
(0.037131128463926341143,-0.00045968021730430846201)	
(-0.002674347678423109019,0.0002260807701243921857)	
(0.00053948794277173855918,-5.1933282289259085425e-05)	
(0.0042203549574863358229,-0.0029087834947033549583)	
(-0.00072555894047494256041,-0.0018857592898442337732)	
(0.0011495449380969620466,7.3607202414934059056e-05)	
(-0.00092992730209242376472,-0.0010975365237925296166)	
(-0.0023014823965370697668,0.0003315184781128556143)	
(0.037310087995991579601,0.000502865801387973794)	
(0.0040792711812289083814,-0.003132567480074091755)	
(0.00060070750640704956118,7.7528621179973460109e-05)	
(0.00082390157760069550157,-6.7643178381687041984e-05)	
(0.036160473764983276646,0.0013210965453693075591)	
(-0.001580578867364347247,-0.0013273266124391863707)	
(0.00080842002162119269877,-0.0010485362706578291343)	
(0.0010371494125189168259,0.00058961736983601095372)	
(-0.0015545179115503972821,-0.00043293180798866350359)	
(-0.0021478402039232730517,8.8772126617067596106e-06)	
(0.036846659621176773569,-0.00027664856345794257416)	
(0.0016814233750472112015,-0.00042623753894204235299)	
(0.00057348474758886871291,-0.00068732051074048836677)	
(0.0012102822674409765072,0.00018804098492302800515)	
(0.0057321607541216540449,-0.0036140811691647801648)	
(0.00052076727771382339688,0.00056836453278212854985)	
(-0.00091115011143190558895,-0.00028401838149028915074)	
(0.0067254512126844103598,-0.003876632264596975054)	
(0.00099369311258432698082,0.00014241696068647489689)	
(-0.0015793863967743420121,-0.0017071864156478226606)	
(-0.00082871909386853588771,-0.0023074071135259716439)	
(0.00076401736709238239793,-0.00043961499968849654385)	
(0.0007668402850535611286,0.00070673254631165710864)	
(0.055619183642338622386,0.00051031129440240094973)	
(1.9274869712927048047e-05,0.0014408811841290954103)	
(-0.0042609502637056696078,0.0014256043624322168543)	
(0.055460620743382392506,-0.00030738840541836231178)	
(0.0011235331300624600611,-0.00082272582123565647216)	
(-0.0093902924925377204146,0.001232621180056363416)	
(0.0038829587821400685793,-0.00096812537987081147446)	
(-0.00038316065523129138161,0.0013435273560866588163)	
(-0.0018368314756407641119,0.00045223607298458816557)	
(-0.0025672675622133746265,-0.0044226444049625173935)	
(-0.0044202745782832997962,0.0015357574813301925077)	
(-0.0024081238794084591087,0.0014506327996939650041)	
(-0.010097258523860494495,-0.001460490244339480775)	
(-0.0021576036203994689022,-0.003608403224357960206)	
(-0.00092108822522083625816,0.00094650024291036019639)	
(0.0033198597148023918472,0.00017904520491155827971)	
(-0.006429807269847711941,6.5394253290796517351e-05)	
(-0.00059135394475137552112,0.0010360738280131599753)	
(0.0007516734430554033574,-0.0014550033554023176705)	
(0.017654705035170914496,0.00086683043356466308715)	
(-0.00029070265181088125262,-0.0022524616843050651767)	
(-0.0032492358442208404273,-0.00034949881712493450873)	
(0.0039692440450958830014,-0.00067222131992239649023)	
(0.00073334739777644499924,-0.0012688124209854589712)	
(0.0010382859413169708875,-0.001405224070122866771)	
(0.0060486002519844934977,-0.0022165482250547990581)	
(-0.0035820351897657412218,-0.00099722432755005360056)	
(0.017593792910637815613,-0.0012822336558855247386)	
(0.0018641583039536899994,-0.00094091252108279553081)	
(0.00026305774226101531895,-0.0028059105552156265138)	
(0.0061967792532912208125,-0.00086479781416952969473)	
(1.6770895504356978238e-05,-0.0015670120764412424474)	
(0.0062798043725103436935,8.0279480562225248737e-05)	
(0.017099189530918042917,-0.00010054773708627482624)	
(0.0011887457798528948839,-0.001856259985045348752)	
(-0.0018978146361256530757,-0.0033556422096527897467)	
(-0.00035645713024931628904,-0.0024014465081602953157)	
(0.017629857042836798858,0.00067169231619448128891)	
(-0.0053359465474436757262,-0.00018505137333516680481)	
(0.0055790806390143337853,-0.00090377990401933634007)	
(0.0011282020222946839184,-0.0020856084152140945236)	
(0.0034103686262760405691,-0.00036485930120265481569)	
(0.00014774759058524159308,-0.0016532196006133247426)	
(0.016408178836628345421,0.00030195194842733369487)	
(0.010298619613137270298,-0.00085019924003927431488)	
(0.00025527211745462823587,-0.0010086275199615130863)	
(0.00028832490514883984522,0.00024347120483558017936)	
(-0.008541910116252533422,-0.0028628329411128756142)	
(0.00019438021396780369942,0.0027919680615226547329)	
(0.0164631443743999753,0.00074600284312178143358)	
(0.00068724558614915575317,-0.0011276371532306663469)	
(0.010315963513606732707,-0.00059789510533934389028)	
(-4.7434667539289992024e-05,0.00052819313456120965764)	
(-8.0550674500516000287e-06,0.0025284571477934658472)	
(-0.00085777295910212435302,-0.00037168202001128209733)	
(0.016471830222466784382,0.00057215083376402397011)	
(-5.8749596347615971989e-05,0.0021909395127653274148)	
(-0.00028965908906365304487,-0.0017961950715572900378)	
(-0.0092185767439160685305,0.0021704993568217234232)	
(0.018013559288017216148,-0.00015177281800468609189)	
(-0.0011550533550059140578,-0.0012459735704876510887)	
(0.016814099525881216063,1.1184893587601222269e-05)	
(0.0004038576513461019789,0.0017345166848075012529)	
(-0.0080343664864653829838,-0.0016245826745622418512)	
(-0.00027479831989771940541,-4.2273155266639131811e-05)	
(-0.00052382479653689958086,-0.0010047838686025210506)	
(0.016432349425467462217,0.00063416136698862791109)	
(0.010055855736838502368,-6.7797212210786962573e-05)	
(0.00025845325919876896165,-0.00038515593024106227526)	
(-0.0011597253633370211822,-0.0016513884200465209478)	
(-0.0086561059663222590654,-0.00048770810438009354424)	
(0.0010336254926927006953,-0.00017608143817782035919)	
(0.0031169823428659547242,-0.00073607480485139654882)	
(0.00015155747056239815551,-0.00083470699640442831344)	
(0.010700097829930496282,0.00029907011233924166334)	
(-0.0091034787053682359598,0.001691008309380149675)	
(0.0014202784278709611795,0.00049691943881562355805)	
(0.00066707646147593651926,-0.0032273817419265840578)	
(-7.1686470973472628428e-05,0.00077779784028950279488)	
(0.017021770901490561323,-0.00031129073714398721763)	
(-0.00046696500013571192941,-0.0002125656799830071659)	
(-0.0019761872549542368847,0.00049439326759366769137)	
(0.0057160915671861907764,-0.0038540146115678369614)	
(-0.00046541640403805118907,0.00034296168669419079336)	
(4.7300716935184434911e-05,-0.0010901679496881011219)	
(0.016491488692654140968,0.00034308873746879779958)	
(0.0035757035887682910198,-0.0027143730116414182575)	
(-0.009308570014459829553,-0.00096538952023091160852)	
(-0.00011716225560968337679,0.0023606849084141122083)	
(-0.00042216346997325598055,0.0025313106366127002128)	
(0.042953486615138321281,-0.00011493419365215077363)	
(0.0073718464175659848686,0.00029930826985114530967)	
(0.04305678160285909134,0.00011907432271226537669)	
(0.02146265709884441486,-0.0010167402512018422316)	
(0.0077961249376232305552,0.00015510392822647983278)	
(0.021206159112937845307,-7.6325291408442798541e-05)	
(0.02147863364891921048,9.5307137497891044036e-05)	
(0.0083958028903466340453,0.00057534668010105264029)	
(0.021771401557181616071,-0.00090858920138693502564)	
(0.0090399890406467793558,0.00068977493774175424254)	
(0.042899488627792754791,-0.00013195392531675158125)	
(0.0070204827692197770486,0.001086298398288280476)	
(0.0086534718272197920508,0.0012668797214062618196)	
(-0.012864655885485626677,-0.00014281610241255365324)	
(-0.0016835170731310876002,0.0027695624533850666214)	
(0.0071300373332174567589,1.368276305550546693e-05)	
(0.042766125690674075543,0.00016482139948327862345)	
(-0.012908547918441072577,-0.0030671102568288000426)	
(0.008263645506790479392,-9.3176407506504903061e-05)	
(-0.0016507625039468543614,0.0025610316741128532833)	
(-0.0010333959906001582117,0.0003417894422483794682)	
(0.0058262160522526999437,0.002203412650248255493)	
(-0.00011129955537706198601,-0.00062225971847919964424)	
(-0.0019759128398107827888,-0.0018669389007806612771)	
(0.0037644959762536192582,0.0027665504827990307878)	
(0.00052284154453823461668,0.0008983336524236472994)	
(0.017734486893905124227,0.00035320975328872561243)	
(0.011000503870245396595,0.0058736618825939159935)	
(0.055486885723503388823,-0.00058566152609371819292)	
(0.014328395424473599346,0.010562649026700565713)	
(-0.0002988101765622720664,-0.0017704082469360965784)	
(0.006706233050483622303,0.0016023492651580613973)	
(0.010601633824528345837,0.0079411153693272808901)	
(0.005561303014101378131,0.0033303858137386757772)	
(7.9423218499034622399e-05,-0.00088117030119113856634)	
(0.014022136003138349972,0.0054918257735939324943)	
(-0.00027150027925218950036,-0.00083342591386853048883)	
(0.017617621080609074946,-0.00022948175356911365173)	
(0.055251030745174269099,0.00013596164614230167264)	
(0.0085469678567454340778,0.0099536718107234838787)	
(-7.9175422175681200564e-05,0.0074561329912309903811)	
(0.010092880572520569402,0.0070821166547555391285)	
(0.0088212014212477631026,0.0085124663815880248496)	
(0.0090963500673597631752,0.0086936306771401902077)	
(0.0061050590655879416815,0.0087733208300552686931)	
(0.01037762028214635722,0.010950997112160567801)	
(0.01651541168023667322,-0.00041019913441213293409)	
(-0.00038458707593733588298,0.00076100631964948661952)	
(0.017390619142140038844,0.0010335224104996070058)	
(-0.00045070695889269001347,0.00074231062115529683476)	
(-0.00055436135204952154739,-0.00035272139157288415678)	
(0.00010242248893047045406,0.00098622662878663927902)	
(-0.00065680043696817868182,3.9011854779186013885e-05)	
(-0.00075442662318772352875,-0.00062157137649865095656)	
(-0.00091063532523745038642,-0.00021362371407385665574)	
(0.00013327907750210497622,0.0017758412611740030055)	
(-0.00067999629501182008023,0.0014674322086632265224)	
(0.00026332607039178650837,0.0013956866656758340484)	
(-0.00086331422227078609497,-0.0011135886291322660228)	
(8.5911437358111869154e-05,-0.001715746604260151879)	
(-0.001887553136079681091,-0.0018803328767393082902)	
(0.011193236230309830739,0.0059628379900536271005)	
(0.014284886764512012836,0.010549890313092495642)	
(0.01066479730173925701,0.0077606676849696284992)	
(0.013844642832011685996,0.005616903731560902481)	
(0.008773490727784829038,0.009960741835780436565)	
(-0.00034142141199690979663,0.0049541969255387195703)	
(0.010052155243109008737,0.0070280842810213385585)	
(0.0088452420162418964045,0.0084661279788459647272)	
(0.0090315705525833480521,0.0087331296845358803022)	
(0.0061514179359351221082,0.0088425334052525880746)	
(0.010400497987108002843,0.010972590154194869494)	
(0.0012307549898382739821,0.0036479801799050152501)	
(0.0026428170192638717438,0.0031805589807387324094)	
(-0.00079011379363801148568,-0.0018061719712371183694)	
(-0.00029666201428880668292,-0.00091069471780987044061)	
(0.0090553669036250346303,0.011281192976647917703)	
(0.012106634539433405728,0.0092747186884104809018)	
(0.008876374627801573991,0.014513495087668474431)	
(0.0090885257033623441381,0.0061958348202420694684)	
(0.010853504202760395209,0.0098794353792289527072)	
(0.0097481793589510191272,0.0097712285348088897402)	
(0.0087516988472635844076,0.0090297011714553544748)	
(0.010517385358295383568,0.0099794265739953230687)	
(0.0098290902974304868861,0.006751819842195509562)	
(0.010960798992389645182,0.0083938250434809867639)	
(-0.00058270204456673251221,-0.00092156463960494457068)	
(0.00010082514651272234867,-0.0015013772206155463675)	
(0.0094253067622837201356,0.011093793350580073015)	
(0.012193793082817785262,0.0093268237144381697934)	
(0.0090571677648227013474,0.014966287322702349211)	
(0.0090991807394448578905,0.0060882239668355389584)	
(0.010574631893647237074,0.0099630681510081680469)	
(0.0097169082258296724658,0.009697619127758152352)	
(0.0086614069778477922879,0.0089905213238897635497)	
(0.010490135965404453686,0.010269806942820381909)	
(0.0098174514181584449785,0.0066281506432254826133)	
(0.010827197337041231939,0.0085369562296085874098)	
(0.00080443403943988259653,-0.00036717829882931802112)	
(0.00066838695185430303976,-0.00033412940404485628717)	
(-0.0003485158128655640097,-0.00074778735377415892199)	
(0.0098137016962219700278,0.0066135631814933110856)	
(0.011575922872169254127,0.0069598592854168825003)	
(-0.0003277190562702841925,0.0048940917650188153765)	
(0.0092339830489117022405,0.0076915198197185482079)	
(0.0085725005807388218737,0.008999623562218807965)	
(0.011124902933190981835,0.0099986448835095113191)	
(0.011313930224074441114,0.010497056455113623272)	
(0.0099061588794611288994,0.0097814972143241418756)	
(0.010274489846031614054,0.0096072612187085987268)	
(0.0091190245404784483346,0.013927182961221603805)	
(0.0094477995558937804405,0.012592957576572760131)	
(-0.00053462157119135635553,4.3089343464753762983e-05)	
(0.0098108962513700874453,0.0065920392585285623316)	
(0.01136516033823881805,0.0069584657905892950344)	
(-0.00020918783199116064604,0.0060192604357920389754)	
(0.0091764453256006836557,0.0074469464259280656812)	
(0.0085856554611234061486,0.0089998476593042865679)	
(0.011264066529302761005,0.0099919440458046404618)	
(0.011192747587246601459,0.010479938703417233589)	
(0.0099048488125935505583,0.0097881267897433291841)	
(0.010297352512780667821,0.0096693934175891421701)	
(0.0092717476441530680131,0.014009171654557332765)	
(0.0095171355344952010546,0.012571600025944391216)	
(0.0010945597047276769791,-0.00023782808235082070246)	
(0.00078382281149012281076,-0.000455115714897964417)	
(0.012191392517636946008,0.0081983391635028716321)	
(0.011309145236434803641,0.0073340618013586636806)	
(0.0086320813530761618393,0.0090906860751083697764)	
(0.010067783753593101403,0.0077889569891042538877)	
(0.0093925494554071148334,0.0076270110667579658556)	
(0.0055828385078133596284,0.0075180537988608908684)	
(0.010713257440336186252,0.011077157317300028935)	
(0.014857108775824447167,0.010606858243395463764)	
(0.013494173968713784467,0.005204052704077377807)	
(0.009464539071992430358,0.011601264524605392134)	
(0.012082273585807440028,0.0079965944465269847563)	
(0.011231219988250920952,0.0073425483330704964871)	
(0.0086689816042447645494,0.0090384382615881775358)	
(0.010067012690795023797,0.007785325710759129561)	
(0.0093736959926959875083,0.0076613691855332878566)	
(0.0057085315536549163795,0.0075478173265044962506)	
(0.010671708307054807163,0.011152060153921094718)	
(0.015003381622874758378,0.010560760981013940854)	
(0.013568646116513859504,0.0051011296166351806705)	
(0.0094882944697120118888,0.011832677631496162432)	
(0.012674120327333306818,-0.0081907365141796351776)	
(0.013053423196646044696,-0.0078521425377357702974)	
(-0.00052808647766450049488,-9.7587705190250763614e-06)	
(0.012061465617505146355,0.0080275355169478982559)	
(-0.0003707740143455895334,0.0058706209463545346722)	
(0.0086668775658725241001,0.0090867750775970191485)	
(0.010064009808966998052,0.0078051893811759932504)	
(0.0093918127601820139416,0.0076944132509825209978)	
(0.0056922487474896660969,0.0075190791291597086632)	
(0.010705393064074848405,0.011149064826663338673)	
(0.011371060203050767715,0.0073012457784873826747)	
(0.01490127680027289632,0.010586290393054243603)	
(0.013534709864478706304,0.0050590887686786751784)	
(0.0094567019558742925617,0.011821587910353896153)	
(-0.00086874236464006308282,0.00011798856651556068195)	
(0.012148766997907586504,0.0083279892984039066706)	
(0.00014007176182558934204,0.0045160977435728189358)	
(0.0086411483107203014564,0.0090881732642587188115)	
(0.010070178483017458437,0.0077690117617486859763)	
(0.0094873750926705475994,0.0076586991779141267225)	
(0.0055311210010177483398,0.0075759792677613747511)	
(0.010752398337838598927,0.011090023407479986453)	
(0.011466570122639647283,0.0072789809139009523098)	
(0.014812046579827830434,0.010594488883869159282)	
(0.013869538201633394708,0.0049554682657769787493)	
(0.0094318715952344707454,0.011596200954353244952)	
(0.01140194930415748889,0.0069417201640473158442)	
(0.0097969840727664004448,0.0065754921730315305656)	
(0.0085798387615050823035,0.0089926244313360409466)	
(0.0091701704792727465471,0.0074301678229792781499)	
(0.011246797254548315803,0.010014377485314404637)	
(0.011250940545283008923,0.010403098189861710934)	
(0.0099803189286192285634,0.0097748238356530868509)	
(0.010266785549840984001,0.0095531253302935867366)	
(0.0091978359946148970788,0.013920260566056608109)	
(0.0094512655712597412605,0.012571745514652366352)	
(0.011597520366130230351,0.0070983824627699702164)	
(0.0098548254497903987198,0.0066089715295672545742)	
(0.0085966365329953869229,0.0090381277249595645684)	
(0.0092476257268098976255,0.0076605054380851668461)	
(0.011152678561862161902,0.010143651713977411971)	
(0.01132706926571332845,0.010525964105394330916)	
(0.0098930658545331381926,0.0098375781784809743918)	
(0.010140173498680521078,0.0096756162045453751597)	
(0.0091404031298825266783,0.014022795778603646191)	
(0.0092833837408066739033,0.012710596809982660158)	
(0.0029132711789060647053,-0.0012611584956530878712)	
(0.0093654632819047747838,0.011077634211296026948)	
(0.012245010030123638575,0.0093680353081495599393)	
(0.0091183977735040475793,0.014768591719253173697)	
(0.009124255884340187403,0.0060993362438797769573)	
(0.010561414348833399537,0.010208346480816435364)	
(0.0014423374438678640379,0.0052067749275456860422)	
(0.0097285377509591808992,0.0096943451559114435234)	
(0.0086734518577369929676,0.009044205111860638413)	
(0.010542360550142253553,0.010365759015414496499)	
(0.0097798808874399872915,0.006709682745383092721)	
(0.010705268809818329137,0.0085110354559365403865)	
(0.0024324430099399514844,-0.0014501215701767627541)	
(0.0091925656025512083452,0.011070827472174273737)	
(0.012256403397726023038,0.0091025307681513317748)	
(0.0090232148085536006965,0.01446423894307484817)	
(0.0090595761408321460323,0.0062558863209097575336)	
(0.010880362453137061921,0.0099424216634167745382)	
(0.0011505232114792469586,0.0078596661027309847047)	
(0.0097628138515735152225,0.0097307635830632070034)	
(0.0087003263671856425482,0.0089760772021253640296)	
(0.010494686568295405124,0.01013410643968994107)	
(0.0097659508413531631588,0.0068191488255345371339)	
(0.010865208460013524999,0.0081406537755099126624)	
(0.011299615930636665653,0.0059543208811434298472)	
(0.014192264397453208807,0.010603991416704188627)	
(0.01085330139413647095,0.0079015326211125287703)	
(0.01403672531534104137,0.00536954482305134536)	
(0.0086541713282786807138,0.0099294836551609179376)	
(0.010002431415225932626,0.0070962952047675829578)	
(0.0088347924830261773815,0.0085318030548658142787)	
(0.0090441068885840896624,0.0088347436682329662933)	
(0.0059564477465253945834,0.0089100292234730316121)	
(0.010402042494040085116,0.010900296518159395889)	
(0.011121666344271280424,0.0059499921115632407181)	
(0.014466204270691496864,0.010638051379886050499)	
(0.010841594082039151051,0.0080544221545597680795)	
(0.014194978816845952446,0.0053138332570304815453)	
(0.0086208510071542759912,0.010081735993506861504)	
(0.010065985688999504535,0.0071056188498951214708)	
(0.0087387983849839551836,0.0085213219623850328804)	
(0.0089836119183831272123,0.0088719526872391794164)	
(0.006071555116557092284,0.0089318231945782582126)	
(0.010386093071391889683,0.011001383022271105094)	

