clang++ -std=c++14 -stdlib=libc++ -O3 -ferror-limit=2 -Weverything -Wno-c++98-compat -Wno-c++98-compat-pedantic -Wno-sign-conversion -Wno-exit-time-destructors -Wno-float-equal -Wno-global-constructors -Wno-missing-declarations -Wno-unused-parameter -Wno-padded -Wno-shadow -Wno-weak-vtables -Wno-missing-prototypes -Wno-unused-variable -ferror-limit=1 -Wno-deprecated -Wno-conversion -Wno-double-promotion -c src/direct_cuda_pattern.cc -o ./obj/direct_cuda_pattern.o -Iinclude -I/usr/local/cuda/include -I/usr/local/include -I/usr/include/c++/v1
nvcc src/cuda_pattern.cu -o ./obj/_cuda_pattern.o -Iinclude -I/usr/local/cuda/include -I/usr/local/include -I/usr/include/c++/v1 -m64 -dc -gencode arch=compute_70,code=sm_70 --relocatable-device-code true  -Xptxas -v
ptxas info    : 9754 bytes gmem
ptxas info    : Compiling entry function '_Z5ZaxpymddP7double2S0_' for 'sm_70'
ptxas info    : Function properties for _Z5ZaxpymddP7double2S0_
    0 bytes stack frame, 0 bytes spill stores, 0 bytes spill loads
ptxas info    : Used 30 registers, 392 bytes cmem[0]
ptxas info    : Function properties for cudaGetDevice
    0 bytes stack frame, 0 bytes spill stores, 0 bytes spill loads
ptxas info    : Compiling entry function '_Z5DasummP7double2Pd' for 'sm_70'
ptxas info    : Function properties for _Z5DasummP7double2Pd
    0 bytes stack frame, 0 bytes spill stores, 0 bytes spill loads
ptxas info    : Used 26 registers, 1024 bytes smem, 376 bytes cmem[0]
ptxas info    : Compiling entry function '_Z8sum_diagP7double2mdd' for 'sm_70'
ptxas info    : Function properties for _Z8sum_diagP7double2mdd
    0 bytes stack frame, 0 bytes spill stores, 0 bytes spill loads
ptxas info    : Used 10 registers, 384 bytes cmem[0]
ptxas info    : Compiling entry function '_Z5ZgemmP7double2S0_S0_md' for 'sm_70'
ptxas info    : Function properties for _Z5ZgemmP7double2S0_S0_md
    0 bytes stack frame, 0 bytes spill stores, 0 bytes spill loads
ptxas info    : Used 40 registers, 8704 bytes smem, 392 bytes cmem[0]
ptxas info    : Function properties for cudaFuncGetAttributes
    0 bytes stack frame, 0 bytes spill stores, 0 bytes spill loads
ptxas info    : Function properties for cudaOccupancyMaxActiveBlocksPerMultiprocessorWithFlags
    0 bytes stack frame, 0 bytes spill stores, 0 bytes spill loads
ptxas info    : Compiling entry function '_Z22extract_intensity_diffP7double2PdS1_mm' for 'sm_70'
ptxas info    : Function properties for _Z22extract_intensity_diffP7double2PdS1_mm
    0 bytes stack frame, 0 bytes spill stores, 0 bytes spill loads
ptxas info    : Used 24 registers, 392 bytes cmem[0], 8 bytes cmem[2]
ptxas info    : Compiling entry function '_Z9compose_aPdPmS_dP7double2m' for 'sm_70'
ptxas info    : Function properties for _Z9compose_aPdPmS_dP7double2m
    0 bytes stack frame, 0 bytes spill stores, 0 bytes spill loads
ptxas info    : Used 30 registers, 400 bytes cmem[0]
ptxas info    : Function properties for cudaOccupancyMaxActiveBlocksPerMultiprocessor
    0 bytes stack frame, 0 bytes spill stores, 0 bytes spill loads
ptxas info    : Compiling entry function '_Z5ZscalmdP7double2' for 'sm_70'
ptxas info    : Function properties for _Z5ZscalmdP7double2
    0 bytes stack frame, 0 bytes spill stores, 0 bytes spill loads
ptxas info    : Used 27 registers, 376 bytes cmem[0]
ptxas info    : Function properties for cudaMalloc
    0 bytes stack frame, 0 bytes spill stores, 0 bytes spill loads
ptxas info    : Compiling entry function '_Z38make_individual_pattern_intensity_diffPdS_PmS_dS0_S_S_mP7double2mm' for 'sm_70'
ptxas info    : Function properties for _Z38make_individual_pattern_intensity_diffPdS_PmS_dS0_S_S_mP7double2mm
    24 bytes stack frame, 0 bytes spill stores, 0 bytes spill loads
ptxas info    : Used 72 registers, 448 bytes cmem[0], 104 bytes cmem[2]
ptxas info    : Compiling entry function '_Z5ZcopymP7double2S0_' for 'sm_70'
ptxas info    : Function properties for _Z5ZcopymP7double2S0_
    0 bytes stack frame, 0 bytes spill stores, 0 bytes spill loads
ptxas info    : Used 28 registers, 376 bytes cmem[0]
ptxas info    : Function properties for cudaDeviceGetAttribute
    0 bytes stack frame, 0 bytes spill stores, 0 bytes spill loads
ptxas info    : Compiling entry function '_Z6Dznrm2mP7double2Pd' for 'sm_70'
ptxas info    : Function properties for _Z6Dznrm2mP7double2Pd
    0 bytes stack frame, 0 bytes spill stores, 0 bytes spill loads
ptxas info    : Used 28 registers, 1024 bytes smem, 376 bytes cmem[0]
ptxas info    : Compiling entry function '_Z34extract_intensity_diff_with_offsetP7double2PdS1_S1_mmdd' for 'sm_70'
ptxas info    : Function properties for _Z34extract_intensity_diff_with_offsetP7double2PdS1_S1_mmdd
    0 bytes stack frame, 0 bytes spill stores, 0 bytes spill loads
ptxas info    : Used 24 registers, 416 bytes cmem[0], 8 bytes cmem[2]
nvcc -dlink ./obj/_cuda_pattern.o -arch=sm_70 -o ./obj/cuda_pattern.o -m64 -lcudadevrt -L/usr/local/cuda/lib64  -rdc=true -Xptxas -v
clang++ -o ./bin/direct_cuda_pattern ./obj/_cuda_pattern.o ./obj/direct_cuda_pattern.o ./obj/cuda_pattern.o  -lcudadevrt -lcublas -lcudart -m64 -L/usr/local/cuda/lib64  -lc++ -lc++abi -O3 -pthread

solution:
(0.93403593266134310458,0.076976597309081906673)	
(0.15973370734943476146,0.010346068937474181548)	
(0.16003626564666997845,0.010438559209951131165)	
(-0.0037589202003479355203,0.023364979388413666811)	
(-0.0037566002737487763814,0.023440424149342428684)	
(-0.12694300106102179848,-0.011855374013733719143)	
(-0.11517916550672070708,-0.0084682214107204990122)	
(-0.10865222218241160634,-0.0068023785755908054707)	
(-0.12652755009596983182,-0.012749829368989133369)	
(0.026791280569250574412,0.11798606912931708379)	
(0.02450881802166094206,0.097581792903190314736)	
(0.010027730400144835993,0.0059080923183832019518)	
(0.0098725192141146736469,0.0064573462139224067913)	
(0.010017958928665348164,0.0058611076722757124782)	
(0.0096440246490407267183,0.006489399553066121408)	
(0.027196363890470968971,0.12080564385196151944)	
(0.025218335647044929498,0.12185607068984892487)	
(0.044604342421099736626,0.046700347806880940227)	
(0.03903603261539723146,0.023730450038888115105)	


real	0m40.733s
user	0m27.612s
sys	0m11.752s
