clang++ -std=c++14 -stdlib=libc++ -O3 -ferror-limit=2 -Weverything -Wno-c++98-compat -Wno-c++98-compat-pedantic -Wno-sign-conversion -Wno-exit-time-destructors -Wno-float-equal -Wno-global-constructors -Wno-missing-declarations -Wno-unused-parameter -Wno-padded -Wno-shadow -Wno-weak-vtables -Wno-missing-prototypes -Wno-unused-variable -ferror-limit=1 -Wno-deprecated -Wno-conversion -Wno-double-promotion -c src/direct_cuda_pattern.cc -o ./obj/direct_cuda_pattern.o -Iinclude -I/usr/local/cuda/include -I/usr/local/include -I/usr/include/c++/v1
nvcc src/cuda_pattern.cu -o ./obj/_cuda_pattern.o -Iinclude -I/usr/local/cuda/include -I/usr/local/include -I/usr/include/c++/v1 -m64 -dc -gencode arch=compute_70,code=sm_70 --relocatable-device-code true  -Xptxas -v
ptxas info    : 9754 bytes gmem
ptxas info    : Compiling entry function '_Z5ZaxpymddP7double2S0_' for 'sm_70'
ptxas info    : Function properties for _Z5ZaxpymddP7double2S0_
    0 bytes stack frame, 0 bytes spill stores, 0 bytes spill loads
ptxas info    : Used 30 registers, 392 bytes cmem[0]
ptxas info    : Function properties for cudaGetDevice
    0 bytes stack frame, 0 bytes spill stores, 0 bytes spill loads
ptxas info    : Compiling entry function '_Z5DasummP7double2Pd' for 'sm_70'
ptxas info    : Function properties for _Z5DasummP7double2Pd
    0 bytes stack frame, 0 bytes spill stores, 0 bytes spill loads
ptxas info    : Used 26 registers, 1024 bytes smem, 376 bytes cmem[0]
ptxas info    : Compiling entry function '_Z8sum_diagP7double2mdd' for 'sm_70'
ptxas info    : Function properties for _Z8sum_diagP7double2mdd
    0 bytes stack frame, 0 bytes spill stores, 0 bytes spill loads
ptxas info    : Used 10 registers, 384 bytes cmem[0]
ptxas info    : Compiling entry function '_Z5ZgemmP7double2S0_S0_md' for 'sm_70'
ptxas info    : Function properties for _Z5ZgemmP7double2S0_S0_md
    0 bytes stack frame, 0 bytes spill stores, 0 bytes spill loads
ptxas info    : Used 40 registers, 8704 bytes smem, 392 bytes cmem[0]
ptxas info    : Function properties for cudaFuncGetAttributes
    0 bytes stack frame, 0 bytes spill stores, 0 bytes spill loads
ptxas info    : Function properties for cudaOccupancyMaxActiveBlocksPerMultiprocessorWithFlags
    0 bytes stack frame, 0 bytes spill stores, 0 bytes spill loads
ptxas info    : Compiling entry function '_Z22extract_intensity_diffP7double2PdS1_mm' for 'sm_70'
ptxas info    : Function properties for _Z22extract_intensity_diffP7double2PdS1_mm
    0 bytes stack frame, 0 bytes spill stores, 0 bytes spill loads
ptxas info    : Used 24 registers, 392 bytes cmem[0], 8 bytes cmem[2]
ptxas info    : Compiling entry function '_Z9compose_aPdPmS_dP7double2m' for 'sm_70'
ptxas info    : Function properties for _Z9compose_aPdPmS_dP7double2m
    0 bytes stack frame, 0 bytes spill stores, 0 bytes spill loads
ptxas info    : Used 30 registers, 400 bytes cmem[0]
ptxas info    : Function properties for cudaOccupancyMaxActiveBlocksPerMultiprocessor
    0 bytes stack frame, 0 bytes spill stores, 0 bytes spill loads
ptxas info    : Compiling entry function '_Z5ZscalmdP7double2' for 'sm_70'
ptxas info    : Function properties for _Z5ZscalmdP7double2
    0 bytes stack frame, 0 bytes spill stores, 0 bytes spill loads
ptxas info    : Used 27 registers, 376 bytes cmem[0]
ptxas info    : Function properties for cudaMalloc
    0 bytes stack frame, 0 bytes spill stores, 0 bytes spill loads
ptxas info    : Compiling entry function '_Z38make_individual_pattern_intensity_diffPdS_PmS_dS0_S_S_mP7double2mm' for 'sm_70'
ptxas info    : Function properties for _Z38make_individual_pattern_intensity_diffPdS_PmS_dS0_S_S_mP7double2mm
    24 bytes stack frame, 0 bytes spill stores, 0 bytes spill loads
ptxas info    : Used 72 registers, 448 bytes cmem[0], 104 bytes cmem[2]
ptxas info    : Compiling entry function '_Z5ZcopymP7double2S0_' for 'sm_70'
ptxas info    : Function properties for _Z5ZcopymP7double2S0_
    0 bytes stack frame, 0 bytes spill stores, 0 bytes spill loads
ptxas info    : Used 28 registers, 376 bytes cmem[0]
ptxas info    : Function properties for cudaDeviceGetAttribute
    0 bytes stack frame, 0 bytes spill stores, 0 bytes spill loads
ptxas info    : Compiling entry function '_Z6Dznrm2mP7double2Pd' for 'sm_70'
ptxas info    : Function properties for _Z6Dznrm2mP7double2Pd
    0 bytes stack frame, 0 bytes spill stores, 0 bytes spill loads
ptxas info    : Used 28 registers, 1024 bytes smem, 376 bytes cmem[0]
ptxas info    : Compiling entry function '_Z34extract_intensity_diff_with_offsetP7double2PdS1_S1_mmdd' for 'sm_70'
ptxas info    : Function properties for _Z34extract_intensity_diff_with_offsetP7double2PdS1_S1_mmdd
    0 bytes stack frame, 0 bytes spill stores, 0 bytes spill loads
ptxas info    : Used 24 registers, 416 bytes cmem[0], 8 bytes cmem[2]
nvcc -dlink ./obj/_cuda_pattern.o -arch=sm_70 -o ./obj/cuda_pattern.o -m64 -lcudadevrt -L/usr/local/cuda/lib64  -rdc=true -Xptxas -v
clang++ -o ./bin/direct_cuda_pattern ./obj/_cuda_pattern.o ./obj/direct_cuda_pattern.o ./obj/cuda_pattern.o  -lcudadevrt -lcublas -lcudart -m64 -L/usr/local/cuda/lib64  -lc++ -lc++abi -O3 -pthread

solution:
(0.60939646427071147983,-0.0067412739811417432545)	
(0.0078413036450815445932,-0.0016726553265206825592)	
(0.0078364239575514256508,-0.0016651756894402193997)	
(-0.020870924349818308768,-0.015080371015602717435)	
(-0.020882553172251426543,-0.015072333802044788481)	
(0.013041382316108173292,0.0091363851250191984582)	
(0.013119029706442516398,0.0091240756745262826394)	
(0.038069117922713016644,-0.014760486007755795751)	
(0.038087712293441156053,-0.014924710895880766159)	
(0.019254668227782049256,0.0028123784388940356246)	
(0.019309320997582389567,0.0028263220848730122997)	
(0.023299538332738314178,0.0028319304000388504337)	
(0.023400839068020602707,0.0028163470197334183193)	
(-0.029894471270394774864,-0.025335111339083688647)	
(-0.029812140383081175282,-0.025369628062364434767)	
(-0.01017595840247142655,-5.4952026450485639631e-05)	
(-0.010128652661689916542,-8.7430203561181577508e-05)	
(-0.011352024797440966181,-0.0079649153424727926753)	
(-0.011360848791701946836,-0.0080393373508622807677)	
(-0.0065270681752558181235,-0.0097320078011303226551)	
(-0.0064251308715422440071,-0.0097975118217564129836)	
(0.0016241046223069959941,-0.0070592659488246771449)	
(0.0017058176123144917422,-0.0070316661181485827156)	
(-0.0056850427443206116157,-0.0033091194608432464991)	
(-0.0057328161621731351175,-0.0032980675872334983857)	
(0.0074014760665052818991,-0.0027596923947443346634)	
(0.0074581568046751794271,-0.0027939427738907398995)	
(0.011947387088500262958,-0.015719724639890395035)	
(0.10965777393194665879,0.01879537817713929429)	
(0.024028011306312029721,-0.016366669796243054485)	
(0.084947744996357113512,-0.0015601024762085572394)	
(0.021396934081464678151,-0.012332158819688810933)	
(0.050585153366585096368,0.0077562901725787827475)	
(-0.0053844508088168067592,-0.0077854297845596845407)	
(0.0232583008293096756,0.0028473133792715505513)	
(-0.010093064213073654756,-6.3916975111404100577e-05)	
(-0.0054236414865365652552,-0.0078691701819315652833)	
(0.00021949090578415184007,-0.00044978910840744445185)	
(-0.0069839051156947457716,0.0027108784035237798275)	
(0.0040800408947040574248,-0.011633883412895441173)	
(0.0020734846963776950961,0.013435788023995285517)	
(-0.051793706420535073898,0.0086107506961391900441)	
(0.0053986033180977721635,0.0023402907088929439904)	
(0.014243293576393539421,-0.0035362728744760952952)	
(0.011945854893819038423,-0.015719998496159397205)	
(0.10971531641946513647,0.018915940497083155031)	
(0.024177243322523016278,-0.016394916470123831187)	
(0.02134585576633013515,-0.012276300781320793193)	
(0.084998385079726498925,-0.0015265862781150007794)	
(-0.0054687744626096216477,-0.0077519793666638364335)	
(0.050621028818916197212,0.0077621071915130075702)	
(-0.010130807000979116447,-8.4236563915591439558e-05)	
(0.023348769096007568336,0.002865251344987663519)	
(0.0001118961979577781814,-0.00045304104923525113143)	
(-0.0053299801287046283393,-0.0078625021384010462117)	
(0.003992713486926952049,-0.011618066586059669354)	
(-0.0070258275705241401976,0.0027199486114662246861)	
(0.0020575436565492917149,0.013462748402335860884)	
(-0.051589247794085489607,0.0087345547341237655264)	
(0.005422859040493398057,0.0023725510192804792099)	
(0.014199899973573180609,-0.00368341359157382418)	
(0.00079026077194453616531,0.0032653840586067284929)	
(0.0077605403773354265928,-0.0016038475800271348708)	
(0.02004776999088881545,-0.004270775376227463338)	
(0.012950611204142686156,0.0091369609256601660996)	
(0.020287555593483153765,-0.0012646568997318234032)	
(0.019316574202214317757,0.0029069119700366819262)	
(-0.011359747039249261727,-0.0079737244561911575086)	
(0.021422087632543891644,-0.012207375727619804162)	
(0.0041255426881672482842,-0.011635245214748762832)	
(0.02027222806114268791,-0.0012451156846393718683)	
(-0.020377203319354567079,0.0010590538546373813849)	
(0.032314983833351039466,0.0088209745930677239262)	
(-0.020295832620205664365,0.0010145263558370158554)	
(0.01266132095580190485,0.014983017037300632585)	
(0.028467770819324875187,-0.0057545192153294136284)	
(0.0093390636279168971756,1.0340291795002303833e-05)	
(0.0042664596339467121891,0.011907084467177876316)	
(0.00078832913112634485624,0.003267151654428975243)	
(0.020098820265882964831,-0.0043105096717319145785)	
(0.020312263741282487323,-0.0012333521024071223381)	
(0.012998979540597204937,0.0091051095042447328931)	
(-0.011316583236105366012,-0.0079527078621621487969)	
(0.01938773915944158252,0.0028811816913869676623)	
(0.0040758497577088707853,-0.011645530028387062957)	
(0.02146461860894463558,-0.012240563084315670209)	
(-0.020414220818236575999,0.0010524335561734742168)	
(0.020245361705574362737,-0.0012604649850629951347)	
(-0.020255406135741890056,0.00098318909106937164323)	
(0.032248040629378062205,0.008774413122055249592)	
(0.028232921303443618555,-0.0056485714563475663066)	
(0.0041659771477299857578,0.011888666474389195452)	
(0.01303903256520085735,0.0091379276937998844127)	
(0.10967542963282560231,0.018775821175855706563)	
(0.038072422875110770168,-0.014777206911582727034)	
(0.0077891713380246795431,-0.0015746716993497709459)	
(0.024170820404047568819,-0.016385197769375747789)	
(0.04521966735067762394,-0.012893473367464828444)	
(-0.0070314638619067360362,0.0026911261758015923157)	
(0.020051938851176190348,-0.0042828320269360699996)	
(0.033599535776518918428,0.0085042838957198919891)	
(-0.002824961017706877596,0.034171664666603845939)	
(0.009346926697904893791,0.01175410274216413288)	
(0.017835555367041514702,0.013942631957205285989)	
(0.013168433119350633764,0.0083228710428069410665)	
(0.013110720150170918422,0.0091284125407537566876)	
(0.038103157661519462818,-0.014946034501061052427)	
(0.10972068796073493335,0.018911219923596640086)	
(0.024030876960002230114,-0.016363359856738160514)	
(0.045213602961726641338,-0.012895346218286703188)	
(-0.0069882902994713507958,0.0026888994810761825995)	
(0.020030230339369917147,-0.0042558187100498450633)	
(0.0094127707152477126107,0.011730674428096832251)	
(0.013092075428402662196,0.0083693729349637122766)	
(0.017901985562137793379,0.0140061915063950191)	
(0.020088760739938000405,-0.0042950107911823567561)	
(0.033707779167640262996,0.008536670388163811532)	
(0.032305637861112047882,0.0088323391407666637654)	
(-0.0064052862023847084369,-0.009790768206215761521)	
(0.038113032928419887657,-0.014826077202143177203)	
(0.0016925950305862400014,-0.0069734110037332685747)	
(0.024219448664561094714,-0.016399279226159135803)	
(-0.051761575496171906285,0.0084675883303334722324)	
(0.045274736013667805923,-0.012784877613738140217)	
(-0.069773723477906751667,0.015548449437762575098)	
(-0.0046405608508659386413,0.027578581252799144047)	
(0.020042192674890827592,-0.0042644836275901754769)	
(0.033718271882436791353,0.0085339957334041489923)	
(0.032313323204100768971,0.0087809405768694663574)	
(-0.006532381945222113552,-0.0096919495067820070344)	
(0.0016648599551808895489,-0.007023215805446770231)	
(0.038111096986726662739,-0.014836694957150141361)	
(-0.05153975032319411953,0.0086385765925555291905)	
(0.024076241881613263257,-0.016376335598251526987)	
(-0.069696520511272772036,0.015665514962694204043)	
(-0.0045264865054692876578,0.027619937426480233728)	
(0.019254160021751603321,0.0028343491601855045139)	
(0.084910937411762421601,-0.0015584113308496167979)	
(0.021363161816397472498,-0.0122784965883162029)	
(0.012947681574012166739,0.0091086531056911706344)	
(0.020315233239262372317,-0.0012328063571585890813)	
(0.032311845062018805519,0.0087851339205984799174)	
(0.0021000645252083052425,0.01344120708533529801)	
(0.00081426268492803166761,0.003312231332729761394)	
(0.014182654836832075257,-0.024166701840306024918)	
(0.0052117505909266429245,0.0042321605624145164359)	
(0.013421987398750480358,0.022856294851125922435)	
(0.014224136165479297003,0.011805756417448253631)	
(0.019299001548194798239,0.0028379811286921743756)	
(0.021410819764189820136,-0.012334938339687928979)	
(0.084978471216328121951,-0.0015246577863505389461)	
(0.020286847579069646613,-0.0012660473036576374087)	
(0.012991703065069949707,0.0090786187301230628077)	
(0.032306134141368056389,0.0088341349043498679922)	
(0.0020448280169129287934,0.01340824791680783265)	
(0.0051809434016182251415,0.0041995002219109732119)	
(0.014062439647462730494,-0.024268621136505994645)	
(0.014137814716627851094,0.011827877433540483557)	
(0.023308025410754603518,0.0028353793740241014718)	
(0.05059223647052506212,0.0077350839431999792936)	
(-0.0054719964379031640553,-0.0077482273619037898144)	
(0.019315188767115108043,0.0029158063097182948011)	
(-0.011308005411132132992,-0.0079579925008695547028)	
(-0.0069855241862433765238,0.0026766505078091936028)	
(-0.0065129383558437019611,-0.0096972229969876401479)	
(0.0020429452015398872136,0.013405380521191891455)	
(-0.0135583846443284705,0.065404429639143057962)	
(0.004678429925920217676,0.012387403226879541152)	
(-0.020851288675058962663,-0.015028741754664938154)	
(0.010471924986112750994,-0.0083585419570733378303)	
(-0.0075189836252967370486,-0.0046577830077131092065)	
(0.011378373001979337487,0.0073085507872072599106)	
(-0.0022717999825076977231,-0.00031724970291532579667)	
(-0.00070839938027326976051,-0.005743371647180335951)	
(0.023398640477916402697,0.0028097645445140065519)	
(-0.0053762002457889137771,-0.0077889286881071464336)	
(0.050621906927602863813,0.0077569304562231829181)	
(-0.011354230059382512674,-0.007961944551575181675)	
(0.019391209152650783903,0.002887295618715774153)	
(-0.0070230394419568253211,0.0026823351964818556263)	
(-0.006389054432633080316,-0.0098071014661195495682)	
(0.0020940955266840356047,0.013441634657661858179)	
(-0.013552468749356304245,0.065421131392566320151)	
(0.0046995727571326776847,0.012388658810420363071)	
(0.010437694425743708482,-0.0085158067278077245743)	
(0.011422112253415843755,0.0073557077924715332309)	
(-0.0075587918487551959343,-0.0046113746549399387692)	
(-0.00057472517698205194923,-0.0057178784244372457893)	
(-0.0022452321244361916029,-0.00035022812249352948833)	
(-0.029925043536138229427,-0.025355999035131433078)	
(0.023259280841404061241,0.0028717552065296724113)	
(-0.01012799778257248047,-8.6138898973031846704e-05)	
(0.02141366045187877154,-0.012211654548796196593)	
(0.0040697572471655642928,-0.011633788430769851155)	
(0.038120680285337341098,-0.014811437599345242053)	
(0.0016471093240395630938,-0.0070262403531296691722)	
(0.004700835396140643288,0.01240108807435236736)	
(0.011083855657932984232,0.012565913940731161108)	
(0.0044234470693712930542,0.0038544430870661654069)	
(0.014443552615355270338,0.0033486904464787238707)	
(-0.0084030996819706212791,0.012502316263444094094)	
(-0.029791403515671603663,-0.02532891598407938788)	
(-0.01009608824868742441,-6.5857989906289835956e-05)	
(0.023346484102251895132,0.0028786714790943602853)	
(0.0041273571869925272659,-0.011623212780320260618)	
(0.021443685785194774307,-0.012244363423944294028)	
(0.0016872385045666670692,-0.0069459506249218826851)	
(0.038129467481163796527,-0.014800733082040733526)	
(0.0046842087829042349661,0.012383793198374962868)	
(0.004341239602951270718,0.0038529952864439216513)	
(0.011013331548289605893,0.012484879874108196357)	
(-0.0083286189126568748592,0.012708513812186870984)	
(0.014433380210559555029,0.0035785040704064850423)	
(-0.010172231194318353403,-6.410773354742182171e-05)	
(-0.0054403662131821562548,-0.0078651454562967994255)	
(0.0001007037980358646464,-0.00046247144175423513185)	
(0.020273039191110168999,-0.0012441850246327182568)	
(-0.020412661665023250357,0.0010425858819565639399)	
(0.024216287778746025533,-0.016396548216006355536)	
(-0.051534759829187350155,0.0086348374778718161443)	
(-0.020887621730513776519,-0.014995662057843096512)	
(0.010436627937814831404,-0.0085232967568318121487)	
(-0.010838355815439484203,0.0062183304398981250824)	
(0.012938984323179442137,0.0078531883042706560755)	
(0.025099853926751965194,0.017787171530735508551)	
(0.001918558112942051223,0.022107690964269330336)	
(-0.010134936900148477229,-9.1649839206426358842e-05)	
(0.00021275563074108904283,-0.00045149321141302854472)	
(-0.0053488510767432558002,-0.00786021010400181179)	
(-0.020385347051400770635,0.0010447229613460282723)	
(0.02025187174212927585,-0.0012581366666319950248)	
(-0.051773992229064313975,0.0084628357807619118691)	
(0.024072572686736213449,-0.016373576822131565012)	
(0.010470553458843132391,-0.0083600343184507368288)	
(0.013064710975430689557,0.007769888897962061447)	
(-0.010744740589646872148,0.0061373881403026936399)	
(0.0018851429076839835552,0.022337450102398306861)	
(0.025055488636650337375,0.017809220728743090784)	
(-0.011348814217443417909,-0.00797335009956009165)	
(-0.00698554768915631355,0.0027118035580358857729)	
(0.0039790047649698881763,-0.011608381104551002486)	
(0.032301546271387419906,0.0088289894900949981993)	
(-0.020250724765349285145,0.00098756973708902630674)	
(0.020051945460206638261,-0.0042682417321961117762)	
(0.045288866425127839721,-0.012787911772811889899)	
(0.00079972044537167039091,0.003292046926086570572)	
(0.0083987500727359318264,0.0047884090562310827055)	
(0.01960900584082249376,0.0048771262534586263399)	
(0.014405060410471084986,0.010128267211701178982)	
(0.0042148445499287662958,-0.0025119769945456133647)	
(-0.011367411680681036718,-0.0080595652799478282452)	
(0.0040678792832857533016,-0.011637828396615994622)	
(-0.0070329100930727785068,0.0027254242047912370824)	
(-0.020280847789903785894,0.0010288488682813588804)	
(0.032240119170158704209,0.0087825808383253760325)	
(0.020033493145485473802,-0.0042478871945276341221)	
(0.019661167704760916519,0.0049206786731815282607)	
(0.0083380512132089495969,0.0046933829856996341773)	
(0.0041689620921394532002,-0.0025792269918207075957)	
(-0.0065200241692394255572,-0.0097132951955589130755)	
(0.0020708123978511704111,0.013436545186018899328)	
(0.001611743215914733041,-0.007060863735865855785)	
(0.012663475993992836383,0.014973804892989389312)	
(-0.051567218859361850514,0.0087315818834789084985)	
(0.033579492599807372888,0.008518711988103246785)	
(0.00082335915537957039129,0.020145430519154114424)	
(9.8913914738899677689e-05,-0.00034886744527482834019)	
(0.0041337414621654315974,0.0093313801896322736557)	
(-0.0077848549925849759232,0.005287555056692702822)	
(-0.0064302502748965649146,-0.0097839778028323397957)	
(0.0017093308920104396953,-0.0070367246192995580936)	
(0.0020504525664643445323,0.013473405653573009011)	
(-0.051778233724540295713,0.0086105089595548949671)	
(0.00025556833443668902552,-0.00037513561403188904744)	
(-0.00774911543199028989,0.0053175245893876000453)	
(0.0041474431180869549343,0.0093248705353388607747)	
(0.028247794602591372315,-0.0056533523357007609694)	
(-0.069692628201183284831,0.015658064026402442048)	
(0.015136229172018431793,0.017678935177071811863)	
(0.028477765260854749629,-0.0057590375840132993629)	
(-0.069777873158261241593,0.015551845910257810005)	
(0.015319997294959988854,0.017690947099693411781)	
(0.007947225173145245139,0.017309529744962762199)	
(0.030564787598539890773,0.016123754426776489707)	
(0.054358529090870091882,-0.018061239286946230431)	
(0.041177095305571946582,0.0029903934407346701579)	
(0.04019183510484669597,0.010158101558439606299)	
(0.0007955836195566117321,-0.019199741465241591115)	
(0.0068549779262867902713,0.013043990155396338257)	
(0.022767306889432657041,-0.0020391482505259942229)	
(0.0111728098230773603,0.0043606141312319121259)	
(0.0053978603670419636473,0.0048921440675344053314)	
(0.012990179608237220274,0.0031238666398748825628)	
(0.041521208577577822796,0.020669832007630169896)	
(0.011527826119442948286,0.01202348151417399931)	
(-0.004975984761243387039,0.0085946903931099719737)	
(0.010915666622718265058,0.015717287686781950679)	
(0.0041676240399260433556,0.0097389545906293450983)	
(0.00060827427988210177202,0.011744984813996077119)	
(0.011341788503663860835,-7.5839554726819008077e-05)	
(0.055176446749247265444,0.018889302263311102265)	
(0.0046240275730884163041,-0.001568894472812382276)	
(0.0088110332208985054497,0.036174273708077936407)	
(0.0099246353750068686678,0.010125720895375611708)	
(0.0040399448845549164669,0.016113003608780242237)	
(0.0077657833402631926828,0.017444860422489428392)	
(0.054598875254879872254,-0.017891343968023016436)	
(0.030421144594503440189,0.01599354416617319169)	
(0.04020160591029360575,0.01008493298977853822)	
(0.0068683023091537500834,0.013184451538059017289)	
(0.011201832215075410715,0.0041114571334201956837)	
(0.023021213618936563899,-0.0022487038300027686714)	
(0.012935758699610572925,0.0032166352400951987375)	
(0.0053005899697365597978,0.0046140403260592861498)	
(0.011454310928104257175,0.012088385627112400306)	
(0.041435780881343378668,0.020502533008868159548)	
(0.01085696228021486992,0.015695392269283663794)	
(-0.0048078421431017939747,0.0085805301941657714099)	
(0.00059913254964649037288,0.01178511786423791334)	
(0.0044470560257701139198,0.0099236218880370142409)	
(0.055059816802277637693,0.018891834013122429936)	
(0.011355692650007097322,0.00023724000882743455018)	
(0.0087733688267439980529,0.035978550824411467679)	
(0.0039585142250682233897,0.016165483375440419661)	
(0.0098642525595582352532,0.01013110804372101964)	
(0.030129924081421406712,0.020533072510823532214)	
(0.050123853570753967857,-0.063059956121966936893)	
(0.0014606841744316814095,-0.0081560508781499518188)	
(0.0067980062209413976565,0.013765224511860246412)	
(0.031984724467078243237,0.0028869300008194753553)	
(0.01561574746301021277,-0.0037381108638073886827)	
(0.0094115980312995707602,0.014789762341542632418)	
(-0.015368073698268591709,0.046501738926266494856)	
(-0.00495961414378951089,-0.00029673104209854465028)	
(0.011026801118355378586,-0.0049736379481645819414)	
(0.026664199251589571632,0.011209616671014990472)	
(0.0270222327612784953,0.011290903508512363865)	
(0.0065595943059483735951,0.0022897033047850523686)	
(0.029839632605129069731,0.02052129779473590987)	
(0.049858608861308745253,-0.06312643311133125934)	
(0.0067634187175291517538,0.013922467785984569966)	
(0.015579306039594066971,-0.0037197394864660632968)	
(0.031941767280220939584,0.0029780490623265865741)	
(-0.0153122669739892657,0.046602224956834949199)	
(0.0095193345266751244749,0.01463557102495602856)	
(0.011098816922983201216,-0.0051241352310632997183)	
(-0.0048763711671443877443,-0.00039010700891984413565)	
(0.027234340875709799057,0.010823605363070315163)	
(0.0064408361701808591188,0.0023740431846483995952)	
(0.014019525685811953797,0.010580872343686225159)	
(0.016292914961832757892,0.021449712609217172488)	
(0.022067438819136423606,-0.0062443527060295949196)	
(0.0049081548648641252705,0.0060916494810153223871)	
(0.01189940031649500303,-0.01560052885400883653)	
(0.012265094880342063827,0.028490645333816212725)	
(0.012650507648721357953,0.015016471548865274396)	
(0.012648453826011289355,0.015010769469462902775)	
(0.018700767136433895516,0.0062410749210543708942)	
(0.0088117627680119811617,0.010626125350075949286)	
(-0.0034432662595571582667,-0.0056116933849723283842)	
(0.00546109231245056094,0.023399054417577901804)	
(-0.0031252648836796351021,-0.001308794370192558525)	
(0.01189742312493390769,-0.015595305488164332153)	
(0.0066655126813452347453,0.0011917011466687403923)	
(0.0047717724542970128485,0.015277232671482423448)	
(0.022193840752654687976,0.019072416574985064791)	
(0.03026813134973555322,0.0053838867118961089564)	
(0.010824927332730369112,0.0080720524515062053866)	
(0.018074679097234709613,-0.0013911110183511008007)	
(0.0028558130621784008976,0.0096331818870474018868)	
(0.017688199761262124454,0.021011115096162037014)	
(0.010864533556910043258,0.00052358263054752118143)	
(-0.0038375768687938273394,-0.008916320330172007938)	
(0.0053677525462377034468,0.045902836346377859367)	
(0.020099389225345640209,-0.020552864699254547176)	
(-0.005334000091753100109,0.038993312244712037551)	
(0.023786919758239467859,0.011651323953750626974)	
(0.022142394568537237393,-0.015431434899722233298)	
(0.0037950204099737832979,0.0032701387389841483043)	
(0.010255696513002668033,0.0068835936888752037588)	
(0.053922273060757155982,0.022674450816520159285)	
(-0.0116680739216304067,0.013271509113490460863)	
(0.0084559542981331465433,0.003104931978834060257)	
(0.0084332984754829469487,0.011436868078596128945)	
(-0.0072709651012727426894,0.015708721257435168811)	
(-0.00049908470358333320398,0.0037882312322090419023)	
(0.012020165352288813762,0.0034096079117170870719)	
(0.0062078182703098486531,-0.0066667794677916572543)	
(0.019789884432929692737,0.022482909876479578726)	
(0.0081839670321561894945,0.017051739087031787812)	
(0.022222512649577023935,0.00080310679502131835511)	
(0.022031498479079276304,-0.0062075488906699477498)	
(0.018687999560313726249,0.0062628988238714478759)	
(0.010894151978409745071,0.0081141640709687084393)	
(0.030373894564374323557,0.0055979320496120383438)	
(0.0082780932396969725967,0.017062160862564842295)	
(0.017633044303947582876,0.021002122362837334635)	
(0.0028097521460714795609,0.0096314004841982908678)	
(-0.011674600200201999331,0.013223161987398170808)	
(0.005470405987849510758,0.045805206476698737128)	
(0.0060973439487889795341,-0.00669825113873429457)	
(0.022055492163277973933,-0.015488136132518018698)	
(0.022252134731531078571,0.00084470087718905391069)	
(0.010393297332650798526,0.0068106595891794371664)	
(0.0037981752253977477639,0.0032724781473423285479)	
(0.014017578998672255292,0.010633747865567080501)	
(0.0049384831694529044213,0.0060714555852957909077)	
(0.0054648945288988306362,0.023307414167322352411)	
(0.0066053385714601661749,0.0010940561216225431346)	
(0.0182636154100067373,-0.0016144468390080794415)	
(0.010863258843408021143,0.00053252128077070659019)	
(-0.003806239947707968415,-0.0088179335344017485687)	
(-0.0072526021347802489478,0.015604642703024459993)	
(-0.0004757242206788358423,0.0037415707946884236255)	
(0.019899292235890642805,0.022344158377852904596)	
(0.016155878389788484728,0.021439081696500082025)	
(0.012294690710501999728,0.028404666585972938864)	
(0.0088460338356206539429,0.010581352213733380419)	
(0.02208774261083244761,0.01909959390910711402)	
(0.053918277677022785621,0.022619890699652943356)	
(0.0083629268149997583459,0.0030752316197292296242)	
(0.0084453169264207626071,0.011483939688433274229)	
(0.011758191109621066867,0.0035726267475423103583)	
(0.0048261517814052329323,0.0060566225854069384235)	
(-0.025005377647993994039,0.040581892559884882865)	
(0.015026779044653619868,0.012167399368941102245)	
(0.0014114178057169201458,0.011498664977535462753)	
(0.020675234374815922023,0.017200429609647342744)	
(0.018413544687067597699,0.014061402449487813912)	
(0.014687751014754630435,0.0057092577042755542419)	
(0.010879039778729369253,0.01369821606355800872)	
(0.016798973411910670533,0.023472613112157050819)	
(-0.0041724004557568590557,-0.0089391867112280972568)	
(-0.0073719878915837660019,0.040511453279144737927)	
(-0.0021078297655056279364,0.0096054490255474307692)	
(-0.017387426015632031356,0.034801177934343299758)	
(0.022740177182365012287,0.0054991705785611367727)	
(0.01964207009959463221,0.02244578184210329827)	
(-0.010753630165772543395,0.0078779969546240516398)	
(0.011637167743086323721,0.00024553066513964132448)	
(0.0028890984953712966002,0.0026781400315059296705)	
(-0.025029974032724021382,0.040569101882914321289)	
(0.015000509458066442828,0.012101184155517155649)	
(0.020645288806490382644,0.017182463305398559122)	
(0.016770804971385187832,0.02345901480614564702)	
(-0.0071936286199960151194,0.040581885091924237152)	
(-0.0020623006852568343331,0.0099808216532279378508)	
(0.022966111367107373137,0.0056042879109505106677)	
(0.0029398273834286927676,0.002899922214880039633)	
(0.0048611547665604552121,0.0060784032970492294159)	
(0.0013577506463607379519,0.011559371557048239709)	
(0.018481606025895446627,0.01406810224267241588)	
(0.014763088982559166573,0.0057741188097470939888)	
(0.010921395079696435623,0.013662696510679608192)	
(-0.0042447719666885768905,-0.0088137322198446731852)	
(-0.017587581888478844017,0.034793931079095959114)	
(0.01972458180269733713,0.022505882759012330041)	
(-0.010645564044717633831,0.0079351477606449845326)	
(0.01164288009839873142,-7.7250911875443177058e-05)	
(0.007353741810625157721,-0.0027463689490074974855)	
(0.016777900043515724116,0.023512527935183717004)	
(0.010830547883327646536,0.0081158630445704715156)	
(0.014140069090898229817,-0.0035575170415819662266)	
(-0.025011902263090371457,0.040669068272813212184)	
(0.0082215332149319191035,0.017126153508347986831)	
(0.022023001871084718628,-0.0062212036568539130776)	
(0.020621793435371339048,0.017181143018519109272)	
(-0.007472662931474679214,-0.0046075598179057888903)	
(0.011168796992541274796,0.012523292592739850362)	
(-0.01083690377951230209,0.006311937518632845974)	
(0.015007553085545846314,0.012119962334385163405)	
(0.019642243045931578188,0.004798651076996459687)	
(0.0041545555439197346531,-0.0025090973066593941221)	
(0.05452273072632777412,-0.017890287994402901545)	
(0.002925358642695045485,0.002830206369229200207)	
(0.0061782701833028542612,-0.0066191948236587134016)	
(0.040195892366012030139,0.010257190102317048294)	
(-0.0074722156626126096796,0.040566177786023380203)	
(0.02222302902235730529,0.00075635667068204713755)	
(-0.011751591302480058829,0.01336929533335988983)	
(0.022779412463170216341,0.005415943506737627873)	
(0.041523978210718633097,0.020700009915470524158)	
(-0.0048048128250199641232,0.0085587659893757231377)	
(0.004267209969303474397,0.0099493800687029468333)	
(-0.0020373893193129629167,0.0097414297334847983062)	
(0.05491534774637149563,0.01893042435362889131)	
(0.027211588917081388356,0.011033762305579496513)	
(0.019508438644611318658,0.022439446666165669547)	
(-0.00056123894049274361626,0.0037731883178179683597)	
(0.011951755871866955039,0.0033445316886879543003)	
(-0.010997464203166249647,0.0077860929936622112063)	
(0.011492532931306699909,0.00022886970172292158483)	
(0.018088460749126886173,-0.0012359054310669297973)	
(0.0066491907420786000929,0.0011706304489165471425)	
(0.022283147456553683424,0.018989629439450775306)	
(0.014750858352105249843,0.0057416000107634876728)	
(0.01093452308471108865,0.013727588191170678883)	
(0.0072811145500190320445,-0.0026559385940192821625)	
(0.016776900457897793439,0.023468728382912303759)	
(0.010897766796697570466,0.0081612977798926882728)	
(0.014126164654202407606,-0.0036826933732037312776)	
(-0.024964627377106609479,0.040715543523995943731)	
(0.0082687448734731234384,0.017091425376244868961)	
(0.02202646857083833884,-0.0062074417820838900112)	
(0.020605345554676475495,0.017165951619749642704)	
(-0.0074787169301043709621,-0.0045782855642586507347)	
(0.011127196451426783763,0.012494072296715013834)	
(-0.010799502741513465967,0.006233237095610510807)	
(0.014945303485194915555,0.012112048398435803706)	
(0.019714102014162310922,0.0048521907230112881412)	
(0.004140745387530930452,-0.0026473855400955749635)	
(0.054266974650038317385,-0.018085779487387175501)	
(0.0029818133352044161322,0.0030434035805090220092)	
(0.0060980139508148793054,-0.0065885967931109097953)	
(0.040182110052412775558,0.010357223092563785233)	
(-0.0073182876891748549139,0.040614526112800454494)	
(0.022244624879550384949,0.00080232503432819295749)	
(-0.01173684096227635594,0.013302190967339588834)	
(0.022988730341132385115,0.0055116374614306946553)	
(0.041395888075094533498,0.020572015846587538707)	
(-0.0046423734907265704758,0.0085336342042159184923)	
(0.0045971161562325703331,0.01005044950749351719)	
(-0.0020142095254623861543,0.010142159999052963171)	
(0.055060608963578151764,0.018935665076065741341)	
(0.027039743791162935277,0.011429284784582560003)	
(0.019654555322341369511,0.022316746256230250711)	
(-0.00054568305167888148371,0.0036812139802172875666)	
(0.011735460151652030852,0.00349608394718703289)	
(-0.010938088185034456831,0.0078161036659146632816)	
(0.01148864459251782745,-2.4770592749469250653e-05)	
(0.018281131761830785032,-0.0014372917431428478691)	
(0.0066166427717553296176,0.0011026474724183631115)	
(0.022218334985702196255,0.019018388518447122693)	
(0.01475176469039100012,0.0057557654558483498791)	
(0.01092686366757781441,0.013681881869098506607)	
(-0.0058046855282526546929,-0.0032770038522040773922)	
(0.030148737063447120926,0.0053849696164987347416)	
(0.002880652808074933395,0.0096758460623783664606)	
(0.017676462654352569082,0.021047066796681373341)	
(8.7804440175686158205e-05,-0.00034924086387484992028)	
(0.0053608276071738921939,0.0022900486065189442665)	
(0.017859008573561395428,0.014005516906817856021)	
(0.025057037729884015093,0.017737462659727226688)	
(0.0084188893469117724588,0.0048430566530858051508)	
(0.0043134264936660650369,0.011828071002922137256)	
(-0.0078034717368735580234,0.0053334501522445312144)	
(0.013491106676823709162,0.022964425108930680564)	
(0.014079062377584199844,-0.024188687414380318635)	
(-0.0035278167758097949032,-0.0056681145806576054696)	
(-0.0023344307054616649649,-0.00038896054217837412606)	
(-0.0031898861660779004139,-0.0012907341726455796686)	
(0.014452484272878426269,0.0032675369535555714474)	
(0.0048612034365307860498,0.015317673324159035084)	
(0.0079603881145682946208,0.017678162597824811225)	
(0.022185885380722917409,-0.015393951587926646071)	
(0.0037607598205604214972,0.003309980004991807008)	
(0.010394982926211630489,0.0068708805553900449345)	
(0.030366943517010799164,0.015888322611761533654)	
(0.022704925768300986133,-0.0019764237828120020078)	
(-0.0050534485279580317746,-0.00026386203717823213414)	
(0.0111508687305688272,-9.244971789021214244e-05)	
(0.0085494091663905671247,0.035959244021288437609)	
(0.0013624007354516858188,-0.0080929072366806679983)	
(0.020045795449590037007,-0.020446378856071666108)	
(-0.0050934755018267356338,0.039086959746408286853)	
(0.023651533436395883597,0.011647028599836265969)	
(0.029842306182057038583,0.020505692137935450231)	
(0.0039700151131064212798,0.016188293998356070857)	
(0.010940217552718369681,0.0003784299471698887498)	
(0.049716327094340977133,-0.063198008867096214236)	
(0.0053307904206769951561,0.045652653305984544629)	
(0.015606334856842313599,-0.0037418548843645579004)	
(-0.015273119458996229844,0.046640326737991663619)	
(0.011108549943694862386,-0.0051239727780385763492)	
(0.013991335458614233972,0.010507165332369252514)	
(0.015131708492158873341,0.01772322034242206773)	
(0.005540445502593856035,0.0048100385179988547346)	
(0.032015642079646390583,0.0029691087645615102733)	
(0.009442209844173637262,0.014787521677458339078)	
(0.0064485559700460885063,0.0023377538824549447607)	
(0.0084346537560697192742,0.011446887358778638083)	
(-0.0071326174757390843617,0.015686851721874572191)	
(-0.0047611852252662512086,0.02751623064205974134)	
(0.018700308304866210957,0.0063320488895494148746)	
(0.0087805405224648559737,0.010584865889279222034)	
(-0.00074838604289763778054,-0.0057647170171692884919)	
(0.005439498087114159712,0.023319980824629386179)	
(-0.008342205062661390072,0.012575093385779827215)	
(0.0019173238791805873472,0.022123828823473488947)	
(0.012986323592394120874,0.0078207633810347676473)	
(0.00067114846882422877963,0.011760118994656358973)	
(-0.005769823628951175308,-0.0033191037892529480502)	
(0.0042134827832978408169,0.011879955375439916337)	
(0.014040837882550994548,-0.024227602215271398789)	
(-0.0022536181599671733893,-0.00038513636423130538818)	
(0.01441470651306380954,0.0035179711941158223198)	
(0.013986340505853052038,0.010542687543097024189)	
(0.01313244350570219772,0.0077392837969623515942)	
(0.0081317763796543048038,0.017565740314635262115)	
(0.030119055478724461594,0.020559951066245668594)	
(0.0054632805071513105763,0.0045392583860547732269)	
(0.031924935339151278013,0.0029983033589993375416)	
(0.0094928232823966139653,0.014733816015304082928)	
(0.010961546762083598447,0.00035916596422073764463)	
(0.00069123505937401330621,0.011710153520644367084)	
(-0.015270346109151360439,0.04654037815117045146)	
(0.011048823493187597683,-0.0050311638504126465071)	
(0.0084405848552514383537,0.011489598617439488598)	
(-0.0070879441655099153369,0.015574396281897988359)	
(-0.0084107561498507274478,0.01270612627887675837)	
(0.0018588806285318743711,0.022313375891060503037)	
(0.0087900154814311015627,0.010568009976258138302)	
(0.005460001311576673233,0.023326430998642764397)	
(0.030234827670488333834,0.0055855981866481593801)	
(0.0028583287273027916005,0.0096777696302163870173)	
(0.017628404433308028643,0.021047637046479463624)	
(0.00016342262906247277503,-0.00028568846769054311941)	
(0.0053462941146654478428,0.0022624023121325252846)	
(0.017832392863670023381,0.013974102661735191347)	
(0.025034070827582435154,0.01776288873607114599)	
(0.0083500072742784640922,0.0046691161684870256116)	
(-0.0077919932954847708623,0.0053256709150443998571)	
(0.013496206192836011223,0.022960994941287286158)	
(-0.0035271153697207786697,-0.0056703829078989095511)	
(-0.0031911504589638393925,-0.0012941390980745392982)	
(0.0048594645483186222484,0.015315109339139305542)	
(0.022109115977427973992,-0.015442406710479665219)	
(0.0037448405859043585979,0.0032858064803730296054)	
(0.010527115132448186183,0.0068036449361006546416)	
(0.03044260919488579048,0.015974954761266313419)	
(0.022970704749109709802,-0.0022277687888995448447)	
(-0.0049580730232206705194,-0.00030366242209509206745)	
(0.011078607751467073328,0.00019247012891456641878)	
(0.0086209384534106509035,0.03617435661198368374)	
(0.0013377136701465126411,-0.0080867704321252349697)	
(0.020042257457025217104,-0.020454783887824463939)	
(-0.0050829085894746155183,0.039084819047745751608)	
(0.023654884752272280213,0.011650605818503193684)	
(0.0040268948161718016304,0.016162092872130780219)	
(0.049969479907941129204,-0.063049943272689701335)	
(0.0054542480952381343015,0.045526038506261405636)	
(0.01563335498452764899,-0.003699502199271242648)	
(0.015260141058819613746,0.017752050293542587928)	
(0.0065633812879764847487,0.0022794951474660964975)	
(-0.0045636686101216544786,0.027529173553780924427)	
(0.018705133949190617254,0.0063594072460091766522)	
(-0.00059728667584721265374,-0.0057176057238122321089)	
(0.013193342544754977502,0.0083482139757314853534)	
(0.014288908118737215711,0.011837470992277256132)	
(0.011276851789401361181,0.0042081264902900867089)	
(0.006796441663800932044,0.013829672371249920881)	
(0.013118590553984945876,0.0083949551227567621725)	
(0.014164573497648675487,0.011851246103837375506)	
(0.011281310159724661571,0.0044037346475956128458)	
(0.006810581512673107539,0.013707989225355527926)	
(-0.0057756734063505585017,-0.0033130564465699637207)	
(0.0072411801479343677196,-0.0026452001972175681263)	
(0.0053573953186762607662,0.002261925130083434609)	
(0.014147987602970866702,-0.0036889215712883451428)	
(0.0093292064579008678743,0.0001222549357571723228)	
(0.028408531347876676137,-0.005595578375736542931)	
(-0.0027938130110630372306,0.034233589228215302591)	
(0.0093294388792056360399,0.011804661175036597343)	
(0.01782926920497615933,0.013968375583914314358)	
(0.00082681553212664900959,0.020272519080779812656)	
(0.0041679153105474509369,0.0093736600139776426327)	
(0.0081350325760891333687,0.017568069340089899344)	
(0.030433499292992396978,0.015977968423448452029)	
(0.054253014418675173103,-0.018102697619973250748)	
(0.041275574338519208095,0.003069194902779014654)	
(0.00073384032481596333207,-0.01908225427488720316)	
(0.0047776689126922617171,-0.0017151869217690370213)	
(0.040187258202039694011,0.010352101612693970917)	
(0.0067808782113778255651,0.013103643203794874961)	
(0.0086168291411159621263,0.036175692594739912444)	
(0.0099206676441101933339,0.01009292536728448493)	
(0.011286127651701210323,0.0044121977270595988049)	
(0.013061708104582677586,0.0031218437391340599606)	
(0.055039719402588491159,0.018938933396422153593)	
(0.0040308725299677333406,0.016151868461229998419)	
(0.011514370806991709034,0.01203398095647420854)	
(0.010966895623477374705,0.015753617032909773138)	
(0.00069678158449557547026,0.011709150231710945336)	
(0.028131365742345346842,-0.0054980864004053895192)	
(0.0042237490278830263496,0.01187198071557677044)	
(0.0094237161322588362117,0.01177627107223318953)	
(0.013106810602250912323,0.0083951893186201761998)	
(0.00016375923961983553166,-0.00029262459938299810458)	
(-0.0078017724784972593971,0.0053370114424288860738)	
(0.004159806295612075884,0.0093650349469190392188)	
(0.0068080533177711701626,0.013227697278078072787)	
(0.012990782409138002321,0.003270094711680772339)	
(0.022972174102851565525,-0.0022236435693197835646)	
(0.0054631112981353632807,0.0045197402914458027767)	
(0.011060009538269783766,0.00018549487862633599021)	
(0.0099175321583585031304,0.010089711941108425036)	
(0.011446206757585212013,0.012095342660971062851)	
(0.010896792719691584736,0.015738519947913035685)	
(0.041401897077446243867,0.020574596501733374149)	
(-0.0046419974978039475061,0.0085391370498061128225)	
(0.004577874676579583163,0.010052418204432454069)	
(0.0052531175356400365214,0.0042722248742707094604)	
(0.014431796576338586438,0.010081577241933932509)	
(0.028138901157734711594,-0.0055001898567161571635)	
(0.030121195694827296307,0.020540889098009704195)	
(0.026598945192046963976,0.011213101842733325456)	
(0.049979281249949908394,-0.063046942198110758615)	
(0.006815929766353777397,0.013705472861680733504)	
(0.027041005433491503013,0.011430867025297497541)	
(0.006564399231288121743,0.0022783596493619303128)	
(0.015629595737980808007,-0.0036959687007670164599)	
(-0.015266267579434189897,0.046550722777967082355)	
(0.011056057304661078694,-0.0050325447744021352056)	
(-0.0045679008234918352244,0.027537091002168147258)	
(0.0051827632555679114049,0.004257860005281434608)	
(0.014026094445873278638,-0.024239042262021868318)	
(0.01415915296044547439,0.011847512497756926969)	
(0.019707564544973570075,0.0048509176799094999577)	
(0.0083499307824689544127,0.0046701116981012523802)	
(0.0041444652928408045114,-0.0026473882388196412312)	
(0.028411931577902126839,-0.0056055955897298280141)	
(0.015271970690790297523,0.017757985326336076654)	
(0.031934960290972889962,0.002990354570425971404)	
(0.0094939153026986303902,0.014738077709002154331)	
(-0.0049642566953732808824,-0.00031481217020109663208)	
(0.011408643187287017054,0.0072818578225117046657)	
(-0.01382568799973756847,0.065391816399954588723)	
(0.0047586150356184213003,0.012472357805617654072)	
(0.010399897351184064428,-0.0083487342186764536972)	
(0.0044843061431310013779,0.0039058078236684627173)	
(0.0047588641742001037971,0.012503308015419774268)	
(0.010370410932432714418,-0.008514556590951275275)	
(0.011431593176642891596,0.0073272806531645435363)	
(-0.0074732757228026863369,-0.0045739133906899506407)	
(-0.00059416149349929715112,-0.0057107952522002358026)	
(-0.0022529002101421271784,-0.00037614869865565484517)	
(-0.013794371311316102821,0.065393153323661801224)	
(0.0047638649616659261773,0.012483494119198331254)	
(0.010364339303041592011,-0.0085067974306736217349)	
(0.0044151821751074191505,0.0039082857388639345025)	
(0.011128462815464435984,0.012491517803323014604)	
(-0.0083993633317526184001,0.012702062298224110412)	
(0.01442480567778956467,0.0035197628647395777512)	
(0.0047516151385649796346,0.012484922081529155682)	
(0.013124794499664376238,0.0077396385905815715672)	
(-0.010794350295014000507,0.006234760129324111097)	
(0.0018627333690206286047,0.02231980079362068381)	
(0.025035595433918440139,0.017767982532761808501)	
(0.010402408089053495621,-0.0083474148775646260512)	
(-0.0058051395032160321708,-0.0032869329614613300439)	
(0.0073311452256561672122,-0.0026869479870456356232)	
(0.0053503476803299764714,0.0022811580905593336135)	
(0.014140230377127374628,-0.0035637261655448262444)	
(0.0093293462436552614114,0.00013267576743122315636)	
(-0.0027756364106941069231,0.03425031946897245938)	
(0.0094298945007187696954,0.011776612889594849712)	
(0.017857600632009341945,0.013987600133338251238)	
(0.007956956177048477713,0.017679592951465310235)	
(0.030350830734528100319,0.015881145565826360749)	
(0.054546425910461680819,-0.017898910929848316914)	
(0.04127221748918766947,0.0030668710577630630895)	
(0.00074588722521294874984,-0.019081128094807615903)	
(0.0047852880647765499642,-0.0017094579499115016182)	
(0.040198217440536310185,0.010268808296422692744)	
(0.0068026647309979322575,0.013221366587411981924)	
(0.0085520114284685453537,0.035987725521197277967)	
(0.0099246404867607256745,0.010088392395237216065)	
(0.011279486370337349355,0.0042111798489494946945)	
(0.012995639016732731322,0.0032741464803110352164)	
(0.054889649082506472566,0.018942956545755049169)	
(0.0039689636173762454438,0.016184846891672165919)	
(0.011447960517167846822,0.012091138630444451391)	
(0.010889186643966753537,0.015747761255782238149)	
(0.00067350714064689316731,0.011752888611176090169)	
(0.00082382572975691281073,0.020278694854115129204)	
(0.004163653481425617052,0.0093698092400833956489)	
(0.0043174995057473214422,0.01183081322174864454)	
(0.0093322321410565373112,0.011803187675461738332)	
(0.013189964230792673369,0.0083406492116607673648)	
(0.0067864890832414056718,0.013110552602610583972)	
(0.013052173760494781979,0.0031236233337480746007)	
(0.022707882288384953484,-0.0019511508470795126732)	
(0.0055350828271828458535,0.0048019310054219360717)	
(0.011134197780576282621,-9.0594115204815908932e-05)	
(0.0099161732887779394097,0.010097696567645112961)	
(0.011510040928899614374,0.012039422178719574874)	
(0.010970347228352593863,0.015747770945966726303)	
(0.041541168137127840176,0.020702573077479947961)	
(-0.0048144510911135680528,0.0085708680098370085276)	
(0.0042513999153841394718,0.0099431028214915975066)	
(9.0925942427176229769e-05,-0.0003508653160500125592)	
(-0.0077930301552210810498,0.0053403505703597722171)	
(0.0041665537275679389792,0.0093716175622864644063)	
(0.0051833404810837143545,0.0042542260920472845659)	
(0.014439684443885731496,0.010083138327838973153)	
(0.029840832676283238906,0.02048310579006358545)	
(0.02659920536499416413,0.011213549230307953003)	
(0.049717063628539011344,-0.06320939347837901956)	
(0.0067989748004538578738,0.013815062746156169318)	
(0.027217758059513676855,0.011017656158806425279)	
(0.0064471236225720034152,0.0023465373401772167926)	
(0.01561004407200266425,-0.0037406526652475013094)	
(-0.015263785133729062746,0.046665404605744607858)	
(0.011105865604011984013,-0.0051217502330151987167)	
(-0.0047710926338002711614,0.027522836655539003464)	
(0.0052519605111590612206,0.0042758595071487100897)	
(0.014077881957052871403,-0.02417792583884934704)	
(0.014293472626979259951,0.011830339780457570578)	
(0.019636268537868480782,0.0047963160087962338277)	
(0.008410806020038850625,0.0048453362063601941243)	
(0.0041601220403511655899,-0.0025021455905176342473)	
(0.032022688771154828036,0.0029528146432869113724)	
(0.009421735924170285964,0.014801850306877719493)	
(-0.0050641405869790902944,-0.00026543685786732283075)	
(0.015132366033136069802,0.017721243594438582797)	
(0.011433523020378342366,0.0073295612200934764924)	
(0.0044139833568223145466,0.0039088230573209592489)	
(0.011407504321515625489,0.0072805003384144965917)	
(-0.0074716369937395709158,-0.0045991282851327664263)	
(-0.00075961594072673863792,-0.005762042640688315974)	
(-0.0023372283324020227957,-0.0003798085255944827379)	
(0.0044947489243841315387,0.0039085692023082532418)	
(0.011170237065445624142,0.0125335120766661718)	
(-0.0083241547074412915869,0.012589026634508412514)	
(0.014470587383132222162,0.0032773028486521174965)	
(0.012980332618948124332,0.0078231201185326726399)	
(-0.010841388507110296877,0.0063282938565804589329)	
(0.0019181015618728032394,0.022127729491716943699)	
(0.025043166688388344976,0.017736399027668214856)	
(0.010904506256774887385,0.0081619546405342011108)	
(0.017623512978220481212,0.0210455281847462157)	
(0.022063295189439752209,-0.0062106274537325253243)	
(0.030233451965697193814,0.0055892691638556287262)	
(0.0028492946125482977206,0.0096755689274199349614)	
(0.0082728173108403118413,0.017097510316096915794)	
(0.0061074356547349151897,-0.0065918529487538138345)	
(0.010523959046014448593,0.0068102770518782360792)	
(-0.011742822152786921985,0.013300700090507338105)	
(0.022108670682773518684,-0.015456784867778215059)	
(0.003729961371950126902,0.0032878703267379830524)	
(0.022240136612150150641,0.00080240825555025262292)	
(0.005451819973290612277,0.045525918390259906277)	
(0.01869980363543493479,0.0063492250750545650012)	
(0.010837505289498878744,0.0081152292462994077976)	
(0.017658913953979088474,0.021043118304467863661)	
(0.022051819892826694802,-0.0062400436917965261194)	
(0.030152899896825270665,0.0053764041805697583565)	
(0.0028735855651213313561,0.0096703279907177416147)	
(0.0082250015725568031977,0.017124510483401481076)	
(0.0061864913539451367799,-0.006612633083455067215)	
(0.010401617266762783892,0.0068694769947352310457)	
(-0.011746576236163810622,0.013378414421602541004)	
(0.022182118272102341328,-0.01540000852704327336)	
(0.0037511493693376065685,0.0033214743469749067467)	
(0.022228974860157610371,0.00074359730879387222948)	
(0.005312759041678727541,0.045655737407572651032)	
(0.018689952199673082883,0.0063365248001112945558)	
(0.010969506243401342879,0.00037031949637270067648)	
(-0.0042330801132430002226,-0.0088281763837065405781)	
(0.019662666410625188884,0.022313573032824052245)	
(-0.0070839501277393732148,0.015582652526225223774)	
(-0.00054795780684575238605,0.0036793234803464526864)	
(0.013986648200138342493,0.010536234046310901519)	
(0.0048716760116567607575,0.0060689103257744294109)	
(0.018280646696466635454,-0.0014389989969863248038)	
(0.0054565442794442167024,0.023320166046714496666)	
(0.0066139492425471586162,0.0010986591784237019053)	
(0.010947165952742258371,0.00037451655919206892822)	
(-0.004181004470309802705,-0.0089491302567085671826)	
(0.019525471869329916186,0.02243408811831256941)	
(-0.0071315519547203191572,0.015693299547073821104)	
(-0.00056522648591895855233,0.0037748387743913409606)	
(0.013992323795197174688,0.010504968628510162262)	
(0.0048203100034336322441,0.006052788091045101064)	
(0.018099421458360222259,-0.0012305550384337407121)	
(0.0054367292795012211667,0.023316406498947072484)	
(0.0066482559723952238534,0.0011663657296156484337)	
(0.053916182754676036937,0.02261730963819572407)	
(0.0083628406450379152992,0.0030773157063687596631)	
(0.0084443027308150966914,0.011491148413888591442)	
(0.011732494308428825444,0.0035187227617465297383)	
(0.016156254646705409811,0.021431168336914677153)	
(0.012293140374360085609,0.028404983359902588602)	
(0.0087923492953289467122,0.010574709270406022071)	
(0.022218392843027828104,0.019027930548031507518)	
(0.016780543134555622048,0.023472116729970123744)	
(0.02060690238089504453,0.017162741692715526021)	
(-0.024949488327670712312,0.04072160367347481269)	
(0.014949400237705591163,0.012109836532871138398)	
(0.0029848460205121997782,0.0030385584310803751863)	
(0.022998713461870011476,0.0055190977449648716269)	
(-0.0073227713421995192095,0.040607613968248412739)	
(-0.0020136856289764640954,0.010140667712099987394)	
(0.016777886073405350043,0.023514467018322417202)	
(0.02062250919567507404,0.017177164369170171837)	
(-0.025001272161319983145,0.040684478107922285306)	
(0.015014384265045034941,0.012121961449598980115)	
(0.0029204635919281686854,0.0028236858201131859528)	
(0.022783242754034625094,0.0054103440056553981155)	
(-0.0074643455519452983279,0.040576364166109643583)	
(-0.0020397553494368495484,0.0097500300132777467654)	
(0.053904091684797546258,0.022654298254478975883)	
(0.0084490054747412106362,0.0031120613092011002211)	
(0.008438238500507413975,0.011445515474728582689)	
(0.016302894124539942661,0.021440447769465693917)	
(0.012258139961770976589,0.028504220288855752069)	
(0.0087832469753415555458,0.010586746919058075481)	
(0.011958456604311678076,0.0033635300447685820627)	
(0.022276834174666772931,0.018998277136330926629)	
(-0.017594182061346635981,0.034790767643663643438)	
(-0.0038275882517586623521,-0.0088185733189782306712)	
(0.019719308931733264822,0.022509160929076926783)	
(-0.010930003861236360641,0.0078106145805291711873)	
(0.011492069022315897983,-1.9905607039759767656e-05)	
(0.0013530226803648241068,0.011557774699230962887)	
(0.0049259529415824907309,0.0060750156153214834517)	
(0.018485080847712196533,0.014069115863945222747)	
(0.014754888764715597127,0.0057573399172375439373)	
(0.010922573321947197725,0.013684319373777760823)	
(-0.017400912434361853059,0.034800651291481479732)	
(-0.003857148552000858998,-0.0089259777793406474417)	
(0.019631161066354468198,0.022439228165409285526)	
(-0.010990223491020327182,0.0077989289926538810788)	
(0.011507497781148583529,0.00023649963373242410911)	
(0.0014081505510445005511,0.011511206699518338609)	
(0.0049054487496439490996,0.0060870026316778751488)	
(0.018417144857562683935,0.014061936595545578704)	
(0.014754529294654379623,0.0057408259941350795602)	
(0.010936954219952605208,0.013726945912652539425)	
(0.0074099200571542799681,-0.0027537214706693292389)	
(0.014193596182312239254,-0.0036890283854231235502)	
(-0.025036555938997902271,0.040564924889038414535)	
(0.015001024640178351258,0.012103872136205701127)	
(0.022035510239694695855,-0.0062060805830682040651)	
(0.020639682215086330164,0.01717954049974131786)	
(-0.0075662129703093364622,-0.0046114330056957995863)	
(0.014763064729925957572,0.0057700053043140903455)	
(0.011007490210983362708,0.012485079060365571538)	
(0.0066088292765118699171,0.0010902272676978686829)	
(0.010923588542168509441,0.013660843948125488481)	
(0.016764369229518995275,0.023454454917095409611)	
(-0.010743727250841012683,0.0061375544592082069764)	
(0.022082236226630056614,0.019089801014048196626)	
(0.010888442836133998756,0.0081093369816362271402)	
(0.008275871391695726817,0.017065308318783695141)	
(0.019662387844109365659,0.0049250229501392713341)	
(0.0041672646688987033045,-0.0025776699248426146981)	
(0.018264092268885593479,-0.0016154971524130689545)	
(0.054371853033818376422,-0.018049830491605241972)	
(0.040178648039176034779,0.010169980061896299189)	
(-0.0071858883294303758579,0.040581677132396729024)	
(-0.0020683300244898621296,0.0099810773813556151468)	
(-0.011664452471198150443,0.013218723138731463748)	
(0.02295279076624380174,0.0055945538712988667623)	
(0.041436635218102722822,0.020499218161633431939)	
(-0.01065057274564077533,0.0079437581122236023551)	
(-0.0048117903771966044971,0.0085852523910472603591)	
(-0.00048115534166627923649,0.0037437085543217856268)	
(0.011643757630028598107,-7.7052353599090471752e-05)	
(0.0029319278459287779516,0.0029008456467906175782)	
(0.0044550920219052995291,0.0099144640945519613151)	
(0.011767822752126655059,0.00355812919144189721)	
(0.0060935376517160582885,-0.0066912011980322181476)	
(0.022256336860365731611,0.00084941651806473875922)	
(0.055189438218759594157,0.01889401905615592861)	
(0.027029544880919371269,0.011274376406974000522)	
(0.019902240693701098162,0.022347849081350890793)	
(-0.0056877855106244722821,-0.0033186786767758214012)	
(0.0041446047567358507147,0.011891178755464505701)	
(0.014019349690502712694,0.01063827167710504687)	
(0.014046111789644443596,-0.024275694029496221876)	
(0.0088475348446836084293,0.010577322383779791046)	
(-0.0022632377007165064946,-0.00036056173029405360264)	
(0.0054725643064427523243,0.023313451735087243472)	
(0.014404730676982870075,0.0035753286135034780674)	
(-0.0083381884790938321644,0.012720321092276476102)	
(0.013065684884092161611,0.0077684947649476710982)	
(0.001884569451802633501,0.022330705127618904332)	
(0.0079506472711192259506,0.017327481266931794857)	
(0.030123375844221124409,0.020525419898722075535)	
(0.010859198416501217657,0.00051829325381283150326)	
(0.005310468078272553849,0.0046265773854500943582)	
(0.0084424749971110119723,0.011484368737200441324)	
(0.031937583088900677042,0.0029782878053833360121)	
(-0.0072489166456836369792,0.015602810979606080224)	
(0.0095316852937936298595,0.014653079125380124095)	
(-0.015356206254647702947,0.046512055925417031266)	
(0.00060504526876509505048,0.011745310054815782247)	
(0.011017650122409856916,-0.00498251865143297442)	
(0.0074403379145243772261,-0.0027498220488287763823)	
(-0.0057446721971212083915,-0.0033003039918950418871)	
(0.014243972711837677922,-0.0035397143259129288176)	
(0.0042625490368926851129,0.011918090598284422979)	
(0.014023290235620732014,0.0105856978208852745)	
(-0.025004120839217689604,0.040592283655407054854)	
(0.015030233668729292909,0.012170672013037158593)	
(0.022084777000829652199,-0.0062543665821507997069)	
(0.020674500291515417877,0.017204624614662544779)	
(0.014187978627443057975,-0.024153001539040763745)	
(0.0088112362919690444957,0.010626590847091105588)	
(-0.0075207720747739546102,-0.0046497545242462261575)	
(-0.002282509630812574325,-0.00031017001684488466548)	
(0.0054586447531519413298,0.02339333077116441742)	
(0.011081600478225659204,0.012565591867409119445)	
(0.014453472797123615573,0.0033754184832879615547)	
(-0.0083945828179371791838,0.012527062627841339948)	
(0.0066657543651187445635,0.0011962951095853876365)	
(0.016793010010081845657,0.023476456230031181316)	
(-0.010843998224360395372,0.0062294961779457433751)	
(0.012931065107040054171,0.0078549527124827534658)	
(0.0019117097455941956929,0.022106521638187458245)	
(0.01083208117353957195,0.0080654617508495764222)	
(0.0081796272056518098958,0.017048517395689244402)	
(0.01960852394778932889,0.0048777495536580835894)	
(0.0042131974040990147895,-0.0025030236161281199311)	
(0.054610416796249748594,-0.017881989523838959233)	
(0.0077523739942457012969,0.017448782095859077107)	
(0.040188602967748045247,0.010098310028145408845)	
(0.029848848247949602563,0.020510977787871070149)	
(0.010864339012638123821,0.00051853924246532954231)	
(-0.0073612832452444754844,0.040509205978084231181)	
(-0.0021079309048160281385,0.0096046408610339570333)	
(-0.01164905085727106597,0.013272920005179350555)	
(0.022733802890394300827,0.0054903259097525180035)	
(0.0053880627347144176634,0.0048915813266848379159)	
(0.0084327900554075473777,0.011434815015060341079)	
(0.041536194465262209208,0.020668687302820305113)	
(0.031982948404185709834,0.0028834842892514330956)	
(-0.00726492278576636695,0.015707411476129657518)	
(-0.0049880021166034656591,0.008605459123680709102)	
(0.009402384120820507854,0.014810156587112184925)	
(-0.015313172512902865907,0.04662850088428537737)	
(-0.00050639562838382737309,0.0037935657046045188727)	
(0.0028771197776749882387,0.0026797787566309309339)	
(0.004157876648434191344,0.0097257328354079693178)	
(0.00060360341759174652911,0.011777974467948324269)	
(0.01109158174294654596,-0.005124612762232435767)	
(0.0062108941649606707811,-0.006665412906249041855)	
(0.02222289158553875793,0.00079540220543995753845)	
(0.055050498262372522806,0.018898350458113850198)	
(0.02723963496412354704,0.010807073828126784534)	
(0.01468772688675896651,0.0057050709376721747343)	
(0.010877613793642734383,0.013699763827208883207)	
(0.022184791763605972437,0.019079456205682167325)	
(0.018078908579622059855,-0.0014027754340458832051)	
(-0.010751699335530511339,0.0078889880372982664619)	
(0.011650128565028457228,0.00025862837544050627098)	
(0.012027176970826300093,0.0034075860757797615808)	
(0.019805793776387782545,0.022478012131477674573)	
(0.0054002006939766400082,0.0023340110585748871132)	
(0.017840312495119869246,0.013931187391739784098)	
(-0.004538144126335531478,0.027611973766393554247)	
(0.013433351796142072032,0.022860650520106478439)	
(0.018688325967284476897,0.0062767970287141506072)	
(-0.003439881459851765709,-0.0056116103648602127379)	
(-0.00059352019939008608933,-0.0057318593704565497238)	
(-0.0031230445584892389636,-0.0013119120045324587573)	
(0.025062785152151496881,0.017802482421782919036)	
(0.0047773472259645599278,0.015274977164578996611)	
(0.030380235401271830226,0.0055931761578942515434)	
(0.0083472284425477501213,0.0046933164086957260275)	
(0.030557977771876625173,0.016120743385131214992)	
(0.022998084033844786583,-0.0022573017074955861738)	
(0.050118908964367887837,-0.06307337305174930131)	
(0.0014339499564346230246,-0.0081469891409233757135)	
(0.0054670944067996152943,0.045806419468621802082)	
(0.020091522997104212245,-0.020550823290800681459)	
(0.015617141289802754026,-0.0037374861065113595612)	
(-0.0053392339580762820245,0.038998180307167736036)	
(-0.0048657989623793846887,-0.00037639745198033526053)	
(0.023786351224102334628,0.011661138051975109692)	
(0.022056266547056054689,-0.015471081297225580328)	
(0.011353913407845866654,0.00024223965969434488278)	
(0.0037997928830855172248,0.0032740898459895631176)	
(0.010403596352938974251,0.0068029696204463608114)	
(0.0088156083630508003113,0.036178586014006662575)	
(0.0040372431802732089423,0.016133733190204713887)	
(0.006559735075165776079,0.0022953502580690342792)	
(0.0028166862085464115795,0.0096324629999565980487)	
(0.017634439442212046512,0.020997301180414290611)	
(0.00025504176211776425536,-0.00035629088397723141261)	
(-0.0077417509256228096703,0.0053151791094157314205)	
(0.015314674981047101537,0.017694601989580487772)	
(0.013089308269731337112,0.008369047380934836744)	
(0.014154571119979541399,0.011829770480106163028)	
(0.011175356372899923618,0.0043561672796658696544)	
(0.0067924743645775189499,0.013768150600458510871)	
(0.017907893934631144428,0.014002440373960912262)	
(0.013171318026772146567,0.0083098429639809120312)	
(-0.0046421842754852133545,0.027589576887479750483)	
(0.01422775216363028096,0.011801929801330147268)	
(0.018691796452349907637,0.0062283772471924403469)	
(-0.00071951882114272146425,-0.0057476343334104942548)	
(0.025086356776857894613,0.017784294157774209466)	
(0.030282548965842388117,0.005373801106662427253)	
(0.0083937324136338382213,0.0047839226328929024962)	
(0.022767916317277189786,-0.0020292523077973141643)	
(0.011199864038708227942,0.0041104209308112631821)	
(0.049848892911119713212,-0.063128542478180754705)	
(0.0067693225054425067849,0.013912572349468436614)	
(0.0053622838148214132734,0.045899988341286279692)	
(0.015583161588184337928,-0.0037210997182178500581)	
(-0.0049623692638483211242,-0.00028380516742290955862)	
(0.022137675868854411049,-0.015435368296189131906)	
(0.011336147592464703576,-6.9112763632551911692e-05)	
(0.010263606879683803003,0.0068747360055271718171)	
(0.0037882953947173804259,0.0032826348114061722726)	
(0.0087836638935123792504,0.036000477089969409872)	
(0.00396087382004420719,0.016169232487838507833)	
(0.017694780907532337705,0.021003636195801651809)	
(0.0028584989429747149209,0.0096280900975291138638)	
(0.00010018009433521899126,-0.00035075711533299780724)	
(-0.0077911150433405866947,0.0052843985906011019249)	
(0.0054152876907010314908,0.0023711689527589172206)	
(0.030403772967671709171,0.016001804598097576354)	
(0.0064411908151996649999,0.0023848155259878129654)	
(0.01512862895527952202,0.017681864639612441398)	
(0.0093424774651591543234,1.9447039925782561237e-05)	
(-0.0028232399927562100948,0.034172198850947646531)	
(0.009420344097430337002,0.011724921288495355337)	
(0.0093480125943656722926,0.011749380756864559114)	
(0.0051763791033165376665,0.0041981908261967768731)	
(0.0052109903841256431656,0.0042340788648290127172)	
(0.011419315653384573203,0.007356785550615910739)	
(0.011377433285202629906,0.0073063881453941667901)	
(0.0043327574148884573715,0.0038527320630491151791)	
(0.0044294519739316194282,0.0038472230374397235059)	
(0.01440976176938783479,0.010128776219105380466)	
(0.041160621642057131087,0.0029909821013229687808)	
(0.00079824510876744172051,-0.019188184979373291289)	
(0.0068660429437751840237,0.013179224623319369877)	
(0.012944576290411164907,0.0032220882027548616335)	
(0.011457915254573354524,0.012082893354358198099)	
(0.010847946875098971389,0.015702530768205085615)	
(0.0046364313565099039491,-0.0015606712428642736338)	
(0.0098708025857723036278,0.010133673745434725391)	
(0.0068534234772646696054,0.013055010795303599591)	
(0.012986666866840466603,0.0031355180590995042691)	
(0.01152692887193288232,0.012026228554406307239)	
(0.010914747770943306407,0.015713472479464994647)	
(0.00991677287180929741,0.010123132571944271421)	
(0.026666232686823894416,0.011207409701105142466)	
(0.00081947328480704061462,0.020161436899645258924)	
(0.0041516289197041844269,0.0093248779784199670867)	
(0.0041332941727956953176,0.0093368922606703787931)	

